file18908008
Biden	Biden	PER	PER_3577
Bidenovo	Bidenův	PER	PER_1246
Bidenovy	Bidenův	PER	PER_3577
Bílého domu	bílý dům	LOC	LOC_72
Bílý dům	bílý dům	LOC	LOC_72
CNN	CNN	PRO	PRO_243
Demokrat	demokrat	ORG	ORG_3320
Dillonová	Dillonová	PER	PER_3838
Donald Trump	Donald Trump	PER	PER_70
Donaldem Trumpem	Donald Trump	PER	PER_70
Jennifer O'Malleyová	Jennifer O ' Malleyová	PER	PER_3837
Joe Biden	Joe Biden	PER	PER_76
Joem Bidenem	Joem Biden	PER	PER_76
Joeu Bidenovi	Joeu Biden	PER	PER_76
Michigan	Michigan	LOC	LOC_99
Michiganu	Michigan	LOC	LOC_99
Pensylvánie	Pensylvánie	LOC	LOC_2427
Pensylvánii	Pensylvánie	LOC	LOC_2427
Spojených států	spojený stát	LOC	LOC_69
Trump	Trump	PER	PER_977
Trumpova	Trumpov	PER	PER_977
Wisconsin	Wisconsin	LOC	LOC_527
Wisconsinu	Wisconsin	LOC	LOC_527
demokratovi	demokrat	PER	PER_2172
