file18724323
ARD	ARD	ORG	ORG_1356
AfD	AfD	ORG	ORG_3789
Biden	Biden	PER	PER_3577
Bystroň	Bystroň	PER	PER_3791
CNN	CNN	ORG	ORG_383
Donald Trump	Donald Trump	PER	PER_70
Gruzii	Gruzie	LOC	LOC_2174
Joe Bidena	Joe Bidena	PER	PER_76
Kamalu Harris	Kamala Harris	PER	PER_1984
Michiganu	Michigan	LOC	LOC_99
Nevadě	Nevada	LOC	LOC_1153
PETR	Petr	ORG	ORG_3788
Pensylvánii	Pensylvánie	LOC	LOC_2427
Petr Bystroň	Petr Bystroň	PER	PER_3790
Petrem Bystroněm	Petr Bystroněm	PER	PER_3790
Trump	Trump	PER	PER_977
USA	USA	LOC	LOC_69
Wisconsinu	Wisconsin	LOC	LOC_527
–	–	PER	PER_3286
