file18724146
Biden	Biden	PER	PER_3577
Bidena	Bidena	PER	PER_3577
Donalda Trumpa	Donald Trumpa	PER	PER_70
Filadelfii	Filadelfie	LOC	LOC_3816
Fox Business	Fox Business	PRO	PRO_3308
Fox News	Fox News	PRO	PRO_3308
Giuliani	Giuliani	PER	PER_1244
Guiliani	Guiliani	PER	PER_1244
Lou Dobbs	Lou Dobbs	PER	PER_3817
Marii Bartiromo	Marie Bartiroma	PER	PER_3819
Pensylvánie	Pensylvánie	LOC	LOC_2427
Pittsburghu	Pittsburgh	LOC	LOC_2297
Rudy Giuliani	ruda Giuliani	PER	PER_1244
Toma Wolfa	Tom Wolf	PER	PER_3818
Trump	Trump	PER	PER_977
Trumpa	Trumpa	PER	PER_977
Trumpova	Trumpov	PER	PER_977
Trumpovo	Trumpův	PER	PER_977
ministerstva státní správy	ministerstvo státní správa	ORG	ORG_946
