file18908010
Arizoně	Arizona	LOC	LOC_1748
Biden	Biden	PER	PER_3577
Clintonová	Clintonová	PER	PER_3473
Demokratické strany USA	demokratický strana USA	ORG	ORG_3320
Donaldem Trumpem	Donald Trump	PER	PER_70
Floridě	Florida	LOC	LOC_894
Hillary Clintonová	Hillary Clintonová	PER	PER_2175
Iowy	Iowa	LOC	LOC_3825
Joe Biden	Joe Biden	PER	PER_76
Michiganu	Michigan	LOC	LOC_99
Nevadě	Nevada	LOC	LOC_1153
Ohia	Ohia	LOC	LOC_1736
Pensylvánii	Pensylvánie	LOC	LOC_2427
RealClearPolitics	RealClear Politics	PRO	PRO_3524
Severní Karolíně	severní Karolín	LOC	LOC_168
Trump	Trump	PER	PER_977
Trumpa	Trumpa	PER	PER_977
Trumpem	Trump	PER	PER_977
Trumpova	Trumpov	PER	PER_977
USA	USA	LOC	LOC_69
Wisconsinu	Wisconsin	LOC	LOC_527
demokratů	demokrat	PER	PER_2172
