file18907940
AP	AP	ORG	ORG_451
Američanů	Američan	PER	PER_64
Biden	Biden	PER	PER_3577
Bidena	Bidena	PER	PER_3577
Bloomberg	Bloomberg	ORG	ORG_121
CNN	CNN	PRO	PRO_243
Demokratické strany	demokratický strana	ORG	ORG_3320
Donalda Trumpa	Donald Trumpa	PER	PER_70
Elect	Elect	PRO	PRO_3841
Gates	Gates	PER	PER_1074
Joe Biden	Joe Biden	PER	PER_76
Merkelová	Merkelová	PER	PER_117
Nejvyšší soud	vysoký soud	ORG	ORG_3345
ON-LINE	on - Line	ORG	ORG_1193
Pensylvánii	Pensylvánie	LOC	LOC_2427
President	President	EVT	EVT_3840
Spojených státech	spojený stát	LOC	LOC_69
The Guardian	the Guardian	PRO	PRO_2594
Trumpa	Trumpa	PER	PER_977
Trumpovi	Trumpe	PER	PER_977
USA	USA	LOC	LOC_69
