file18907981
Alexandr Vondra	Alexandr Vondra	PER	PER_3270
Americké volby	americký volba	EVT	EVT_3873
Američanů	Američan	PER	PER_64
Američanům	Američan	PER	PER_64
Barack Obama	Barack Obama	PER	PER_3496
Best	Best	PER	PER_3866
CEVRO Institut	CEVRO institut	ORG	ORG_3869
Centra transatlantických vztahů	centrum transatlantický vztah	ORG	ORG_3874
Centrální banka	centrální banka	ORG	ORG_1282
Clintonovou	Clintonová	PER	PER_3473
Donald Trump	Donald Trump	PER	PER_70
Donalda Trumpa	Donald Trumpa	PER	PER_70
Erik Best	Erik Best	PER	PER_3870
Erika Besta	Erika Besta	PER	PER_3870
Fištejn	Fištejn	PER	PER_3868
Fleet Sheet	Fleet Sheet	PRO	PRO_3875
Hejma	Hejma	PER	PER_3721
Hillary Clintonová	Hillary Clintonová	PER	PER_2175
Jefim Fištejn	Jefim Fištejn	PER	PER_3871
Joch	Joch	PER	PER_3867
Michala Horáčka	Michal Horáček	PER	PER_794
Ondřej Hejma	Ondřej Hejma	PER	PER_3872
Republikánská strana	republikánský strana	ORG	ORG_584
Rusko	Rusko	LOC	LOC_95
Spojených států	spojený stát	LOC	LOC_69
Trump	Trump	PER	PER_977
Trumpa	Trumpa	PER	PER_977
Trumpovo	Trumpův	PER	PER_977
USA	USA	LOC	LOC_69
Vondra	Vondra	PER	PER_3865
ČR	ČR	LOC	LOC_137
Český rozhlas	český rozhlas	PRO	PRO_828
