45
Austrálii	Austrálie	LOC	LOC_19
Brexit	brexit	EVT	EVT_747
Chrise Dickmana	Chris Dickman	PER	PER_785
Dermot O'Gorman	Dermot O ' Gorman	PER	PER_786
EU	EU	ORG	ORG_5
Evropskou unii	evropský unie	ORG	ORG_5
Evropské unii	evropský unie	ORG	ORG_5
Koronavirem	Koronavir	PRO	PRO_787
Mezinárodní fond pro australskou přírodu	mezinárodní fond pro australský příroda	ORG	ORG_782
SARS-CoV-2	SARS - CoV - 2	PRO	PRO_88
Severního Irska	severní Irsko	LOC	LOC_455
Spojené království	spojený království	LOC	LOC_6
Spojeného království	spojený království	LOC	LOC_6
Světová zdravotnická organizace	světový zdravotnický organizace	ORG	ORG_133
USA	USA	LOC	LOC_69
Univerzity v Sydney	univerzita v Sydney	ORG	ORG_784
Velké Británie	velký Británie	LOC	LOC_6
WHO	WHO	ORG	ORG_86
WWF	WWF	ORG	ORG_783
Wu-chan	Wu - chan	LOC	LOC_202
Česku	Česko	LOC	LOC_137
