43
ANO	ano	ORG	ORG_718
Andrej Babiš	Andrej Babiš	PER	PER_768
Babišovy	Babišův	PER	PER_1028
Ivo Vondrák	Ivo Vondrák	PER	PER_1034
Jan Hamáček	Jan Hamáček	PER	PER_860
Jaroslav Faltýnek	Jaroslav Faltýnek	PER	PER_1004
Jaroslava Pokorná Jermanová	Jaroslav Pokorná Jermanová	PER	PER_1035
Koronavirus	Koronavirus	PRO	PRO_4
Miloš Zeman	Miloš Zeman	PER	PER_814
ODS	ODS	ORG	ORG_903
Petr Vokřál	Petr Vokřál	PER	PER_1032
Pirátů	Pirát	ORG	ORG_951
SPD	SPD	ORG	ORG_1029
STAN	stan	ORG	ORG_953
Sněmovní volby	sněmovní volba	ORG	ORG_1027
Sněmování hnutí ANO	sněmování hnutí ano	ORG	ORG_1031
Tomáš Macura	Tomáš Macura	PER	PER_1033
ČSSD	ČSSD	ORG	ORG_742
české strany	český strana	ORG	ORG_1030
