131
Anton Vaganov	Anton Vaganov	PER	PER_361
Asociace pro medicínu	asociace pro medicína	ORG	ORG_399
Hostomský	hostomský	PER	PER_798
Koronavirus	Koronavirus	PRO	PRO_4
Kremlu	Kreml	LOC	LOC_150
Michaila Muraška	Michail Muraška	PER	PER_797
Michala Romancova	Michal Romancov	PER	PER_794
Moskva	Moskva	LOC	LOC_316
Moskvy	Moskva	LOC	LOC_316
NY Times	NY Times	PRO	PRO_51
New York Times	New York Times	PRO	PRO_51
Nikolaje Gamaleji	Nikolaj Gamalej	PER	PER_709
Národním výzkumném středisku	národní výzkumný středisko	ORG	ORG_33
Putin	Putin	PER	PER_315
Putinova	Putinův	PER	PER_315
Reuters	Reuters	ORG	ORG_153
Rusko	Rusko	LOC	LOC_95
Rusku	Rusko	LOC	LOC_95
Sovětským svazem	sovětský svaz	LOC	LOC_95
Sputnik V	Sputnik v	PRO	PRO_94
Taťjana Golikovová	Taťjan Golikovová	PER	PER_796
The New York Times	the New York Times	PRO	PRO_51
Univerzity Karlovy	univerzita Karlův	ORG	ORG_307
Vasilij Vlasov	Vasilij Vlasov	PER	PER_41
Vladimir Putin	Vladimir Putin	PER	PER_315
Země	země	LOC	LOC_795
covidu-19	covida - 19	EVT	EVT_233
ruské ministerstvo zdravotnictví	ruský ministerstvo zdravotnictví	ORG	ORG_35
ruským ministerstvem zdravotnictví	ruský ministerstvo zdravotnictví	ORG	ORG_35
