195
Alexandra Brzozowski	Alexandr Brzozowski	PER	PER_753
BERLÍN	Berlín	LOC	LOC_757
BRUSEL	Brusel	PER	PER_752
Belgické ministerstvo zdravotnictví	belgický ministerstvo zdravotnictví	ORG	ORG_35
Belgie	Belgie	LOC	LOC_713
Bundestag	Bundestag	ORG	ORG_758
COVID-19	Covid - 19	PRO	PRO_105
Die Linke	die Linke	ORG	ORG_761
EURACTIV.com	Euractiv . com	PRO	PRO_686
FDP	FDP	ORG	ORG_759
Francie	Francie	LOC	LOC_20
Gérald Darmanin	Gérald Darmanin	PER	PER_755
Lucie Duboua-Lorsch	Lucie Duboua - Lorsch	PER	PER_756
Merkelové	Merkelová	PER	PER_117
Národnímu shromáždění	národní shromáždění	ORG	ORG_754
Sarah Lawton	Sarah Lawton	PER	PER_762
The Capitals	the Capitals	ORG	ORG_750
Zelení	zelený	ORG	ORG_760
ZÁPAD	západ	PER	PER_751
