97
Alexander Ginsburg	Alexander Ginsburg	PER	PER_1113
Američané	Američan	PER	PER_64
CNN	CNN	PRO	PRO_243
DPA	DPA	ORG	ORG_457
Gamalejův institut	Gamalejův institut	ORG	ORG_1110
Kirill Dmitriev	Kirill Dmitriev	PER	PER_1111
Klaus Cichutek	Klaus Cichutek	PER	PER_1107
MERS	MERS	PRO	PRO_1112
Moderna	moderna	ORG	ORG_87
Německu	Německo	LOC	LOC_27
Paula Ehrlicha	Paul Ehrlich	PER	PER_1109
Putin	Putin	PER	PER_315
Rusko	Rusko	LOC	LOC_95
Rusku	Rusko	LOC	LOC_95
Sputnik	Sputnik	PRO	PRO_929
TASS	TASS	ORG	ORG_494
Taťjany Golikovové	Taťjany Golikovová	PER	PER_796
Vladimír Putin	Vladimír Putin	PER	PER_315
ruské ministerstvo zdravotnictví	ruský ministerstvo zdravotnictví	ORG	ORG_35
Ústavu	ústav	ORG	ORG_1108
