37
AP	AP	ORG	ORG_451
Anglie	Anglie	LOC	LOC_6
Anglii	Anglie	LOC	LOC_6
AstraZeneca	Astra Zeneca	ORG	ORG_89
BioNTech	Biontych	ORG	ORG_68
Borise Johnsona	Boris Johnson	PER	PER_52
Británie	Británie	LOC	LOC_6
Británii	Británie	LOC	LOC_6
Gavin Williamson	Gavin Williamson	PER	PER_1195
Itálii	Itálie	LOC	LOC_50
Kevin Courtney	Kevin Courtney	PER	PER_1196
Londýna	Londýn	LOC	LOC_23
Londýně	Londýn	LOC	LOC_23
Německo	Německo	LOC	LOC_27
Německu	Německo	LOC	LOC_27
Oxfordské univerzitě	oxfordský univerzita	ORG	ORG_1050
Pfizer	Pfizer	ORG	ORG_67
Rusku	Rusko	LOC	LOC_95
Svaz britských učitelů	svaz britský učitel	ORG	ORG_1194
Ukrajině	Ukrajina	LOC	LOC_318
Univerzity Johnse Hopkinse	univerzita Johns Hopkins	ORG	ORG_75
Williamsona	Williamson	PER	PER_1195
Česká republika	český republika	LOC	LOC_137
