75
Billa	Bill	PER	PER_1083
CEPI	CEPI	ORG	ORG_1082
CNBC	CNBC	PRO	PRO_243
Celgene	Celgene	ORG	ORG_1079
Forbes	Forbes	ORG	ORG_1068
Foundation Medicine	Foundation Medicine	ORG	ORG_1077
GAVI	GAVI	ORG	ORG_1081
Gates	Gates	PER	PER_1074
Gatese	Gates	PER	PER_1074
Gatesem	Gates	PER	PER_1074
Gatesova	Gatesův	PER	PER_1074
Gatesovo	Gatesův	ORG	ORG_1073
Gatesovy	Gatesův	PER	PER_1074
Genentech	Genentech	ORG	ORG_1078
Globální aliance pro vakcinaci a imunizaci	globální aliance pro vakcinace a imunizace	ORG	ORG_1080
Good Club	Good Club	ORG	ORG_1075
Koronavirus ONLINE	Koronavirus Online	PRO	PRO_715
Massachusettské technologické universitě	massachusettský technologický universita	ORG	ORG_842
Melindy Gatesových	Melindy Gatesův	PER	PER_1084
Milan Šmid	Milan Šmid	PER	PER_1019
Novartis	Novartis	ORG	ORG_597
Roche	Roche	ORG	ORG_122
Shiva Ayyadurai	Shiva Ayyadurai	PER	PER_1087
Vojtěch	Vojtěch	PER	PER_818
WHO	WHO	ORG	ORG_86
hodina X	hodina x	PRO	PRO_1085
koronaviru	koronavira	PRO	PRO_4
ČR	ČR	LOC	LOC_137
Šiva	šiva	PER	PER_1086
