1
ANO	ano	ORG	ORG_718
Andrej Babiš	Andrej Babiš	PER	PER_768
Bohunicích	Bohunice	LOC	LOC_749
Chebsku	Chebsko	LOC	LOC_137
Chebu	Cheb	LOC	LOC_873
Dětské nemocnice	dětský nemocnice	ORG	ORG_883
Fakultní nemocnice Brno	fakultní nemocnice Brno	ORG	ORG_882
Fakultní nemocnice Ostrava	fakultní nemocnice Ostrava	ORG	ORG_882
Jan Blatný	Jan Blatný	PER	PER_890
Jesenicko	Jesenicko	LOC	LOC_881
Jihlavě	Jihlava	LOC	LOC_780
Jihočeský	jihočeský	LOC	LOC_780
Jihočeských nemocnic	jihočeský nemocnice	ORG	ORG_887
Jiří Havrlant	Jiří Havrlant	PER	PER_885
Karlovarskou krajskou nemocnici	karlovarský krajský nemocnice	ORG	ORG_874
Karlovarské krajské nemocnice	karlovarský krajský nemocnice	ORG	ORG_874
Karlovarského kraje	karlovarský kraj	LOC	LOC_872
Karlovarském	karlovarský	LOC	LOC_872
Karlovarském kraji	karlovarský kraj	LOC	LOC_872
Karlových Varech	Karlův Vary	LOC	LOC_872
Libereckém	liberecký	LOC	LOC_774
Libereckém kraji	liberecký kraj	LOC	LOC_774
Martina Půty	Martina Půta	PER	PER_876
Nového roku	nový rok	EVT	EVT_418
PES	PES	ORG	ORG_871
Plzeňský kraj	plzeňský kraj	LOC	LOC_879
Půta	Půta	ORG	ORG_878
SLK	SLK	ORG	ORG_877
Sokolovsku	sokolovsko	LOC	LOC_880
Tomáš Klimovič	Tomáš Klimovič	PER	PER_221
Veronika Plachá	Veronika plachý	PER	PER_884
Vladimír Novotný	Vladimír Novotný	PER	PER_147
Vladislava Podrackého	Vladislav Podracký	PER	PER_875
Vysočina	Vysočina	LOC	LOC_886
Vánocích	Vánoce	EVT	EVT_418
Zlínském kraji	zlínský kraj	LOC	LOC_774
Zuzana Roithová	Zuzana Roithová	PER	PER_888
koronavirus	koronavirus	PRO	PRO_4
královéhradecká fakultní nemocnice	královéhradecký fakultní nemocnice	ORG	ORG_765
lékařskou fakultu	lékařský fakulta	ORG	ORG_399
Ústavu zdravotnických informací a statistiky	ústav zdravotnický informace a statistika	ORG	ORG_729
ČSSD	ČSSD	ORG	ORG_742
Česka	Česko	LOC	LOC_137
Česku	Česko	LOC	LOC_137
