132
ANO	ano	ORG	ORG_718
Adam Vojtěch	Adam Vojtěch	PER	PER_461
Andrej Babiš	Andrej Babiš	PER	PER_768
Babiš	Babiš	PER	PER_768
Biovomed	Biovomed	ORG	ORG_772
CEFC	CEFC	ORG	ORG_628
Fakultní nemocnice v	fakultní nemocnice v	ORG	ORG_867
Filip Jirouš	Filip Jirouš	PER	PER_943
Hradci Králové	Hradec Králové	LOC	LOC_771
Hradě	hrad	LOC	LOC_938
Jaroslavem Tvrdíkem	Jaroslav Tvrdík	PER	PER_941
Jirouše	Jirouš	PER	PER_944
Jiřího Ovčáčka	Jiří Ovčáček	PER	PER_936
Miloslav Ludvík	Miloslav Ludvík	PER	PER_940
Miloš Zeman	Miloš Zeman	PER	PER_814
Milošem Zemanem	Miloš Zeman	PER	PER_814
Národní bezpečnostní úřad	národní bezpečnostní úřad	ORG	ORG_596
Praha	Praha	LOC	LOC_726
Prymula	Prymula	PER	PER_769
Prymulova	Prymulův	PER	PER_769
Prymulu	Prymul	LOC	LOC_937
Prymulův	Prymulův	PER	PER_769
Roman Prymula	Roman Prymula	PER	PER_727
Seznam Zprávy	seznam zpráva	PRO	PRO_945
Sinopsis	Sinopsis	PRO	PRO_942
Vojtěch	Vojtěch	PER	PER_818
Vojtěchovi	Vojtěch	PER	PER_818
Zdravotnický deník	zdravotnický deník	PRO	PRO_939
iROZHLAS.cz	i rozhlas . cz	PRO	PRO_701
Úřad vlády	úřad vláda	ORG	ORG_946
ČSSD	ČSSD	ORG	ORG_742
ČTK	ČTK	ORG	ORG_935
Česku	Česko	LOC	LOC_137
Čínu	Čína	LOC	LOC_56
Číny	Čína	LOC	LOC_56
