42
Amerika	Amerika	LOC	LOC_69
Američané	Američan	PER	PER_64
Antonína Holého	Antonín Holý	PER	PER_840
BioNTech	Biontych	ORG	ORG_68
Britové	Brit	PER	PER_450
Donalda Trumpa	Donald Trumpa	PER	PER_70
Evropská unie	evropský unie	ORG	ORG_5
Evropy	Evropa	LOC	LOC_49
Izrael	Izrael	LOC	LOC_833
Izraelci	Izraelec	PER	PER_834
Moderna	moderna	ORG	ORG_87
Moderny	moderna	ORG	ORG_87
Němci	Němec	PER	PER_64
Pfizer	Pfizer	ORG	ORG_67
Pfizerem	Pfizer	ORG	ORG_67
Pfizeru	Pfizer	ORG	ORG_67
Spojené státy	spojený stát	LOC	LOC_69
Zdeněk Hostomský	Zdeněk Hostomský	PER	PER_838
koronavirus	koronavirus	PRO	PRO_4
Ústavu organické chemie a biochemie Akademie věd	ústav organický chemie a biochemie akademie věda	ORG	ORG_839
