53
BioNTech	Biontych	ORG	ORG_68
Bouvetová	Bouvetová	PER	PER_1123
Británii	Británie	LOC	LOC_6
Bruno Megarbane	Bruno Megarbane	PER	PER_702
Elisabeth Bouvetová	Elisabeth Bouvetová	PER	PER_1123
France Inter	France Inter	PRO	PRO_1124
Francie	Francie	LOC	LOC_20
Francii	Francie	LOC	LOC_20
Grand Est	Grand Est	LOC	LOC_1121
Jean Rottner	Jean Rottner	PER	PER_1120
Jordan Bardella	Jordan Bardella	PER	PER_704
Lariboisière	Lariboisière	LOC	LOC_703
Macronova	Macronův	PER	PER_1119
Národní sdružení	národní sdružení	ORG	ORG_705
Německo	Německo	LOC	LOC_27
Německu	Německo	LOC	LOC_27
Paříž	Paříž	LOC	LOC_22
Pfizer	Pfizer	ORG	ORG_67
RN	RN	ORG	ORG_706
Yannick Jadot	Yannick Jadot	PER	PER_1122
francouzského ministerstva zdravotnictví	francouzský ministerstvo zdravotnictví	ORG	ORG_35
