34
AP	AP	ORG	ORG_451
AstraZeneca	Astra Zeneca	ORG	ORG_89
AstraZeneca/Oxford	Astra Zeneca / Oxford	LOC	LOC_811
Bharat Biotech	Bharat Biotech	ORG	ORG_806
CDSCO	CDSCO	ORG	ORG_111
Covaxin	Covaxin	PRO	PRO_805
Covishield	Covishield	ORG	ORG_812
Indického ústavu pro kontrolu léčiv	indický ústav pro kontrola léčivo	ORG	ORG_807
Indie	Indie	LOC	LOC_336
Indii	Indie	LOC	LOC_336
Institutu Roberta Kocha	institut Robert Koch	ORG	ORG_799
Maksyma Stepanova	Maksym Stepanův	PER	PER_804
Moskvany	moskvana	PER	PER_803
Moskvě	Moskva	LOC	LOC_316
Německo	Německo	LOC	LOC_27
Německu	Německo	LOC	LOC_27
Oxfordské univerzity	oxfordský univerzita	ORG	ORG_453
RKI	RKI	ORG	ORG_800
Reuters	Reuters	ORG	ORG_153
Ruska	Rusko	LOC	LOC_95
Rusku	Rusko	LOC	LOC_95
Ruský operativní štáb	ruský operativní štáb	ORG	ORG_801
Sergej Sobjanin	Sergej Sobjanin	PER	PER_802
Sobjanin	Sobjanin	PER	PER_802
Sómání	sómání	PER	PER_809
Sómáního	Sómání	PER	PER_809
TASS	TASS	ORG	ORG_494
USA	USA	LOC	LOC_69
Ukrajině	Ukrajina	LOC	LOC_318
Venugópál Sómání	Venugópál sómání	PER	PER_808
koronavirem	koronavir	EVT	EVT_714
koronavirus	koronavirus	PRO	PRO_4
ministerstva	ministerstvo	ORG	ORG_35
Česká republika	český republika	LOC	LOC_137
čtk	ČTK	ORG	ORG_813
