129
Andrej Babiš	Andrej Babiš	PER	PER_768
Fakulty vojenského zdravotnictví	fakulta vojenský zdravotnictví	ORG	ORG_34
Hegerovi	Heger	PER	PER_1065
Hradem	hrad	LOC	LOC_938
Královéhradeckém kraji	královéhradecký kraj	LOC	LOC_774
Krétu	Krét	LOC	LOC_1063
Leoše Hegera	Leoš Hegera	PER	PER_1065
Praze	Praha	LOC	LOC_726
Prymula	Prymula	PER	PER_769
Prymulu	Prymul	PER	PER_769
Roman Prymula	Roman Prymula	PER	PER_727
Romana Prymuly	Roman Prymula	PER	PER_727
Romanu Prymulovi	Roman Prymul	PER	PER_727
SPOZ	SPOZ	ORG	ORG_441
Univerzitě obrany	univerzita obrana	ORG	ORG_1064
Vojenské lékařské akademie	vojenský lékařský akademie	ORG	ORG_34
hradecké fakultní nemocnice	hradecký fakultní nemocnice	ORG	ORG_874
Ústřední krizový štáb	ústřední krizový štáb	ORG	ORG_817
Česko	Česko	LOC	LOC_137
Česku	Česko	LOC	LOC_137
Čínou	Čína	LOC	LOC_56
