59
BioNTech	Biontych	ORG	ORG_68
Jihomoravském	jihomoravský	LOC	LOC_841
Jihočeském	jihočeský	LOC	LOC_780
Jihočeském kraji	jihočeský kraj	LOC	LOC_779
Karlovarském	karlovarský	LOC	LOC_872
Královéhradeckém kraji	královéhradecký kraj	LOC	LOC_774
Kuba	Kuba	LOC	LOC_980
Libereckém	liberecký	LOC	LOC_774
Martin Kuba	Martin Kuba	PER	PER_923
Moravskoslezském kraji	moravskoslezský kraj	LOC	LOC_719
ODS	ODS	ORG	ORG_903
Olomouckém kraji	olomoucký kraj	LOC	LOC_773
Pardubickém	pardubický	LOC	LOC_982
Pfizer	Pfizer	ORG	ORG_67
Plzeňském	plzeňský	LOC	LOC_879
Praze	Praha	LOC	LOC_726
Středočeském	středočeský	LOC	LOC_779
Vysočině	vysočina	LOC	LOC_886
Zlínském	zlínský	LOC	LOC_981
Ústeckém kraji	ústecký kraj	LOC	LOC_825
Česka	Česko	LOC	LOC_137
