012
Богдан Кирилов	богдан кирилов	PER	PER_513
България	българия	LOC	LOC_1
Ваня Танчева	ваня танчева	PER	PER_350
Изпълнителната агенция по лекарствата	изпълнителен агенция по лекарство	ORG	ORG_82
Каспела	каспела	LOC	LOC_358
Ковид-19	ковид-19	PRO	PRO_7
Координационния съвет по ваксинирането	координационен съвет по ваксиниране	ORG	ORG_512
Красимир Гигов	красимир гигов	PER	PER_511
Кърджали	кърджали	LOC	LOC_290
Пазарджик	пазарджик	LOC	LOC_292
Пловдив	пловдив	LOC	LOC_294
Пълмед	пълмед	LOC	LOC_514
РЗИ	рзи	ORG	ORG_345
РЗИ Пловдив	рзи пловдив	ORG	ORG_354
РЗИ-Пловдив	рзи - пловдив	ORG	ORG_354
Свети Георги	свет георги	LOC	LOC_357
Свети Мина	свет мина-(се)	LOC	LOC_515
Смолян	смолян	LOC	LOC_296
Стара Загора	стар загора	LOC	LOC_510
Хасково	хасково	LOC	LOC_506
болница	болница	LOC	LOC_438
