013
-	-	ORG	ORG_353
Ангел Гозманов	ангел гозманов	PER	PER_355
Бионтех	бионтех	ORG	ORG_68
ВМА	вма	ORG	ORG_39
Ваня Танчева	ваня танчева	PER	PER_32
Дани Каназирева	дани каназирева	PER	PER_348
Иван Стойнов	иван стойнов	PER	PER_361
Илиан Дойков	илиан дойков	PER	PER_360
Карен Джамбазов	карен джамбазов	PER	PER_359
Каспела	каспела	LOC	LOC_358
Ковид-19	ковид-19	EVT	EVT_233
МЩ	мщ	ORG	ORG_356
Мариана Мурджева	мариана мурджева	PER	PER_347
Медицински щаб	медицински щаб	ORG	ORG_346
Медицинския щаб	медицински щаб	ORG	ORG_346
Мурджева	мурджева	PER	PER_349
Плана за ваксиниране	плана за ваксиниране	PRO	PRO_351
Пловдив	пловдив	LOC	LOC_294
Пфайзер	пфайзер	ORG	ORG_352
РЗИ	рзи	ORG	ORG_345
Свети Георги	свет георги	LOC	LOC_357
Танчева	танчева	PER	PER_350
