017
-	-	LOC	LOC_285
11;	11;	LOC	LOC_286
17;	17 ;	LOC	LOC_293
1;	1;	LOC	LOC_286
2;	2;	LOC	LOC_286
5;	5;	LOC	LOC_286
7;	7;	LOC	LOC_286
8;	8;	LOC	LOC_286
9;	дол	LOC	LOC_286
Благоевград	благоевград	LOC	LOC_283
Бургас	бургас	LOC	LOC_284
Варна	варна	LOC	LOC_274
Велико Търново - 1;	велик търново - 1;	LOC	LOC_287
Видин	видин	LOC	LOC_288
Добрич	добрич	LOC	LOC_289
Кърджали	кърджали	LOC	LOC_290
Кюстендил	кюстендил	LOC	LOC_291
Националната информационна система	национален информационен система	PRO	PRO_282
Пазарджик	пазарджик	LOC	LOC_292
Плевен	плевен	LOC	LOC_216
Пловдив	пловдив	LOC	LOC_294
Разград	разград	LOC	LOC_295
Сливен	сливен	LOC	LOC_174
Смолян	смолян	LOC	LOC_296
София	софия	LOC	LOC_144
София област	софия област	LOC	LOC_144
Стара Загора - 1;	стар загора - 1;	LOC	LOC_287
Шумен	шумен	LOC	LOC_297
