024
ABC	abc	ORG	ORG_267
B Positive	b positive	PRO	PRO_253
Bob Hearts Abishola	bob hearts abishola	PRO	PRO_254
Brooklyn Nine-Nine	brooklyn nine-nine	ORG	ORG_264
CBS	cbs	PRO	PRO_243
CNBC	cnbc	PRO	PRO_243
Covid-19	covid-19	PRO	PRO_105
Good Girls	gooi girls	ORG	ORG_263
Kenan	kenan	ORG	ORG_262
Mayor	mayor	PER	PER_261
Mom	mom	PRO	PRO_252
Netflix	netflix	ORG	ORG_258
SAG-AFTRA	sag-aftra	ORG	ORG_245
Shameless	shameless	PRO	PRO_256
Showtime	showtime	ORG	ORG_255
Universal	universal	ORG	ORG_260
Variety	variety	PRO	PRO_259
Walt Disney	walt disney	ORG	ORG_266
Warner Bros	warner bros	ORG	ORG_250
You	you	PRO	PRO_257
Габриел Картерис	габриел картерис	PER	PER_244
Гилдията на продуцентите в Америка	гилдия на продуцент в америка	ORG	ORG_247
Ерик Гарсети	ерик гарсети	PER	PER_249
Калифорния	калифорния	LOC	LOC_102
Комисията за съвместни политики	комисия за съвместен политика	ORG	ORG_246
Лос Анджелис	лос анджелис	LOC	LOC_248
Холивуд	холивуд	ORG	ORG_242
Южна Калифорния	южен калифорния	LOC	LOC_102
