041
Covid-19	covid-19	PRO	PRO_105
Cozy Bear	cozy bear	ORG	ORG_154
NCSC	ncsc	ORG	ORG_152
SOREFANG	sorefang	ORG	ORG_164
WELLMAIL	wellmail	ORG	ORG_163
WELLMESS	wellmess	ORG	ORG_163
АРТ29	арт29	PRO	PRO_156
Американското киберкомандване	американски киберкомандване	ORG	ORG_162
Американското министерство на вътрешната сигурност	американски министерство на вътрешен сигурност	ORG	ORG_161
Африка	африка	LOC	LOC_157
Великобритания	великобритания	LOC	LOC_6
Дмитри Песков	дмитри песков	PER	PER_159
Доминик Рааб	доминик рааб	PER	PER_160
Канада	канада	LOC	LOC_78
Китай	китай	LOC	LOC_56
Кремъл	кремъл	LOC	LOC_150
Лондон	лондон	LOC	LOC_23
Националният център за киберсигурност	национален център за киберсигурност	ORG	ORG_151
Обединеното кралство	обединя-(се) кралство	LOC	LOC_6
Пол Чичестър	пол чичестър	PER	PER_155
РИА Новости	риа новост	ORG	ORG_158
Ройтерс	ройтерс	ORG	ORG_153
Русия	русия	LOC	LOC_95
САЩ	сащ	LOC	LOC_69
Съединените щати	съединя-(се) щат	LOC	LOC_69
Япония	япония	LOC	LOC_13
