047
COVID	covid	ORG	ORG_204
Politico	politico	PRO	PRO_543
Австрия	австрия	LOC	LOC_19
Ангела Меркел	ангела меркел	PER	PER_117
Барселона	барселона	LOC	LOC_549
Белгия	белгия	LOC	LOC_1
Берлин	берлин	LOC	LOC_504
Борис Джонсън	борис джонсън	PER	PER_52
Брюксел	брюксел	LOC	LOC_212
Великобритания	великобритания	LOC	LOC_6
Германия	германия	LOC	LOC_27
Джозепе Конте	джозепе конте	PER	PER_546
Джонсън	джонсън	PER	PER_52
Европа	европа	LOC	LOC_49
Европейската комисия	европейски комисия	ORG	ORG_129
Испания	испания	LOC	LOC_10
Италия	италия	LOC	LOC_50
Килския университет	килски университет	ORG	ORG_307
Клифър Скот	клифър скот	PER	PER_547
Конте	конте	PER	PER_551
Ла Лига	ла лига	ORG	ORG_553
Мадрид	мадрид	LOC	LOC_8
Манчестър	манчестър	LOC	LOC_550
Матео Салвини	матео салвини	PER	PER_378
Неапол	неапол	LOC	LOC_516
Португалия	португалия	LOC	LOC_1
Рим	рим	LOC	LOC_544
Роберт Кох	роберт кох	ORG	ORG_326
Стафордшир	стафордшир	LOC	LOC_548
Урсула фон дер Лайен	урсула фон дер лайен	PER	PER_45
Форца Нуова	форца нуова	ORG	ORG_545
Франция	франция	LOC	LOC_20
британците	британец	PER	PER_450
италианци	италианец	PER	PER_552
италианците	италианец	PER	PER_552
