048
20А.EU1	двадесети . eu1	PRO	PRO_206
Covid-19	covid-19	PRO	PRO_105
The Wallstreet Journal	the wallstreet journal	PRO	PRO_97
Австралия	австралия	LOC	LOC_19
Арагон	арагон	LOC	LOC_200
Гърция	гърция	LOC	LOC_205
Деня на благодарността	ден на благодарност	EVT	EVT_198
ЕС	ес	ORG	ORG_5
Европа	европа	LOC	LOC_49
Европейският съюз	европейски съюз	ORG	ORG_5
Запада	запад	LOC	LOC_203
Източна Азия	източен азия	LOC	LOC_55
Ирландия	ирландия	LOC	LOC_196
Испания	испания	LOC	LOC_10
Италия	италия	LOC	LOC_50
Каталуния	каталуния	LOC	LOC_199
Комас	комас	PER	PER_201
Нова Зеландия	нов зеландия	LOC	LOC_190
Норвегия	норвегия	LOC	LOC_12
Обединеното кралство	обединя-(се) кралство	LOC	LOC_6
Сингапур	сингапур	LOC	LOC_18
Ухан	ухан	LOC	LOC_202
Финландия	финландия	LOC	LOC_196
Франция	франция	LOC	LOC_20
Холандия	холандия	LOC	LOC_190
Хърватия	хърватия	LOC	LOC_137
Швейцария	швейцария	LOC	LOC_12
Южна Корея	южен корея	LOC	LOC_60
Япония	япония	LOC	LOC_13
