051
Австралия	австралия	LOC	LOC_19
Антонио Зпатеро	антонио зпатеро	PER	PER_9
Баден-Вюртемберг	баден-вюртемберг	LOC	LOC_28
Великобритания	великобритания	LOC	LOC_6
Германия	германия	LOC	LOC_27
Еманюел Макрон	еманюел макрон	PER	PER_24
Запатеро	запатеро	PER	PER_11
Испания	испания	LOC	LOC_10
Ковид-19	ковид-19	PRO	PRO_7
Лондон	лондон	LOC	LOC_23
Мадрид	мадрид	LOC	LOC_8
Никей	никей	PRO	PRO_14
Обединеното кралство	обединя-(се) кралство	LOC	LOC_6
Париж	париж	LOC	LOC_22
Родриго Дутерте	родриго дутерте	PER	PER_16
Сингапур	сингапур	LOC	LOC_18
Средиземно море	средиземен море	LOC	LOC_26
Тур	тур	LOC	LOC_21
Филипините	филипина	LOC	LOC_15
Фор дьо Брегансон	фор дьо брегансон	LOC	LOC_25
Франкфурт на Майн	франкфурт на майн	LOC	LOC_29
Франция	франция	LOC	LOC_20
Хонконг	хонконг	LOC	LOC_17
Швеция	швеция	LOC	LOC_12
Япония	япония	LOC	LOC_13
