053
AstraZeneca	astrazeneca	ORG	ORG_89
BioNTech	biontech	ORG	ORG_68
CureVac	curevac	PRO	PRO_476
Moderna	moderna	ORG	ORG_87
Pfizer	pfizer	ORG	ORG_67
Брюксел	брюксел	LOC	LOC_212
Великобритания	великобритания	LOC	LOC_6
ЕК	ек	ORG	ORG_5
ЕМА	ема	ORG	ORG_39
ЕНП	енп	ORG	ORG_474
ЕС	ес	ORG	ORG_5
Европа	европа	LOC	LOC_49
Европейската агенция по лекарствата	европейски агенция по лекарство	ORG	ORG_82
Европейската народна партия	европейски народен партия	ORG	ORG_129
Коледа	коледа	PRO	PRO_471
Коронавирус	коронавирус	PRO	PRO_4
Лизе	лизе	PER	PER_477
Петер Лизе	петер лизе	PER	PER_473
Тюбинген	тюбинген	LOC	LOC_475
Угур Сахин	угур сахин	PER	PER_300
Шпигел	шпигел	PRO	PRO_472
