057
Александър де Кроо	александър де кроо	PER	PER_586
Атина	атина	LOC	LOC_587
Белгийците	белгиец	PER	PER_149
Белгия	белгия	LOC	LOC_1
Вантаа	вантаа	LOC	LOC_592
Германия	германия	LOC	LOC_27
Гърция	гърция	LOC	LOC_205
Джонс Хопкинс	джонс хопкинс	ORG	ORG_75
ЕС	ес	ORG	ORG_5
Еспоо	еспоо	LOC	LOC_591
Ирландия	ирландия	LOC	LOC_455
Коледа	коледа	EVT	EVT_418
Коронавирус	коронавирус	PRO	PRO_4
СМС	смс	ORG	ORG_589
Солун	солун	LOC	LOC_588
Финландия	финландия	LOC	LOC_196
Франк Ванденбрук	франк ванденбрук	PER	PER_585
Франция	франция	LOC	LOC_20
Хелзинки	хелзинки	LOC	LOC_590
французите	французин	PER	PER_279
