072
АП	ап	ORG	ORG_451
АФП	афп	ORG	ORG_451
Англия	англия	LOC	LOC_6
Астра Зенека/Оксфордския университет	астра зенека / оксфордски университет	ORG	ORG_453
Борис Джонсън	борис джонсън	PER	PER_52
Британците	британец	PER	PER_450
Великобритания	великобритания	LOC	LOC_6
Гоув	гоув	PER	PER_458
ДПА	дпа	ORG	ORG_457
Джонсън	джонсън	PER	PER_52
КОВИД-19	ковид-19	EVT	EVT_233
Майкъл Гоув	майкъл гоув	PER	PER_454
Националната здравна служба	национален здравен служба	ORG	ORG_275
Никола Стърджън	никола стърджън	PER	PER_456
Пфайзер/Бионтех	пфайзер/бионтех	ORG	ORG_452
Риши Сунак	риши сунак	PER	PER_459
Ройтерс	ройтерс	ORG	ORG_153
Северна Ирландия	северен ирландия	LOC	LOC_455
Уелс	уелс	LOC	LOC_53
Франс прес	франс прес	ORG	ORG_391
Шотландия	шотландия	LOC	LOC_12
