073
Covid-19	covid-19	PRO	PRO_105
EU	eu	ORG	ORG_5
NextGenerationEU	nextgenerationeu	PRO	PRO_412
Re-open	re-open	PRO	PRO_417
Австрия	австрия	LOC	LOC_19
Ангела Меркел	ангела меркел	PER	PER_117
България	българия	LOC	LOC_1
Великобритания	великобритания	LOC	LOC_6
Втората световна война	втори световен война	EVT	EVT_407
Германия	германия	LOC	LOC_27
Гърция	гърция	LOC	LOC_205
Дания	дания	LOC	LOC_27
ЕИБ	еиб	ORG	ORG_414
ЕК	ек	ORG	ORG_5
ЕМС	емс	ORG	ORG_416
ЕС	ес	ORG	ORG_5
Европа	европа	LOC	LOC_49
Европейска инвестиционна банка	европейски инвестиционен банка	ORG	ORG_112
Европейската агенция по лекарствата	европейски агенция по лекарство	ORG	ORG_82
Европейската комисия	европейски комисия	ORG	ORG_129
Европейския механизъм за стабилност	европейски механизъм за стабилност	ORG	ORG_415
Европейския съвет	европейски съвет	ORG	ORG_129
Европейския съюз	европейски съюз	ORG	ORG_5
Европейският парламент	европейски парламент	ORG	ORG_129
Европейският съюз	европейски съюз	ORG	ORG_5
Ирландия	ирландия	LOC	LOC_196
Испания	испания	LOC	LOC_10
Италия	италия	LOC	LOC_50
Ковид-19	ковид-19	EVT	EVT_233
Коледа	коледа	EVT	EVT_418
Кохезионния фонд	кохезионен фонд	ORG	ORG_409
Люксембург	люксембург	LOC	LOC_419
Малта	малта	LOC	LOC_420
Механизма за гражданска защита на ЕС	механизъм за граждански защита на ес	PRO	PRO_410
Национален план за възстановяване и развитие	национален план за възстановяване и развитие	PRO	PRO_413
Полша	полша	LOC	LOC_107
Рего	рего	ORG	ORG_406
Румъния	румъния	LOC	LOC_0
Словакия	словакия	LOC	LOC_118
Словения	словения	LOC	LOC_12
Унгария	унгария	LOC	LOC_1
Унгария-Полша	унгария - полша	LOC	LOC_107
Финландия	финландия	LOC	LOC_196
Франция	франция	LOC	LOC_20
Холандия	холандия	LOC	LOC_190
Чехия	чехия	LOC	LOC_137
Швеция	швеция	LOC	LOC_12
Шотландия	шотландия	LOC	LOC_12
европейци	европеец	PER	PER_411
