079
BioNTech	biontech	PRO	PRO_298
BioNTech/	biontech/	ORG	ORG_68
BioNTech/Pfizer	biontech/pfizer	ORG	ORG_452
EMA	ema	ORG	ORG_416
IDT Biologika	idt biologika	ORG	ORG_692
Pfizer	pfizer	ORG	ORG_67
Politico.eu	politico.eu	PRO	PRO_686
Брюксел	брюксел	LOC	LOC_212
Великобритания	великобритания	LOC	LOC_6
Германия	германия	LOC	LOC_27
Гърция	гърция	LOC	LOC_205
Дания	дания	LOC	LOC_27
ЕИБ	еиб	ORG	ORG_414
ЕК	ек	ORG	ORG_5
ЕС	ес	ORG	ORG_5
Европа	европа	LOC	LOC_49
Европейската агенция по лекарствата	европейски агенция по лекарство	ORG	ORG_82
Европейската инвестиционна банка	европейски инвестиционен банка	ORG	ORG_314
Европейската комисия	европейски комисия	ORG	ORG_129
Европейски здравен съюз	европейски здравен съюз	ORG	ORG_133
Европейския парламент	европейски парламент	ORG	ORG_129
Европейския съюз	европейски съюз	ORG	ORG_5
Италия	италия	LOC	LOC_50
Катимерини	катимерина	PRO	PRO_691
Кириакос Мицотакис	кириакос мицотакис	PER	PER_690
Китай	китай	LOC	LOC_56
Клаус Йоханис	клаус йоханис	PER	PER_182
Копенхаген	копенхаген	LOC	LOC_688
Мете Фредериксен	мете фредериксен	PER	PER_687
Нидерландия	нидерландия	LOC	LOC_190
Полша	полша	LOC	LOC_107
Русия	русия	LOC	LOC_95
Сандра Галина	сандра галина	PER	PER_689
Сърбия	сърбия	LOC	LOC_1
Унгария	унгария	LOC	LOC_1
Урсула фон дер Лайен	урсула фон дер лайен	PER	PER_45
Фон дер Лайен	фон дер лайен	PER	PER_45
Франция	франция	LOC	LOC_20
Швейцария	швейцария	LOC	LOC_12
коронавирус	коронавирус	EVT	EVT_3
