080
COVID	covid	ORG	ORG_204
Dnes.bg	dnes.bg	PRO	PRO_623
Pfizer/BionTech	pfizer/biontech	ORG	ORG_67
Ани Кирова	ани кирова	PER	PER_621
Анна	анна	PER	PER_618
Бургас	бургас	LOC	LOC_284
ВМА	вма	ORG	ORG_39
ВМА-София	вма-софия	LOC	LOC_144
Венцислав Мутафчийски	венцислав мутафчийски	PER	PER_124
Военномедицинска академия	военномедицински академия	ORG	ORG_34
ЕС	ес	ORG	ORG_5
Клиниката по анестезиология и интензивно лечение	клиника по анестезиология и интензивен лечение	ORG	ORG_622
Комплексния онкологичен център	комплексен онкологичен център	ORG	ORG_625
Костадин Ангелов	костадин ангелов	PER	PER_114
Окръжна болница	окръжен болница	ORG	ORG_36
Отделението по кардиология към Клиниката по вътрешни болести	отделение по кардиология към клиника по вътрешен болест	ORG	ORG_620
Пловдив	пловдив	LOC	LOC_294
Рада Прокопова	рада прокопова	PER	PER_619
София	софия	ORG	ORG_431
Фокус	фокус	ORG	ORG_624
българин	българин	PER	PER_149
