083
-	-	PRO	PRO_404
19	19	PRO	PRO_405
Covid	covid	PRO	PRO_403
БТА	бта	ORG	ORG_207
Банкок	банкок	LOC	LOC_537
Германия	германия	LOC	LOC_27
Европа	европа	LOC	LOC_49
Института за заразни болести	институт за заразен болест	ORG	ORG_534
Люксембург	люксембург	LOC	LOC_419
Норвегия	норвегия	LOC	LOC_12
Прают Чан-оча	прают чан-оча	PER	PER_536
Роберт Кох	роберт кох	PER	PER_535
Ройтерс	ройтерс	ORG	ORG_153
Световната здравна организация	световен здравен организация	ORG	ORG_133
Северна	северен	LOC	LOC_533
Словения	словения	LOC	LOC_12
ТАСС	тасс	ORG	ORG_494
Тайланд	тайланд	LOC	LOC_538
Чехия	чехия	LOC	LOC_137
Югоизточна Азия	югоизточен азия	LOC	LOC_55
Южна Америка	южен америка	LOC	LOC_219
коронавирус	коронавирус	EVT	EVT_3
чешкото министерство на здравеопазването	чешки министерство на здравеопазване	ORG	ORG_35
