094
Covid-19	covid-19	ORG	ORG_204
New York Times	new york times	PRO	PRO_51
Айдахо	айдахо	LOC	LOC_522
Аляска	аляска	LOC	LOC_518
Аржентина	аржентина	LOC	LOC_200
Белия дом	бял дом	LOC	LOC_72
Бразилия	бразилия	LOC	LOC_1
Великобритания	великобритания	LOC	LOC_6
Горния Среден Запад	горен среден запад	LOC	LOC_525
Джнс Хопкинс	джнс хопкинс	ORG	ORG_75
Европа	европа	LOC	LOC_49
Индиана	индиана	LOC	LOC_336
Индия	индия	LOC	LOC_336
Иран	иран	LOC	LOC_177
Испания	испания	LOC	LOC_10
Италия	италия	LOC	LOC_50
Колорадо	колорадо	LOC	LOC_521
Колумбия	колумбия	LOC	LOC_517
Мексико	мексико	LOC	LOC_79
Минесота	минесота	LOC	LOC_100
Мисури	мисури	LOC	LOC_519
Монтана	монтана	LOC	LOC_100
Непал	непал	LOC	LOC_516
Ню Йорк	ню йорк	LOC	LOC_103
Ню Мексико	ню мексико	LOC	LOC_79
Оклахома	оклахома	LOC	LOC_520
Перу	перу	LOC	LOC_528
Русия	русия	LOC	LOC_95
САЩ	сащ	LOC	LOC_69
Северна Дакота	северен дакота	LOC	LOC_523
Скалистите планини	скалист планина	LOC	LOC_526
Съединените щати	съединя-(се) щат	LOC	LOC_69
Тръмп	тръмп	PER	PER_70
Уисконсин	уисконсин	LOC	LOC_527
Франция	франция	LOC	LOC_20
Южна Америка	южен америка	LOC	LOC_219
Южна Дакота	южен дакота	LOC	LOC_523
Юта	юта	LOC	LOC_524
