112
RescEU	resceu	ORG	ORG_344
България	българия	LOC	LOC_1
Германия	германия	LOC	LOC_27
ЕК	ек	ORG	ORG_5
ЕС	ес	ORG	ORG_5
Европейската комисия	европейски комисия	ORG	ORG_129
Европейския съюз	европейски съюз	ORG	ORG_5
Испания	испания	LOC	LOC_10
Италия	италия	LOC	LOC_50
Канада	канада	LOC	LOC_78
Норвегия	норвегия	LOC	LOC_12
Обединеното кралство	обединя-(се) кралство	LOC	LOC_6
СЗО	сзо	ORG	ORG_86
Саудитска Арабия	саудитски арабия	LOC	LOC_81
Световната здравна организация	световен здравен организация	ORG	ORG_133
Урсула фон дер Лайен	урсула фон дер лайен	PER	PER_45
Франция	франция	LOC	LOC_20
Хоризонт 2020	хоризонт 2020	PRO	PRO_343
Япония	япония	LOC	LOC_13
коронавируса	коронавирус	EVT	EVT_3
коронавирусаЕС	коронавирусаЕС	EVT	EVT_3
