127
BBC	bbc	ORG	ORG_382
BBС	bbс	ORG	ORG_381
CNN	cnn	PRO	PRO_243
FDA	fda	ORG	ORG_66
Алжир	алжир	LOC	LOC_386
Американската агенция за контрол на храните и лекарствата	американски агенция за контрол на храна и лекарство	ORG	ORG_65
Бахрейн	бахрейн	LOC	LOC_80
Белия дом	бял дом	LOC	LOC_72
Близкия изток	близък изток	LOC	LOC_203
Великобритания	великобритания	LOC	LOC_6
Дебора Бъркс	дебор бъркс	PER	PER_384
Доналд Тръмп	доналд тръмп	PER	PER_70
Доналд Тръпм	доналд тръпм	PER	PER_70
Индийското здравно министерство	индийски здравен министерство	ORG	ORG_35
Индия	индия	LOC	LOC_336
Испания	испания	LOC	LOC_10
Йордания	йордания	LOC	LOC_388
Кения	кения	LOC	LOC_78
Китай	китай	LOC	LOC_56
Кувейт	кувейт	LOC	LOC_389
Мароко	мароко	LOC	LOC_385
Нарендра Моди	нарендра моди	PER	PER_390
САЩ	сащ	LOC	LOC_69
Световната здравна организация	световен здравен организация	ORG	ORG_133
Тунис	тунис	LOC	LOC_387
Франция	франция	LOC	LOC_20
коронавирус	коронавирус	EVT	EVT_3
коронавируса	коронавирус	EVT	EVT_3
