143
Covid-19	covid-19	EVT	EVT_233
България	българия	LOC	LOC_1
ВМА	вма	ORG	ORG_39
Варна	варна	LOC	LOC_274
Великобритания	великобритания	LOC	LOC_6
Венцислав Мутафчийски	венцислав мутафчийски	PER	PER_124
Габрово	габрово	LOC	LOC_217
Германия	германия	LOC	LOC_27
Гърция	гърция	LOC	LOC_205
Испания	испания	LOC	LOC_10
Италия	италия	LOC	LOC_50
Китай	китай	LOC	LOC_56
Ловеч	ловеч	LOC	LOC_430
Лом	лом	LOC	LOC_373
Мутафчийски	мутафчийски	PER	PER_125
Перник	перник	LOC	LOC_429
Пирогов	пирогов	LOC	LOC_38
Плевен	плевен	LOC	LOC_216
Пловдив	пловдив	LOC	LOC_294
СЗО	сзо	ORG	ORG_86
Северна Македония	северен македония	LOC	LOC_394
Смолян	смолян	LOC	LOC_296
София	софия	LOC	LOC_144
Софиямед	софиямед	ORG	ORG_431
Сърбия	сърбия	LOC	LOC_1
Турция	турция	LOC	LOC_138
Франция	франция	LOC	LOC_20
коронавируса	коронавирус	EVT	EVT_3
