149
Банката за развитие	банка за развитие	ORG	ORG_225
България	българия	LOC	LOC_1
Венцислав Мутафчийски	венцислав мутафчийски	PER	PER_124
Владислав Горанов	владислав горанов	PER	PER_222
Горанов	горанов	PER	PER_222
Гърция	гърция	LOC	LOC_205
Деница Сачева	деница сачева	PER	PER_32
Дончев	дончев	PER	PER_221
Европа	европа	LOC	LOC_49
Емил Караниколов	емил караниколов	PER	PER_223
Ер	ер	ORG	ORG_226
Желязков	желязков	PER	PER_227
Испания	испания	LOC	LOC_10
Италия	италия	LOC	LOC_50
Националния оперативен щаб	национален оперативен щаб	ORG	ORG_31
Николай Николов	николай николов	PER	PER_147
Пожарна безопасност и защита на населението	пожарен безопасност и защита на население	ORG	ORG_224
Росен Желязков	росен желязков	PER	PER_213
Румъния	румъния	LOC	LOC_0
Сърбия	сърбия	LOC	LOC_1
Томислав Дончев	томислав дончев	PER	PER_221
Турция	турция	LOC	LOC_138
