151
Бегоня Гомес	бегоня гомес	PER	PER_178
Вашингтон	вашингтон	LOC	LOC_183
Великобритания	великобритания	LOC	LOC_6
Джон Хопкинс	джон хопкинс	ORG	ORG_75
Доналд Тръмп	доналд тръмп	PER	PER_70
Едуар Филип	едуар филип	PER	PER_180
Иран	иран	LOC	LOC_177
Ирландия	ирландия	LOC	LOC_177
Испания	испания	LOC	LOC_10
Италия	италия	LOC	LOC_50
Китай	китай	LOC	LOC_56
Клаус Йоханис	клаус йоханис	PER	PER_182
Литва	литва	LOC	LOC_108
Педро Санчес	педро санчес	PER	PER_179
Румъния	румъния	LOC	LOC_0
САЩ	сащ	LOC	LOC_69
Турция	турция	LOC	LOC_138
Фахреттин Коджа	фахреттин коджа	PER	PER_181
Франция	франция	LOC	LOC_20
коронавирус	коронавирус	EVT	EVT_3
