123
Аризона	аризона	LOC	LOC_1748
Байдън	байдън	PER	PER_3577
Белия дом	бял дом	LOC	LOC_72
Бурисма	бурисма	ORG	ORG_3620
Делауер	делауер	PER	PER_3589
Джо Байдън	джо байдън	PER	PER_76
Джоузеф Боудън	джоузеф боудън	PER	PER_2173
Доналд Тръмп	доналд тръмп	PER	PER_70
Калифорния	калифорния	LOC	LOC_102
Корал Гейбълс	корал гейбълс	LOC	LOC_3744
Ню Йорк	ню йорк	LOC	LOC_2256
Ройтерс/Ипсос	ройтерс/ипсос	ORG	ORG_153
САЩ	сащ	LOC	LOC_69
Тексас	тексас	LOC	LOC_1022
Тръмп	тръмп	PER	PER_70
ФБР	фбр	ORG	ORG_3418
Финикс	финикс	LOC	LOC_3627
Флорида	флорида	LOC	LOC_894
Хънтър Байдън	хънтър байдън	PER	PER_3618
южният щат	южен щат	LOC	LOC_1956
