082
Betfair	betfair	ORG	ORG_3709
Smarkets	smarkets	ORG	ORG_3710
Аризона	аризона	LOC	LOC_1748
Байдън	байдън	PER	PER_3577
Белия дом	бял дом	LOC	LOC_72
Бетфеър	бетфеър	ORG	ORG_3708
Бил Клинтън	бил клинтън	PER	PER_3473
Великобритания	великобритания	LOC	LOC_6
Демократическата партия	демократически партия	ORG	ORG_584
Джо Байдън	джо байдън	PER	PER_76
Доналд Тръмп	доналд тръмп	PER	PER_70
Маями-Дейд	маями-дейд	LOC	LOC_3368
Мичиган	мичиган	LOC	LOC_99
Охайо	охайо	LOC	LOC_1736
Пенсилвания	пенсилвания	LOC	LOC_101
Ройтерс	ройтерс	ORG	ORG_153
САЩ	сащ	LOC	LOC_69
Си Ен Ен	си ен ен	PRO	PRO_3448
Смаркетс	смаркетс	ORG	ORG_3710
ТАСС	тасс	ORG	ORG_494
Тексас	тексас	LOC	LOC_1022
Тръмп	тръмп	PER	PER_70
Уисконсин	уисконсин	LOC	LOC_527
Флин	флин	PER	PER_3515
Флорида	флорида	LOC	LOC_894
Фокс нюз	фокс нюз	PRO	PRO_3308
Франс прес	франс прес	ORG	ORG_391
Хавай	хавай	LOC	LOC_3558
демократите	демократ	PER	PER_2172
югозападния щат	югозападен щат	LOC	LOC_1956
