105
Америка	америка	LOC	LOC_69
Байдън	байдън	PER	PER_76
Белия дом	бял дом	LOC	LOC_72
Демократическата партия	демократически партия	ORG	ORG_584
Джо Байдън	джо байдън	PER	PER_76
Джон Рокфелер	джон рокфелер	PER	PER_3503
Джулиан Асанж	джулиан асанж	PER	PER_3196
Дмитрий Минин	дмитрий минин	PER	PER_3257
Доналд Тръмп	доналд тръмп	PER	PER_70
Пол Манафорт	пол манафорт	PER	PER_3505
Путин	путин	PER	PER_315
Републиканската партия	републикански партия	ORG	ORG_584
САЩ	сащ	LOC	LOC_69
Стандарт Ойл	стандарт ойл	PRO	PRO_3504
Съединените щати	съединя-(се) щат	LOC	LOC_69
Тръмп	тръмп	PER	PER_70
Уикилийкс	уикилийкс	ORG	ORG_3506
Фейсбук	фейсбук	PRO	PRO_98
Фокс Нюз	фокс нюз	PER	PER_3502
демократи	демократ	PER	PER_2172
демократите	демократ	PER	PER_2172
