104
BBC	bbc	PRO	PRO_3440
COVID-19	covid-19	PRO	PRO_105
QAnon	QAnon	PRO	PRO_3340
Алабама	алабама	LOC	LOC_3330
Александрия Окасио-Кортез	александрия окасио-кортез	PER	PER_3335
Аризона	аризона	LOC	LOC_1748
Аяна Пресли	аяна пресли	PER	PER_3336
Байдън	байдън	PER	PER_76
Белия дом	бял дом	LOC	LOC_72
Грузия	грузия	LOC	LOC_2174
Делауеър	делауеър	LOC	LOC_3342
Демократите	демократ	ORG	ORG_3320
Демократическата партия	демократически партия	ORG	ORG_584
Джо Байдън	джо байдън	PER	PER_76
Джон Хикенлупър	джон хикенлупър	PER	PER_3325
Джорджия	джорджия	LOC	LOC_2174
Диана Тодорова	диана тодорова	PER	PER_32
Доналд Тръмп	доналд тръмп	PER	PER_70
Дъг Джоунс	дъг джоунс	PER	PER_3332
Илхан Омар	илхан омар	PER	PER_3338
Камара	камара	ORG	ORG_3559
Камарата	камара	ORG	ORG_3333
Камарата на представителите	камара на представител	ORG	ORG_3333
Кендра Хорн	кендра хорн	PER	PER_3339
Кентъки	кентъки	LOC	LOC_230
Колорадо	колорадо	LOC	LOC_521
Конгреса	конгрес	ORG	ORG_3350
Кори Гарднър	кора гарднър	PER	PER_3324
Линдзи Греъм	линдзи греъм	PER	PER_3329
Марк Кели	марк кели	PER	PER_1136
Марта Максали	марта максали	PER	PER_3326
Мич Макконъл	мич макконъл	PER	PER_3328
Мондър Джоунс	мондър джоунс	PER	PER_3332
Ню Йорк	ню йорк	LOC	LOC_2256
Оклахома	оклахома	LOC	LOC_520
Рашида Тлайб	рашида тлайб	PER	PER_3337
Републиканската партия	републикански партия	ORG	ORG_584
Ричи Торес	ричи торес	PER	PER_3334
САЩ	сащ	LOC	LOC_69
Сара Макбрайд	сара макбрайд	PER	PER_3343
Северна Каролина	северен каролина	LOC	LOC_168
Сенат	сенат	ORG	ORG_1012
Сената	сенат	ORG	ORG_1012
Сената на САЩ	сенат на сащ	ORG	ORG_3345
Стефани Бис	стефани бис	PER	PER_3231
Тейлър Грийн	тейлър грийн	PER	PER_3341
Томи Тъбървил	томи тъбървя	PER	PER_3331
Тръмп	тръмп	PER	PER_70
Хикенлупър	хикенлупър	PER	PER_3325
Южна Каролина	южен каролина	LOC	LOC_168
демократи	демократ	PER	PER_2172
републиканците	републиканец	PER	PER_1985
