116
Белия дом	бял дом	LOC	LOC_72
Върховен съд	върховен съд	ORG	ORG_3345
Голам Хосейн Исмаили	голам хосейн исмая	PER	PER_3650
ДПА	дпа	ORG	ORG_457
Джо Байдън	джо байдън	PER	PER_76
Джорджия	джорджия	LOC	LOC_2174
Доналд Тръмп	доналд тръмп	PER	PER_70
Интерпол	интерпол	ORG	ORG_308
Иран	иран	LOC	LOC_177
Касем Солеймани	касем солеймани	PER	PER_3649
Международната организация на криминалната полиция	международен организация на криминален полиция	ORG	ORG_3648
Пентагона	пентагон	LOC	LOC_3360
Републиканската партия	републикански партия	ORG	ORG_584
САЩ	сащ	LOC	LOC_69
Сенат	сенат	ORG	ORG_1012
Сената	сенат	ORG	ORG_1012
Станимир Вълков	станимир вълков	PER	PER_41
Тръмп	тръмп	PER	PER_70
Фигаро	фигаро	PRO	PRO_3647
