029
ByteDance	bytedance	ORG	ORG_3517
Huawei	huawei	ORG	ORG_3516
Huawei Technologies	huawei technologies	ORG	ORG_3516
Jefferies	jefferies	ORG	ORG_3521
Oracle	oracle	ORG	ORG_3520
Tencent Holdings	tencent holdings	ORG	ORG_3518
TikTok	tiktok	ORG	ORG_2568
Walmart	walmart	ORG	ORG_1349
Байдън	байдън	PER	PER_76
Вашингтон	вашингтон	LOC	LOC_183
Джо Байдън	джо байдън	PER	PER_76
Доналд Тръмп	доналд тръмп	PER	PER_70
Китай	китай	LOC	LOC_56
Пекин	пекин	LOC	LOC_234
Ройтерс	ройтерс	ORG	ORG_153
САЩ	сащ	LOC	LOC_69
Съединените щати	съединя-(се) щат	LOC	LOC_69
Тръмп	тръмп	PER	PER_70
Университета по комуникации на Джеян	университет по комуникация на джеян	ORG	ORG_3514
Фан	фан	PER	PER_3515
Фан Синдун	фан синдун	PER	PER_3513
