096
Zoom	zoom	LOC	LOC_3445
Америка	америка	LOC	LOC_69
Аризона	аризона	LOC	LOC_1748
Байдън	байдън	PER	PER_76
Борислав	борислав	PER	PER_30
Вашинтон	вашинтон	LOC	LOC_3436
Джорджия	джорджия	LOC	LOC_2174
Джош Хоули	джош хоули	PER	PER_3398
Избирателната колегия	избирателен колегия	ORG	ORG_3309
Конгреса	конгрес	ORG	ORG_3350
Майк Пенс	майк пенс	PER	PER_662
Мичиган	мичиган	LOC	LOC_99
Невада	невада	LOC	LOC_1153
Пенсилвания	пенсилвания	LOC	LOC_101
Републиканската партия	републикански партия	ORG	ORG_584
САЩ	сащ	LOC	LOC_69
Сената на САЩ	сенат на сащ	ORG	ORG_3345
Тед Круз	тед круз	PER	PER_3395
Тръмп	тръмп	PER	PER_70
Уисконсин	уисконсин	LOC	LOC_527
сенатори	сенатор	PER	PER_3378
