146
Америка	америка	LOC	LOC_69
Анита Хил	анита хил	PER	PER_3593
Ашли	ашли	PER	PER_3596
БТА	бта	ORG	ORG_207
Байдън	байдън	PER	PER_3577
Барак Обама	барак обама	PER	PER_3496
Белия дом	бял дом	LOC	LOC_72
Бо Байдън	бо байдън	PER	PER_3577
Бърни	бърни	PER	PER_3592
Делауер	делауер	LOC	LOC_3342
Джил Байдън	джил байдън	PER	PER_76
Джо Байдън	джо байдън	PER	PER_76
Джоузеф Робинет Байдън	джоузеф робинет байдън	PER	PER_3346
Доналд Тръмп	доналд тръмп	PER	PER_70
Ирак	ирак	LOC	LOC_177
Йосиф	йосиф	LOC	LOC_3597
Камала Харис	камала харис	PER	PER_1984
Кларънс Томас	кларънс томас	PER	PER_3594
Нийл Кинок	нийл кинок	PER	PER_467
Пенсилвания	пенсилвания	LOC	LOC_101
САЩ	сащ	LOC	LOC_69
Сандърс	сандърс	ORG	ORG_3478
Скрантън	скрантън	LOC	LOC_3588
Тара Рийд	тара рийд	PER	PER_3595
Уилмингтън	уилмингтън	LOC	LOC_3372
Франс прес	франс прес	ORG	ORG_391
Южна Каролина	южен каролина	LOC	LOC_168
афроамериканци	афроамериканец	PER	PER_3432
афроамериканците	афроамериканец	PER	PER_3432
демократите	демократ	PER	PER_2172
републиканците	републиканец	PER	PER_1985
