129
Вашингтон	вашингтон	LOC	LOC_183
ДВ	дв	PRO	PRO_334
Дейвид Пердю	дейвид пердю	PER	PER_3389
Демократическата партия	демократически партия	ORG	ORG_584
Дени	дени	PER	PER_3387
Джеси	джеси	PER	PER_3197
Джеси Глийтън	джеси глийтън	PER	PER_3392
Джо Байдън	джо байдън	PER	PER_76
Джон Ософ	джон ософ	PER	PER_2032
Джорджия	джорджия	LOC	LOC_2174
Доналд Тръмп	доналд тръмп	PER	PER_70
Инес Пол	инес пол	PER	PER_3386
Картър Кръншо	картър кръншо	PER	PER_3394
Кели Лофлър	кели лофлър	PER	PER_3390
Круз	круз	PER	PER_3395
Кръншо	кръншо	PER	PER_3394
Мартин Лутър Кинг	мартин лутър кинг	PER	PER_1318
Рафаел Уорнок	рафаел уорнок	PER	PER_3391
Републиканската партия	републикански партия	ORG	ORG_584
САЩ	сащ	LOC	LOC_69
Сам	сам	PER	PER_3388
Сената	сенат	ORG	ORG_1012
Стейси Абрамс	стейси абрамс	PER	PER_3393
Тед Круз	тед круз	PER	PER_3395
афроамериканци	афроамериканец	PER	PER_64
демократи	демократ	PER	PER_2172
демократите	демократ	ORG	ORG_3320
