113
Алабама	алабама	LOC	LOC_3330
Арканзас	арканзас	LOC	LOC_3375
Асошиейтед прес	асошиейтед прес	ORG	ORG_2606
Байдън	байдън	PER	PER_76
Белия дом	бял дом	LOC	LOC_72
България	българия	LOC	LOC_1
Вашингтон	вашингтон	LOC	LOC_183
Вирджиния	вирджиния	LOC	LOC_3373
Върмънт	върмънт	LOC	LOC_1737
Гражданска война	граждански война	EVT	EVT_3455
Делауеър	делауеър	LOC	LOC_3342
Джо Байдън	джо байдън	PER	PER_76
Доналд	доналд	PER	PER_70
Доналд Тръм	доналд тръм	PER	PER_70
Доналд Тръмп	доналд тръмп	PER	PER_70
Западна Вирджиния	западен вирджиния	LOC	LOC_3373
Избирателната коегия	избирателен коегия	ORG	ORG_3309
Илинойс	илинойс	LOC	LOC_1249
Индиана	индиана	LOC	LOC_336
Калифорния	калифорния	LOC	LOC_102
Канзас	канзас	LOC	LOC_3371
Кентъки	кентъки	LOC	LOC_230
Колорадо	колорадо	LOC	LOC_521
Колумбия	колумбия	LOC	LOC_517
Кънектикът	кънектик	LOC	LOC_3377
Луизиана	луизиана	LOC	LOC_1663
Массачусетс	массачусетс	LOC	LOC_550
Мисисипи	мисисипи	LOC	LOC_519
Мисури	мисури	LOC	LOC_519
Мэриленд	мэриленд	LOC	LOC_3136
Ню Джърси	ню джърси	LOC	LOC_103
Ню Йорк	ню йорк	LOC	LOC_2256
Ню Мексико	ню мексико	LOC	LOC_79
Ню Хемпшир	ню хемпшир	LOC	LOC_3454
Оклахома	оклахома	LOC	LOC_520
Охайо	охайо	LOC	LOC_1736
Род-Айлйнд	род-айлйнд	LOC	LOC_3376
САЩ	сащ	LOC	LOC_69
Северна Дакота	северен дакота	LOC	LOC_523
Съединенити щати	съединя-(се) щат	LOC	LOC_69
ТАСС	тасс	ORG	ORG_494
Тексас	тексас	LOC	LOC_1022
Тенеси	тенеси	LOC	LOC_3374
Тръмп	тръмп	PER	PER_70
Туитър	туитър	PRO	PRO_71
Уайоминг	уайоминг	LOC	LOC_3372
Флорида	флорида	LOC	LOC_894
Южна Дакота	южен дакота	LOC	LOC_523
Южна Каролина	южен каролина	LOC	LOC_168
Юта	юта	LOC	LOC_524
демократи	демократ	PER	PER_2172
демократите	демократ	PER	PER_2172
републиканци	републиканец	PER	PER_1985
