111
Байдън	байдън	PER	PER_76
Балканите	балкан	LOC	LOC_1953
Балкански поток	балкански поток	PRO	PRO_3549
България	българия	LOC	LOC_1
ВМРО-ДПМНЕ	вмро-дпмне	ORG	ORG_3551
Гърция	гърция	LOC	LOC_205
Джо Байдън	джо байдън	PER	PER_76
Джорджия	джорджия	LOC	LOC_2174
Доналд Тръмп	доналд тръмп	PER	PER_70
ЕК	ек	ORG	ORG_1370
ЕС	ес	ORG	ORG_5
Европа	европа	LOC	LOC_49
Европейския съюз/ЕС/	европейски съюз/ЕС/	ORG	ORG_5
Кремъл	кремъл	LOC	LOC_150
Милен Керемедчиев	милен керемедчиев	PER	PER_3546
Пенсилвания	пенсилвания	LOC	LOC_101
Рудолф Джулиани	рудолф джулиани	PER	PER_1244
Русия	русия	LOC	LOC_95
САЩ	сащ	LOC	LOC_69
Северен поток 2	северен поток 2	PRO	PRO_3550
Северна Македония	северен македония	LOC	LOC_394
Сърбия	сърбия	LOC	LOC_831
Тръмп	тръмп	PER	PER_70
Хилари Клинтън	хилари клинтън	PER	PER_2175
Черна гора	чер гора	LOC	LOC_1615
Щати	щати	LOC	LOC_3552
демократи	демократ	PER	PER_2172
демократите	демократ	PER	PER_2172
европейци	европеец	PER	PER_411
канадци	канадец	PER	PER_3547
мексиканци	мексиканец	PER	PER_3548
републиканците	републиканец	PER	PER_1985
