134
Black Lives Matter	black lives matter	ORG	ORG_3421
CNN	cnn	ORG	ORG_383
Fox News	fox news	PRO	PRO_3308
Protect Our Vote	protect our vote	ORG	ORG_3778
Twitter	twitter	PRO	PRO_71
Webcafe	webcafe	ORG	ORG_3362
Аризона	аризона	LOC	LOC_1748
Байдън	байдън	PER	PER_3577
Белия дом	бял дом	LOC	LOC_72
Детройт	детройт	LOC	LOC_1669
Джо Байдън	джо байдън	PER	PER_76
Джорджия	джорджия	LOC	LOC_2174
Джоузеф Байдън	джоузеф байдън	PER	PER_76
Доналд Тръмп	доналд тръмп	PER	PER_70
Кейти Хобс	кейти хобс	PER	PER_2342
Лос Анджелис	лос анджелис	LOC	LOC_248
Марикопа	марикопа	LOC	LOC_3776
Минеаполис	минеаполис	LOC	LOC_3768
Минесота	минесота	LOC	LOC_100
Мичиган	мичиган	LOC	LOC_99
Невада	невада	LOC	LOC_1153
Ню Йорк	ню йорк	LOC	LOC_2256
Пенсилвания	пенсилвания	LOC	LOC_101
Рич Гарела	рич гарела	PER	PER_3777
САЩ	сащ	LOC	LOC_69
Сиатъл	сиатъл	LOC	LOC_1723
Тръмп	тръмп	PER	PER_70
Уисконсин	уисконсин	LOC	LOC_527
Филаделфия	филаделфия	LOC	LOC_894
Финикс	финикс	LOC	LOC_3627
Фокс	фокс	PER	PER_3502
демократи	демократ	PER	PER_2172
демократите	демократ	PER	PER_2172
републиканци	републиканец	PER	PER_1985
