026
EKRE	ekre	ORG	ORG_1370
Fianna Fáil	fianna fáil	ORG	ORG_3712
Politico	politico	PRO	PRO_543
Politico.eu	politico.eu	PRO	PRO_686
Republicans Overseas Germany	republicans overseas germany	ORG	ORG_3715
Ангела Меркел	ангела меркел	PER	PER_117
Байдън	байдън	PER	PER_3577
Белия дом	бял дом	LOC	LOC_72
Вашингтон	вашингтон	LOC	LOC_183
Виктор Орбан	виктор орбан	PER	PER_1435
Германия	германия	LOC	LOC_27
Джо Байдън	джо байдън	PER	PER_76
Джордж Буш	джордж буш	PER	PER_3450
Доналд Тръмп	доналд тръмп	PER	PER_70
ЕС	ес	ORG	ORG_5
Европа	европа	LOC	LOC_49
Емили Хабер	емили хабер	PER	PER_3314
Ирландия	ирландия	LOC	LOC_455
Камала Харис	камала харис	PER	PER_1984
Кери Редингтън	кери редингтън	PER	PER_3714
Консервативната народна партия на Хелмс	консервативен народен партия на хелмс	ORG	ORG_3722
Майкъл Мартин	майкъл мартин	PER	PER_3444
Март Хелме	март хелме	PER	PER_3720
Мартин	мартин	PER	PER_2857
Мартин Хелме	мартин хелме	PER	PER_3720
Меркел	меркел	PER	PER_117
Норберт Рьотген	норберт рьотген	PER	PER_3716
Редингтън	редингтън	PER	PER_3714
Републиканската партия	републикански партия	ORG	ORG_584
Републиканския национален комитет в САЩ	републикански национален комитет в сащ	ORG	ORG_3718
Рьотген	рьотген	PER	PER_3717
САЩ	сащ	LOC	LOC_69
Тръмп	тръмп	PER	PER_70
Финландия	финландия	LOC	LOC_196
Франция	франция	LOC	LOC_20
ХДС	хдс	ORG	ORG_3713
Хелме	хелме	PER	PER_3721
германеца	германец	PER	PER_659
демократи	демократ	PER	PER_2172
демократите	демократ	PER	PER_2172
консерватори	консерватор	PER	PER_3361
републиканците	републиканец	PER	PER_1985
християндемократи	християндемократ	ORG	ORG_3711
