083
Антония Руменова	антония руменова	PER	PER_3701
Аризона	аризона	LOC	LOC_1748
БНР	бнр	ORG	ORG_3591
Байдън	байдън	PER	PER_3577
Белия дом	бял дом	LOC	LOC_72
Би Би Си	съм съм си	PRO	PRO_3440
Демократическата партия	демократически партия	ORG	ORG_584
Джо Байдън	джо байдън	PER	PER_76
Джорджия	джорджия	LOC	LOC_2174
Доналд Тръмп	доналд тръмп	PER	PER_70
Камарата на представителите	камара на представител	ORG	ORG_3333
Мейн	мейн	LOC	LOC_3318
Мичиган	мичиган	LOC	LOC_99
Невада	невада	LOC	LOC_1153
Пенсилвания	пенсилвания	LOC	LOC_101
Ройтерс	ройтерс	ORG	ORG_153
САЩ	сащ	LOC	LOC_69
Северна Каролина	северен каролина	LOC	LOC_168
Сената	сенат	ORG	ORG_1012
Си Ен Ен	си ен ен	ORG	ORG_3702
Съединените щати	съединя-(се) щат	LOC	LOC_69
Тръмп	тръмп	PER	PER_70
Уисконсин	уисконсин	LOC	LOC_527
Фокс Нюз	фокс нюз	ORG	ORG_3600
демократите	демократ	PER	PER_2172
