130
Democracy Institute	democracy institute	ORG	ORG_2180
The Sunday Express	the sunday express	PRO	PRO_2744
Wisconsin Election Comission	wisconsin election comission	ORG	ORG_3612
Алекс Халдерман	алекс халдерман	PER	PER_3617
Антрим	антрим	ORG	ORG_3615
Антрим Каунти	антрим каунти	LOC	LOC_3616
Аризона	аризона	LOC	LOC_1748
Байдън	байдън	PER	PER_3577
Бешъм	бешъм	PER	PER_3613
Великобритания	великобритания	LOC	LOC_6
Детройт	детройт	LOC	LOC_1669
Джо Байдън	джо байдън	PER	PER_76
Джослин Бенсън	джослин бенсън	PER	PER_3539
Дойче Веле	дойче веле	PRO	PRO_491
Доналд Тръмп	доналд тръмп	PER	PER_70
Избирателната комисия на Уисконсин	избирателен комисия на уисконсин	ORG	ORG_3612
Йоша Вебер	йоша вебер	PER	PER_3611
Лора Кокс	лора кокс	PER	PER_3614
Мичиган	мичиган	LOC	LOC_99
Невада	невада	LOC	LOC_1153
Ню Йорк Таймс	ню йорк таймс	PRO	PRO_51
Обама	обама	PER	PER_3496
Патрик Бешъм	патрик бешъм	PER	PER_335
Пенсилвания	пенсилвания	LOC	LOC_101
Робърт Мюдж	робърт мюдж	PER	PER_3486
САЩ	сащ	LOC	LOC_69
Тръмп	тръмп	PER	PER_70
Туитър	туитър	PRO	PRO_71
Уейн	уейн	LOC	LOC_202
Уилям Брадли	уилям брадли	PER	PER_3354
Уисконсин	уисконсин	LOC	LOC_527
републиканците	републиканец	PER	PER_1985
