046
CNN	cnn	ORG	ORG_383
Fox News	fox news	PRO	PRO_3308
Америка	америка	LOC	LOC_69
Андерсън Купър	андерсън купър	PER	PER_3749
Аризона	аризона	LOC	LOC_1748
Байдън	байдън	PER	PER_3577
Белия дом	бял дом	LOC	LOC_72
Брад Рафенспергер	брад рафенспергер	PER	PER_3349
Браян Уилямс	браян уилямс	PER	PER_1195
Джо Байдън	джо байдън	PER	PER_76
Джорджия	джорджия	LOC	LOC_2174
Доналд Тръмп	доналд тръмп	PER	PER_70
Камала Харис	камала харис	PER	PER_1984
МSNBC	мsnbc	PRO	PRO_2703
Пенсилвания	пенсилвания	LOC	LOC_101
Републиканската партия	републикански партия	ORG	ORG_584
САЩ	сащ	LOC	LOC_69
Тръмп	тръмп	PER	PER_70
демократите	демократ	PER	PER_2172
