101
Америка	америка	LOC	LOC_69
Асошиейтед прес	асошиейтед прес	ORG	ORG_2606
Байдън	байдън	PER	PER_3577
Далтън	далтън	LOC	LOC_3497
Дейвид Пердю	дейвид пердю	PER	PER_3389
Демократическата партия	демократически партия	ORG	ORG_584
Джо Байдън	джо байдън	PER	PER_76
Джон Ософ	джон ософ	PER	PER_3437
Джорджия	джорджия	LOC	LOC_2174
Доналд Тръмп	доналд тръмп	PER	PER_70
Камала Харис	камала харис	PER	PER_1984
Камарата на представителите	камара на представител	ORG	ORG_3333
Кели Лофлър	кели лофлър	PER	PER_3390
Конгрес	конгрес	ORG	ORG_3350
Майк Пенс	майк пенс	PER	PER_662
Милнър	милнър	LOC	LOC_3093
Пенс	пенс	PER	PER_1461
Рафаел Уорнок	рафаел уорнок	PER	PER_3391
Републиканската партия	републикански партия	ORG	ORG_584
Рок спрингс	рок спрингс	LOC	LOC_3674
САЩ	сащ	LOC	LOC_69
Сената	сенат	ORG	ORG_1012
демократи	демократ	PER	PER_2172
демократите	демократ	PER	PER_2172
републиканците	републиканец	PER	PER_1985
