001
Айова	айова	LOC	LOC_3370
Александрия Окасио-Кортес	александрия окасио-кортес	PER	PER_3335
Андрю Йънг	андрю йънг	PER	PER_3495
Байдън	байдън	PER	PER_76
Барак Обама	барак обама	PER	PER_3496
Белия дом	бял дом	LOC	LOC_72
Бенд Пийт Бутиджидж	бенд пийт бутиджидж	PER	PER_3477
Бето О’Рурк	бето о’рурк	PER	PER_3481
Бил	бил	PER	PER_1083
Бил Де Блазио	бил де блазио	PER	PER_1658
Бутиджидж	бутиджидж	PER	PER_3483
Бърни Сандърс	бърни сандърс	PER	PER_3472
Върмонт	върмонт	LOC	LOC_1737
Голямата стара партия	голям стар партия	ORG	ORG_3466
Демократическата партия	демократически партия	ORG	ORG_584
Джеб	джеб	PER	PER_2210
Джеб Буш	джеб буш	PER	PER_3450
Джо	джо	PER	PER_3197
Джо Байдън	джо байдън	PER	PER_76
Джордж Буш-младши	джордж буш-младши	PER	PER_3450
Джордж Буш-старши	джордж буш-старши	PER	PER_3450
Доналд Тръмп	доналд тръмп	PER	PER_70
Елизабет Уорън	елизабет уорън	PER	PER_3475
Ерик Сулуел	ерик сулуел	PER	PER_3484
Индиана	индиана	LOC	LOC_336
Калифорния	калифорния	LOC	LOC_102
Камала Харис	камала харис	PER	PER_1984
Камарата на представителите	камара на представител	ORG	ORG_3333
Кливланд	кливланд	LOC	LOC_3467
Клинтън	клинтън	PER	PER_3473
Конгреса	конгрес	ORG	ORG_3350
Кори Букър	кора букър	PER	PER_3482
Лъжеца Тед	лъжец тед	PRO	PRO_3470
Малкия	малък	EVT	EVT_3471
Марко	марко	PER	PER_3429
Марко Рубио	марко рубио	PER	PER_656
Масачузетс	масачузетс	LOC	LOC_508
Нанси Пелоси	нанси пелоси	PER	PER_3442
Ню Джърси	ню джърси	LOC	LOC_103
Ню Йорк	ню йорк	LOC	LOC_2256
Обама	обама	PER	PER_1706
Окасио-Кортес	окасио-кортес	PER	PER_3335
Охайо	охайо	LOC	LOC_1736
О’Рурк	о’рурк	PER	PER_3481
Пийт	пийт	LOC	LOC_3479
Пийт Бутиджидж	пийт бутиджидж	PER	PER_3477
Покахонтас	покахонтас	PRO	PRO_3488
Републиканската партия	републикански партия	ORG	ORG_584
Робърт Мълър	робърт мълър	PER	PER_3486
Русия	русия	LOC	LOC_95
САЩ	сащ	LOC	LOC_69
Сандърс	сандърс	PER	PER_3472
Саут	саут	ORG	ORG_3476
Саут Бенд	саут бенд	LOC	LOC_3493
Сената	сенат	ORG	ORG_1012
Си Ен Ен Байдън	си ен ен байдън	PER	PER_3480
Слабия	слаб	EVT	EVT_3469
Стажанта	стажант	PRO	PRO_3468
Тед Круз	тед круз	PER	PER_3395
Тексас	тексас	LOC	LOC_1022
Тръмп	тръмп	PER	PER_70
Уикилийкс	уикилийкс	PRO	PRO_3487
Уолстрийт	уолстрийт	ORG	ORG_3492
Уорън	уорън	PER	PER_281
Флорида	флорида	LOC	LOC_894
Харвард	харвард	LOC	LOC_3489
Харис	харис	PER	PER_363
Хилъри	хилъри	PER	PER_658
Хилъри Клинтън	хилъри клинтън	PER	PER_2175
Чък Шумър	чък шумър	PER	PER_1665
демократи	демократ	PER	PER_2172
демократите	демократ	PER	PER_2172
републиканците	републиканец	PER	PER_1985
сенатори	сенатор	PER	PER_3378
сенаторите	сенатор	PER	PER_3378
чероки	черок	PER	PER_3490
