138
Америка	америка	LOC	LOC_69
Аштън Картър	аштън картър	PER	PER_3352
БТА	бта	ORG	ORG_207
Байдън	байдън	PER	PER_76
Брад Рафенспъргър	брад рафенспъргър	PER	PER_3349
Вашингтон пост	вашингтон пост	LOC	LOC_183
Гардиън	гардиън	PRO	PRO_3351
Демократическата партия	демократически партия	ORG	ORG_584
Детройт	детройт	LOC	LOC_1669
Джеймс Матис	джеймс матис	PER	PER_3358
Джо Байдън	джо байдън	PER	PER_76
Джорджия	джорджия	LOC	LOC_2174
Дик Чейни	дик чейни	PER	PER_3355
Доналд Ръмсфелд	доналд ръмсфелд	PER	PER_70
Доналд Тръмп	доналд тръмп	PER	PER_70
Конгрес	конгрес	ORG	ORG_3350
Либерасион	либерасион	PRO	PRO_3348
Лион Панета	лион панета	PER	PER_3353
Майк Пенс	майк пенс	PER	PER_662
Марк Еспър	марк еспър	PER	PER_3359
Милуоки	милуоки	LOC	LOC_2498
Националната гвардия	национален гвардия	ORG	ORG_2984
Ню Йорк таймс	ню йорк таймс	PRO	PRO_51
Пентагона	пентагон	LOC	LOC_3360
Рафенспъргър	рафенспъргър	PER	PER_3349
Робърт Гейтс	робърт гейтс	PER	PER_3356
САЩ	сащ	LOC	LOC_69
Сенат	сенат	ORG	ORG_1012
Тръмп	тръмп	PER	PER_70
Уилям Коен	уилям коен	PER	PER_564
Уилям Пери	уилям пери	PER	PER_3354
Филаделфия	филаделфия	LOC	LOC_894
Чък Хейгъл	чък хейгъл	PER	PER_3357
афроамериканци	афроамериканец	PER	PER_64
консерваторите	консерватор	PER	PER_3361
