153
AP	ap	ORG	ORG_451
Reuters	reuters	ORG	ORG_153
Аризона	аризона	LOC	LOC_1748
Бен Сасе	бен сасе	PER	PER_3539
Джереми Д. Кърнодъл	джереми даниел кърнодъл	PER	PER_3731
Джо Байдън	джо байдън	PER	PER_76
Джош Хоули	джош хоули	PER	PER_3398
Доналд Тръмп	доналд тръмп	PER	PER_70
Илия Лазаров	илия лазаров	PER	PER_3730
Камарата на представителите	камара на представител	ORG	ORG_3333
Лу Гомърт	лу гомърт	PER	PER_3732
Майк Пенс	майк пенс	PER	PER_662
Мисури	мисури	LOC	LOC_519
Мич МакКонъл	мич макконъл	PER	PER_3328
Небраска	небраска	LOC	LOC_104
Републиканската партия	републикански партия	ORG	ORG_584
Сената	сенат	ORG	ORG_1012
ТАСС	тасс	ORG	ORG_494
Тексас	тексас	LOC	LOC_1022
