081
Black lives matter	black lives matter	PRO	PRO_3603
Америка	америка	LOC	LOC_69
Аризона	аризона	LOC	LOC_1748
Байдън	байдън	PER	PER_3577
Байъдън	байъдън	PER	PER_3577
Барак Обама	барак обама	PER	PER_3496
Белия дом	бял дом	LOC	LOC_72
Бил Клинтън	бил клинтън	PER	PER_3473
Бреона Тейлър	бреона тейлър	PER	PER_3604
Вашингтон	вашингтон	LOC	LOC_183
Джейкъб Блейк	джейкъб блейк	PER	PER_3605
Джими Картър	джими картър	PER	PER_3310
Джо	джо	PER	PER_3197
Джо Байдън	джо байдън	PER	PER_76
Джордж Флойд	джордж флойд	PER	PER_766
Джордж Хърбърт Уокър Буш	джордж хърбърт уокър буш	PER	PER_3450
Джорджия	джорджия	LOC	LOC_2174
Доналд Тръмп	доналд тръмп	PER	PER_70
ЕС	ес	ORG	ORG_5
Ен Би Си	ен би си	PRO	PRO_3440
Избирателната колегия	избирателен колегия	ORG	ORG_3309
Камала Харис	камала харис	PER	PER_1984
Мичиган	мичиган	LOC	LOC_99
Невада	невада	LOC	LOC_1153
Ню Йорк таймс	ню йорк таймс	PRO	PRO_51
Обама	обама	PER	PER_3496
Пенсилвания	пенсилвания	LOC	LOC_101
САЩ	сащ	LOC	LOC_69
Си Ен Ен	си ен ен	PRO	PRO_3448
Съединените американски щати	съединя-(се) американски щат	LOC	LOC_69
Тръмп	тръмп	PER	PER_70
Уисконсин	уисконсин	LOC	LOC_527
Фокс нюз	фокс нюз	PRO	PRO_3308
Харис	харис	PER	PER_363
Хилари Клинтън	хилари клинтън	ORG	ORG_3396
афроамериканци	афроамериканец	PER	PER_3432
афроамериканците	афроамериканец	PER	PER_3432
демократи	демократ	PER	PER_2172
демократите	демократ	PER	PER_2172
