100
Америка	америка	LOC	LOC_69
Америка на	америка на	LOC	LOC_69
Белия дом	бял дом	LOC	LOC_72
Демократическата партия	демократически партия	ORG	ORG_584
Демократичната партия	демократичен партия	ORG	ORG_584
Джо Байдън	джо байдън	PER	PER_76
Джордж Флойд	джордж флойд	PER	PER_766
Доналд Тръмп	доналд тръмп	PER	PER_70
Доналд Тръмп-младши	доналд тръмп-младши	PER	PER_70
Камала Харис	камала харис	PER	PER_1984
Камарата на представителите	камара на представител	ORG	ORG_3333
Китай	китай	LOC	LOC_56
Макклоски	макклоски	PER	PER_3430
Марк	марк	PER	PER_3429
Ники Хейли	ники хейли	PER	PER_3428
ООН	оон	ORG	ORG_268
Патриша Макклоски	патриша макклоски	PER	PER_3430
Републиканската партия	републикански партия	ORG	ORG_584
САЩ	сащ	LOC	LOC_69
Северна Каролина	северен каролина	LOC	LOC_168
Скот	скот	PER	PER_3433
Тим Скот	тим скот	PER	PER_3433
Тръмп	тръмп	PER	PER_70
Чарли Кърк	чарли кърк	PER	PER_1656
Шарлът	шарл	LOC	LOC_3382
Южна Каролина	южен каролина	LOC	LOC_168
афроамериканеца	афроамериканец	PER	PER_3432
афроамериканците	афроамериканец	PER	PER_3432
демократите	демократ	PER	PER_2172
консервативна младежка организация	консервативен младежки организация	ORG	ORG_3431
радикалните демократи	радикален демократ	ORG	ORG_3320
