135
Consult	consult	ORG	ORG_3364
FiveThirtyEight	fivethirtyeight	ORG	ORG_3366
Monmouth University	monmouth university	ORG	ORG_842
Morning	morning	PRO	PRO_2519
Morning Consult	morning consult	ORG	ORG_3363
RealClearPolitics	realclearpolitics	ORG	ORG_3365
Webcafe	webcafe	ORG	ORG_3362
Аризона	аризона	LOC	LOC_1748
Байдън	байдън	PER	PER_76
Гардиън	гардиън	PRO	PRO_3351
Джо Байдън	джо байдън	PER	PER_76
Джорджия	джорджия	LOC	LOC_2174
Доналд Тръмп	доналд тръмп	PER	PER_70
Индиана	индиана	LOC	LOC_336
Колорадо	колорадо	LOC	LOC_521
Конгреса	конгрес	ORG	ORG_3350
Минесота	минесота	LOC	LOC_100
Мисури	мисури	LOC	LOC_519
Мичиган	мичиган	LOC	LOC_99
Охайо	охайо	LOC	LOC_1736
Пенсилвания	пенсилвания	LOC	LOC_101
САЩ	сащ	LOC	LOC_69
Северна Каролина	северен каролина	LOC	LOC_168
Тексас	тексас	LOC	LOC_1022
Тръмп	тръмп	PER	PER_70
Флорида	флорида	LOC	LOC_894
Хилари Клинън	хилари клинън	PER	PER_2175
Южна Каролина	южен каролина	LOC	LOC_168
демократите	демократ	PER	PER_2172
