099
Novini.bg	novini.bg	PRO	PRO_623
Америка	америка	LOC	LOC_69
БТА	бта	ORG	ORG_207
Байдън	байдън	LOC	LOC_3557
Гардиън	гардиън	PRO	PRO_3351
Дейли мейл	дейли мейл	PRO	PRO_896
Джо Байдън	джо байдън	PER	PER_76
Джорджия	джорджия	LOC	LOC_2174
Доналд Тръмп	доналд тръмп	PER	PER_70
Камарата на представителите	камара на представител	ORG	ORG_3333
Майк Пенс	майк пенс	PER	PER_662
Монд	монд	PRO	PRO_3703
Ню Йорк таймс	ню йорк таймс	PRO	PRO_51
Пенс	пенс	PER	PER_1461
Републиканската партия	републикански партия	ORG	ORG_584
САЩ	сащ	LOC	LOC_69
Сенат	сенат	ORG	ORG_1012
Телеграф	телеграф	PRO	PRO_2596
Тръмп	тръмп	PER	PER_70
Фигаро	фигаро	PRO	PRO_3647
