127
Twitter	twitter	PRO	PRO_71
Америка	америка	LOC	LOC_69
Белия дом	бял дом	LOC	LOC_72
Брок Пиърс	брок пиърс	PER	PER_3413
Върмонт	върмонт	LOC	LOC_1737
Гари Джонсън	гари джонсън	PER	PER_52
Демократическата партия	демократически партия	ORG	ORG_584
Деня на независимостта	ден на независимост	EVT	EVT_3403
Джил Стайн	джил стайн	PER	PER_3407
Джо Байдън	джо байдън	PER	PER_76
Джо Йоргенсен	джо йоргенсен	PER	PER_3406
Дон Бланкеншип	дон бланкеншип	PER	PER_3412
Доналд Тръмп	доналд тръмп	PER	PER_70
Зелената партия	зелен партия	ORG	ORG_760
Кание Уест	кание уест	PER	PER_3401
Ким Кардашиян	ким кардашиян	PER	PER_3405
Колорадо	колорадо	LOC	LOC_521
Либертарианската партия	либертариански партия	ORG	ORG_109
Мичиган	мичиган	LOC	LOC_99
Могъщите патици	могъщ патица	PRO	PRO_3414
Ню Мексико	ню мексико	LOC	LOC_79
Партията за социализъм и освобождение	партия за социализъм и освобождение	ORG	ORG_3409
Партията на алианса	партия на алианс	ORG	ORG_3410
Партията на конституцията	партия на конституция	ORG	ORG_3411
Пенсилвания	пенсилвания	LOC	LOC_101
Първо дете	първо дете	PRO	PRO_3415
Рожден ден	рожден ден	EVT	EVT_3404
САЩ	сащ	LOC	LOC_69
Уест	уест	ORG	ORG_3402
Уисконсин	уисконсин	LOC	LOC_527
Фил Колинс	фил колинс	PER	PER_3323
Хауи Хокинс	хауи хокинс	PER	PER_3408
Хилари Клинтън	хилари клинтън	PER	PER_2175
демократите	демократ	PER	PER_2172
републиканците	републиканец	PER	PER_1985
