050
Байдън	байдън	PER	PER_3577
Вашингтон	вашингтон	LOC	LOC_183
Дейвид Пърдю	дейвид пърдю	PER	PER_3389
Джо Байдън	джо байдън	PER	PER_76
Джон	джон	PER	PER_3622
Джон Ософ	джон ософ	PER	PER_3437
Джорджия	джорджия	LOC	LOC_2174
Доналд Тръмп	доналд тръмп	PER	PER_70
Интерфакс	интерфакс	ORG	ORG_710
Кели Лефлър	кели лефлър	PER	PER_3390
Ософ	ософ	PER	PER_3499
РИА Новости	риа новост	ORG	ORG_158
Рафаел	рафаел	PER	PER_3623
Рафаел Уорнок	рафаел уорнок	PER	PER_3391
САЩ	сащ	LOC	LOC_69
Сената	сенат	ORG	ORG_1012
Тръмп	тръмп	PER	PER_70
Уорнок	уорнок	PER	PER_3481
демократите	демократ	PER	PER_2172
