073
GOP	gop	ORG	ORG_3571
Ал Гор	ал гор	PER	PER_3449
Америка	америка	LOC	LOC_69
Аризона	аризона	LOC	LOC_1748
Байдън	байдън	PER	PER_76
Барак Обама	барак обама	PER	PER_3496
Белия дом	бял дом	LOC	LOC_72
Би Би Си	съм съм си	PRO	PRO_3440
Бил Клинтън	бил клинтън	PER	PER_3473
Буш	буш	PER	PER_1707
Бюрото за преброяване на населението на САЩ	бюро за преброяване на население на сащ	ORG	ORG_3572
Вашингтон	вашингтон	LOC	LOC_183
Великата стара партия	велик стар партия	ORG	ORG_3466
Демократите	демократ	ORG	ORG_3320
Демократическата партия	демократически партия	ORG	ORG_584
Джо Байдън	джо байдън	PER	PER_76
Джон Кенеди	джон кенеди	PER	PER_626
Джордж Буш	джордж буш	PER	PER_3450
Джордж У. Буш	джордж у. буш	PER	PER_3450
Доналд Тръмп	доналд тръмп	PER	PER_70
Калифорния	калифорния	LOC	LOC_102
Камарата на представителите	камара на представител	ORG	ORG_3333
Клинтън	клинтън	ORG	ORG_3396
Ню Йорк	ню йорк	LOC	LOC_2256
Охайо	охайо	LOC	LOC_1736
Републиканската	републикански	ORG	ORG_2775
Ричард Никсън	ричард никсън	PER	PER_2710
Роналд Рейгън	роналд рейгън	PER	PER_2710
САЩ	сащ	LOC	LOC_69
Сената	сенат	ORG	ORG_1012
Сенатът	сенат	ORG	ORG_1012
Съединените американски щати	съединя-(се) американски щат	LOC	LOC_69
Съединените щати	съединя-(се) щат	LOC	LOC_69
Тексас	тексас	LOC	LOC_1022
Тръмп	тръмп	PER	PER_70
Флорида	флорида	LOC	LOC_894
Хилари	хилари	PER	PER_658
Хилари Клинтън	хилари клинтън	PER	PER_2175
демократи	демократ	PER	PER_2172
коронавирус	коронавирус	EVT	EVT_3
републиканци	републиканец	PER	PER_1985
републиканците	републиканец	PER	PER_1985
сенаторите	сенатор	PER	PER_3378
