088
-	-	LOC	LOC_285
CBS	cbs	ORG	ORG_251
АРКАНЗАС	арканзас	ORG	ORG_3727
АФП	афп	ORG	ORG_1211
Айдахо	айдахо	LOC	LOC_522
Айова	айова	LOC	LOC_3370
Алабама	алабама	LOC	LOC_3330
Аризона	аризона	LOC	LOC_1748
Байдън	байдън	LOC	LOC_3557
Байдън щат	байдън щат	LOC	LOC_3557
ДЖОРДЖИЯ	джорджия	LOC	LOC_1237
Делауеър	делауеър	LOC	LOC_3342
Джо Байдън	джо байдън	PER	PER_76
Доналд Тръмп	доналд тръмп	PER	PER_70
Илинойс	илинойс	LOC	LOC_1249
Индиана	индиана	LOC	LOC_336
КАРОЛИНА	каролина	LOC	LOC_3725
Калифорния	калифорния	LOC	LOC_102
Канзас	канзас	LOC	LOC_3371
Кентъки	кентъки	LOC	LOC_3579
Колорадо	колорадо	LOC	LOC_521
Кънектикът	кънектик	LOC	LOC_3377
Луизиана	луизиана	LOC	LOC_1663
МИЧИГАН	мичиган	LOC	LOC_3723
Масачузетс	масачузетс	LOC	LOC_508
Мейн	мейн	LOC	LOC_3318
Мериленд	мериленд	LOC	LOC_3136
Минесота	минесота	LOC	LOC_100
Мисисипи	мисисипи	LOC	LOC_3582
Мисури	мисури	LOC	LOC_519
Монтана	монтана	LOC	LOC_100
Небраска	небраска	LOC	LOC_104
Невада	невада	LOC	LOC_1153
Ню Джърси	ню джърси	LOC	LOC_103
Ню Йорк	ню йорк	LOC	LOC_2256
Ню Мексико	ню мексико	LOC	LOC_3583
Ню Хемпшър	ню хемпшър	LOC	LOC_3454
Пенсилвания	пенсилвания	LOC	LOC_101
САЩ	сащ	LOC	LOC_69
СЕВЕРНА	северна	LOC	LOC_3724
Северна Дакота	северен дакота	LOC	LOC_523
Северна Каролина	северен каролина	LOC	LOC_168
Тексас	тексас	LOC	LOC_1022
Тръмп	тръмп	LOC	LOC_3316
УИСКОНСИН	уисконсин	ORG	ORG_3726
Флорида	флорида	LOC	LOC_894
Франс прес	франс прес	ORG	ORG_391
Хавай	хавай	LOC	LOC_3558
Южна Дакота	южен дакота	LOC	LOC_523
Южна Каролина	южен каролина	LOC	LOC_168
