131
Webcafe	webcafe	ORG	ORG_3362
Америка	америка	LOC	LOC_69
Байдън	байдън	LOC	LOC_288
Белия дом	бял дом	LOC	LOC_72
Вашингтон	вашингтон	LOC	LOC_183
Владимир Путин	владимир путин	PER	PER_315
Демократическата партия	демократически партия	ORG	ORG_584
Джо Байдън	джо байдън	PER	PER_76
Дмитрий Песков	дмитрий песков	PER	PER_159
Доналд Тръмп	доналд тръмп	PER	PER_70
Конституцията на САЩ	конституция на сащ	PRO	PRO_43
Кремъл	кремъл	LOC	LOC_150
Москва	москва	LOC	LOC_316
Путин	путин	PER	PER_315
Россия 1	россия един	PRO	PRO_2711
САЩ	сащ	LOC	LOC_69
Тръмп	тръмп	PER	PER_70
Хилари Клинтън	хилари клинтън	PER	PER_2175
колегия	колегия	ORG	ORG_2385
