115
Атланта	атланта	LOC	LOC_3367
Байдън	байдън	PER	PER_76
Белия дом	бял дом	LOC	LOC_72
Вашингтон	вашингтон	LOC	LOC_183
Далтън	далтън	LOC	LOC_3497
Дейвид Пердю	дейвид пердю	PER	PER_3389
Джо Байдън	джо байдън	PER	PER_76
Джон Ософ	джон ософ	PER	PER_3437
Джорджия	джорджия	LOC	LOC_2174
Доналд Тръмп	доналд тръмп	PER	PER_70
Камала Харис	камала харис	PER	PER_1984
Камарата на представителите	камара на представител	ORG	ORG_3333
Кели Лофлър	кели лофлър	PER	PER_3390
Конгрес	конгрес	ORG	ORG_3350
Лофлър	лофлър	PER	PER_3390
Ософ	ософ	PER	PER_3499
Пердю	пердю	PER	PER_3498
Рафаел Уорнок	рафаел уорнок	PER	PER_3391
Републиканската партия	републикански партия	ORG	ORG_584
САЩ	сащ	LOC	LOC_69
Сената	сенат	ORG	ORG_1012
Уорнок	уорнок	PER	PER_3481
Франс прес	франс прес	ORG	ORG_391
демократи	демократ	PER	PER_2172
демократите	демократ	PER	PER_2172
републиканци	републиканец	PER	PER_1985
сенатори	сенатор	PER	PER_3378
