076
ABC	abc	ORG	ORG_267
CBS	cbs	ORG	ORG_251
Fox News	fox news	PRO	PRO_3308
NBC	nbc	ORG	ORG_382
Аризона	аризона	LOC	LOC_1748
Байдън	байдън	PER	PER_76
Белия дом	бял дом	LOC	LOC_72
Би Би Си	съм съм си	PRO	PRO_3440
Джо Байдън	джо байдън	PER	PER_76
Джорджия	джорджия	LOC	LOC_2174
Доналд Тръмп	доналд тръмп	PER	PER_70
Избирателната колегия	избирателен колегия	ORG	ORG_3309
Невада	невада	LOC	LOC_1153
Николай Дойнов	николай дойнов	PER	PER_147
Пенсилвания	пенсилвания	LOC	LOC_101
САЩ	сащ	LOC	LOC_69
Северна Каролина	северен каролина	LOC	LOC_168
Тръмп	тръмп	PER	PER_70
Харис	харис	PER	PER_363
демократи	демократ	PER	PER_2172
демократите	демократ	ORG	ORG_3320
