004
Battleground	battleground	LOC	LOC_3770
Америка	америка	LOC	LOC_69
Андрю Бейтс	андрю бейтс	PER	PER_3443
Байдън	байдън	PER	PER_3577
Делауеър	делауеър	LOC	LOC_3342
Джо Байдън	джо байдън	PER	PER_76
Джо Джуниър	джо джуниър	PER	PER_3406
Джо Старши	джо старши	PER	PER_3398
Доналд Тръмп	доналд тръмп	PER	PER_70
Минеаполис	минеаполис	LOC	LOC_3768
Олд Фордж	олд фордж	LOC	LOC_3767
Пенсилвания	пенсилвания	LOC	LOC_101
Питсбърг	питсбърг	LOC	LOC_2297
Портланд	портланд	LOC	LOC_3769
САЩ	сащ	LOC	LOC_69
Скрантон	скрантон	LOC	LOC_3588
Скрантън	скрантън	LOC	LOC_3588
Скрентън	скрентън	LOC	LOC_3588
Том Уолф	том уолф	PER	PER_2701
Тръмп	тръмп	PER	PER_70
Тръмп Уолф	тръмп уолф	PER	PER_70
Филаделфия	филаделфия	LOC	LOC_894
Чикаго	чикаго	LOC	LOC_1595
американски	американски	LOC	LOC_69
демократи	демократ	PER	PER_2172
демократите	демократ	PER	PER_2172
демократичната партия	демократичен партия	ORG	ORG_584
републиканци	републиканец	PER	PER_1985
