137
BLM	blm	ORG	ORG_3423
Black Lives Matter	black lives matter	ORG	ORG_3421
COVID-19	covid-19	ORG	ORG_204
COVID-скептици	COVID-скептици	ORG	ORG_2890
Facebook	facebook	PRO	PRO_98
NBC	nbc	PRO	PRO_243
QAnon	QAnon	PRO	PRO_3340
Twitter	twitter	PRO	PRO_71
Webcafe	webcafe	ORG	ORG_3362
Американската конституция	американски конституция	PRO	PRO_43
Антифа	антифа	ORG	ORG_3426
Белия дом	бял дом	LOC	LOC_72
Брайън Левин	брайън левин	PER	PER_3424
Вашингтон	вашингтон	LOC	LOC_183
Горди момчета	горд момче	ORG	ORG_263
Гретчен Уитмър	гретчен уитмър	PER	PER_1749
Демократическата партия	демократически партия	ORG	ORG_584
Джорджия	джорджия	LOC	LOC_2174
Джош Елис	джош елис	PER	PER_3196
Доналд Тръмп	доналд тръмп	PER	PER_70
Доналд Тръмп-младши	доналд тръмп-младши	PER	PER_70
Елис	елис	PER	PER_2899
Индиана	индиана	LOC	LOC_336
Калифорния	калифорния	LOC	LOC_102
Кеноша	кеноша	LOC	LOC_3422
Кентъки	кентъки	LOC	LOC_230
Ку-Клукс-Клан	ку-клукс-клан	ORG	ORG_3417
Мичиган	мичиган	LOC	LOC_99
Орегон	орегон	LOC	LOC_2170
Пенсилвания	пенсилвания	LOC	LOC_101
САЩ	сащ	LOC	LOC_69
Савана Гудри	саван гудри	PER	PER_3416
Сан Бернардино	сан бернардино	LOC	LOC_3425
Северна Каролина	северен каролина	LOC	LOC_168
Тръмп	тръмп	PER	PER_70
Уисконсин	уисконсин	LOC	LOC_527
ФБР	фбр	ORG	ORG_3418
Файненшъл таймс	файненшъл таймс	PRO	PRO_3427
Холивуд	холивуд	LOC	LOC_3419
Южна Каролина	южен каролина	LOC	LOC_168
