128
news.bg	news.bg	PRO	PRO_623
Аляска	аляска	LOC	LOC_518
Байдън	байдън	PER	PER_76
Вашингтон	вашингтон	LOC	LOC_183
Гардиън	гардиън	PRO	PRO_3351
Джо Байдън	джо байдън	PER	PER_76
Джонсън	джонсън	PER	PER_1154
Джош Хоули	джош хоули	PER	PER_3398
Доналд Тръмп	доналд тръмп	PER	PER_70
Избирателната колегия	избирателен колегия	ORG	ORG_3309
Изборната колегия	изборен колегия	ORG	ORG_3309
Камарата на представители	камара на представител	ORG	ORG_3333
Конгреса	конгрес	ORG	ORG_3350
Круз	круз	PER	PER_3395
Лиза Мърковски	лиза мърковски	PER	PER_3400
Майк Пенс	майк пенс	PER	PER_662
Мит Ромни	мит ромни	PER	PER_3399
Мич Макконъл	мич макконъл	PER	PER_3328
Пенс	пенс	ORG	ORG_3397
Рон Джонсън	рон джонсън	PER	PER_52
САЩ	сащ	LOC	LOC_69
Тед Круз	тед круз	PER	PER_3395
Тексас	тексас	LOC	LOC_1022
Тръмп	тръмп	PER	PER_70
Уисконсин	уисконсин	LOC	LOC_527
Хилари Клинтън	хилари клинтън	ORG	ORG_3396
Хоули	хоули	PER	PER_3398
Юта	юта	LOC	LOC_524
сенатори	сенатор	PER	PER_3378
