027
DPA	dpa	ORG	ORG_1286
Америка	америка	LOC	LOC_69
Американските демократи	американски демократ	ORG	ORG_3320
Ангела Меркел	ангела меркел	PER	PER_117
Атлантическия океан	атлантически океан	LOC	LOC_26
Байдън	байдън	PRO	PRO_3700
Берлинската стена	берлински стена	LOC	LOC_504
Германия	германия	LOC	LOC_27
Джо Байдън	джо байдън	PER	PER_76
Европа	европа	LOC	LOC_49
Камала Харис	камала харис	PER	PER_1984
Меркел	меркел	PER	PER_117
НАТО	нато	ORG	ORG_864
САЩ	сащ	LOC	LOC_69
Съединените американски щати	съединя-(се) американски щат	LOC	LOC_69
Тръмп	тръмп	PER	PER_70
Харис	харис	PER	PER_363
Шоа	шоа	PER	PER_3748
германците	германец	PER	PER_659
европейците	европеец	PER	PER_411
