023
A Promised Land	a promised land	PRO	PRO_3755
Guardian	guardian	PRO	PRO_2594
NPD BookScan	npd bookscan	ORG	ORG_3754
Quartz	quartz	ORG	ORG_3753
Simon & Schuster	simon и schuster	ORG	ORG_3761
The New York Times	the new york times	PRO	PRO_51
Андрю Маккейб	андрю маккейб	PER	PER_3757
Антъни Скарамучи	антъни скарамучи	PER	PER_3758
Барак Обама	барак обама	PER	PER_3496
Белия дом	бял дом	LOC	LOC_72
Боб Уудуорд	боб уудуорд	PER	PER_1703
Джеймс Коми	джеймс коми	PER	PER_564
Джим Акоста	джим акоста	PER	PER_3644
Джон Болтън	джон болтън	PER	PER_3608
Джордж Оруел	джордж оруел	PER	PER_3746
Записки за национализма	записка за национализъм	PRO	PRO_3762
Карл Маркс	карл маркс	PER	PER_3610
Майкъл Уолф	майкъл уолф	PER	PER_454
Майлс Тейлър	майлс тейлър	PER	PER_2896
Маниголт Нюман	маниголт нюман	PER	PER_3760
Мери Л. Тръмп	мери л. тръмп	PER	PER_1738
Мишел Обама	мишел обама	PER	PER_3496
Омароса	омарос	PRO	PRO_3759
САЩ	сащ	LOC	LOC_69
Съединените щати	съединя-(се) щат	LOC	LOC_69
Тръмп	тръмп	PER	PER_70
