035
EPA/JASON SZENES	epa/jason szenes	PER	PER_3655
Fox News	fox news	ORG	ORG_3600
GSA	gsa	ORG	ORG_3313
Handelsblatt	handelsblatt	PRO	PRO_3656
Twitter	twitter	PRO	PRO_71
Администрацията за общи услуги	администрация за общ услуга	ORG	ORG_3312
Америка	америка	LOC	LOC_69
Байдън	байдън	LOC	LOC_3557
Белия дом	бял дом	LOC	LOC_72
Болтън	болтън	PER	PER_3608
Венецуела	венецуела	LOC	LOC_2163
Германия	германия	LOC	LOC_27
Джанет Йелън	джанет йелън	PER	PER_3407
Джо Байдън	джо байдън	PER	PER_76
Джон Болтън	джон болтън	PER	PER_3608
Джулиани	джулиани	PER	PER_1244
Доналд Тръмп	доналд тръмп	PER	PER_70
Европа	европа	LOC	LOC_49
Емили	емили	PER	PER_3314
Емили Мърфи	емили мърфи	PER	PER_3314
Китай	китай	LOC	LOC_56
Куба	куба	LOC	LOC_980
Мичиган	мичиган	LOC	LOC_99
Мърфи	мърфи	PER	PER_2898
Путин	путин	PER	PER_315
Руди Джулиани	руди джулиани	PER	PER_1244
САЩ	сащ	LOC	LOC_69
Сидни Пауъл	сидни пауъл	PER	PER_3657
Тръмп	тръмп	PER	PER_70
Уго Чавес	уго чавес	ORG	ORG_3658
