154
Make America Great Again	make america great again	PRO	PRO_3606
Twitter	twitter	PRO	PRO_71
Байдън	байдън	PER	PER_3577
Белия дом	бял дом	LOC	LOC_72
Белият дом	бял дом	LOC	LOC_72
Болтън	болтън	PER	PER_3608
България	българия	LOC	LOC_1
Джо Байдън	джо байдън	PER	PER_76
Джон Болтън	джон болтън	PER	PER_2486
Джордж Флойд	джордж флойд	PER	PER_766
Доналд Тръмп	доналд тръмп	PER	PER_70
Евелина Гечева	евелина гечева	PER	PER_2661
Кание Уест	кание уест	PER	PER_3401
Китай	китай	LOC	LOC_56
Майк Помпео	майк помпео	PER	PER_662
Маркс	маркс	PER	PER_3610
НАТО	нато	ORG	ORG_864
Парис Хилтън	парис хилтън	PER	PER_3607
Пенсилвания	пенсилвания	LOC	LOC_101
Пийт Бутиджич	пийт бутиджич	PER	PER_3477
Правосъдното министерство на САЩ	правосъден министерство на сащ	ORG	ORG_161
САЩ	сащ	LOC	LOC_69
Съединените щати	съединя-(се) щат	LOC	LOC_69
Тръмп	тръмп	PER	PER_70
Уисконсин	уисконсин	LOC	LOC_527
ФБР	фбр	ORG	ORG_3418
Флойд	флойд	PER	PER_3609
Щатите	щата	LOC	LOC_69
демократите	демократ	PER	PER_2172
