028
5G	5G	ORG	ORG_2831
bTV	ft.	PRO	PRO_148
Америка	америка	LOC	LOC_69
Байдън	байдън	PER	PER_76
Бахрейн	бахрейн	LOC	LOC_80
Близкия изток	близък изток	LOC	LOC_841
България	българия	LOC	LOC_1
Вашингтон	вашингтон	LOC	LOC_183
Втората световна война	втори световен война	EVT	EVT_407
Джо Байдън	джо байдън	PER	PER_76
Европейския съюз	европейски съюз	ORG	ORG_5
Израел	израел	LOC	LOC_833
Китай	китай	LOC	LOC_56
Космоса	космос	LOC	LOC_3306
Луната	луна	LOC	LOC_3305
НАТО	нато	ORG	ORG_864
Обама	обама	PER	PER_1706
Обединените арабски емирства	обединя-(се) арабски емирство	LOC	LOC_81
Паси	паси	PER	PER_3303
САЩ	сащ	LOC	LOC_69
Соломон Паси	соломон паси	PER	PER_3302
Судан	судан	LOC	LOC_3304
Съединените щати	съединя-(се) щат	LOC	LOC_69
Тръмп	тръмп	PER	PER_70
морета	море	ORG	ORG_3307
