118
Байдън	байдън	PER	PER_76
Би Би Си	съм съм си	PRO	PRO_3440
Вашингтон	вашингтон	LOC	LOC_183
Демократите	демократ	ORG	ORG_3320
Джо Байдън	джо байдън	PER	PER_76
Доналд Тръмп	доналд тръмп	PER	PER_70
Камарата на представителите	камара на представител	ORG	ORG_3333
Колумбия	колумбия	LOC	LOC_517
Конгреса	конгрес	ORG	ORG_3350
Круз	круз	PER	PER_3395
Майк Пенс	майк пенс	PER	PER_662
Мич Макконъл	мич макконъл	PER	PER_3328
Националната гвардия	национален гвардия	ORG	ORG_2984
Пенс	пенс	PER	PER_1461
Републиканската партия	републикански партия	ORG	ORG_584
САЩ	сащ	LOC	LOC_69
Сената	сенат	ORG	ORG_1012
Сенатът	сенат	ORG	ORG_1012
Тед Круз	тед круз	PER	PER_3395
Тръмп	тръмп	PER	PER_70
на САЩ	на сащ	ORG	ORG_120
републиканци	републиканец	PER	PER_1985
сенатори	сенатор	PER	PER_3378
