003
Асошиейтед прес	асошиейтед прес	ORG	ORG_2606
Атланта	атланта	LOC	LOC_3367
Байдън	байдън	PER	PER_3577
Барак Обама	барак обама	PER	PER_3496
Белия дом	бял дом	LOC	LOC_72
Демократическата партия	демократически партия	ORG	ORG_584
Джо Байдън	джо байдън	PER	PER_76
Джорджия	джорджия	LOC	LOC_2174
Доналд Тръмп	доналд тръмп	PER	PER_70
Ипсос	ипсос	ORG	ORG_3679
Ипсос на национално равнище	ипсос на национален равнище	ORG	ORG_3680
Китай	китай	LOC	LOC_56
Лансинг	лансинг	LOC	LOC_239
Майкъл Макдоналд	майкъл макдоналд	PER	PER_3328
Мичиган	мичиган	LOC	LOC_99
НАФТА	нафта	PRO	PRO_3677
Небраска	небраска	LOC	LOC_104
Обама	обама	PER	PER_3496
Орландо	орландо	LOC	LOC_2000
Ройтерс	ройтерс	ORG	ORG_153
САЩ	сащ	LOC	LOC_69
СТО	сто	ORG	ORG_3678
Световната търговска организация	световен търговски организация	ORG	ORG_133
Северноамериканското споразумение за свободна търговия	северноамерикански споразумение за свободен търговия	PRO	PRO_3676
Тръмп	тръмп	PER	PER_70
Уисконсин	уисконсин	LOC	LOC_527
Университета на Флорида	университет на флорида	ORG	ORG_3462
Уорм Спрингс	уорм спрингс	LOC	LOC_3675
Флорида	флорида	LOC	LOC_894
демократи	демократ	PER	PER_2172
републиканци	републиканец	PER	PER_1985
