030
Associated Press	associated press	ORG	ORG_2606
Twitter	twitter	PRO	PRO_71
Алън Уест	алън уест	PER	PER_3646
Америка	америка	LOC	LOC_69
Байдън	байдън	PER	PER_3577
Барак Обама	барак обама	PER	PER_3496
Белия дом	бял дом	LOC	LOC_72
Джо Байдън	джо байдън	PER	PER_76
Джорджия	джорджия	LOC	LOC_2174
Джъстин Амаш	джъстин амаш	PER	PER_3644
Доналд Тръмп	доналд тръмп	PER	PER_70
Избирателната колегия	избирателен колегия	ORG	ORG_3309
Изборната колегия	изборен колегия	ORG	ORG_3309
Камарата на представителите	камара на представител	ORG	ORG_3333
Капитолийския хълм	капитолийски хълм	LOC	LOC_3645
Кения	кения	LOC	LOC_1214
Куинипиак	куинипиак	ORG	ORG_3643
Мич Макконъл	мич макконъл	PER	PER_3328
Мичиган	мичиган	LOC	LOC_99
Обама	обама	PER	PER_3496
Пенсилвания	пенсилвания	LOC	LOC_101
САЩ	сащ	LOC	LOC_69
Сената	сенат	ORG	ORG_1012
Тексас	тексас	LOC	LOC_1022
Тръмп	тръмп	PER	PER_70
Уилям Бар	уилям бар	PER	PER_3354
Уисконсин	уисконсин	LOC	LOC_527
републиканци	републиканец	PER	PER_1985
