045
Айдахо	айдахо	LOC	LOC_522
Айова	айова	LOC	LOC_3370
Алабама	алабама	LOC	LOC_3330
Аризона	аризона	LOC	LOC_1748
Арканзас	арканзас	LOC	LOC_3375
Асошиейтед прес	асошиейтед прес	ORG	ORG_2606
Байдън	байдън	PER	PER_3577
Белия дом	бял дом	LOC	LOC_72
Вашингтон	вашингтон	LOC	LOC_183
Вирджиния	вирджиния	LOC	LOC_3373
Върмонт	върмонт	LOC	LOC_3584
Делауеър	делауеър	LOC	LOC_3342
Джо Байдън	джо байдън	PER	PER_76
Джорджия	джорджия	LOC	LOC_2174
Доналд Тръмп	доналд тръмп	PER	PER_70
Западна Вирджиния	западен вирджиния	LOC	LOC_3373
Илинойс	илинойс	LOC	LOC_1249
Индиана	индиана	LOC	LOC_336
Калифорния	калифорния	LOC	LOC_102
Канзас	канзас	LOC	LOC_3371
Кентъки	кентъки	LOC	LOC_3579
Колорадо	колорадо	LOC	LOC_521
Кънектикът	кънектик	LOC	LOC_3377
Луизиана	луизиана	LOC	LOC_1663
Масачузетс	масачузетс	LOC	LOC_508
Мейн	мейн	LOC	LOC_3318
Мериленд	мериленд	LOC	LOC_3136
Минесота	минесота	LOC	LOC_100
Мисисипи	мисисипи	LOC	LOC_3582
Мисури	мисури	LOC	LOC_519
Мичиган	мичиган	LOC	LOC_99
Монтана	монтана	LOC	LOC_100
Небраска	небраска	LOC	LOC_104
Невада	невада	LOC	LOC_1153
Ню Джърси	ню джърси	LOC	LOC_103
Ню Йорк	ню йорк	LOC	LOC_2256
Ню Мексико	ню мексико	LOC	LOC_3583
Ню Хемпшир	ню хемпшир	LOC	LOC_3454
Оклахома	оклахома	LOC	LOC_520
Ореган	ореган	LOC	LOC_2170
Охайо	охайо	LOC	LOC_1736
Пенсилвания	пенсилвания	LOC	LOC_101
Роуд Айланд	роуд айланд	LOC	LOC_3376
САЩ	сащ	LOC	LOC_69
Северна Дакота	северен дакота	LOC	LOC_523
Северна Каролина	северен каролина	LOC	LOC_168
Тексас	тексас	LOC	LOC_1022
Тенеси	тенеси	LOC	LOC_3374
Тръмп	тръмп	PER	PER_70
Уайоминг	уайоминг	LOC	LOC_3372
Уисконсин	уисконсин	LOC	LOC_527
Федерален окръг Колумбия	федерален окръг колумбия	LOC	LOC_517
Флорида	флорида	LOC	LOC_894
Хаваи	хаваи	LOC	LOC_3558
Южна Дакота	южен дакота	LOC	LOC_523
Южна Каролина	южен каролина	LOC	LOC_168
Юта	юта	LOC	LOC_524
