122
Election Project	election project	ORG	ORG_3523
Аризона	аризона	LOC	LOC_1748
Белия Дом	бял дом	LOC	LOC_72
Вашингтон	вашингтон	LOC	LOC_183
Вирджиния	вирджиния	LOC	LOC_3373
Джо Байдън	джо байдън	PER	PER_76
Джорджия	джорджия	LOC	LOC_2174
Джоузеф Байдън	джоузеф байдън	PER	PER_76
Доналд Тръмп	доналд тръмп	PER	PER_70
Илинойс	илинойс	LOC	LOC_1249
Калифорния	калифорния	LOC	LOC_102
Камарата на представителите	камара на представител	ORG	ORG_3333
Колорадо	колорадо	LOC	LOC_521
Масачузетс	масачузетс	LOC	LOC_508
Минесота	минесота	LOC	LOC_100
Мичиган	мичиган	LOC	LOC_99
Ню Джърси	ню джърси	LOC	LOC_103
Охайо	охайо	LOC	LOC_1736
Пенсилвания	пенсилвания	LOC	LOC_101
САЩ	сащ	LOC	LOC_69
Северна Каролина	северен каролина	LOC	LOC_168
Тексас	тексас	LOC	LOC_1022
Тенеси	тенеси	LOC	LOC_3374
Тръмп	тръмп	PER	PER_70
Уисконсин	уисконсин	LOC	LOC_527
Флорида	флорида	LOC	LOC_894
демократи	демократ	PER	PER_2172
демократите	демократ	PER	PER_2172
републиканци	републиканец	PER	PER_1985
сенатори	сенатор	PER	PER_3378
