041
Al Otro Lado	a l otro lado	ORG	ORG_3562
American Civil Liberties Union	american civil liberties union	ORG	ORG_3568
Байдън	байдън	PER	PER_76
Гватемала	гватемала	LOC	LOC_3564
Давид	давид	PER	PER_3567
Джо Байдън	джо байдън	PER	PER_76
Другата страна	друг страна	ORG	ORG_3562
Ел Салвадор	ел салвадор	LOC	LOC_3565
Ерика	ерика	PER	PER_3570
Ерика Пинейро	ерика пинейро	PER	PER_3561
Ли Гелернт	ли гелернт	PER	PER_3569
Лос Анджелис	лос анджелис	LOC	LOC_248
Мексико	мексико	LOC	LOC_79
Ню Йорк	ню йорк	LOC	LOC_2256
Ню Йорк Таймс	ню йорк таймс	PRO	PRO_51
Обама	обама	PER	PER_3496
Пинейро	пинейро	PER	PER_3566
САЩ	сащ	LOC	LOC_69
Тръмп	тръмп	PER	PER_70
Хондурас	хондурас	LOC	LOC_3563
мексиканци	мексиканец	PER	PER_3548
