095
Айова	айова	LOC	LOC_3370
Алабама	алабама	LOC	LOC_3330
Америка	америка	LOC	LOC_69
Аризона	аризона	LOC	LOC_1748
Арканзас	арканзас	LOC	LOC_3375
Байдън	байдън	PER	PER_76
Белия дом	бял дом	LOC	LOC_72
Вирджиния	вирджиния	LOC	LOC_3373
Върмонт	върмонт	LOC	LOC_1737
Делауер	делауер	LOC	LOC_3342
Джо Байдън	джо байдън	PER	PER_76
Джорджия	джорджия	LOC	LOC_2174
Доналд Тръмп	доналд тръмп	PER	PER_70
Западна Вирджиния	западен вирджиния	LOC	LOC_3373
Илинойс	илинойс	LOC	LOC_1249
Камарата на представителите	камара на представител	ORG	ORG_3333
Канзас	канзас	LOC	LOC_3371
Кентъки	кентъки	LOC	LOC_230
Колорадо	колорадо	LOC	LOC_521
Кънектикът	кънектик	LOC	LOC_3377
Луизиана	луизиана	LOC	LOC_1663
Масачузетс	масачузетс	LOC	LOC_508
Мериленд	мериленд	LOC	LOC_3136
Мисисипи	мисисипи	LOC	LOC_519
Небраска	небраска	LOC	LOC_104
Ню Джърси	ню джърси	LOC	LOC_103
Ню Йорк	ню йорк	LOC	LOC_2256
Ню Мексико	ню мексико	LOC	LOC_79
Оклахома	оклахома	LOC	LOC_520
Роуд Айланд	роуд айланд	LOC	LOC_3376
САЩ	сащ	LOC	LOC_69
Сената	сенат	ORG	ORG_1012
Тексас	тексас	LOC	LOC_1022
Тенеси	тенеси	LOC	LOC_3374
Тръмп	тръмп	PER	PER_70
Уайоминг	уайоминг	LOC	LOC_3372
Федерален окръг Колумбия	федерален окръг колумбия	LOC	LOC_517
Флорида	флорида	LOC	LOC_894
Южна Дакота	южен дакота	LOC	LOC_523
Южна Каролина	южен каролина	LOC	LOC_168
демократите	демократ	PER	PER_2172
сенаторите	сенатор	PER	PER_3378
