133
Webcafe	webcafe	ORG	ORG_3362
Аляска	аляска	LOC	LOC_518
Ашли	ашли	PER	PER_3596
Байдън	байдън	PER	PER_3577
Байдън Бо	байдън бо	PER	PER_76
Барак Обама	барак обама	PER	PER_3496
Бърни Сандърс	бърни сандърс	PER	PER_3472
Вашингтон	вашингтон	LOC	LOC_183
Делауеър	делауеър	LOC	LOC_3342
Демократическата партия	демократически партия	ORG	ORG_584
Дж	дж	PER	PER_2167
Джил Байдън	джил байдън	PER	PER_76
Джо Байдън	джо байдън	PER	PER_76
Джон МакКейн	джон маккейн	PER	PER_3328
Джон Ф. Кенеди	джон ф. кенеди	PER	PER_626
Джоузеф Робинет Байдън-младши	джоузеф робинет байдън-мадши	PER	PER_3346
Доналд Тръмп	доналд тръмп	PER	PER_70
Калеб Богс	калеб богс	PER	PER_3694
Камала Харис	камала харис	PER	PER_1984
Комисията по външни отношения	комисия по външен отношение	ORG	ORG_3695
Мит Ромни	мит ромни	PER	PER_3399
Наоми	наоми	PER	PER_3685
Нейлия Хънтър	нейлия хънтър	PER	PER_3693
Ню Касъл	ню касъл	LOC	LOC_103
Обама	обама	PER	PER_3496
Обамакеър	обамакеър	PRO	PRO_3698
Пенсилвания	пенсилвания	LOC	LOC_101
Пол Райън	пол райън	PER	PER_3697
САЩ	сащ	LOC	LOC_69
Сара Пейлин	сара пейлин	PER	PER_3696
Сената на САЩ	сенат на сащ	ORG	ORG_3345
Сиракуза	сиракуза	LOC	LOC_1827
Скрантън	скрантън	LOC	LOC_3588
Юридическия факултет в Сиракуза	юридически факултет в сиракуза	ORG	ORG_3692
демократи	демократ	PER	PER_2172
демократите	демократ	PER	PER_2172
университета в Делауеър	университет в делауеър	ORG	ORG_3691
