144
Аризона	аризона	LOC	LOC_1748
БТА	бта	ORG	ORG_207
Байдън	байдън	PER	PER_3577
Белия дом	бял дом	LOC	LOC_72
Върховния съд на САЩ	върховен съд на сащ	ORG	ORG_3345
Върховният съд на Пенсилвания	върховен съд на пенсилвания	ORG	ORG_3459
Върховният съд на САЩ	върховен съд на сащ	ORG	ORG_3345
Гейбриъл Стърлинг	гейбриъл стърлинг	PER	PER_3628
Джо Байдън	джо байдън	PER	PER_76
Джорджия	джорджия	LOC	LOC_2174
Джулиани	джулиани	PER	PER_1244
Доналд Тръмп	доналд тръмп	PER	PER_70
Ейми Кони Барет	ейми кони барет	PER	PER_3626
Кайли Макинани	кайли макинани	PER	PER_3461
Макинани	макинанин	PER	PER_3461
Мейн	мейн	LOC	LOC_3318
Мичиган	мичиган	LOC	LOC_99
Пенсилвания	пенсилвания	LOC	LOC_101
Пощенската служба	пощенски служба	ORG	ORG_3625
Руди Джулиани	руди джулиани	PER	PER_1244
САЩ	сащ	LOC	LOC_69
Стърлинг	стърлинг	PER	PER_3629
Сюзан Колинс	сюзан колинс	PER	PER_3319
Тръмп	тръмп	PER	PER_70
Уейн	уейн	LOC	LOC_202
Уилям Бар	уилям бар	PER	PER_3354
Филаделфия	филаделфия	LOC	LOC_894
Финикс	финикс	LOC	LOC_3627
републиканците	републиканец	PER	PER_1985
