025
Covid-19	covid-19	ORG	ORG_204
Байдън	байдън	PER	PER_3577
Барак Обама	барак обама	PER	PER_3496
Белия дом	бял дом	LOC	LOC_72
Брус Рийд	брус рийд	PER	PER_3673
Демократическата партия	демократически партия	ORG	ORG_584
Джо Байдън	джо байдън	PER	PER_76
Доналд Тръмп	доналд тръмп	PER	PER_70
Камала Харис	камала харис	PER	PER_1984
Капитолия	капитолия	LOC	LOC_3645
Клейн	клейн	PER	PER_3473
Клейн Байдън	клейн байдън	PER	PER_3671
Обама	обама	PER	PER_3496
Ройтерс	ройтерс	ORG	ORG_153
Рон	рон	PER	PER_3586
Роналд	роналд	PER	PER_3586
Роналд Клейн	роналд клейн	PER	PER_2177
САЩ	сащ	LOC	LOC_69
Сенат	сенат	ORG	ORG_1012
Стив Ричети	стив ричети	PER	PER_3672
демократите	демократ	PER	PER_2172
