158
CNN	cnn	ORG	ORG_383
GSA	gsa	ORG	ORG_3313
Twitter	twitter	PRO	PRO_71
Агенцията по общите въпроси на администрацията	агенция по общ въпрос на администрация	ORG	ORG_3312
БГНЕС	бгнес	ORG	ORG_84
Байдън	байдън	PER	PER_76
Демократическата партия	демократически партия	ORG	ORG_584
Джо Байдън	джо байдън	PER	PER_76
Джоселин Бенсън	джоселин бенсън	PER	PER_52
Доналд Тръмп	доналд тръмп	PER	PER_70
Емили	емили	PER	PER_3314
Емили Мърфи	емили мърфи	PER	PER_3314
Ивайло Ачев	ивайло ачев	PER	PER_3301
Мичиган	мичиган	LOC	LOC_99
Мърфи	мърфи	PER	PER_2898
Охайо	охайо	LOC	LOC_1736
Пенсилвания	пенсилвания	LOC	LOC_101
Републиканската партия	републикански партия	ORG	ORG_584
Роб Портман	роб портман	PER	PER_2485
САЩ	сащ	LOC	LOC_69
Тръмп	тръмп	PER	PER_70
