103
Baier	baier	PRO	PRO_3531
Breitbrat	breitbrat	PRO	PRO_3534
Bret	bret	PER	PER_3530
Covid-19	covid-19	ORG	ORG_204
Fox News Channel	fox news channel	PRO	PRO_3308
Hannity	hannity	PRO	PRO_3525
MSNBC	msnbc	PRO	PRO_3533
Pew Research Center	pew research center	ORG	ORG_1708
RealClearPolitics	realclearpolitics	PRO	PRO_3524
Special Report with	special report with	PRO	PRO_3529
The Five	the five	PRO	PRO_3527
The Ingraham Angle	the ingraham angle	PRO	PRO_3528
The Rachel Maddow Show	the rachel maddow show	PRO	PRO_3532
Tucker Carlson Tonight	tucke r carlson tonight	PRO	PRO_3526
Wall Street Journal	wall street journal	PRO	PRO_97
Америка	америка	LOC	LOC_69
Байдън	байдън	PER	PER_76
Барак Обама	барак обама	PER	PER_3496
Белия дом	бял дом	LOC	LOC_72
Демократическата партия	демократически партия	ORG	ORG_584
Джаред Къшнър	джаред къшнър	PER	PER_3537
Джо Байдън	джо байдън	PER	PER_76
Доналд Тръмп	доналд тръмп	PER	PER_70
Държавния департамент	държавен департамент	ORG	ORG_946
Иран	иран	LOC	LOC_177
Карлсън	карлсън	PER	PER_3536
Китай	китай	LOC	LOC_56
Клинтън	клинтън	PRO	PRO_3485
Майк Пенс	майк пенс	PER	PER_662
Мартин Табаков	мартин табаков	PER	PER_923
Мексико	мексико	LOC	LOC_79
Нийл Кавуто	нийл кавуто	PER	PER_467
Пенсилвания	пенсилвания	LOC	LOC_101
Републиканската партия	републикански партия	ORG	ORG_584
Русия	русия	LOC	LOC_95
Ръш Лимбо	ръш лимбо	PER	PER_3535
САЩ	сащ	LOC	LOC_69
Северна Каролина	северен каролина	LOC	LOC_168
Тръмп	тръмп	PER	PER_70
Тъкър Карлсън	тъкър карлсън	PER	PER_3536
Фокс	фокс	PER	PER_3502
Фокс Нюз	фокс нюз	PRO	PRO_3308
Хилари Клинтън	хилари клинтън	ORG	ORG_3396
демократа	демокра	PER	PER_2172
демократи	демократ	PER	PER_2172
републиканеца	републиканец	PER	PER_1985
