024
BuzzFeed News	buzzfeed news	PRO	PRO_3452
CNBC	cnbc	PRO	PRO_243
Facebook	facebook	PRO	PRO_98
Instagram	instagram	PRO	PRO_301
Антъни Фаучи	антъни фаучи	PER	PER_169
Байдън	байдън	PER	PER_76
Банън	банън	PER	PER_3124
Белия дом	бял дом	LOC	LOC_72
Джо Байдън	джо байдън	PER	PER_76
Доналд Тръмп	доналд тръмп	PER	PER_70
Зукърбърг	зукърбърг	PER	PER_3451
Кристофър Рей	кристофър рей	PER	PER_3453
Марк Зукърбърг	марк зукърбърг	PER	PER_3451
Ройтерс	ройтерс	ORG	ORG_153
САЩ	сащ	LOC	LOC_69
Стив Банън	стив банън	PER	PER_73
Съединените щати	съединя-(се) щат	LOC	LOC_69
Тръмп	тръмп	PER	PER_70
ФБР	фбр	ORG	ORG_3418
