112
Америка	америка	LOC	LOC_69
Америка на първо място	америка на пръв място	PRO	PRO_3747
Бил Гейтс	бил гейтс	ORG	ORG_2793
Брюксел	брюксел	LOC	LOC_212
Вашингтон	вашингтон	LOC	LOC_183
Германия	германия	LOC	LOC_27
Джо Байдън	джо байдън	PER	PER_76
Джордж Сорос	джордж сорос	PER	PER_3746
Доналд Тръмп	доналд тръмп	PER	PER_70
Европейския съюз	европейски съюз	ORG	ORG_5
Иран	иран	LOC	LOC_177
Исидорос	исидорос	PER	PER_3745
Камала Харис	камала харис	PER	PER_1984
Китай	китай	LOC	LOC_56
НАТО	нато	ORG	ORG_864
ООН	оон	ORG	ORG_268
Овалния кабинет	овален кабинет	ORG	ORG_3729
Парижкия договор за климата	парижки договор за климат	PRO	PRO_3669
САЩ	сащ	LOC	LOC_69
Съединените щати	съединя-(се) щат	LOC	LOC_69
Тръмп	тръмп	PER	PER_70
Холивуд	холивуд	LOC	LOC_3419
афро-американците	афро-американец	PER	PER_3432
латиноамериканци	латиноамериканец	PER	PER_3432
