078
bntnews	bntnews	PRO	PRO_3653
bntnews.bg	bntnews.bg	PRO	PRO_623
Айова	айова	LOC	LOC_3370
Александър Марков	александър марков	PER	PER_664
Аляска	аляска	LOC	LOC_518
Аризона	аризона	LOC	LOC_1748
Атанас Атанасов	атанас атанасов	PER	PER_3575
Байдън	байдън	PER	PER_3577
Белия дом	бял дом	LOC	LOC_72
Вашингтон	вашингтон	LOC	LOC_183
Владимир Богдански	владимир богдански	PER	PER_2715
Делауеър	делауеър	LOC	LOC_3342
Демократите	демократ	ORG	ORG_3320
Демократическата партия	демократически партия	ORG	ORG_584
Денят започва	ден започвам-(се)	PRO	PRO_3654
Джил	джил	PER	PER_3652
Джо Байдън	джо байдън	PER	PER_76
Джорджия	джорджия	LOC	LOC_2174
Доналд Тръмп	доналд тръмп	PER	PER_70
Електоралната колегия	електорален колегия	ORG	ORG_3651
Калифорния	калифорния	LOC	LOC_102
Клинтън	клинтън	ORG	ORG_3396
Мичиган	мичиган	LOC	LOC_99
Монтана	монтана	LOC	LOC_100
Невада	невада	LOC	LOC_1153
Океана	океан	LOC	LOC_58
Охайо	охайо	LOC	LOC_1736
Пенсилвания	пенсилвания	LOC	LOC_101
Републиканците	републиканец	ORG	ORG_3320
САЩ	сащ	LOC	LOC_69
Северна Каролина	северен каролина	LOC	LOC_168
Съединените щати	съединя-(се) щат	LOC	LOC_69
Тексас	тексас	LOC	LOC_1022
Тръмп	тръмп	PER	PER_70
Уайоминг	уайоминг	LOC	LOC_3372
Уилмингтън	уилмингтън	LOC	LOC_3372
Уисконсин	уисконсин	LOC	LOC_527
Флорида	флорида	LOC	LOC_894
Хилари Клинтън	хилари клинтън	PER	PER_2175
Цветелина Йорданова	цветелина йорданова	PER	PER_3216
