136
CNN	cnn	PRO	PRO_243
COVID-19	covid-19	PRO	PRO_105
New York Post	new york post	PRO	PRO_51
Webcafe	webcafe	ORG	ORG_3362
Америка	америка	LOC	LOC_69
Байдън	байдън	PER	PER_3577
Белия дом	бял дом	LOC	LOC_72
Белият дом	бял дом	LOC	LOC_72
Бурисма	бурисма	ORG	ORG_3620
Владимир Путин	владимир путин	PER	PER_315
Джо Байдън	джо байдън	PER	PER_76
Доналд Тръмп	доналд тръмп	PER	PER_70
Ейбрахам Линкълн	ейбрахам линкълн	PER	PER_3621
Иран	иран	LOC	LOC_177
Китай	китай	LOC	LOC_56
Кремъл	кремъл	LOC	LOC_150
НАТО	нато	ORG	ORG_864
Обама	обама	PER	PER_3496
Оклахома	оклахома	LOC	LOC_520
Охайо	охайо	LOC	LOC_1736
Пенсилвания	пенсилвания	LOC	LOC_101
Рудолф Джулиани	рудолф джулиани	PER	PER_1244
Русия	русия	LOC	LOC_95
САЩ	сащ	LOC	LOC_69
Съединените щати	съединя-(се) щат	LOC	LOC_69
Тексас	тексас	LOC	LOC_1022
Тръмп	тръмп	PER	PER_70
Украйна	украйна	LOC	LOC_318
ФБР	фбр	ORG	ORG_3418
Хънтър	хънтър	PRO	PRO_3619
Хънтър Байдън	хънтър байдън	PER	PER_3618
демократите	демократ	PER	PER_2172
