066
Алабама	алабама	LOC	LOC_3330
Аризона	аризона	LOC	LOC_1748
Байдън	байдън	PER	PER_3577
Белия дом	бял дом	LOC	LOC_72
Демократи	демократ	PER	PER_2172
Демократическата партия	демократически партия	ORG	ORG_584
Джо Байдън	джо байдън	PER	PER_76
Джон Хикенлопър	джон хикенлопър	PER	PER_3208
Джорджия	джорджия	LOC	LOC_2174
Доналд Тръмп	доналд тръмп	PER	PER_70
Кели Лофлер	кели лофлер	PER	PER_3390
Колорадо	колорадо	LOC	LOC_521
Кори Гарднър	кора гарднър	PER	PER_3324
Линдзи Греъм	линдзи греъм	PER	PER_3329
Марк Кели	марк кели	PER	PER_1136
Марта МакСали	марта максали	PER	PER_3326
Мич Макконъл	мич макконъл	PER	PER_3328
Мичиган	мичиган	LOC	LOC_99
Рафаел Уарнок	рафаел уарнок	PER	PER_3391
Републиканската партия	републикански партия	ORG	ORG_584
САЩ	сащ	LOC	LOC_69
Сената	сенат	ORG	ORG_1012
Сенатът	сенат	ORG	ORG_1012
Синята вълна	син вълна	LOC	LOC_3670
републиканци	републиканец	PER	PER_1985
републиканците	републиканец	PER	PER_1985
сенатори	сенатор	PER	PER_3378
