084
@JoeBiden	@JoeBiden	ORG	ORG_3601
Associated Press	associated press	ORG	ORG_2606
BBC	bbc	ORG	ORG_382
CNN	cnn	ORG	ORG_383
Fox News	fox news	ORG	ORG_3600
Twitter	twitter	PRO	PRO_71
Австрия	австрия	LOC	LOC_3234
Америка	америка	LOC	LOC_69
Ангела	ангела	PER	PER_578
Атланта	атланта	LOC	LOC_3367
Байдън	байдън	PER	PER_3577
Барак Обама	барак обама	PER	PER_3496
Белия дом	бял дом	LOC	LOC_72
Борис Джонсън	борис джонсън	PER	PER_52
Вашингтон	вашингтон	LOC	LOC_183
Великобритания	великобритания	LOC	LOC_6
Германия	германия	LOC	LOC_27
Гърция	гърция	LOC	LOC_205
ДПА	дпа	ORG	ORG_457
Джо Байдън	джо байдън	PER	PER_76
ЕК	ек	ORG	ORG_1370
Еманюел Макрон	еманюел макрон	PER	PER_24
Избирателна колегия	избирателен колегия	ORG	ORG_3309
Камала	камала	ORG	ORG_3559
Камала Харис	камала харис	PER	PER_1984
Кириакос Мицотакис	кириакос мицотакис	PER	PER_690
Михол Мартин	михол мартин	PER	PER_1999
Монитор	монитор	ORG	ORG_3599
Ноември	ноември	EVT	EVT_3598
Ню Йорк	ню йорк	LOC	LOC_2256
Пенсилвания	пенсилвания	LOC	LOC_101
Ройтерс	ройтерс	ORG	ORG_153
Руди Джулиани	руди джулиани	PER	PER_1244
САЩ	сащ	LOC	LOC_69
Себастиан Курц	себастиан курц	PER	PER_464
Тръмп	тръмп	PER	PER_70
Урсула фон дер Лайен	урсула фон дер лайен	PER	PER_45
Филаделфия	филаделфия	LOC	LOC_894
Франция	франция	LOC	LOC_20
Хайко Маас	хайко маас	PER	PER_3602
Харис	харис	PER	PER_363
