067
Америка	америка	LOC	LOC_69
Американците	американец	PER	PER_64
Америката	америка	LOC	LOC_69
Америки	америка	LOC	LOC_69
Аризона	аризона	LOC	LOC_1748
БНР	бнр	ORG	ORG_3591
Байдън	байдън	PER	PER_3577
Барак Обама	барак обама	PER	PER_3496
Бог	бог	PER	PER_1508
България	българия	LOC	LOC_1
Демократическата партия	демократически партия	ORG	ORG_584
Джо Байдън	джо байдън	PER	PER_76
Джорджия	джорджия	LOC	LOC_2174
Доналд Тръмп	доналд тръмп	PER	PER_70
Европа	европа	LOC	LOC_49
Европейския съюз	европейски съюз	ORG	ORG_5
Западна	западен	LOC	LOC_203
Иван Кръстев	иван кръстев	PER	PER_3381
Източна Европа	източен европа	LOC	LOC_49
Института по по хуманитарни и социални науки във Виена	институт по по хуманитарен и социален наука във виена	ORG	ORG_3640
Иран	иран	LOC	LOC_177
Китай	китай	LOC	LOC_56
Пенсилвания	пенсилвания	LOC	LOC_101
Политически некоректно	политически некоректно	PRO	PRO_3641
Полша	полша	LOC	LOC_107
Първата световна война	пръв световен война	EVT	EVT_407
Републиканската	републикански	ORG	ORG_2775
Републиканската партия	републикански партия	ORG	ORG_584
САЩ	сащ	LOC	LOC_69
Сенат	сенат	ORG	ORG_1012
Сената	сенат	ORG	ORG_1012
Сенатът	сенат	ORG	ORG_1012
Тръмп	тръмп	PER	PER_70
Унгария	унгария	LOC	LOC_1432
Уолстрийт	уолстрийт	ORG	ORG_3492
Фокс нюз	фокс нюз	ORG	ORG_3638
Хилъри Клинтън	хилъри клинтън	PER	PER_2175
Центъра за либерални стратегии	център за либерален стратегия	ORG	ORG_3639
джърнъл	джърнъл	PRO	PRO_3642
сенаторите	сенатор	PER	PER_3378
