sl-0
5G	5G	PRO	PRO_1358
5G-omrežij	5G - omrežje	PRO	PRO_1358
Aleksandrom Mervarjem	Aleksandrom Mervar	PER	PER_4269
Američani	Američan	PER	PER_64
Anže Logar	Anže Logar	PER	PER_1471
Anžetom Logarjem	Anžet Logar	PER	PER_1471
Avstraliji	Avstralija	LOC	LOC_19
Avstrijo	Avstrija	LOC	LOC_3234
Bejrutu	Bejrut	LOC	LOC_4261
Belorusija	Belorusija	LOC	LOC_1
Belorusiji	Belorusija	LOC	LOC_1
Bled	Bled	LOC	LOC_4252
Bledu	Bledo	LOC	LOC_4252
Borut Pahor	Borut Pahor	PER	PER_1482
Boštjanom Napastom	Boštjan Napast	PER	PER_4267
Brnik	Brnik	ORG	ORG_4254
Donalda Trumpa	Donalda Trumpa	PER	PER_70
EU	EU	ORG	ORG_5
Elesa	Elesa	ORG	ORG_4268
Evrope	Evropa	LOC	LOC_49
Evropi	Evropa	LOC	LOC_49
Evropo	Evropa	LOC	LOC_49
Evropska unija	evropski unija	ORG	ORG_5
Evropske unije	evropski unija	ORG	ORG_5
Gazprom	Gazprom	ORG	ORG_4278
Gen Energije	gen energija	ORG	ORG_4272
Geoplina	Geoplina	ORG	ORG_4266
HSE	HSE	ORG	ORG_4270
Hongkongu	Hongkong	LOC	LOC_17
Hrvaško	Hrvaška	LOC	LOC_1674
Huawei	Huawei	ORG	ORG_3516
Izjava	izjava	PRO	PRO_4253
Janez Janša	Janez Janša	PER	PER_2013
Janezom Janšo	Janez Janšo	PER	PER_2013
Janša	Janša	PER	PER_2013
Janševo	Janšev	PER	PER_2013
Jernejem Vrtovcem	Jernej Vrtovce	PER	PER_4263
Južni Ameriki	južen Amerika	LOC	LOC_219
Kitajske	Kitajska	LOC	LOC_56
Kitajsko	Kitajska	LOC	LOC_56
Krk	Krk	LOC	LOC_4280
LNG	lng	EVT	EVT_4279
Ljubljani	Ljubljana	LOC	LOC_1265
Lynda Blanchard	Lynda Blanchard	PER	PER_4256
Marjan Šarec	Marjan Šarec	PER	PER_1951
Melanio	Melanio	PER	PER_4002
Mika Pompea	Mika Pompea	PER	PER_4273
Mike Pompeo	Mike Pompea	PER	PER_662
Mike Popeo	Mike Popeo	PER	PER_662
Nado Drobne Popovič	Nado Drobne Popovič	PER	PER_4265
Nata	Nato	ORG	ORG_4042
Petrola	Petrola	ORG	ORG_4264
Pobudo Tri morja	pobuda trije morje	EVT	EVT_4262
Poljskem	Poljsko	LOC	LOC_107
Pompea	Pompea	PER	PER_4257
Pompeo	Pompea	PER	PER_662
Pompeu	Pompe	PER	PER_4257
Prešernovo	Prešernov	PER	PER_4260
Rosatom	Rosat	ORG	ORG_4276
Rusije	Rusija	LOC	LOC_95
Rusiji	Rusija	LOC	LOC_95
Rusov	Rus	PER	PER_1372
Severni	severen	LOC	LOC_533
Slovenci	Slovenec	PER	PER_716
Slovenija	Slovenija	LOC	LOC_831
Sloveniji	Slovenija	LOC	LOC_831
Slovenijo	Slovenija	LOC	LOC_831
State Departmenta	State Department	ORG	ORG_946
Stojanom Nikolićem	Stojan Nikolićem	PER	PER_4271
Susan Pompeo	Susan Pompea	PER	PER_4282
Svetu EU	svet EU	ORG	ORG_5
Titove	Titov	ORG	ORG_4255
Trumpu	Trump	PER	PER_977
Ukrajini	Ukrajina	LOC	LOC_318
Urška Bačovnik Janša	Urška Bačovnik Janša	PER	PER_4281
Urško Bačovnik Janša	Urško Bačovnik Janša	PER	PER_4281
Vile Bled	vila Bled	LOC	LOC_4252
Vili Zlatorog	Vila Zlatorog	LOC	LOC_4259
Washington	Washington	LOC	LOC_183
Westinghouse	Westinghouse	ORG	ORG_4274
Wuhanu	Wuhan	LOC	LOC_1131
ZDA	ZDA	LOC	LOC_69
hladne vojne	hladen vojna	EVT	EVT_407
jedrske elektrarne Paks	jedrski elektrarna Paks	ORG	ORG_4277
jedrski blok	jedrski blok	PRO	PRO_4275
komunistična	komunističen	ORG	ORG_3711
padec berlinskega zidu	padec berlinski zid	EVT	EVT_4258
zahodni Evropi	zahoden Evropa	LOC	LOC_49
Češke	Češka	LOC	LOC_137
