sl-143
Alejandro Mayorkas	Alejandro Mayorkas	PER	PER_4016
Avril Haines	Avril Haines	PER	PER_4018
Biden	Biden	PER	PER_3577
Bidna	biden	PER	PER_3577
Cia	Cia	ORG	ORG_4019
Donald Trump	Donald Trump	PER	PER_70
Donalda Trumpa	Donalda Trumpa	PER	PER_70
Jaka Sullivana	Jaka Sullivan	PER	PER_4020
Janet Yellen	Janet Yellen	PER	PER_4426
Joe Biden	Joe Biden	PER	PER_76
John Kerry	John Kerry	PER	PER_626
Joseph Biden	Joseph Biden	PER	PER_2173
Linda Thomas-Greenfield	Lind Thomas - Greenfield	PER	PER_4021
Svetovno zdravstveno organizacijo	svetoven zdravstven organizacija	ORG	ORG_133
Trump	Trump	PER	PER_977
Uprava splošnih služb	uprava splošen služba	ORG	ORG_3738
Upravi	uprava	ORG	ORG_4544
Volilna komisija ameriške zvezne države Michigan	volilen komisija ameriški zvezen država Michigan	ORG	ORG_4127
ZDA	ZDA	LOC	LOC_69
Združenih narodih	združen narod	LOC	LOC_4164
iranski jedrski dogovor	iranski jedrski dogovor	PRO	PRO_4043
pariškemu podnebnemu sporazumu	pariški podneben sporazum	PRO	PRO_3669
