sl-163
Ameriko	Amerika	LOC	LOC_69
Američanko	Američanka	PER	PER_64
Američanom	Američan	PER	PER_64
Atlantic Cityju	Atlantice Cityj	LOC	LOC_3785
Barack Obama	Barack Obam	PER	PER_3496
Barrona	Barron	PER	PER_4003
Beli hiši	bel hiša	LOC	LOC_72
Belo hišo	bel hiša	LOC	LOC_72
Bidnom	biden	ORG	ORG_4045
Bidnom v Clevelandu	biden v Cleveland	EVT	EVT_4046
Bill Clinton	Bill Clinton	PER	PER_2175
Bronxu	Bronx	LOC	LOC_4033
Clintonovi	Clintonov	PER	PER_3473
Donald	Donald	PER	PER_3783
Donald John Trump	Donald John Trump	PER	PER_70
Donald Trump	Donald Trump	PER	PER_70
Donalda	Donalda	PER	PER_3783
Donalda Trumpa	Donalda Trumpa	PER	PER_70
Erica	Erica	PER	PER_3570
Floride	Floride	LOC	LOC_894
Floridi	Floridi	LOC	LOC_894
Fordham	Fordham	PER	PER_4035
Fred	Fred	PER	PER_3690
Freda	Freda	PER	PER_3690
Hillary	Hillary	PER	PER_2175
Hillary Clinton	Hillary Clinton	PER	PER_2175
Islamska država	islamski država	ORG	ORG_3919
Ivanko	Ivanko	PER	PER_2697
Izraela	Izrael	LOC	LOC_833
Izraelom	Izrael	LOC	LOC_833
Jareda Kushnerja	Jared Kushner	PER	PER_3537
Jeruzalem	Jeruzalem	LOC	LOC_4044
Josephu Bidnu	Josepho Bidno	PER	PER_2173
Kitajsko	Kitajska	LOC	LOC_56
Konservativno	konservativno	ORG	ORG_4047
Manhattnu	Manhattno	LOC	LOC_4029
Mar-a-Lago	mar - a - Laga	LOC	LOC_4036
Marlo Maples	Marlo Maples	PER	PER_4006
Mary	Mary	PER	PER_2898
Mary Anne MacLeod	Mary Anne Macleod	PER	PER_4031
Maryanne Barry	Maryanne Barry	PER	PER_4034
Mehika	Mehik	LOC	LOC_3994
Mehiko	Mehiko	LOC	LOC_79
Melanijo Knavs	Melanija Knavs	PER	PER_4041
Melanio Trump	Melanio Trump	PER	PER_1738
Miss Teen USA	Miss teen USA	PRO	PRO_4037
Miss USA	Miss USA	PRO	PRO_4037
Miss Universe	Miss Universe	PRO	PRO_4038
NBC	NBC	PRO	PRO_243
Natu	Nato	ORG	ORG_4042
New York Times	New York Times	PRO	PRO_51
New Yorku	New York	LOC	LOC_2256
Obama	Obam	PER	PER_3496
Obamovega	Obamov	PER	PER_1706
Obamovo	obam	PER	PER_1706
Pensilvanijo	Pensilvanija	LOC	LOC_2427
Queensu	Queens	LOC	LOC_4030
Robert	Robert	PER	PER_535
Rusi	Rus	PER	PER_1372
Rusiji	Rusija	LOC	LOC_95
Severno Korejo	severen Koreja	LOC	LOC_60
Siriji	Sirija	LOC	LOC_3797
Steva Bannona	Steva Bannon	PER	PER_3986
Steve Bannon	Steve Bannon	PER	PER_73
Tiffany	Tiffany	PER	PER_4049
Trump	Trump	PER	PER_977
Trumpov	Trumpov	PER	PER_977
Trumpove	Trumpov	PER	PER_977
Trumpovega	Trumpov	PER	PER_977
Trumpovi	Trumpov	PER	PER_977
Trumpovo	Trumpov	PER	PER_977
Ukrajino	Ukrajina	LOC	LOC_318
Vajenec	vajenec	PRO	PRO_4039
Vladimir Putin	Vladimir Putin	PER	PER_315
Wharton	Wharton	ORG	ORG_3491
ZDA	ZDA	LOC	LOC_69
Združenimi arabskimi emirati	združen arabski emirat	LOC	LOC_81
demokratu	demokrat	PER	PER_2172
iranskega jedrskega sporazuma	iranski jedrski sporazum	PRO	PRO_4043
pariškega podnebnega sporazuma	pariški podneben sporazum	PRO	PRO_3669
reformne stranke	reformen stranka	ORG	ORG_4040
univerzi Fordham	univerza Fordham	ORG	ORG_1050
univerzi Pensilvanija	univerza Pensilvanija	ORG	ORG_2220
vietnamski vojni	vietnamski vojna	EVT	EVT_1455
vojaško akademijo New Yorka	vojaški akademija New York	ORG	ORG_4032
Čehinjo Ivano Zelničkovo	čehinji Ivana zelničkov	PER	PER_4048
