sl-167
Ameriškega zdravniškega združenja	ameriški zdravniški združenje	ORG	ORG_399
Ameriškega združenja bolnišnic	ameriški združenje bolnišnica	ORG	ORG_145
Annie Tomasini	Annie Tomasina	PER	PER_4361
Bele hiše	bel hiša	ORG	ORG_1705
Bele hiše za medvladne zadeve	bel hiša za medvladen zadeva	ORG	ORG_4053
Beli hiši	bel hiša	LOC	LOC_72
Biden	Biden	PER	PER_3577
Bidna	biden	PER	PER_3577
Cedric Richmond	Cedric Richmond	PER	PER_4360
Chuck Grassley	Chuck Grassley	PER	PER_4357
Dana Remus	dan Remus	PER	PER_4359
Debbie Dawson Hatmaker	Debbie Dawson Hatmaker	PER	PER_4356
Donald Trump	Donald Trump	PER	PER_70
Giuliani	Giuliani	PER	PER_1244
Grassley	Grassley	PER	PER_4357
Iowe	Iowa	LOC	LOC_3825
Iranom	Iran	LOC	LOC_177
J ulisso Reynoso Pantaleon	J ulissiti Reynoso Pantaleon	PER	PER_4365
James Madara	James Madara	PER	PER_3358
Jen O'Malley Dillon	Jen O'Malley Dillon	PER	PER_4358
Jill Biden	Jill Biden	PER	PER_76
Joe Biden	Joe Biden	PER	PER_76
Julie Chavez Rodriguez	Julie Chavez Rodriguez	PER	PER_4362
Kamala Harris	Kamal Harris	PER	PER_1984
Louisiane	Louisiane	LOC	LOC_1663
Mike Donilon	Mike Donilon	PER	PER_4363
Mikom Penceom	Mik Pence	PER	PER_3847
Moderna	moderna	ORG	ORG_87
Nancy Pelosi	Nancy Pelosa	PER	PER_3442
Pensilvaniji	Pensilvanija	LOC	LOC_2427
Pfizer	Pfizer	ORG	ORG_67
Richard Pollack	Richard Pollack	PER	PER_4354
Rona Klaina	Rona Klain	PER	PER_2177
Rudy Giuliani	Rudy Giuliani	PER	PER_1244
Steve Richetti	Steve Richetti	PER	PER_3672
Trump	Trump	PER	PER_977
Trumpove	Trumpov	PER	PER_977
Trumpovi	Trumpov	PER	PER_977
Trumpovih	Trumpov	PER	PER_977
Trumpu	Trump	PER	PER_977
Urugvaju	Urugvaj	LOC	LOC_4364
ZDA	ZDA	LOC	LOC_69
Združenja ameriških medicinskih sester	združenje ameriški medicinski sestra	ORG	ORG_4355
senatnega odbora za obveščevalne dejavnosti	senaten odbor za obveščevalen dejavnost	ORG	ORG_4153
univerze Johnsa Hopkinsa	univerza Johns Hopkins	ORG	ORG_75
