sl-130
Barr	Barr	PER	PER_3587
CNN	CNN	PRO	PRO_243
Demokrati	demokrat	ORG	ORG_3320
Josephom Bidnom	Joseph Bidno	PER	PER_2173
Josh Stein	Josh Stein	PER	PER_3407
Kitajskem	Kitajsko	LOC	LOC_56
Patrick Gannon	Patrick Gannon	PER	PER_4384
Severne Karoline	severen Karoline	LOC	LOC_168
Severni Karolini	severen Karolina	LOC	LOC_168
Severno Karolino	severen Karolino	LOC	LOC_168
Trump	Trump	PER	PER_977
Trumpa	Trumpa	PER	PER_977
Trumpu	Trump	PER	PER_977
Turmp	Turmp	PER	PER_3882
Wilmingtonu	Wilmington	LOC	LOC_4129
ZDA	ZDA	LOC	LOC_69
demokrate	demokrat	PER	PER_2172
demokratom	demokrat	PER	PER_2172
demokratov	demokrat	PER	PER_2172
volilne komisije Severne Karoline	volilen komisija severen Karoline	ORG	ORG_990
