sl-164
Amy Coney Barret	Amy Coney Barret	PER	PER_3626
Beauja	Beau	PER	PER_4157
Belo hišo	bel hiša	LOC	LOC_72
Biden	Biden	PER	PER_3577
Bidna	biden	PER	PER_3577
Bidnova	Bidnova	PER	PER_1246
Bidnu	Bidno	ORG	ORG_4045
Chris Wallace	Chris Wallace	PER	PER_3889
Clevelandu	Cleveland	LOC	LOC_3467
Donalda Trumpa	Donalda Trumpa	PER	PER_70
FBI	FBI	ORG	ORG_3418
Fox News	fox News	PRO	PRO_3308
Hunterja	Hunter	PER	PER_1209
Jill	Jill	PER	PER_3652
Jospehu Bidnu	Jospeh Bidno	PER	PER_2173
Kitajskem	Kitajsko	LOC	LOC_56
Kitajsko	Kitajska	LOC	LOC_56
Miamiju	Miamij	LOC	LOC_3368
New York Times	New York Times	PRO	PRO_51
Ponosni fantje	ponosen fant	ORG	ORG_4009
Rusiji	Rusija	LOC	LOC_95
Trump	Trump	PER	PER_977
Trumpa	Trumpa	PER	PER_977
Trumpov	Trumpov	PER	PER_977
Trumpovi	Trumpov	PER	PER_977
Trumpovih	Trumpov	PER	PER_977
Trumpovim	Trumpov	PER	PER_977
Turmp	Turmp	PER	PER_3882
Ukrajini	Ukrajina	LOC	LOC_318
Wallaca	Wallaca	PER	PER_4156
Wallace	Wallace	PER	PER_3889
ZDA	ZDA	LOC	LOC_69
demokratov	demokrat	PER	PER_2172
demokratska stranka	demokratski stranka	ORG	ORG_584
republikanci	republikanec	ORG	ORG_3908
