sl-188
Američanov	Američan	PER	PER_64
Bidna	biden	PER	PER_3577
Bidnu	Bidno	PER	PER_1246
Borata	Borat	PRO	PRO_3893
Dominion Voting	Dominion Voting	ORG	ORG_3317
Donald Trump	Donald Trump	PER	PER_70
Donalda Trumpa	Donalda Trumpa	PER	PER_70
FBI	FBI	ORG	ORG_3418
Georgiji	Georgija	LOC	LOC_2174
Joe Biden	Joe Biden	PER	PER_76
Michaela Flynna	Michael Flynna	PER	PER_3892
Pensilvaniji	Pensilvanija	LOC	LOC_2427
Rudy Giuliani	Rudy Giuliani	PER	PER_1244
Sache Barona Cohena	Sache Baron Cohena	PER	PER_3894
Sydney Powell	Sydney Powell	PER	PER_3657
Teksas	Teksas	LOC	LOC_1022
Trump	Trump	PER	PER_977
Trumpove	Trumpov	PER	PER_977
Trumpovega	Trumpov	PER	PER_977
Trumpovem	Trumpov	PER	PER_977
Trumpovi	Trumpov	PER	PER_977
Trumpu	Trump	PER	PER_977
Twitterju	Twitter	PRO	PRO_71
Washington	Washington	LOC	LOC_183
