sl-197
Beli hiši	bel hiša	LOC	LOC_72
Belo hišo	bel hiša	LOC	LOC_72
Biden	Biden	PER	PER_3577
Bidna	biden	PER	PER_3577
Brad Raffensperger	Brad Raffensperger	PER	PER_3349
Chris Krebs	Chris Krebs	PER	PER_4052
Donald Trump	Donald Trump	PER	PER_70
Donalda Trumpa	Donalda Trumpa	PER	PER_70
Georgia	Georgia	LOC	LOC_2174
Georgii	Georgii	LOC	LOC_2174
Giuliani	Giuliani	PER	PER_1244
Giulianijeva	Giulianijev	PER	PER_1244
Giulianijevi	Giulianijev	PER	PER_1244
Joe Biden	Joe Biden	PER	PER_76
Melanie Trump	Melanie Trump	PER	PER_1738
New Yorka	New York	LOC	LOC_2256
Reuters	Reuters	ORG	ORG_153
Rudy Giuliani	Rudy Giuliani	PER	PER_1244
Rudyja Giulianija	Rudyja Giulianija	PER	PER_1244
Rudyju	Rudy	PER	PER_4403
Trump	Trump	PER	PER_977
Trumpov	Trumpov	PER	PER_977
Trumpova	Trumpov	PER	PER_977
Trumpove	Trumpov	PER	PER_977
Wayne	Wayne	PER	PER_281
ZDA	ZDA	LOC	LOC_69
državnega kongresa Michigana	državen kongres Michigan	ORG	ORG_4127
državno volilno komisijo	državen volilen komisija	ORG	ORG_3830
republikanske stranke	republikanski stranka	ORG	ORG_3908
twitterju	twitter	PRO	PRO_71
