sl-17
Demos	Demos	ORG	ORG_4335
Donald Trump	Donald Trump	PER	PER_70
Donaldu Trumpu	Donald Trump	PER	PER_70
Franc Trček	Franc Trček	PER	PER_4104
Janez Janša	Janez Janša	PER	PER_2013
Janezom Janšo	Janez Janšo	PER	PER_2013
Janša	Janša	PER	PER_2013
Janša Šarcu	Janša Šarco	PER	PER_4336
Janševo	Janšev	PER	PER_2013
Janšo	Janšo	PER	PER_2013
Jaša	Jaša	PER	PER_4333
Josephu Bidnu	Josepho Bidno	PER	PER_2173
Jože P. Damijan	Jože P. Damijan	PER	PER_1336
KUL	KUL	ORG	ORG_1338
Koaliciji ustavnega loka	koalicija ustaven lok	ORG	ORG_1334
LMŠ	LMŠ	ORG	ORG_1335
Levice	levica	ORG	ORG_761
Ljubljane	Ljubljana	LOC	LOC_1265
Luka Mesec	Luka mesec	PER	PER_4337
Marjan Šarec	Marjan Šarec	PER	PER_1951
Poljčah	poljča	LOC	LOC_4334
SD	SD	ORG	ORG_1243
Trumpa	Trumpa	PER	PER_977
Šarcu	Šarco	PER	PER_1469
Šarčevo	Šarčev	PER	PER_1469
