sl-157
ABC News	abc news	PRO	PRO_3458
AP	ap	ORG	ORG_451
Ala Gora	Ala Gora	PER	PER_3449
Američanov	Američan	PER	PER_64
Arizoni	Arizoni	LOC	LOC_1748
Arizono	Arizona	LOC	LOC_1748
Associated Press	associated Press	ORG	ORG_2606
Biden	Biden	PER	PER_3577
Bidnu	Bidno	PER	PER_1246
CBS News	CBS News	PRO	PRO_3458
CNN	CNN	ORG	ORG_383
Carterja	Carter	PER	PER_4536
Fox News	fox News	PRO	PRO_3308
Gora	gora	PER	PER_3449
Joe Biden	Joe Biden	PER	PER_76
Kalifornijo	Kalifornija	LOC	LOC_102
Mike Conway	Mike Conway	PER	PER_4479
NBC	NBC	ORG	ORG_382
NBC News	NBC news	PRO	PRO_3458
National Election Pool	national election pool	ORG	ORG_4539
Nevadi	Nevadi	LOC	LOC_1153
Pensilvaniji	Pensilvanija	LOC	LOC_2427
Reagana	Reagan	PER	PER_4537
The Conversation	the conversation	PRO	PRO_4535
Trump	Trump	PER	PER_977
Trumpove	Trumpov	PER	PER_977
Univerzi v Indiani	univerza v Indiani	ORG	ORG_4534
VoteCast	Votecast	PRO	PRO_4540
Voter News Service	voter news Service	ORG	ORG_4538
ZDA	ZDA	LOC	LOC_69
zmago v	zmaga v	EVT	EVT_4541
