sl-140
Aneji Beganović	Aneja Beganović	PER	PER_1226
Branka Jovanović	Branko Jovanović	PER	PER_1226
Bregar	Bregar	ORG	ORG_4494
Bregarjev	Bregar	PER	PER_1950
Danska	Danska	LOC	LOC_1651
EP	EP	ORG	ORG_474
EP 2004	EP 2004	EVT	EVT_4498
Ema Abina	Ema Abina	PER	PER_2250
Ferencvaroš	Ferencvaroš	LOC	LOC_4490
Francija	Francija	LOC	LOC_20
Hana Vučko	Hana Vučko	PER	PER_4493
Herning	Herning	LOC	LOC_4485
Hrvaška	hrvaški	LOC	LOC_1674
Kolding	Kolding	LOC	LOC_4486
Koprivnice	koprivnica	LOC	LOC_4496
Koronavirus	Koronavirus	PRO	PRO_4
Krim	Krim	LOC	LOC_2855
Krimov	Krim	PER	PER_4488
Krimove	Krimov	LOC	LOC_2855
Laškem	Laške	LOC	LOC_4482
Madžarska	Madžarska	LOC	LOC_1432
Madžarskem	Madžarsko	LOC	LOC_1432
Maja Svetik	Maja Svetik	PER	PER_4492
Maja Vojnović	Maja Vojnović	PER	PER_1955
Nataša Ljepoja	Nataša Ljepoje	PER	PER_1465
Nemčija	Nemčija	LOC	LOC_27
Nina Žabjek	Nina Žabjek	PER	PER_2922
Nizozemska	nizozemski	LOC	LOC_190
Norveška	Norveška	LOC	LOC_2609
Podravke	podravek	LOC	LOC_4495
Poljska	Poljska	LOC	LOC_107
Romunija	Romunija	LOC	LOC_0
Rusija	Rusija	LOC	LOC_95
Salvador Krajnčič	Salvador Krajnčič	PER	PER_4497
Salvador Kranjčič	Salvador Kranjčič	PER	PER_4497
Slovenija	Slovenija	LOC	LOC_831
Srbija	Srbija	LOC	LOC_1
Tija Gomilar Zickero	Tija Gomilar Zickero	PER	PER_4491
Trondheima	Trondheim	LOC	LOC_4487
Uroš Bregar	Uroš Bregar	PER	PER_4489
Valentina Klemenčič	Valentina Klemenčič	PER	PER_1939
dvorano Tri lilije	dvorana trije lilija	LOC	LOC_4500
evropska zveza EHF	evropski zveza EHF	ORG	ORG_4484
hotel Thermana	hoteti Therman	LOC	LOC_4499
norveška zveza	norveški zveza	ORG	ORG_2275
slovenske reprezentance v	slovenski reprezentanca v	EVT	EVT_4483
Češka	Češka	LOC	LOC_137
Črna gora	črn gora	LOC	LOC_1615
Španija	Španija	LOC	LOC_10
Švedska	Švedska	LOC	LOC_12
–	–	LOC	LOC_285
