sl-196
AFP	AFP	ORG	ORG_1211
BDS	BDS	ORG	ORG_381
Benjaminom Netanjahujem	Benjamin Netanjahu	PER	PER_836
Bli탑njega vzhoda	bli탑nji vzhod	LOC	LOC_841
Donalda Trumpa	Donalda Trumpa	PER	PER_70
Golanske planote	golanski planota	LOC	LOC_4328
Golansko planoto	golanski planota	LOC	LOC_4328
Izrael	Izrael	LOC	LOC_833
Izraela	Izrael	LOC	LOC_833
Izraelu	Izrael	LOC	LOC_833
Ju탑ni Afriki	ju탑en Afrika	LOC	LOC_157
Mike Pompeo	Mike Pompea	PER	PER_662
Netanjahujem	Netanjahu	PER	PER_836
Palestince	Palestinec	PER	PER_4027
Palestinci	Palestinec	PER	PER_4027
Pompeo	Pompea	PER	PER_662
Psagot	Psagot	LOC	LOC_4331
Ramale	Ramale	LOC	LOC_4332
Siriji	Sirija	LOC	LOC_3797
Trump	Trump	PER	PER_977
Trumpa	Trumpa	PER	PER_977
Trumpovo	Trumpov	PER	PER_977
Washingtonu	Washington	LOC	LOC_183
Zahodnem bregu	zahoden breg	LOC	LOC_4329
mednarodna skupnost	mednaroden skupnost	ORG	ORG_1616
