sl-13
BBC	BBC	PRO	PRO_3440
Bild	Bild	PRO	PRO_3929
Borussia Dortmund	Borussia Dortmund	ORG	ORG_3920
Borussie Dortmund	Borussie Dortmund	ORG	ORG_3920
Borussii	Borussia	ORG	ORG_3927
Borussio	Borussio	PER	PER_3931
Brugge	Brugge	ORG	ORG_3921
Dortmunda	Dortmund	ORG	ORG_3920
Erling Haaland	Erling Haaland	PER	PER_3922
Evropo	Evropa	LOC	LOC_49
Favre	Favra	PER	PER_3933
Herthi	Hertha	ORG	ORG_3923
Lucien Favre	Lucien Favra	PER	PER_3924
Meikel Schonweitz	Meikel Schonweitz	PER	PER_3932
Moukoko	Moukoko	PER	PER_930
Moukokoja	Moukokoj	PER	PER_3930
Nemčiji	Nemčija	LOC	LOC_27
Nike	Nike	ORG	ORG_1725
Norvežan	Norvežan	LOC	LOC_2609
Nurija Sahina	Nurija Sahina	PER	PER_3926
Senegalu	Senegal	LOC	LOC_3928
St. Pauli	St . Pauli	LOC	LOC_602
Youssoufo Moukokoja	Youssoufo Moukokoj	PER	PER_3925
nemški nogometni zvezi	nemški nogometen zveza	ORG	ORG_2018
