sl-109
Andrej Plenković	Andrej Plenković	PER	PER_1816
Angela Merkel	Angel Merkel	PER	PER_117
Angelo Merkel	Angelo Merkel	PER	PER_117
Berlina	Berlin	LOC	LOC_504
Bidnom	biden	ORG	ORG_4045
Bidnom za okrepitev čezatlantskih odnosov	biden za okrepitev čezatlantski odnos	ORG	ORG_4193
Bidnu	Bidno	PER	PER_1246
Boris Johnson	Boris Johnson	PER	PER_52
Donald Trump	Donald Trump	PER	PER_70
Donald Tusk	Donald Tusk	PER	PER_70
EPP	EPP	ORG	ORG_474
EU	EU	ORG	ORG_5
Emmanuel Macron	Emmanuel Macron	PER	PER_24
Evropa	Evropa	LOC	LOC_49
Evrope	Evropa	LOC	LOC_49
Evropi	Evropa	LOC	LOC_49
Evropo	Evropa	LOC	LOC_49
Evropske ljudske stranke	evropski ljudski stranka	ORG	ORG_1436
Giuseppe Conte	Giuseppe Conte	PER	PER_546
Heiko Maas	Heiko Maas	PER	PER_3602
Italijo	Italija	LOC	LOC_50
Jens Stoltenberg	Jens Stoltenberg	PER	PER_4194
Joe Biden	Joe Biden	PER	PER_76
Joeja Bidna	Joeja Bidno	PER	PER_76
Johnson	Johnson	PER	PER_1154
Justin Trudeau	Justin Trude	PER	PER_4191
Kamali Harris	Kamala Harris	PER	PER_1984
Macron	Macron	PER	PER_1119
Micheal Martin	Micheal Martin	PER	PER_1162
Nata	Nato	ORG	ORG_4042
Nato	nato	ORG	ORG_3984
Nemčiji	Nemčija	LOC	LOC_27
Nemčijo	Nemčija	LOC	LOC_27
Olaf Scholz	Olaf Scholz	PER	PER_4192
Sebastian Kurz	Sebastian Kurz	PER	PER_464
Severno Ameriko	severen Amerika	LOC	LOC_219
Trudeau	Trude	PER	PER_4191
Trump	Trump	PER	PER_977
Trumpa	Trumpa	PER	PER_977
Trumpov	Trumpov	PER	PER_977
Trumpovih	Trumpov	PER	PER_977
Twitterju	Twitter	PRO	PRO_71
ZDA	ZDA	LOC	LOC_69
