sl-114
Ameriki	Amerika	LOC	LOC_69
Barron	Barron	PER	PER_4003
Barron Trump	Barron Trump	PER	PER_4003
Belo hišo	bel hiša	LOC	LOC_72
Bruce	Bruce	PER	PER_1707
Bruce Durham	Bruce Durham	PER	PER_3976
Donald	Donald	PER	PER_3783
Donalda	Donalda	PER	PER_3783
Donalda Trumpa	Donalda Trumpa	PER	PER_70
Donaldu	Donald	PER	PER_3783
Durham	Durham	PER	PER_4059
Edini	edin	PER	PER_4060
Joe Biden	Joe Biden	PER	PER_76
Melania	Melania	PER	PER_4002
Melania Donaldu	Melania Donald	PER	PER_4002
Melanie	Melanie	PER	PER_4002
Melanio	Melanio	PER	PER_4002
Mirror	Mirror	PRO	PRO_2277
New Yorku	New York	LOC	LOC_2256
Trump	Trump	PER	PER_977
Trumpovem	Trumpov	PER	PER_977
Washington	Washington	LOC	LOC_183
