sl-183
Alejandra Mayorkasa	Alejandra Mayorkas	PER	PER_4016
Aljaske	Aljaska	LOC	LOC_3884
Antonyja Blinkna	Antony Blinkn	PER	PER_4095
Avril Haines	Avril Haines	PER	PER_4018
Baracka Obame	Baracka Obame	PER	PER_3496
Ben Sasse	Ben Sasse	PER	PER_3885
Biden	Biden	PER	PER_3577
Bidna	biden	PER	PER_3577
Bidnov	Bidnov	PER	PER_1246
Bidnovih	Bidnov	PER	PER_1246
Bidnovo	Bidnov	PER	PER_1246
Bidnu	Bidno	PER	PER_1246
Blinken	Blinken	PER	PER_3508
Cia	Cia	ORG	ORG_4019
Donald Trump	Donald Trump	PER	PER_70
Emily	Emily	PER	PER_3314
Emily Murphy	Emily Murphy	PER	PER_3314
FBI	FBI	ORG	ORG_3418
Federal Reserve	Federal Reserva	ORG	ORG_3688
GSA	GSA	ORG	ORG_3313
Georgia	Georgia	LOC	LOC_2174
Jaka Sullivana	Jaka Sullivan	PER	PER_4020
Janet Yellen	Janet Yellen	PER	PER_4426
Joe Biden	Joe Biden	PER	PER_76
Joseph Biden	Joseph Biden	PER	PER_2173
Kubi	Kubi	LOC	LOC_980
Lamar Alexander	Lamar Alexander	PER	PER_3883
Linda Thomas-Greenfield	Lind Thomas - Greenfield	PER	PER_4021
Lisa Murkowski	Lisa Murkowski	PER	PER_3400
Maina	Maina	LOC	LOC_3887
Michele Flournoy	Michele Flournoy	PER	PER_4101
Michigana	Michigan	LOC	LOC_99
Michiganu	Michigan	LOC	LOC_99
Mika Pompea	Mika Pompea	PER	PER_4273
Mitt Romney	Mitt Romney	PER	PER_3399
Nebraske	nebraski	LOC	LOC_104
Nevada	Nevad	LOC	LOC_1153
Obamov	Obamov	PER	PER_1706
Ohia	Ohia	LOC	LOC_1736
Rob Portman	rob Portman	PER	PER_2485
Shelley Moore Capito	Shelley Moora Capita	PER	PER_3886
Susan Collins	Susan Collins	PER	PER_3319
Tennesseeja	Tennesseeja	LOC	LOC_3374
Trump	Trump	PER	PER_977
Trumpova	Trumpov	PER	PER_977
Turmpove	Turmpov	PER	PER_3882
Upravi splošnih služb	uprava splošen služba	ORG	ORG_3738
Utaha	Utah	LOC	LOC_524
Zahodne Virginije	zahoden Virginija	LOC	LOC_3373
Združenih narodih	združen narod	ORG	ORG_268
republikancev	republikanec	PER	PER_1985
