sl-107
Ashley	Ashley	PER	PER_3596
Aškabad	Aškabad	LOC	LOC_4146
Barack Obama	Barack Obam	PER	PER_3496
Barneyja	Barney	PER	PER_4141
Beazley	Beazley	PER	PER_4140
Bele hiše	bel hiša	LOC	LOC_72
Beli hiši	bel hiša	LOC	LOC_72
Belo hišo	bel hiša	LOC	LOC_72
Biden	Biden	PER	PER_3577
Bidnova	Bidnova	PER	PER_1246
Bidnove	Bidnov	PER	PER_1246
Bidnovi	Bidnova	PER	PER_1246
Bidnu	Bidno	PER	PER_1246
Bojem	bojem	PER	PER_4143
Buddyja	Buddy	PER	PER_4139
Champ	Champ	PER	PER_4133
Champom	Champ	PER	PER_4133
Clinton	Clinton	PER	PER_3473
Donald Trump	Donald Trump	PER	PER_70
Fala	Fala	PER	PER_4137
Franklina Roosevelta	Franklin Roosevelta	PER	PER_3970
George W. Bush	George W. Bush	PER	PER_3450
Gurbanguli Berdimuhamedov	Gurbanguli Berdimuhamed	PER	PER_4145
Indie	indie	LOC	LOC_336
Jamesu K. Polku	James K. Polku	PER	PER_3960
Jill	Jill	PER	PER_3652
Jill Biden	Jill Biden	PER	PER_76
Joe	Joe	PER	PER_3622
Joe Biden	Joe Biden	PER	PER_76
Joeja Bidna	Joeja Bidno	PER	PER_76
Kong Timahoe	Kong Timahoe	PER	PER_4136
Major	Major	PER	PER_4134
Majora	Majora	PER	PER_4134
Majorja	Major	PER	PER_4134
Majorjem	Major	PER	PER_4134
NBC Evening News	NBC Evening news	PRO	PRO_3458
Nixonov	Nixoniv	PER	PER_3974
Obamovi	Obamova	PER	PER_1706
Ovalne pisarne	ovalen pisarna	PRO	PRO_3918
Pensilvaniji	Pensilvanija	LOC	LOC_2427
Richarda Nixona	Richard Nixona	PER	PER_3974
Socksa	Socks	PER	PER_4138
Spota	spota	PER	PER_4142
Sunnyjem	Sunny	PER	PER_4144
Trumpovi	Trumpov	PER	PER_977
Turkmenistana	Turkmenistan	LOC	LOC_138
facebooka	facebook	PRO	PRO_98
