sl-159
Barron	Barron	PER	PER_4003
Barronom	Barron	PER	PER_4003
Belo hišo	bel hiša	LOC	LOC_72
Donald	Donald	PER	PER_3783
Donald Trump	Donald Trump	PER	PER_70
Eric	Eric	PER	PER_3570
Ivana	Ivan	PER	PER_3945
Ivanka	Ivanka	PER	PER_3945
Marla Maples	Marla Maples	PER	PER_4006
Melania	Melania	PER	PER_4002
New Yorka	New York	LOC	LOC_2256
New Yorku	New York	LOC	LOC_2256
Omarosa Manigault Newman	Omaros Manigault Newman	PER	PER_3760
People	people	PRO	PRO_4005
Stephanie Wolkoff	Stephanie Wolkoff	PER	PER_4004
Trump	Trump	PER	PER_977
Trumpov	Trumpov	PER	PER_977
Trumpova	Trumpov	PER	PER_977
Trumpovi	Trumpov	PER	PER_977
Trumpu	Trump	PER	PER_977
Washington	Washington	LOC	LOC_183
