sl-165
Ashley	Ashley	PER	PER_3596
Baracka Obame	Baracka Obame	PER	PER_3496
Beau Biden	Bea Biden	PER	PER_76
Beauja	Beau	PER	PER_4157
Beauju	Beau	PER	PER_4157
Beli hiši	bel hiša	LOC	LOC_72
Belo hišo	bel hiša	LOC	LOC_72
Bill Stevenson	Bill Stevenson	PER	PER_4163
Georgea W. Busha	George W. Bush	PER	PER_3450
Hunterja	Hunter	PER	PER_1209
Hunterju	Hunter	PER	PER_1209
Jill	Jill	PER	PER_3652
Jill Biden	Jill Biden	PER	PER_76
Joe Biden	Joe Biden	PER	PER_76
Melania Trump	Melania Trump	PER	PER_1738
Michelle Obama	Michelle Obam	PER	PER_3496
Neilie	Neilie	PER	PER_3428
New York Times	New York Times	PRO	PRO_51
New York Timesa	New York Times	PRO	PRO_51
Ukrajini	Ukrajina	LOC	LOC_318
Vanessa Friedman	Vanessa Friedman	PER	PER_4161
Washington	Washington	LOC	LOC_183
ZDA	ZDA	LOC	LOC_69
covida-19	Covid - 19	EVT	EVT_233
iraški vojni	iraški vojna	EVT	EVT_4162
