sl-170
Alexa Padille Bidnu	Alexa Padille Bidno	PER	PER_4238
Američane	Američan	PER	PER_64
Arizone	Arizone	LOC	LOC_1748
Atlante	Atlanta	LOC	LOC_3367
Baracka Obama	Baracka Obam	PER	PER_3496
Baracka Obame	Baracka Obame	PER	PER_3496
Bidna	biden	PER	PER_3577
Claudia Tenney	Claudio Tenney	PER	PER_4242
David Perdue	David Perdue	PER	PER_3389
Delawara	Delawara	LOC	LOC_3342
Donald Trump	Donald Trump	PER	PER_70
Donalda Trumpa	Donalda Trumpa	PER	PER_70
Georgea W. Busha	George W. Bush	PER	PER_3450
Georgie	Georgie	LOC	LOC_2174
Georgiji	Georgija	LOC	LOC_2174
Havajih	Havajih	LOC	LOC_3558
Indiane	Indiane	LOC	LOC_336
Iowi	Iowi	LOC	LOC_3825
Joeja Bidna	Joeja Bidno	PER	PER_76
Kalifornija	Kalifornija	LOC	LOC_102
Kelly Loeffler	Kelly Loeffler	PER	PER_3390
Koloradu	Kolorad	LOC	LOC_521
Kongresni demokrati	kongresen demokrat	ORG	ORG_3890
Mariannette Miller-Meeks	Mariannette Miller - Meeks	PER	PER_4241
Mo Brooks	Mo Brooks	PER	PER_4240
Nancy Pelosi	Nancy Pelosa	PER	PER_3442
New Jerseyu	New Jersey	LOC	LOC_103
New Yorku	New York	LOC	LOC_2256
Trump	Trump	PER	PER_977
Trumpova	Trumpov	PER	PER_977
Trumpovem	Trumpov	PER	PER_977
Trumpovi	Trumpov	PER	PER_977
Trumpovima	Trumpovi	PER	PER_977
Washington	Washington	LOC	LOC_183
ZDA	ZDA	LOC	LOC_69
ameriški kongres	ameriški kongres	ORG	ORG_4061
covida 19	covid 19	EVT	EVT_233
demokrati	demokrat	PER	PER_2172
pandemija	pandemij	EVT	EVT_4239
zvezno sodišče v Brooklynu	zvezen sodišče v Brooklyno	ORG	ORG_4243
