sl-136
Amerika	Amerika	LOC	LOC_69
Amerike	Amerika	LOC	LOC_69
Ameriki	Amerika	LOC	LOC_69
Američanom	Američan	PER	PER_64
Američanov	Američan	PER	PER_64
Bele hiše	bel hiša	LOC	LOC_72
Belo hišo	bel hiša	LOC	LOC_72
Biden	Biden	PER	PER_3577
Bidna	biden	PER	PER_3577
Bidnom	biden	PER	PER_1246
Bidnu	Bidno	PER	PER_1246
Busheve	bushev	PER	PER_1707
Bushu	Busho	PER	PER_1707
Dan	dan	PER	PER_3387
Demokrati	demokrat	PER	PER_2172
Donalda Trumpa Jr	Donalda Trumpa Jr	PER	PER_70
EU	EU	ORG	ORG_5
Erica Hofferja	Erica Hoffer	PER	PER_4167
Evropi	Evropa	LOC	LOC_49
Evropo	Evropa	LOC	LOC_49
Foreign Affairs	foreign Affairs	PRO	PRO_4166
Fox News	fox News	ORG	ORG_3600
Gore	Gora	PER	PER_3449
Joe Biden	Joe Biden	PER	PER_76
Murdocha	Murdoch	PER	PER_4173
NY	NY	LOC	LOC_4168
Pentagona	Pentagon	ORG	ORG_1659
QAnon	QAnon	ORG	ORG_3420
Rona Suskinda	Rona Suskinda	PER	PER_4170
Rudi Rizman	Rudi Rizman	PER	PER_4174
Suskind	Suskind	PER	PER_4171
Timesovega	Timesov	PRO	PRO_4169
Trump	Trump	PER	PER_977
Trumpa	Trumpa	PER	PER_977
Trumpov	Trumpov	PER	PER_977
Trumpove	Trumpov	PER	PER_977
Trumpovega	Trumpov	PER	PER_977
Trumpovih	Trumpov	PER	PER_977
Trumpovim	Trumpov	PER	PER_977
Trumpovo	Trumpov	PER	PER_977
Trumpu	Trump	PER	PER_977
Univerzi v Ljubljani	univerza v Ljubljana	ORG	ORG_1257
ZDA	ZDA	LOC	LOC_69
demokrate	demokrat	PER	PER_2172
državljanske vojne	državljanski vojna	EVT	EVT_3455
državljansko	državljanski	EVT	EVT_4172
