sl-191
Američane	Američan	PER	PER_64
Bele hiše	bel hiša	LOC	LOC_72
BioNTecha	Biontech	ORG	ORG_68
Christopher C. Miller	Christopher C. Miller	PER	PER_4394
Christopher Wray	Christopher Wray	PER	PER_4390
Christopherja Wraya	Christopher Wraya	PER	PER_4390
Cia	Cia	ORG	ORG_4019
Donald Trump	Donald Trump	PER	PER_70
Donaldu Trumpu	Donald Trump	PER	PER_70
Esper	Esper	PER	PER_4013
Esperja	Esper	LOC	LOC_4388
Esperjem	Esper	LOC	LOC_4389
FBI-ja	FBI - ja	ORG	ORG_3418
Georgea Floyda	George Floyda	PER	PER_4056
Gino Haspel	Gino Haspel	PER	PER_4391
Haspelova	Haspelov	PER	PER_4396
Hunterju	Hunter	PER	PER_1209
Joe Biden	Joe Biden	PER	PER_76
Joeju Bidnu	Joej Bidno	PER	PER_2173
Marka Esperja	Marko Esper	PER	PER_4117
Minneapolisu	Minneapolis	LOC	LOC_3768
Pentagon	Pentagon	ORG	ORG_1659
Pfizerja	Pfizer	ORG	ORG_67
Trump	Trump	PER	PER_977
Trumpovemu	Trumpov	PER	PER_977
Trumpovi	Trumpov	PER	PER_977
Ukrajini	Ukrajina	LOC	LOC_318
Washington	Washington	LOC	LOC_183
Wray	Wray	ORG	ORG_4395
ZDA	ZDA	LOC	LOC_69
centra za boj proti terorizmu	center za boj proti terorizem	ORG	ORG_4393
cerkvi Sv. Janeza z Biblijo	cerkev sv. Janez z Biblija	LOC	LOC_4392
covida 19	covid 19	EVT	EVT_233
senatnem odboru za državno varnost	senaten odbor za državen varnost	ORG	ORG_4124
