sl-147
AP	ap	ORG	ORG_451
Američani	Američan	PER	PER_64
Arizoni	Arizoni	LOC	LOC_1748
Arizono	Arizona	LOC	LOC_1748
Biden	Biden	PER	PER_3577
Bidnu	Bidno	PER	PER_1246
Billa Clintona	Bill Clinton	PER	PER_2175
Clintonu	Clinton	PER	PER_3473
Demokratu	Demokrat	PER	PER_2172
Donalda Trumpa	Donalda Trumpa	PER	PER_70
Državne volilne komisije	državen volilen komisija	ORG	ORG_3830
Državni kongresi	državen kongres	ORG	ORG_3908
Georgia	Georgia	LOC	LOC_2174
Georgie	Georgie	LOC	LOC_2174
Georgii	Georgii	LOC	LOC_2174
Georgio	Georgio	LOC	LOC_357
Hillary Clinton	Hillary Clinton	PER	PER_2175
Josephu Bidnu	Josepho Bidno	PER	PER_2173
Mainu	Main	LOC	LOC_3887
Michigan	Michigan	LOC	LOC_99
Nebraski	nebraski	LOC	LOC_104
Pensilvanijo	Pensilvanija	LOC	LOC_2427
Severni Karolini	severen Karolina	LOC	LOC_168
Trump	Trump	PER	PER_977
Trumpova	Trumpov	PER	PER_977
Trumpove	Trumpov	PER	PER_977
Trumpovi	Trumpov	PER	PER_977
Trumpovo	Trumpov	PER	PER_977
Trumpu	Trump	PER	PER_977
Washington Post	Washington post	PRO	PRO_3763
Washingtonu	Washington	LOC	LOC_183
Wisconsin	Wisconsin	LOC	LOC_527
ZDA	ZDA	LOC	LOC_69
demokrat	demokrat	PER	PER_2172
demokrati	demokrat	PER	PER_2172
državne kongrese	državen kongres	ORG	ORG_3908
predstavniški dom zveznega kongresa	predstavniški dom zvezen kongres	ORG	ORG_4061
republikancem	republikanec	PER	PER_1985
republikancev	republikanec	PER	PER_1985
republikanci	republikanec	PER	PER_1985
zvezni predstavniški dom	zvezen predstavniški dom	ORG	ORG_4061
