sl-192
Agencije za nacionalno varnost	agencija za nacionalen varnost	ORG	ORG_596
Biden	Biden	PER	PER_3577
Donald Trump	Donald Trump	PER	PER_70
Georgea Busha	George Bush	PER	PER_3450
Iranu	Iran	LOC	LOC_177
Islamska država	islamski država	ORG	ORG_3919
Izraela	Izrael	LOC	LOC_833
Jack Goldsmith	Jack Goldsmith	PER	PER_3917
Joe Biden	Joe Biden	PER	PER_76
Larry Pfeiffer	Larry Pfeiffer	PER	PER_2664
Michaela Haydena	Michael Hayden	PER	PER_2147
Ovalni pisarni	ovalen pisarna	PRO	PRO_3918
Sergeja Lavrova	Sergej lavrov	PER	PER_2601
Trump	Trump	PER	PER_977
Trumpa	Trumpa	PER	PER_977
Trumpove	Trumpov	PER	PER_977
Trumpovim	Trumpov	PER	PER_977
Trumpu	Trump	PER	PER_977
Washington Post	Washington post	PRO	PRO_3763
ZDA	ZDA	LOC	LOC_69
