sl-108
Aleksander Geržina	Aleksander Geržina	PER	PER_4428
Američani	Američan	PER	PER_64
Bidna	biden	PER	PER_3577
Bidnovim	Bidnov	PER	PER_1246
Bojan Velikonja	Bojan Velikonja	PER	PER_1226
Borut Pahor	Borut Pahor	PER	PER_1482
Evropo	Evropa	LOC	LOC_49
Janez Janša	Janez Janša	PER	PER_2013
Janeza Janše	Janez Janše	PER	PER_2013
Janša	Janša	PER	PER_2013
Janše	Janše	PER	PER_2013
Janševih	Janšev	PER	PER_2013
Janševo	Janšev	PER	PER_2013
Josepha Bidna	Joseph Bidno	PER	PER_2173
MZZ	MZZ	ORG	ORG_1628
Melanie	Melanie	PER	PER_4002
Pahor	Pahor	PER	PER_4427
Pahorjevem	Pahorjev	PER	PER_1485
Republike Slovenije	republika Slovenija	ORG	ORG_1576
STA	biti	ORG	ORG_953
Slovenija	Slovenija	LOC	LOC_831
Slovenije	Slovenija	LOC	LOC_831
Sloveniji	Slovenija	LOC	LOC_831
Slovenijo	Slovenija	LOC	LOC_831
Trump	Trump	PER	PER_977
Trumpa	Trumpa	PER	PER_977
Twitter	Twitter	PRO	PRO_71
ZDA	ZDA	LOC	LOC_69
republikancem	republikanec	PER	PER_1985
