sl-119
Beli hiši	bel hiša	LOC	LOC_72
Belo hišo	bel hiša	LOC	LOC_72
Biden	Biden	PER	PER_3577
Bidna	biden	PER	PER_3577
Bidnova	Bidnova	PER	PER_1246
Bidnove	Bidnov	PER	PER_1246
Bidnovi	Bidnova	PER	PER_1246
Bidnu	Bidno	PER	PER_1246
Georgii	Georgii	LOC	LOC_2174
Georgio	Georgio	LOC	LOC_357
Hillary Clinton	Hillary Clinton	PER	PER_2175
Mitch McConnell	Mitch McConnell	PER	PER_3328
Senatni republikanci	senaten republikanec	ORG	ORG_3890
Trump	Trump	PER	PER_977
Trumpa	Trumpa	PER	PER_977
Trumpovo	Trumpov	PER	PER_977
Trumpu	Trump	PER	PER_977
ZDA	ZDA	LOC	LOC_69
demokratsko stran	demokratski stran	ORG	ORG_584
republikanske kongresne	republikanski kongresen	ORG	ORG_3908
