sl-153
Američanom	Američan	PER	PER_64
Arizoni	Arizoni	LOC	LOC_1748
Atlantic	Atlantice	PRO	PRO_4386
Biden	Biden	PER	PER_3577
CNN	CNN	ORG	ORG_383
Donalda Trumpa	Donalda Trumpa	PER	PER_70
Floridi	Floridi	LOC	LOC_894
Georgeu Bushu	George Busho	PER	PER_3450
Joe Biden	Joe Biden	PER	PER_76
Michiganu	Michigan	LOC	LOC_99
Mike Pence	Mike Pence	PER	PER_3847
Pensilvaniji	Pensilvanija	LOC	LOC_2427
Republikanci	republikanec	PER	PER_1985
Salon	salon	PRO	PRO_4385
Severni Karolini	severen Karolina	LOC	LOC_168
Thea McDonald	Thea McDonald	ORG	ORG_4387
Trump	Trump	PER	PER_977
Trumpa	Trumpa	PER	PER_977
Trumpom	trump	PER	PER_977
Trumpov	Trumpov	PER	PER_977
Trumpova	Trumpov	PER	PER_977
Trumpove	Trumpov	PER	PER_977
Trumpovi	Trumpov	PER	PER_977
Wisconsinu	Wisconsin	LOC	LOC_527
ZDA	ZDA	LOC	LOC_69
demokratom	demokrat	PER	PER_2172
republikanski	republikanski	ORG	ORG_2775
republikanski kongresi	republikanski kongres	ORG	ORG_3908
