sl-104
Amerika	Amerika	LOC	LOC_69
Atlanti	Atlanti	LOC	LOC_3785
Bidnovo	Bidnov	PER	PER_1246
Bidnovo zmago	Bidnov zmaga	EVT	EVT_4158
Bidnu	Bidno	PER	PER_1246
Dominion Voting Systems	dominion voting systems	ORG	ORG_3317
Donald Trump	Donald Trump	PER	PER_70
Enrique Tarrio	Enrique Tarrio	PER	PER_4160
Georgia	Georgia	LOC	LOC_2174
Georgija	Georgija	LOC	LOC_2174
Georgiji	Georgija	LOC	LOC_2174
Giuliani	Giuliani	PER	PER_1244
Joe Raedle/Afp	Joe Raedle / Afp	PER	PER_4159
Joeja Bidna	Joeja Bidno	PER	PER_76
Kitajske	Kitajska	LOC	LOC_56
Kitajsko	Kitajska	LOC	LOC_56
Kube	Kube	LOC	LOC_980
Kubo	Kubo	LOC	LOC_980
Nemčiji	Nemčija	LOC	LOC_27
Pensilvaniji	Pensilvanija	LOC	LOC_2427
Proud Boys	proud Boys	ORG	ORG_4009
Rudy Giuliani	Rudy Giuliani	PER	PER_1244
Rudyjem Giulianijem	Rudy Giulianijem	PER	PER_1244
Sidney Powell	Sidney Powell	PER	PER_3657
Tanzaniji	Tanzanija	LOC	LOC_2241
Trump	Trump	PER	PER_977
Trumpa	Trumpa	PER	PER_977
Trumpovi	Trumpov	PER	PER_977
Trumpovih	Trumpov	PER	PER_977
Venezuele	Venezuele	LOC	LOC_2163
Washington	Washington	LOC	LOC_183
Wisconsinu	Wisconsin	LOC	LOC_527
ZDA	ZDA	LOC	LOC_69
demokratov	demokrat	ORG	ORG_3320
demokratski kraji	demokratski kraj	ORG	ORG_3320
demokratu	demokrat	PER	PER_2172
