sl-131
'Ndrangheta	Jndrangheta	ORG	ORG_4081
'Ndrangheto	'Ndrangheto	EVT	EVT_4080
Alena Zsuzsova	Alena zsuzsov	PER	PER_4069
Andruska	Andruska	PER	PER_4077
Andruski	andruski	PER	PER_4077
Italiji	Italija	LOC	LOC_50
Jan Kuciak	Jan Kuciak	PER	PER_1386
Jana Kuciaka	Jana Kuciak	PER	PER_1014
Kočnerja	Kočner	ORG	ORG_4071
Kočnerjem	Kočner	PER	PER_4078
Kočnerjevega	Kočnerjev	PER	PER_4078
Kočnerjevega seznama	Kočnerjev seznam	PRO	PRO_4085
Kočnerjevih	Kočnerjev	PER	PER_4078
Kočnerju	Kočner	PER	PER_4078
Kuciaka	Kuciak	PER	PER_4083
Marian Kočner	Marian Kočner	PER	PER_4068
Martine Kušnirove	Martine Kušnirov	PER	PER_4072
Marček	Marček	PER	PER_4079
Marčeka	Marček	PER	PER_4079
Marčeku	Marček	PER	PER_4079
Miroslav Marček	Miroslav Marček	PER	PER_1999
Miroslavom Marčekom	Miroslav Marček	PER	PER_1999
Petra Totha	Peter Toth	PER	PER_1149
Roberta Fica	Robert Fica	PER	PER_2114
Roberta Kalinaka	Robert Kalinak	PER	PER_2114
Ružena Sabova	Ružen Sabova	PER	PER_4070
Slovaškem	Slovaško	LOC	LOC_831
Slovaško	Slovaška	LOC	LOC_831
Szaba	Szaba	PER	PER_907
Szabo	Szabo	PER	PER_4076
Szabom	Szab	PER	PER_4076
Szuszovo	Szuszov	PER	PER_4075
Tomaš Szab	Tomaš Szab	PER	PER_3977
Tomaša Szaba	Tomaš Szaba	PER	PER_4084
Velki Mači	velka Mači	LOC	LOC_4073
Zoltana Andrusko	Zoltana Andrusko	PER	PER_4074
Zoltána Andruske	zoltána Andruska	PER	PER_4074
Zsuzsova	zsuzsov	PER	PER_4075
Zsuzsovi	zsuzsov	PER	PER_4075
aktuality.sk	aktuality.sk	PRO	PRO_2346
