sl-117
Agencija za kibernetsko varnost in infrastrukturo	agencija za kibernetski varnost in infrastruktura	ORG	ORG_3434
Barack Obama	Barack Obam	PER	PER_3496
Bele hiše za boj proti proti	bel hiša za boj proti proti	ORG	ORG_4053
CISA	CISA	ORG	ORG_3435
Christopher Krebs	Christopher Krebs	PER	PER_2787
Demokrati	demokrat	PER	PER_2172
Donald Trump	Donald Trump	PER	PER_70
GCC	GCC	ORG	ORG_1568
Izvršni odbor sveta za vladno usklajevanje volilne infrastrukture	izvršen odbor svet za vladen usklajevanje volilen infrastruktura	ORG	ORG_4050
Krebs	Krebs	PER	PER_4052
Mark Warner	Mark Warner	PER	PER_4051
Obama	Obam	PER	PER_3496
Obljubljena dežela	obljubljen dežela	PRO	PRO_3755
SCC	SCC	ORG	ORG_2119
Svet za sektorsko usklajevanje volilne infrastrukture	svet za sektorski usklajevanje volilen infrastruktura	ORG	ORG_4050
Trump	Trump	PER	PER_977
Trumpa	Trumpa	PER	PER_977
Trumpove	Trumpov	PER	PER_977
Trumpovimi	Trumpov	PER	PER_977
Virginije	Virginija	LOC	LOC_3851
Warner	Warner	PER	PER_4051
ZDA	ZDA	LOC	LOC_69
koronavirusu	koronavirus	ORG	ORG_978
republikancev	republikanec	PER	PER_1985
republikanci	republikanec	PER	PER_1985
