sl-122
AP	ap	ORG	ORG_451
Arizoni	Arizoni	LOC	LOC_1748
Biden	Biden	PER	PER_3577
Bidna	biden	PER	PER_3577
Bidnovih	Bidnov	PER	PER_1246
Bidnovih elektorjev	Bidnov elektor	PRO	PRO_4089
Bidnu	Bidno	PER	PER_1246
Donalda Trumpa	Donalda Trumpa	PER	PER_70
Georgii	Georgii	LOC	LOC_2174
Havaji	Havaja	LOC	LOC_3558
Joe Biden	Joe Biden	PER	PER_76
Ken Paxton	Ken Paxton	PER	PER_3704
Paul Smith	Paul Smith	PER	PER_4088
Pensilvanije	Pensilvanija	LOC	LOC_2427
Pensilvaniji	Pensilvanija	LOC	LOC_2427
Steve Vladeck	Steve Vladeck	PER	PER_4086
Teksas	Teksas	LOC	LOC_1022
Teksasa	Teksas	LOC	LOC_1022
Trump	Trump	PER	PER_977
Trumpa	Trumpa	PER	PER_977
Trumpovega	Trumpov	PER	PER_977
Vrhovno sodišče ZDA	vrhoven sodišče ZDA	ORG	ORG_3345
Wisconsinu	Wisconsin	LOC	LOC_527
ZDA	ZDA	LOC	LOC_69
republikancev	republikanec	PER	PER_1985
republikanci	republikanec	PER	PER_1985
univerze Georgetown	univerza Georgetown	ORG	ORG_4087
univerze Teksas	univerza Teksas	ORG	ORG_463
zvezni kongres	zvezen kongres	ORG	ORG_3908
