sl-121
Aljaski	Aljaska	LOC	LOC_3884
Belo hišo	bel hiša	LOC	LOC_72
Biden	Biden	PER	PER_3577
Chris Wallace	Chris Wallace	PER	PER_3889
Detroit	Detroit	LOC	LOC_1669
Donalda Trumpa	Donalda Trumpa	PER	PER_70
Fox Newsa	Fox News	PRO	PRO_3308
Georgii	Georgii	LOC	LOC_2174
Georgio	Georgio	LOC	LOC_357
Joeja Bidna	Joeja Bidno	PER	PER_76
John Bolton	John Bolton	PER	PER_3608
Michiganu	Michigan	LOC	LOC_99
Mike Pompeo	Mike Pompea	PER	PER_662
Pensilvaniji	Pensilvanija	LOC	LOC_2427
Trump	Trump	PER	PER_977
Trumpova	Trumpov	PER	PER_977
Trumpovi	Trumpov	PER	PER_977
Trumpovo	Trumpov	PER	PER_977
Trumpu	Trump	PER	PER_977
Urada za splošne službe	urada za splošen služba	ORG	ORG_3312
republikancem	republikanec	PER	PER_1985
republikanci	republikanec	PER	PER_1985
republikanske stranke	republikanski stranka	ORG	ORG_584
senatu demokrati	senat demokrat	ORG	ORG_3890
zakonom za verjetnega zmagovalca	zakon za verjeten zmagovalec	PRO	PRO_3888
