sl-181
Američani	Američan	PER	PER_64
Barackom Obamo	Barack Obama	PER	PER_3496
Bele hiše	bel hiša	ORG	ORG_1705
Brian Morgenstern	Brian Morgenstern	PER	PER_3940
Cohen	Cohen	PER	PER_3894
Cohena	Cohena	PER	PER_3947
Cohenu	Coheno	PER	PER_3947
Danielsovi	Danielsov	PER	PER_3941
Donald	Donald	PER	PER_3783
Donalda Trumpa	Donalda Trumpa	PER	PER_70
Donaldu Trumpu	Donald Trump	PER	PER_70
Eric	Eric	PER	PER_3570
Harvardu	Harvard	ORG	ORG_3494
Hillary Clinton	Hillary Clinton	PER	PER_2175
Ivanka	Ivanka	PER	PER_3945
Južne Afrike	južen Afrika	LOC	LOC_157
Latinoameričani	Latinoameričan	PER	PER_3946
Mehičani	Mehičan	PER	PER_3548
Melanii Trump	Melania Trump	PER	PER_1738
Michael Cohen	Michael Cohen	PER	PER_3780
Michaela Cohena	Michael Cohena	PER	PER_3780
Miss Universe	Miss Universe	EVT	EVT_3944
Moskvi	Moskva	LOC	LOC_316
Nelojalen : Spomini	nelojalen : spomin	PRO	PRO_3939
Nelsona Mandelo	Nelson Mandela	PER	PER_3943
Obama	Obam	PER	PER_3496
Obamo	obama	PER	PER_1706
Putina	Putina	PER	PER_315
Putinu	Putino	PER	PER_315
Rusi	Rus	PER	PER_1372
Rusije	Rusija	LOC	LOC_95
Stormy Daniels	Stormy Daniels	PER	PER_3941
Trump	Trump	PER	PER_977
Trumpa	Trumpa	PER	PER_977
Trumpom	trump	PER	PER_977
Trumpova	Trumpov	PER	PER_977
Trumpovega	Trumpov	PER	PER_977
Trumpovemu	Trumpov	PER	PER_977
Trumpovi	Trumpov	PER	PER_977
Trumpu	Trump	PER	PER_977
Vajenec tudi	vajenec tudi	PRO	PRO_3942
Vladimirja Putina	Vladimir Putina	PER	PER_315
ZDA	ZDA	LOC	LOC_69
