sl-118
Arizona	Arizon	LOC	LOC_1748
Barr	Barr	PER	PER_3587
Barra	Barra	PER	PER_3587
Beli hiši	bel hiša	LOC	LOC_72
Bidna	biden	PER	PER_3577
Bidnova	Bidnova	PER	PER_1246
Brada Raffenspergerja	Brada Raffensperger	PER	PER_3891
Chrisa Krebsa	Chris Krebsa	PER	PER_785
Donald Trump	Donald Trump	PER	PER_70
Gabriel Sterling	Gabriel Sterling	PER	PER_3628
Georgia	Georgia	LOC	LOC_2174
Georgie	Georgie	LOC	LOC_2174
Georgii	Georgii	LOC	LOC_2174
Joeja Bidna	Joeja Bidno	PER	PER_76
Michaela Flynna	Michael Flynna	PER	PER_3892
Michigan	Michigan	LOC	LOC_99
Nevada	Nevad	LOC	LOC_1153
New York Times	New York Times	PRO	PRO_51
Pensilvaniji	Pensilvanija	LOC	LOC_2427
Politica	Politica	ORG	ORG_663
Trump	Trump	PER	PER_977
Trumpa	Trumpa	PER	PER_977
Trumpova	Trumpov	PER	PER_977
Trumpove	Trumpov	PER	PER_977
Trumpovega	Trumpov	PER	PER_977
Trumpovih	Trumpov	PER	PER_977
Trumpovim	Trumpov	PER	PER_977
Trumpu	Trump	PER	PER_977
Williama Barra	William Barra	PER	PER_2244
Wisconsin	Wisconsin	LOC	LOC_527
Wisconsinu	Wisconsin	LOC	LOC_527
agencije za kibernetično in infrastrukturno varnost	agencija za kibernetičen in infrastrukturen varnost	ORG	ORG_3434
demokrati	demokrat	ORG	ORG_3320
republikanci	republikanec	PER	PER_1985
senatorjev	senator	PER	PER_3378
senatu	senat	ORG	ORG_1012
