sl-124
Bannon	Bannon	PER	PER_3986
Bannona	bannon	PER	PER_3986
Bele hiše	bel hiša	ORG	ORG_1705
Breitbart News	Breitbart news	PRO	PRO_3993
Briana Kolfaga	Brian Kolfaga	PER	PER_3988
Connecticuta	Connecticuta	LOC	LOC_3377
Fox News	fox News	PRO	PRO_3308
Goldman Sachs	Goldman Sachs	ORG	ORG_3992
Gradimo zid	graditi zid	LOC	LOC_3987
Guoja Wenguija	Guoja Wenguij	PER	PER_1044
Josepha Bidna	Joseph Bidno	PER	PER_2173
Kate Bedingfield	Kate Bedingfield	PER	PER_3996
Manhattan	Manhattan	LOC	LOC_550
Mehika	Mehik	LOC	LOC_3994
Mehike	Mehika	LOC	LOC_3994
Mehiko	Mehiko	LOC	LOC_79
Michaela Wolffa	Michael Wolffa	PER	PER_2077
Najprej Amerika	najprej Amerika	PRO	PRO_3747
New Yorka	New York	LOC	LOC_2256
Novi Mehiki	nov Mehika	LOC	LOC_3583
Pentagona	Pentagon	ORG	ORG_1659
Steve Bannon	Steve Bannon	PER	PER_73
Teksasu	Teksas	LOC	LOC_1022
Trump	Trump	PER	PER_977
Trumpove	Trumpov	PER	PER_977
Trumpovega	Trumpov	PER	PER_977
Trumpovi	Trumpov	PER	PER_977
Wall Streeta	Wall Stree	LOC	LOC_3991
ZDA	ZDA	LOC	LOC_69
Zvezno tožilstvo južnega New Yorka	zvezen tožilstvo južen New York	ORG	ORG_3995
demokrati	demokrat	PER	PER_2172
ta zid	ta zid	PRO	PRO_3997
zvezno sodišče na Manhattnu	zvezen sodišče na Manhattno	LOC	LOC_3989
zvezno tožilstvo	zvezen tožilstvo	ORG	ORG_3990
