sl-158
Amerika	Amerika	LOC	LOC_69
Amy Klobuchar	Amy Klobuchar	PER	PER_4096
Angela Merkel	Angel Merkel	PER	PER_117
Anne Hidalgo	Anne Hidalgo	PER	PER_4409
Barack Obama	Barack Obam	PER	PER_3496
Belo hišo	bel hiša	LOC	LOC_72
Biden	Biden	PER	PER_3577
Bidna	biden	PER	PER_3577
Bidnov	Bidnov	PER	PER_1246
Bidnova	Bidnova	PER	PER_1246
Bidnu	Bidno	PER	PER_1246
Boris Johnson	Boris Johnson	PER	PER_52
Donald Tusk	Donald Tusk	PER	PER_70
Donaldom Trumpom	Donald Trump	PER	PER_70
Emmanuele Macron	Emmanuele Macron	PER	PER_24
Evorpi	Evorpa	ORG	ORG_4408
Evropska unija	evropski unija	ORG	ORG_5
Evropske komisije	evropski komisija	ORG	ORG_1444
Harris	Harris	PER	PER_363
Harrisova	Harrisov	PER	PER_3961
Heiko Maas	Heiko Maas	PER	PER_3602
Indijo	Indija	LOC	LOC_336
Irska	Irska	LOC	LOC_196
Jens Stoltenberg	Jens Stoltenberg	PER	PER_4194
Joe Biden	Joe Biden	PER	PER_76
Joeja Bidna	Joeja Bidno	PER	PER_76
Kamali Harris	Kamala Harris	PER	PER_1984
Kitajsko	Kitajska	LOC	LOC_56
Londona	London	LOC	LOC_23
Michael Martin	Michael Martin	PER	PER_2857
NSi	NSi	ORG	ORG_4406
Narendra Modi	narendrati moditi	PER	PER_390
Nata	Nato	ORG	ORG_4042
Nato	nato	ORG	ORG_3984
Nicola Sturgeon	Nicola Sturgeon	PER	PER_456
Pariza	Pariz	LOC	LOC_22
Pariškega sporazuma	pariški sporazum	PRO	PRO_3669
Rusijo	Rusija	LOC	LOC_95
SDS	SDS	ORG	ORG_1481
SLS	SLS	ORG	ORG_4407
Sadiq Khan	Sadiq Khan	PER	PER_2570
Severne Koreje	severen Koreja	LOC	LOC_60
Simon Coveney	Simon Coveney	PER	PER_4410
Trumpom	trump	PER	PER_977
Trumpov	Trumpov	PER	PER_977
Trumpove	Trumpov	PER	PER_977
Trumpovemu	Trumpov	PER	PER_977
Ursula von der Leyen	Ursula von der Leyen	PER	PER_45
ZDA	ZDA	LOC	LOC_69
Združenem kraljestvu	združen kraljestvo	LOC	LOC_6
evropske ljudske stranke	evropski ljudski stranka	ORG	ORG_1436
facebooku	facebook	PRO	PRO_98
twitterju	twitter	PRO	PRO_71
združenega kraljestva	združen kraljestvo	LOC	LOC_6
Škotske	škotski	LOC	LOC_790
