sl-176
Američanov	Američan	PER	PER_64
Andrewom Cuomom	Andrew Cuomom	PER	PER_1662
Anthony Fauci	Anthony Fauca	PER	PER_169
Biden	Biden	PER	PER_3577
Bidna	biden	PER	PER_3577
Burgum	Burgum	PER	PER_3976
Donald Trump	Donald Trump	PER	PER_70
Doug Burgum	Doug Burgum	PER	PER_3976
Fauci	Fauca	PER	PER_2423
Faucija	Faucija	PER	PER_2423
Jay Inslee	Jay Inslee	PER	PER_3975
Joe Biden	Joe Biden	PER	PER_76
Nacionalnega inštituta za zdravstvo	nacionalen inštitut za zdravstvo	ORG	ORG_1626
New Yorku	New York	LOC	LOC_2256
Pfizer	Pfizer	ORG	ORG_67
Severni Dakoti	severen Dakoti	LOC	LOC_523
Trump	Trump	PER	PER_977
Trumpa	Trumpa	PER	PER_977
Trumpovo	Trumpov	PER	PER_977
Washingtona	Washington	LOC	LOC_183
ZDA	ZDA	LOC	LOC_69
