sl-126
Al Gore	Al Gora	PER	PER_3449
Bele hiše	bel hiša	LOC	LOC_72
Biden	Biden	PER	PER_3577
Bidna	biden	PER	PER_3577
Bidnovo	Bidnov	PER	PER_1246
Clintonova	Clintonov	PER	PER_3473
Clintonovi	Clintonov	PER	PER_3473
Demokrati	demokrat	ORG	ORG_3320
Donaldu Trumpu	Donald Trump	PER	PER_70
Floridi	Floridi	LOC	LOC_894
Georga Busha	Georga Bush	PER	PER_3450
Gore	Gora	PER	PER_3449
Hillary Clinton	Hillary Clinton	PER	PER_2175
Josephu Bidnu	Josepho Bidno	PER	PER_2173
Matt Morgan	Matt Morgan	PER	PER_3444
Morgan	Morgan	PER	PER_3444
Reuters	Reuters	ORG	ORG_153
Trump	Trump	PER	PER_977
Trumpa	Trumpa	PER	PER_977
Trumpov	Trumpov	PER	PER_977
Trumpove	Trumpov	PER	PER_977
ZDA	ZDA	LOC	LOC_69
demokrate	demokrat	ORG	ORG_3320
demokratom	demokrat	PER	PER_2172
republikanec	republikanec	PER	PER_1985
