sl-190
Biden	Biden	PER	PER_3577
Bidnovih	Bidnov	PER	PER_1246
Bližnjem vzhodu	bližnji vzhod	LOC	LOC_841
Cambridgea	Cambridge	ORG	ORG_848
Christopherjem Millerjem	Christopher Miller	PER	PER_4394
Delawaru	Delaware	LOC	LOC_3342
Donald Trump	Donald Trump	PER	PER_70
Iran	Iran	LOC	LOC_177
Joe Biden	Joe Biden	PER	PER_76
Markom Milleyem	Mark Milleyem	PER	PER_1061
Massachusetsu	Massachusets	LOC	LOC_508
Mednarodne agencije za jedrsko energijo	mednaroden agencija za jedrski energija	ORG	ORG_4542
Mikeom Penceom	Mikeom Pence	PER	PER_3847
Mikeom Pompeom	Mikeom Pompeom	PER	PER_662
Moderna	moderna	ORG	ORG_87
Moody's	Moody's	ORG	ORG_4543
New York Times	New York Times	PRO	PRO_51
New York Timesa	New York Times	PRO	PRO_51
Republikanci	republikanec	PER	PER_1985
Trump	Trump	PER	PER_977
Trumpa	Trumpa	PER	PER_977
Trumpovim	Trumpov	PER	PER_977
Trumpu	Trump	PER	PER_977
Wall Streeta	Wall Stree	LOC	LOC_3991
Washington	Washington	LOC	LOC_183
Wilmingtona	Wilmington	LOC	LOC_4129
ZDA	ZDA	LOC	LOC_69
Zoomu	Zoom	PRO	PRO_1775
demokrat	demokrat	PER	PER_2172
