sl-115
Ameriki	Amerika	LOC	LOC_69
Američani	Američan	PER	PER_64
Donaldu Trampu	Donald Tramp	PER	PER_70
Donaldu Trumpu	Donald Trump	PER	PER_70
Eržen/Delo	Eržen / delo	PER	PER_4090
JNA	JNA	ORG	ORG_4091
Janez Janša	Janez Janša	PER	PER_2013
Janša	Janša	PER	PER_2013
Janši	Janši	PER	PER_2013
Joe Biden	Joe Biden	PER	PER_76
Konservativni pol	konservativen pol	ORG	ORG_4047
Mefistom	Mefist	PER	PER_4094
Noriškem kraljestvu	noriški kraljestvo	LOC	LOC_4093
Pravičnost in mir	pravičnost in mir	PRO	PRO_4092
Slovencev	Slovenec	PER	PER_716
Slovenije	Slovenija	LOC	LOC_831
Sloveniji	Slovenija	LOC	LOC_831
Slovenijo	Slovenija	LOC	LOC_831
Trump	Trump	PER	PER_977
Trumpu	Trump	PER	PER_977
Washingtonu	Washington	LOC	LOC_183
ZDA	ZDA	LOC	LOC_69
katoliška cerkev	katoliški cerkev	ORG	ORG_2196
