sl-184
Aljaske	Aljaska	LOC	LOC_3884
Ben Sasse	Ben Sasse	PER	PER_3885
Bidna	biden	PER	PER_3577
Bidnovo	Bidnov	PER	PER_1246
Bidnu	Bidno	PER	PER_1246
Emily	Emily	PER	PER_3314
Emily Murphy	Emily Murphy	PER	PER_3314
FBI	FBI	ORG	ORG_3418
GSA	GSA	ORG	ORG_3313
Georgia	Georgia	LOC	LOC_2174
Lamar Alexander	Lamar Alexander	PER	PER_3883
Lisa Murkowski	Lisa Murkowski	PER	PER_3400
Maina	Maina	LOC	LOC_3887
Michigana	Michigan	LOC	LOC_99
Michiganu	Michigan	LOC	LOC_99
Mitt Romney	Mitt Romney	PER	PER_3399
Nebraske	nebraski	LOC	LOC_104
Nevada	Nevad	LOC	LOC_1153
Ohia	Ohia	LOC	LOC_1736
Rob Portman	rob Portman	PER	PER_2485
Shelley Moore Capito	Shelley Moora Capita	PER	PER_3886
Susan Collins	Susan Collins	PER	PER_3319
Tennesseeja	Tennesseeja	LOC	LOC_3374
Trump	Trump	PER	PER_977
Trumpova	Trumpov	PER	PER_977
Turmpove	Turmpov	PER	PER_3882
Utaha	Utah	LOC	LOC_524
Zahodne Virginije	zahoden Virginija	LOC	LOC_3373
republikancev	republikanec	PER	PER_1985
