sl-125
Barryjeva	Barryjev	PER	PER_4141
Bela hiša	bel hiša	ORG	ORG_1705
Belo hišo	bel hiša	LOC	LOC_72
CNN	CNN	ORG	ORG_383
Charlottu	Charlott	LOC	LOC_3900
Claudia Conway	Claudio Conway	PER	PER_4242
Donalda Trumpa	Donalda Trumpa	PER	PER_70
Donaldu Trumpu	Donald Trump	PER	PER_70
George	George	PER	PER_2171
George Conway	George Conway	PER	PER_4479
Georgom Conwayjem	Georg Conway	PER	PER_4479
Guardian	Guardian	ORG	ORG_2709
Kellyanne Conway	kellyanen Conway	PER	PER_3461
Lincoln Project	Lincoln Project	ORG	ORG_4480
Lincolnov	Lincolnov	PER	PER_4478
Lincolnovega	Lincolnov	PER	PER_4478
Mary Trump	Mary Trump	PER	PER_1738
Maryanne Trump Barry	Maryanne Trump Barry	PER	PER_4034
Mehiko	Mehiko	LOC	LOC_79
Preveč	preveč	PRO	PRO_4481
STA	biti	ORG	ORG_953
Severni Karolini	severen Karolina	LOC	LOC_168
Trump	Trump	PER	PER_977
Trumpa	Trumpa	PER	PER_977
Trumpov	Trumpov	PER	PER_977
Trumpova	Trumpov	PER	PER_977
Trumpove	Trumpov	PER	PER_977
Washington Post	Washington post	PRO	PRO_3763
ZDA	ZDA	LOC	LOC_69
Združenih držav Amerike	združen država Amerika	LOC	LOC_69
twitterju	twitter	PRO	PRO_71
univerzo v Pensilvaniji	univerza v Pensilvanija	ORG	ORG_2220
