sl-145
Biden	Biden	PER	PER_3577
Bidna	biden	PRO	PRO_3700
Bidnov kombi	Bidnov komba	ORG	ORG_3999
Donalda Trumpa	Donalda Trumpa	PER	PER_70
Erieju	Erie	LOC	LOC_4001
Fox News	fox News	ORG	ORG_3600
Fox Newsa	Fox News	PRO	PRO_3308
Fox Newsu	Fox News	PRO	PRO_3308
Hopkinsova	Hopkinsov	PER	PER_4000
Joe Biden	Joe Biden	PER	PER_76
Nevadi	Nevadi	ORG	ORG_3998
Pensilvanije	Pensilvanija	LOC	LOC_2427
Richard Hopkins	Richard Hopkins	PER	PER_4000
Trump	Trump	PER	PER_977
Trumpa	Trumpa	PER	PER_977
Trumpovem	Trumpov	PER	PER_977
Trumpovi	Trumpov	PER	PER_977
Trumpovih	Trumpov	PER	PER_977
Trumpu	Trump	PER	PER_977
ZDA	ZDA	LOC	LOC_69
