sl-100
Afganistana	Afganistan	LOC	LOC_157
Aljaski	Aljaska	LOC	LOC_3884
Amerike	Amerika	LOC	LOC_69
Ameriko	Amerika	LOC	LOC_69
Američanov	Američan	PER	PER_64
Anthonyja Blinkna	Anthony Blinkn	PER	PER_4095
Arktičnem naravnem rezervatu	arktičen naraven rezervat	ORG	ORG_4150
Biden	Biden	PER	PER_3577
Bidna	biden	PRO	PRO_3700
Bidnovo	Bidnov	PER	PER_1246
Bidnu	Bidno	PER	PER_1246
Bližnjega vzhoda	bližnji vzhod	LOC	LOC_841
Damask	Damask	LOC	LOC_4149
Donalda Trumpa	Donalda Trumpa	PER	PER_70
EU	EU	ORG	ORG_5
Evropa	Evropa	LOC	LOC_49
Evropejcem	Evropejec	PER	PER_411
Evropi	Evropa	LOC	LOC_49
Evropo	Evropa	LOC	LOC_49
Evropska unija	evropski unija	ORG	ORG_5
Evropske unije	evropski unija	ORG	ORG_5
Evropsko unijo	evropski unija	ORG	ORG_5
Joe	Joe	PER	PER_3622
Joe Biden	Joe Biden	PER	PER_76
Kitajske	Kitajska	LOC	LOC_56
Kitajskem	Kitajsko	LOC	LOC_56
Kitajski	Kitajska	LOC	LOC_56
Macron	Macron	PER	PER_1119
Nata	Nato	ORG	ORG_4042
Obama	Obam	PER	PER_3496
Republikanci	republikanec	PER	PER_1985
Scrantona	scranton	LOC	LOC_4147
Sirijo	Sirija	LOC	LOC_3797
Trump	Trump	PER	PER_977
Trumpa	Trumpa	PER	PER_977
Trumpove	Trumpov	PER	PER_977
Trumpovih	Trumpov	PER	PER_977
Trumpovo	Trumpov	PER	PER_977
Washingtonu	Washington	LOC	LOC_183
ZDA	ZDA	LOC	LOC_69
Združenih držav Amerike	združen država Amerika	LOC	LOC_69
Združenimi državami	združen država	LOC	LOC_2345
ameriško vrhovno sodišče	ameriški vrhoven sodišče	ORG	ORG_3345
iranski jedrski sporazum	iranski jedrski sporazum	PRO	PRO_4043
pariškemu podnebnemu sporazumu	pariški podneben sporazum	PRO	PRO_3669
republikance	republikanec	PER	PER_1985
z Iranom	z Iran	PRO	PRO_4148
