sl-177
Aleksander Lucu	Aleksander Luc	PER	PER_1741
Ameriki	Amerika	LOC	LOC_69
Andrzej Duda	Andrzej Duda	PER	PER_2315
Angela Merkel	Angel Merkel	PER	PER_117
Angelo Merkel	Angelo Merkel	PER	PER_117
Balkana	Balkan	LOC	LOC_1953
Borut Pahor	Borut Pahor	PER	PER_1482
Bruslju	Bruselj	LOC	LOC_1373
Donalda Trumpa	Donalda Trumpa	PER	PER_70
EU	EU	ORG	ORG_5
Fidesz	Fidesz	ORG	ORG_1437
Janez Janša	Janez Janša	PER	PER_2013
Janeza Janše	Janez Janše	PER	PER_2013
Janša	Janša	PER	PER_2013
Janšev	Janšev	PER	PER_2013
Janši	Janši	PER	PER_2013
Jaroslaw Kaczynski	Jaroslaw kaczynski	PER	PER_2448
Kaczynski	kaczynski	PER	PER_1324
Lukašenkove	Lukašenkov	PER	PER_1224
Madžarska	Madžarska	LOC	LOC_1432
Madžarsko	Madžarska	LOC	LOC_1432
Mali Trumpek	mali Trumpek	PER	PER_4504
Mateus Morawiecki	Mateus Morawiecki	PER	PER_2268
Merklova	merklov	PER	PER_1793
Miro Cerar	Mira Cerar	PER	PER_4471
Nedeljskega dnevnika	nedeljski dnevnik	PRO	PRO_896
Nemčiji	Nemčija	LOC	LOC_27
Orban	Orban	PER	PER_1435
Poljska	Poljska	LOC	LOC_107
Poljskem	Poljsko	LOC	LOC_107
Poljsko	Poljska	LOC	LOC_107
Portugalski	Portugalska	LOC	LOC_832
SMC	SMC	ORG	ORG_2119
Slovenija	Slovenija	LOC	LOC_831
Slovenije	Slovenija	LOC	LOC_831
Sloveniji	Slovenija	LOC	LOC_831
Svetu EU	svet EU	ORG	ORG_5
Ursula von der Leyen	Ursula von der Leyen	PER	PER_45
Viktor Orban	Viktor Orban	PER	PER_1435
Zakon	zakon	ORG	ORG_4503
evropske komisije	evropski komisija	ORG	ORG_129
lizbonski pogodbi	lizbonski pogodba	PRO	PRO_4505
Šepet	šepet	PRO	PRO_4502
