sl-135
Američani	Američan	PER	PER_64
Američanov	Američan	PER	PER_64
Amy Coney Barrett	Amy Coney Barrett	PER	PER_3626
Arizoni	Arizoni	LOC	LOC_1748
Barack Obama	Barack Obam	PER	PER_3496
Beli hiši	bel hiša	LOC	LOC_72
Belo hišo	bel hiša	LOC	LOC_72
Biden	Biden	PER	PER_3577
Bidna	biden	PER	PER_3577
Bidnu	Bidno	ORG	ORG_4045
Cala Cunninghama	Cala Cunningham	PER	PER_4376
Clintonovo	Clintonov	PER	PER_3473
Delawara Wilmingtonu	Delawara Wilmington	LOC	LOC_4129
Demokrate	demokrat	ORG	ORG_3320
Donald Trump	Donald Trump	PER	PER_70
Floridi	Floridi	LOC	LOC_894
Georgii	Georgii	LOC	LOC_2174
Grand Rapidsu	Grand Rapidso	LOC	LOC_4375
Hillary Clinton	Hillary Clinton	PER	PER_2175
Iowi	Iowi	LOC	LOC_3825
Joe Biden	Joe Biden	PER	PER_76
Joni Ernst	Joni Ernst	PER	PER_4377
Južni Karolini	južen Karolina	LOC	LOC_168
Kamala Harris	Kamal Harris	PER	PER_1984
Latinske Amerike	latinski Amerika	LOC	LOC_219
Lindsey Graham	Lindsey Grahe	PER	PER_3329
Mainu	Main	LOC	LOC_3887
Mark Kelly	Mark Kelly	PER	PER_4378
Marthe McSally	Marthe McSally	PER	PER_3326
Michiganu	Michigan	LOC	LOC_99
Minnesoti	Minnesoti	LOC	LOC_1747
Montani	Montani	LOC	LOC_4132
New York Timesa	New York Times	PRO	PRO_51
Ohiu	Ohiu	LOC	LOC_1736
Pensilvaniji	Pensilvanija	LOC	LOC_2427
RealClearPolitics	Realclearpolitics	ORG	ORG_3365
Severni Karolini	severen Karolina	LOC	LOC_168
Susan Collins	Susan Collins	PER	PER_3319
Teksasu	Teksas	LOC	LOC_1022
Thom Tillis	Thom Tillis	PER	PER_4014
Trump	Trump	PER	PER_977
Trumpa	Trumpa	PER	PER_977
Trumpov	Trumpov	PER	PER_977
Wisconsinu	Wisconsin	LOC	LOC_527
Združenih državah	združen država	LOC	LOC_4164
demokrati	demokrat	PER	PER_2172
demokratih	demokrat	PER	PER_2172
demokratov	demokrat	ORG	ORG_3320
republikancev	republikanec	PER	PER_1985
republikanci	republikanec	PER	PER_1985
zvezno sodišče	zvezen sodišče	ORG	ORG_3990
