sl-123
Cohen	Cohen	PER	PER_3947
Cohenova	Cohenov	PER	PER_3947
Donalda Trumpa	Donalda Trumpa	PER	PER_70
Kremenčkovih	Kremenčkov	PER	PER_2157
Las Vegasu	las Vegas	LOC	LOC_4055
Melania	Melania	PER	PER_4002
Melanii	Melania	PER	PER_4002
Michael Cohen	Michael Cohen	PER	PER_3780
Rusi	Rus	PER	PER_1372
Skyhorse	Skyhorse	ORG	ORG_4155
Sovjetske zveze	sovjetski zveza	LOC	LOC_95
Stormy Daniels	Stormy Daniels	PER	PER_3941
Trump	Trump	PER	PER_977
Trumpa	Trumpa	PER	PER_977
Trumpom	trump	PER	PER_977
Trumpov	Trumpov	PER	PER_977
Trumpovo	Trumpov	PER	PER_977
Trumpu	Trump	PER	PER_977
Vladimirjem Putinom	Vladimir Putinom	PER	PER_315
