sl-194
Američane	Američan	PER	PER_64
Američani	Američan	PER	PER_64
Bele hiše	bel hiša	LOC	LOC_72
Bennie Thompson	Bennie Thompson	PER	PER_1644
Biden	Biden	PER	PER_3577
Bidna	biden	PER	PER_3577
Bidnove	Bidnov	PER	PER_1246
Brad Raffensperger	Brad Raffensperger	PER	PER_3349
Chris Krebs	Chris Krebs	PER	PER_4052
Chrisa Krebsa	Chris Krebsa	PER	PER_4052
Donald Trump	Donald Trump	PER	PER_70
Georgia	Georgia	LOC	LOC_2174
Georgii	Georgii	LOC	LOC_2174
Georgio	Georgio	PER	PER_2171
Graham	Grahe	PER	PER_4108
Joeja Bidna	Joeja Bidno	PER	PER_76
Južne Karoline	južen Karoline	LOC	LOC_168
Krebs	Krebs	PER	PER_4052
Lindseyja Grahama	Lindsey Graham	PER	PER_3329
Marka Esperja	Marko Esper	PER	PER_4117
Nadzor nad govoricami	nadzor nad govorica	ORG	ORG_4123
Pensilvaniji	Pensilvanija	LOC	LOC_2427
Pentagona	Pentagon	ORG	ORG_1659
Philadelphie	Philadelphie	LOC	LOC_3816
Raffensperger	Raffensperger	PER	PER_4126
Trump	Trump	PER	PER_977
Trumpovi	Trumpov	PER	PER_977
Trumpovih	Trumpov	PER	PER_977
Trumpovo	Trumpov	PER	PER_977
Washington Post	Washington post	PRO	PRO_3763
ZDA	ZDA	LOC	LOC_69
agencije za kibernetsko varnost in infrastrukturo	agencija za kibernetski varnost in infrastruktura	ORG	ORG_3434
demokrata	demokrat	ORG	ORG_3320
demokratske stranke	demokratski stranka	ORG	ORG_584
odbora za domovinsko varnost	odbor za domovinski varnost	ORG	ORG_4124
republikancem	republikanec	PER	PER_1985
republikanske	republikanski	ORG	ORG_2775
twitterja	twitter	PRO	PRO_71
