sl-101
Arizoni	Arizoni	LOC	LOC_1748
Belo hišo	bel hiša	LOC	LOC_72
Biden	Biden	PER	PER_3577
CT	CT	PRO	PRO_791
Champa	Champa	PER	PER_4133
Donald Trump	Donald Trump	PER	PER_70
FBI	FBI	ORG	ORG_3418
Fox	Fox	ORG	ORG_3638
Fox News	fox News	PRO	PRO_3308
Joe Biden	Joe Biden	PER	PER_76
Joeja Bidna	Joeja Bidno	PER	PER_76
Joshua Roberts	Joshua Roberts	PER	PER_4432
Ken Star	Ken Star	PER	PER_3981
Kevin O'Connor	Kevin O'Connor	PER	PER_4431
Majorja	Major	PER	PER_4134
Majorjem	Major	PER	PER_4134
Mario Bartiromo	Mario Bartiromo	PER	PER_3819
NBC	NBC	ORG	ORG_382
Reuters	Reuters	ORG	ORG_153
Trump	Trump	PER	PER_977
Trumpov	Trumpov	PER	PER_977
Trumpove	Trumpov	PER	PER_977
ZDA	ZDA	LOC	LOC_69
