sl-103
Američane	Američan	PER	PER_64
Američani	Američan	PER	PER_64
Bele hiše	bel hiša	LOC	LOC_72
Bennie Thompson	Bennie Thompson	PER	PER_1644
Biden	Biden	PER	PER_3577
Bidna	biden	PER	PER_3577
Bidnove	Bidnov	PER	PER_1246
Georgie Brad Raffensperger	Georgie Brad Raffensperger	PER	PER_4125
Georgii	Georgii	LOC	LOC_2174
Georgio	Georgio	PER	PER_2171
Graham	Grahe	PER	PER_4108
Joeja Bidna	Joeja Bidno	PER	PER_76
Južne Karoline	južen Karoline	LOC	LOC_168
Krebs	Krebs	PER	PER_4052
Lindseyja Grahama	Lindsey Graham	PER	PER_3329
Marka Esperja	Marko Esper	PER	PER_4117
Nadzor nad govoricami	nadzor nad govorica	ORG	ORG_4123
Pensilvaniji	Pensilvanija	LOC	LOC_2427
Pentagona	Pentagon	ORG	ORG_1659
Philadelphie	Philadelphie	LOC	LOC_3816
Raffensperger	Raffensperger	PER	PER_4126
Trump	Trump	PER	PER_977
Trumpova	Trumpov	PER	PER_977
Trumpovi	Trumpov	PER	PER_977
Trumpovih	Trumpov	PER	PER_977
Trumpovo	Trumpov	PER	PER_977
Washington Post	Washington post	PRO	PRO_3763
ZDA	ZDA	LOC	LOC_69
demokrat	demokrat	ORG	ORG_3320
demokrata	demokrat	ORG	ORG_3320
kongresa	kongres	ORG	ORG_3350
odbora za domovinsko varnost	odbor za domovinski varnost	ORG	ORG_4124
republikancem	republikanec	PER	PER_1985
twitterja	twitter	PRO	PRO_71
zvezne agencije za spletno varnost	zvezen agencija za spleten varnost	ORG	ORG_4122
