sl-182
Afganistanu	Afganistan	LOC	LOC_157
Agencije za	agencija za	ORG	ORG_1608
Alejandra Mayorkasa	Alejandra Mayorkas	PER	PER_4016
Anthonyja Blinkena	Anthony Blinken	PER	PER_3507
Avril Haines	Avril Haines	PER	PER_4018
Biden	Biden	PER	PER_3577
Bidnovo	Bidnov	PER	PER_1246
Cia	Cia	ORG	ORG_4019
Donalda Trumpa	Donalda Trumpa	PER	PER_70
Hillary Clinton	Hillary Clinton	PER	PER_2175
Iraku	Irak	LOC	LOC_177
Irana	Irana	LOC	LOC_177
Izraela	Izrael	LOC	LOC_833
Jaka Sullivana	Jaka Sullivan	PER	PER_4020
John Negroponte	John Negroponta	PER	PER_4026
Južnemkitajskem morju	južnemkitajski morje	LOC	LOC_3385
Kerryjev	Kerryjev	PER	PER_4099
Kitajske	Kitajska	LOC	LOC_56
Kubi	Kubi	LOC	LOC_980
Lindo Thomas Greenfield	Lindo Thomas Greenfield	PER	PER_4021
Mayorkas	Mayorkas	PER	PER_4017
Michael Hayden	Michael Hayden	PER	PER_4025
Mitch McConnell	Mitch McConnell	PER	PER_3328
NSA	NSA	ORG	ORG_4024
Palestincev	Palestinec	PER	PER_4027
Rusije	Rusija	LOC	LOC_95
Skupina republikanskih strokovnjakov za nacionalno varnost	skupina republikanski strokovnjak za nacionalen varnost	ORG	ORG_3144
Tom Ridge	Tom Ridge	PER	PER_4022
Trump	Trump	PER	PER_977
ZDA	ZDA	LOC	LOC_69
ZN	ZN	ORG	ORG_1330
ZN Biden	ZN Biden	ORG	ORG_3666
kongresne	kongresen	ORG	ORG_3350
pogodbe o odprtem nebu	pogodba o odprt nebo	PRO	PRO_4028
republikance	republikanec	PER	PER_1985
varnost	varnost	ORG	ORG_4023
