sl-169
Arizoni	Arizoni	LOC	LOC_1748
Belo hišo	bel hiša	LOC	LOC_72
Biden	Biden	PER	PER_3577
Bidnov	Bidnov	PER	PER_1246
Bidnu	Bidno	PER	PER_1246
Brad Raffensperger	Brad Raffensperger	PER	PER_3349
Chris Krebs	Chris Krebs	PER	PER_4052
Demokrati	demokrat	ORG	ORG_3320
Demokratu	Demokrat	ORG	ORG_3320
Detroit	Detroit	LOC	LOC_1669
Donald Trump	Donald Trump	PER	PER_70
Donaldu Trumpu	Donald Trump	PER	PER_70
Georgia	Georgia	LOC	LOC_2174
Georgii	Georgii	LOC	LOC_2174
Giuliani	Giuliani	PER	PER_1244
Giulianijeva	Giulianijev	PER	PER_1244
Harvarda	Harvard	ORG	ORG_3494
Joe Pesci	Joe Pesca	PER	PER_2032
Joeja Bidna	Joeja Bidno	PER	PER_76
Kitajske	Kitajska	LOC	LOC_56
Kube	Kube	LOC	LOC_980
Marc Scaringi	Marc Scaringi	PER	PER_4131
Michiganu	Michigan	LOC	LOC_99
My Cousin Vinny	my cousin vinny	PRO	PRO_4130
Nicholas Stephanopoulos	Nicholas Stephanopoulos	PER	PER_3214
Novi Mehiki	nov Mehika	LOC	LOC_3583
Rudy Giuliani	Rudy Giuliani	PER	PER_1244
Rudyja Giulianija	Rudyja Giulianija	PER	PER_1244
Tanzaniji	Tanzanija	LOC	LOC_2241
Trump	Trump	PER	PER_977
Trumpov	Trumpov	PER	PER_977
Trumpove	Trumpov	PER	PER_977
Trumpovem	Trumpov	PER	PER_977
Trumpovi	Trumpov	PER	PER_977
Trumpovo	Trumpov	PER	PER_977
Venezuele	Venezuele	LOC	LOC_2163
Wayne	Wayne	LOC	LOC_4128
Wilmingtonu	Wilmington	LOC	LOC_4129
ZDA	ZDA	LOC	LOC_69
državnega kongresa Michigana	državen kongres Michigan	ORG	ORG_4127
državno volilno komisijo	državen volilen komisija	ORG	ORG_3830
republikance	republikanec	PER	PER_1985
republikancev	republikanec	PER	PER_1985
