sl-1
Američane	Američan	PER	PER_64
Beauju	Beau	PER	PER_4157
Belo hišo	bel hiša	LOC	LOC_72
Biden	Biden	PER	PER_3577
Bidna	biden	PER	PER_3577
Bidnovemu	Bidnovo	PER	PER_1246
Chris Wallace	Chris Wallace	PER	PER_3889
Clevelandu	Cleveland	LOC	LOC_3467
Donaldom Trumpom	Donald Trump	PER	PER_70
Fox News	fox News	PRO	PRO_3308
Frank Luntz	Frank Luntz	PER	PER_4251
Hunterju	Hunter	PER	PER_1209
Joejem Bidnom	Joejem Bidno	PER	PER_76
Kamale Harris	Kamale Harris	PER	PER_1984
Kennedy	Kennedy	PER	PER_626
Mika Pencea	Mika Pence	PER	PER_3847
NBC	NBC	ORG	ORG_382
New York Times	New York Times	PRO	PRO_51
Nixon	Nixon	PER	PER_3974
Proud Boys	proud Boys	ORG	ORG_4009
Trump	Trump	PER	PER_977
Trumpa	Trumpa	PER	PER_977
Trumpova	Trumpov	PER	PER_977
Trumpovih	Trumpov	PER	PER_977
Trumpovo	Trumpov	PER	PER_977
Trumpu	Trump	PER	PER_977
Ukrajini	Ukrajina	LOC	LOC_318
Wall Street Journala	Wall Street Journal	ORG	ORG_3734
demokrati	demokrat	PER	PER_2172
twitterju	twitter	PRO	PRO_71
