sl-173
Arizoni	Arizoni	LOC	LOC_1748
Bartiromovo	Bartiromov	PER	PER_3819
Biden	Biden	PER	PER_3577
Bidna	biden	PER	PER_3577
Bidnu	Bidno	PER	PER_1246
Dominion	Dominion	ORG	ORG_3985
Donald Trump	Donald Trump	PER	PER_70
FBI	FBI	ORG	ORG_3418
Fox	Fox	ORG	ORG_3638
Fox News	fox News	PRO	PRO_3308
Georgie Briana Kempa	Georgie Brian Kempa	PER	PER_3982
Georgii	Georgii	LOC	LOC_2174
Hillary Clinton	Hillary Clinton	PER	PER_2175
Hugom Chavezom	Hug Chavez	PER	PER_3843
Jamesa Comeyja	James Comey	PER	PER_564
Joeja Bidna	Joeja Bidno	PER	PER_76
Kemp	Kemp	PER	PER_3983
Kempa	Kempa	PER	PER_3983
Ken Star	Ken Star	PER	PER_3981
Kuba	Kuba	LOC	LOC_980
Kubo	Kubo	LOC	LOC_980
Mario Bartiromo	Mario Bartiromo	PER	PER_3819
Nato	nato	ORG	ORG_3984
Trump	Trump	PER	PER_977
Trumpa	Trumpa	PER	PER_977
Trumpove	Trumpov	PER	PER_977
Trumpovih	Trumpov	PER	PER_977
Venezuela	Venezuel	LOC	LOC_2163
Venezuelo	Venezuelo	LOC	LOC_2163
ZDA	ZDA	LOC	LOC_69
republikance	republikanec	PER	PER_1985
vrhovno sodišče ZDA	vrhoven sodišče ZDA	ORG	ORG_3345
