sl-161
Američani	Američan	PER	PER_64
Beli hiši	bel hiša	LOC	LOC_72
Bidnom	biden	PER	PER_1246
Bidnove	Bidnov	PER	PER_1246
CNN	CNN	PRO	PRO_243
Donald	Donald	PER	PER_3783
Donaldu Trumpu	Donald Trump	PER	PER_70
Eric	Eric	PER	PER_3570
Jaredom Kushnerjem	Jared Kushner	PER	PER_3537
Jason Miller	Jason Miller	PER	PER_2262
Joe Biden	Joe Biden	PER	PER_76
Kate Bedingfield	Kate Bedingfield	PER	PER_3996
Kushner	Kushner	PER	PER_4306
Mail on Sunday	mailo on Sunday	PRO	PRO_4404
Manigault Newman	Manigault Newman	PER	PER_3760
Melania Trump	Melania Trump	PER	PER_1738
Newmanova	newmanov	PER	PER_4405
Omarosa Manigault Newman	Omaros Manigault Newman	PER	PER_3760
Omarose	Omarose	PER	PER_4249
Trump	Trump	PER	PER_977
Trumpom	trump	PER	PER_977
Trumpova	Trumpov	PER	PER_977
Trumpove	Trumpov	PER	PER_977
Trumpovi	Trumpov	PER	PER_977
Trumpovih	Trumpov	PER	PER_977
Trumpu	Trump	PER	PER_977
Twitterju	Twitter	PRO	PRO_71
Vajenec	vajenec	PRO	PRO_4039
ZDA	ZDA	LOC	LOC_69
