sl-11
Aleksandri Pivec	Aleksander Pivec	PER	PER_2065
Aleksandro Pivec	Aleksandro Pivec	PER	PER_2065
Bojan Velikonja	Bojan Velikonja	PER	PER_1226
DeSUS	Desus	ORG	ORG_1629
DeSUS-ov	Desus - ov	ORG	ORG_4246
DeSUS-ovega	Desus - ovega	ORG	ORG_4246
DeSUS-ovo	Desus - ovo	ORG	ORG_4246
Erjavec	Erjavec	PER	PER_4244
Erjavčevega	Erjavčev	PER	PER_4244
Gantarjevega	Gantarjev	PER	PER_1236
Hrvaško	Hrvaška	LOC	LOC_1674
Janeza Janše	Janez Janše	PER	PER_2013
Karl Erjavec	Karl Erjavec	PER	PER_4244
Komisije za preprečevanje korupcije	komisija za preprečevanje korupcija	ORG	ORG_4247
Komisijo za preprečevanje korupcije	komisija za preprečevanje korupcija	ORG	ORG_4247
Patria	Patria	ORG	ORG_951
Pivčevi	Pivčeva	PER	PER_4245
Pivčevo	pivčeva	PER	PER_4245
Slovenija	Slovenija	LOC	LOC_831
Slovenijo	Slovenija	LOC	LOC_831
Tomaž Gantar	Tomaž Gantar	PER	PER_1337
Zoranom Jankovićem	Zoran Jankovićem	PER	PER_4234
drugi svetovni vojni	drug svetoven vojna	EVT	EVT_407
