sl-156
Arizoni	Arizoni	LOC	LOC_1748
Bele hiše	bel hiša	LOC	LOC_72
Beli hiši	bel hiša	LOC	LOC_72
Biden	Biden	PER	PER_3577
Bidena	Bidena	PER	PER_3577
Bidenov	Bidenov	PER	PER_1246
Bidenove	Bidenov	PER	PER_3577
Bidenovo	Bidenov	PER	PER_1246
CNN	CNN	ORG	ORG_383
Camdena	Camden	LOC	LOC_3835
DMC	DMC	ORG	ORG_4476
Demokratskega nacionalnega odbora	demokratski nacionalen odbor	ORG	ORG_3718
Donald Trump	Donald Trump	PER	PER_70
Filadelfija	Filadelfi	LOC	LOC_3816
Filadelfiji	Filadelfija	LOC	LOC_3816
Fox News	fox News	PRO	PRO_3308
Fox Newsa	Fox News	PRO	PRO_3308
Georgi	Georgi	PER	PER_2171
Giuliani	Giuliani	PER	PER_1244
Kanadčanov	Kanadčan	PER	PER_3547
Marsa	Mars	LOC	LOC_4057
Marsovce	marsovec	PER	PER_4475
Michiganu	Michigan	LOC	LOC_99
New Yorka	New York	LOC	LOC_2256
Nwe Jerseyju	nwe Jersey	LOC	LOC_4477
Pennsylvaniji	Pennsylvanija	LOC	LOC_2427
Rudy Giuliani	Rudy Giuliani	PER	PER_1244
Trump	Trump	PER	PER_977
Trumpov	Trumpov	PER	PER_977
Trumpove	Trumpov	PER	PER_977
Trumpovimi	Trumpov	PER	PER_977
Trumpovo	Trumpov	PER	PER_977
Trumpu	Trump	PER	PER_977
Wisconsinu	Wisconsin	LOC	LOC_527
demokratova	demokratova	PER	PER_2172
