sl-120
Afganistana	Afganistan	LOC	LOC_157
Al Kaide	Al Kaide	ORG	ORG_4113
Biden	Biden	PER	PER_3577
Bidna	biden	PER	PER_3577
Bidnom	biden	ORG	ORG_4045
Bidnova	Bidnova	PER	PER_1246
Bidnovo ekipo	Bidnov ekipa	ORG	ORG_4283
Busha	Bush	PER	PER_1707
Chrisa Krebsa	Chris Krebsa	PER	PER_4052
Clintona	Clinton	PER	PER_3473
Detroit	Detroit	LOC	LOC_1669
Donalda Trumpa	Donalda Trumpa	PER	PER_70
Floridi	Floridi	LOC	LOC_894
GOLJUFIJA	goljufija	LOC	LOC_4285
Georgii	Georgii	LOC	LOC_2174
Giuliani	Giuliani	PER	PER_1244
Iraka	Irak	LOC	LOC_177
Iran	Iran	LOC	LOC_177
Joeja Bidna	Joeja Bidno	PER	PER_76
Krebsa	Krebsa	PER	PER_4052
Mark Aronchick	Mark Aronchick	PER	PER_4284
Marka Esperja	Marko Esper	PER	PER_4117
Michiganu	Michigan	LOC	LOC_99
Mitch McConnell	Mitch McConnell	PER	PER_3328
Nancy Pelosi	Nancy Pelosa	PER	PER_3442
Pensilvaniji	Pensilvanija	LOC	LOC_2427
Pentagona	Pentagon	ORG	ORG_1659
Reuters	Reuters	ORG	ORG_153
Reutersa	Reuters	ORG	ORG_153
Rudy Giuliani	Rudy Giuliani	PER	PER_1244
Trump	Trump	PER	PER_977
Trumpa	Trumpa	PER	PER_977
Trumpova	Trumpov	PER	PER_977
Wisconsinu	Wisconsin	LOC	LOC_527
ZDA	ZDA	LOC	LOC_69
agencije za spletno varnost in varnost infrastrukture	agencija za spleten varnost in varnost infrastruktura	ORG	ORG_3434
demokratom	demokrat	ORG	ORG_3320
republikanci	republikanec	PER	PER_1985
