sl-160
Barack Obama	Barack Obam	PER	PER_3496
Beau	Bea	PER	PER_4157
Beli hiši	bel hiša	ORG	ORG_1705
Biden	Biden	PER	PER_3577
Clintonova	Clintonov	PER	PER_3473
Delawara	Delawara	PER	PER_3589
Hunter	Hunter	PER	PER_1209
Iowi	Iowi	ORG	ORG_4383
Joe Biden	Joe Biden	PER	PER_76
Južni Karolini	južen Karolina	LOC	LOC_168
Kamalo Harris	Kamalo Harris	PER	PER_1984
Naomi	Naomi	PER	PER_4380
Neila Kinnocka	Neila Kinnock	PER	PER_4382
Neilia	Neilia	PER	PER_4379
Obama	Obam	PER	PER_3496
Trumpu	Trump	PER	PER_977
Vietnam	Vietnam	LOC	LOC_660
ZDA	ZDA	LOC	LOC_69
demokratske stranke	demokratski stranka	ORG	ORG_584
laburista	laburist	PER	PER_4381
vietnamski vojni	vietnamski vojna	EVT	EVT_1455
