sl-162
Američanov	Američan	PER	PER_64
Arizoni	Arizoni	LOC	LOC_1748
Biden	Biden	PER	PER_3577
Bidnom	biden	PRO	PRO_4353
Bidnove	Bidnov	PER	PER_1246
Clintonova	Clintonov	PER	PER_3473
Clintonove	Clintonov	PER	PER_3473
Clintonovo	Clintonov	PER	PER_3473
Donaldom Trumpom	Donald Trump	PER	PER_70
FBI	FBI	ORG	ORG_3418
Floridi	Floridi	LOC	LOC_894
Georgii	Georgii	LOC	LOC_2174
Hillary Clinton	Hillary Clinton	PER	PER_2175
Hunterja Bidna	Hunter Bidno	PER	PER_4352
Iowi	Iowi	LOC	LOC_3825
James Comey	James Comey	PER	PER_564
Joe Biden	Joe Biden	PER	PER_76
Kalifornijo	Kalifornija	LOC	LOC_102
Michiganu	Michigan	LOC	LOC_99
Ohiu	Ohiu	LOC	LOC_1736
Pensilvaniji	Pensilvanija	LOC	LOC_2427
RealClear Politics	RealClear Politics	ORG	ORG_3365
Severni Karolini	severen Karolina	LOC	LOC_168
Teksasu	Teksas	LOC	LOC_1022
Trump	Trump	PER	PER_977
Trumpa	Trumpa	PER	PER_977
Trumpov	Trumpov	PER	PER_977
Trumpova	Trumpov	PER	PER_977
Trumpove	Trumpov	PER	PER_977
Ukrajini	Ukrajina	LOC	LOC_318
Wisconsinu	Wisconsin	LOC	LOC_527
demokrate	demokrat	ORG	ORG_3320
demokrati	demokrat	PER	PER_2172
demokratih	demokrat	PER	PER_2172
demokratov	demokrat	ORG	ORG_3320
republikancev	republikanec	PER	PER_1985
republikanec	republikanec	PER	PER_1985
