sl-139
Armanijevi	Armanijev	LOC	LOC_4185
BTS	BTS	ORG	ORG_4179
Cardigan	Cardigan	PRO	PRO_4177
Cookie Lyon	cookie Lyon	PER	PER_4183
Doja Cat	doj Cat	PER	PER_4178
Donalda Trumpa	Donalda Trumpa	PER	PER_70
Dua Lipa	Dua lipa	PER	PER_4188
Empire	Empire	PRO	PRO_4184
Fine Line	fine line	PRO	PRO_4180
Harryja Stylesa	Harry Styles	PER	PER_4182
Hensonova	Hensonov	PER	PER_3961
Jennifer Lopez	Jennifer Lopez	PER	PER_4187
Justin Bieber	Justin Bieber	PER	PER_1962
Južne Koreje	južen Koreja	LOC	LOC_60
Los Angelesu	Los Angeles	LOC	LOC_248
Machine Gun Kelly	machine gun Kelly	PRO	PRO_4189
Megan Fox	Megan Fox	PER	PER_4190
One Direction	One Direction	ORG	ORG_4181
Taraji	Taraji	PER	PER_4186
Taraji P. Henson	Taraji P. Henson	PER	PER_4175
Taylor Swift	Taylor Swift	PER	PER_4176
Trumpovo	Trumpov	PER	PER_977
ZDA	ZDA	LOC	LOC_69
