sl-127
Amerika	Amerika	LOC	LOC_69
Amerike	Amerika	LOC	LOC_69
Ameriko	Amerika	LOC	LOC_69
Američana	Američan	PER	PER_64
Američane	Američan	PER	PER_64
Američani	Američan	PER	PER_64
Američanov	Američan	PER	PER_64
Baltimoru	Baltimor	LOC	LOC_3897
Baracka Obame	Baracka Obame	PER	PER_3496
Belo hišo drevi	bel hiša drevi	LOC	LOC_3899
Bernie Sanders	Bernie Sanders	PER	PER_3472
Biden	Biden	PER	PER_3577
Bidna	biden	PER	PER_3577
Bidnom	biden	PER	PER_1246
Bidnove	Bidnov	PER	PER_1246
Bidnovi Ameriki	Bidnov Amerika	LOC	LOC_3895
Brewer	Brewer	PER	PER_3907
Britance	Britanec	PER	PER_450
Burgess Owens	Burgess Owens	PER	PER_3903
Charlotta	Charlotta	LOC	LOC_3900
Deidre Byrne	Deidre Byrne	PER	PER_3904
Dežela herojev	dežela heroj	EVT	EVT_3901
Donald Trump	Donald Trump	PER	PER_70
Jack Brewer	Jack Brewer	PER	PER_3605
Josepha Bidna	Joseph Bidno	PER	PER_2173
Južne Dakote	južen Dakota	LOC	LOC_523
Karen	Karen	PER	PER_3898
Kellyanne Conway	kellyanen Conway	PER	PER_3461
Kenoshi	Kenoshi	LOC	LOC_3422
Kristi Noem	Kristi Noem	PER	PER_3905
Melania Trump	Melania Trump	PER	PER_1738
Mike Pence	Mike Pence	PER	PER_3847
NFL	NFL	ORG	ORG_3902
New Yorka	New York	LOC	LOC_2256
Pence	Pence	PER	PER_1461
Republikanci	republikanec	PER	PER_1985
Rushmore	Rushmore	LOC	LOC_3906
Severni Karolini	severen Karolina	LOC	LOC_168
Sovjetsko zvezo	sovjetski zveza	LOC	LOC_95
Trump	Trump	PER	PER_977
Trumpa	Trumpa	PER	PER_977
Trumpom	trump	PER	PER_977
Trumpova	Trumpov	PER	PER_977
Trumpovega	Trumpov	PER	PER_977
Trumpovem	Trumpov	PER	PER_977
Trumpovim	Trumpov	PER	PER_977
Trumpu	Trump	PER	PER_977
Utaha	Utah	LOC	LOC_524
Washingtona	Washington	LOC	LOC_183
Wisconsinu	Wisconsin	LOC	LOC_527
ZDA	ZDA	LOC	LOC_69
demokrata	demokrat	ORG	ORG_3320
demokrate	demokrat	ORG	ORG_3320
demokrati	demokrat	PER	PER_2172
demokratom	demokrat	PER	PER_2172
drugi svetovni vojni	drug svetoven vojna	EVT	EVT_407
republikanske stranke	republikanski stranka	ORG	ORG_584
trdnjavi McHenry	trdnjava Mchenry	LOC	LOC_3896
zvezni kongres	zvezen kongres	ORG	ORG_3350
