sl-116
Adams	Adams	PER	PER_3061
Adamsova	Adamsov	PER	PER_1138
Andrew Jackson	Andrew Jackson	PER	PER_3958
Avstraliji	Avstralija	LOC	LOC_19
Benjamin Harrison	Benjamin Harrison	PER	PER_1513
Benjaminu Harrisonu	Benjamin Harrison	PER	PER_1513
Billa Clintona	Bill Clinton	PER	PER_2175
Britanci	Britanci	PER	PER_450
Buffala	Buffal	PER	PER_3953
Bush	Bush	PER	PER_1707
Bushu	Busho	PER	PER_1707
Carter	Carter	PER	PER_3352
Cleveland	Cleveland	PER	PER_3950
Clevelandu	Cleveland	LOC	LOC_3467
Clinton	Clinton	PER	PER_3473
Deklaracije neodvisnosti	deklaracija neodvisnost	PRO	PRO_3956
Demokrat	demokrat	ORG	ORG_3320
Demokratske stranke	demokratski stranka	ORG	ORG_3320
Denarja	denar	PER	PER_3962
Edwardom Kennedyjem	Edward Kennedy	PER	PER_626
Ford	Ford	PER	PER_3971
Franciji	Francija	LOC	LOC_20
Franklinu Rooseveltu	Franklin Roosevelt	PER	PER_3970
George H. W. Bush	George H. W. Bush	PER	PER_3450
Georgie	Georgie	LOC	LOC_2174
Gerald Ford	Gerald Ford	PER	PER_3971
Grover Cleveland	Grover Cleveland	PER	PER_3950
Groverja Clevelanda	Grover Clevelanda	PER	PER_3950
Harrisona	Harrison	PER	PER_1513
Harrisonova	Harrisonov	PER	PER_3961
Harrisonovih	Harrisonov	PER	PER_3961
Herbert Hoover	Herbert Hoover	PER	PER_3967
Hoover	Hoover	PER	PER_3969
Hooverji	Hoover	PER	PER_3969
Indiane	Indiane	LOC	LOC_336
Iowe	Iowa	LOC	LOC_3825
Iranom	Iran	LOC	LOC_177
Jacksonov	Jacksonov	PER	PER_3958
Jacksonove	Jacksonov	PER	PER_3958
Jamesa Blaina	James Blain	PER	PER_3951
Jamesa Polka	James Polka	PER	PER_3960
Jasona Weaverja	Jason Weaver	PER	PER_3952
Jeffersona	Jefferson	PER	PER_3955
Jimmy Carter	Jimmy Carter	PER	PER_3310
John Adams	John Adams	PER	PER_3061
John Quincy Adams	John Quincy Adams	PER	PER_3957
Johna Adamsa	John Adams	PER	PER_3061
Kalifornije	Kalifornija	LOC	LOC_102
Kip svobode	kip svoboda	PRO	PRO_3954
Kitajski	Kitajska	LOC	LOC_56
Martin Van Buren	Martin Van Buren	PER	PER_3959
Michaela Dukakisa	Michael Dukakis	PER	PER_816
New Yorka	New York	LOC	LOC_2256
Nixona	Nixona	PER	PER_3974
Ohia	Ohia	LOC	LOC_1736
Ohiu	Ohiu	LOC	LOC_1736
Omahi	omaha	LOC	LOC_3972
Quincy Adams	Quincy Adams	PER	PER_3957
Republikanci	republikanec	PER	PER_1985
Richard Nixon	Richard Nixon	PER	PER_3974
Ronald Reagan	Ronald Reagan	PER	PER_2710
Ronalda Reagana	Ronalda Reagan	PER	PER_2710
Ross Perot	Ross Perot	PER	PER_2485
Sovjetske zveze	sovjetski zveza	LOC	LOC_95
Sovjetsko zvezo	sovjetski zveza	LOC	LOC_95
Stanforda	Stanford	ORG	ORG_3968
Taft	Taft	PER	PER_3966
Theodore Roosevelt	Theodore Roosevelt	PER	PER_3965
Thomas Jefferson	Thomas Jefferson	PER	PER_3955
Trumpovih	Trumpov	PER	PER_977
Van Buren	Van Buren	PER	PER_3959
William Harrison	William Harrison	PER	PER_1513
William Howard Taft	William Howard Taft	PER	PER_3963
Williama Bryana	William Bryan	PER	PER_3951
ZDA	ZDA	LOC	LOC_69
afere Watergate	afera Watergate	EVT	EVT_3973
demokrati	demokrat	PER	PER_2172
progresivci	progresivec	PER	PER_3964
prve svetovne vojne	prvi svetoven vojna	EVT	EVT_407
republikancev	republikanec	PER	PER_1985
socialisti	socialist	PER	PER_1188
zalivsko vojno	zalivski vojna	EVT	EVT_1455
