sl-171
Afganistana	Afganistan	LOC	LOC_157
Afrike	Afrika	LOC	LOC_157
Al Kaide	Al Kaide	ORG	ORG_4113
Al Šabab	Al Šabab	PRO	PRO_4116
Al Šababa	Al Šababa	ORG	ORG_4112
Al Šababu	Al Šabab	EVT	EVT_4118
Američanov	Američan	PER	PER_64
Beli hiši	bel hiša	LOC	LOC_72
Donald Trump	Donald Trump	PER	PER_70
Iraka	Irak	LOC	LOC_177
Joe Biden	Joe Biden	PER	PER_76
Marka Esperia	Marko Esperia	PER	PER_4117
Mogadišu	Mogadiš	LOC	LOC_4119
Pentagon	Pentagon	ORG	ORG_1659
Pentagona	Pentagon	ORG	ORG_1659
Pentagonu	Pentagon	ORG	ORG_1659
Safari	Safari	LOC	LOC_4120
Sahela	Sahel	LOC	LOC_4114
Somalije	Somalija	LOC	LOC_4111
Somaliji	Somalija	LOC	LOC_4111
Somalijo	Somalija	LOC	LOC_4111
Trump	Trump	PER	PER_977
Trumpovo	Trumpov	PER	PER_977
ZDA	ZDA	LOC	LOC_69
vzhodne Afrike	vzhoden Afrika	LOC	LOC_157
