sl-137
Ameriko	Amerika	LOC	LOC_69
Američani	Američan	PER	PER_64
Bele hiše	bel hiša	ORG	ORG_1705
Biden	Biden	PER	PER_3577
Donalda Trumpa	Donalda Trumpa	PER	PER_70
Hillary Clinton	Hillary Clinton	PER	PER_2175
Joe Biden	Joe Biden	PER	PER_76
Kayleigh McEnany	Kayleigh Mcenany	PER	PER_3461
MAGA	MAGA	ORG	ORG_4008
Pohod milijon MAGA	pohod milijon MAGA	EVT	EVT_4007
Ponosni fantje	ponosen fant	ORG	ORG_4009
Trgu Svobode	trg svoboda	LOC	LOC_4010
Trump	Trump	PER	PER_977
Trumpa	Trumpa	PER	PER_977
Trumpove	Trumpov	PER	PER_977
Trumpovega	Trumpov	PER	PER_977
Trumpovi	Trumpov	PER	PER_977
Trumpovih	Trumpov	PER	PER_977
Trumpovovih	Trumpovov	PER	PER_977
Virginijo	Virginija	LOC	LOC_3851
Washington	Washington	LOC	LOC_183
ZDA	ZDA	LOC	LOC_69
