sl-110
Amerika	Amerika	LOC	LOC_69
Amerike	Amerika	LOC	LOC_69
Ameriki	Amerika	LOC	LOC_69
Ameriko	Amerika	LOC	LOC_69
Američane	Američan	PER	PER_64
Američani	Američan	PER	PER_64
Američanov	Američan	PER	PER_64
Biden	Biden	PER	PER_3577
Bidna	biden	PER	PER_3577
Bidnom	biden	PER	PER_1246
Bidnovo	Bidnov	PER	PER_1246
Delaware	Delaware	LOC	LOC_3342
Donalda Trumpa	Donalda Trumpa	PER	PER_70
Fox News	fox News	PRO	PRO_3308
Georgie	Georgie	LOC	LOC_2174
Harrisova	Harrisov	PER	PER_3961
Harrisove	Harrisov	PER	PER_3961
Indije	Indija	LOC	LOC_336
Jamajke	Jamajka	LOC	LOC_4437
Joa Bidna	Joa biden	PER	PER_76
Joe	Joe	PER	PER_3622
Joe Biden	Joe Biden	PER	PER_76
Johna Lewisa	John Lewis	PER	PER_182
Kamala Harris	Kamal Harris	PER	PER_1984
Trump	Trump	PER	PER_977
Trumpu	Trump	PER	PER_977
Wilmingtonu	Wilmington	LOC	LOC_4129
ZDA	ZDA	LOC	LOC_69
Združene države Amerike	združen država Amerika	LOC	LOC_69
