sl-111
Američani	Američan	PER	PER_64
Angela Weiss/Afp	Angel Weiss / Afp	PER	PER_4453
Angele Merkel	Angele Merkel	PER	PER_117
Ann	Ann	PER	PER_618
Bele hiše	bel hiša	LOC	LOC_72
Belo hiši	bel hiša	LOC	LOC_72
Belo hišo	bel hiša	LOC	LOC_72
Biden	Biden	PER	PER_3577
Bidna	biden	PER	PER_3577
Bidnove	Bidnov	PER	PER_1246
Bidnu	Bidno	PER	PER_1246
Bližnjem vzhodu	bližnji vzhod	LOC	LOC_841
Bogomil Ferfila	Bogomil Ferfila	PER	PER_3934
Bojan Grobovšek	Bojan Grobovšek	PER	PER_1226
Delo	delo	PRO	PRO_4451
Donald Trump	Donald Trump	PER	PER_70
Donalda Trumpa	Donalda Trumpa	PER	PER_70
Donaldu Trumpu	Donald Trump	PER	PER_70
EU	EU	ORG	ORG_5
Ernest Petrič	Ernest Petrič	PER	PER_4455
Gabrijelčič	Gabrijelčič	PER	PER_4456
Janeza Janše	Janez Janše	PER	PER_2013
Joe Biden	Joe Biden	PER	PER_76
Joeja Bidna	Joeja Bidno	PER	PER_76
Joeju Bidenu	Joej Bideno	PER	PER_76
Joeju Bidnu	Joej Bidno	PER	PER_2173
Kamale Harris	Kamale Harris	PER	PER_1984
Kremlju	Kremlj	ORG	ORG_1466
Leonid Slucki	Leonid Slucka	PER	PER_4458
Luka Lisjak	Luka Lisjak	PER	PER_4337
Maruša Bradač	Maruša Bradač	PER	PER_4457
Nemčiji	Nemčija	LOC	LOC_27
Pensilvanske avenije	pensilvanski avenija	LOC	LOC_4452
Roman Kirn	Roman Kirn	PER	PER_775
Scrantonu	Scranton	LOC	LOC_4147
Sloveniji	Slovenija	LOC	LOC_831
Slovenijo	Slovenija	LOC	LOC_831
Slovenki	Slovenka	PER	PER_716
Slovenskega društva za mednarodne odnose	slovenski društvo za mednaroden odnos	ORG	ORG_4454
Sophia	Sophia	PER	PER_965
Tamil Nadu	Tamil Nadu	LOC	LOC_4460
Trump	Trump	PER	PER_977
Trumpa	Trumpa	PER	PER_977
Tulasendrapurama	tulasendrapurama	LOC	LOC_4459
Urška Velikonja	Urška Velikonja	PER	PER_4281
Washingtonu	Washington	LOC	LOC_183
ZDA	ZDA	LOC	LOC_69
Zlatko Šabić	Zlatko Šabić	PER	PER_1575
demokrata	demokrat	ORG	ORG_3320
drugi svetovni vojni	drug svetoven vojna	EVT	EVT_407
spodnji	spodnji	PRO	PRO_4450
