sl-24
AP	ap	ORG	ORG_451
Američanom	Američan	PER	PER_64
Barack Obama	Barack Obam	PER	PER_3496
Bele hiše	bel hiša	LOC	LOC_72
Beli hiši	bel hiša	LOC	LOC_72
Biden	Biden	PER	PER_3577
Bidnova	Bidnova	PER	PER_1246
Bidnove	Bidnov	PER	PER_1246
Bidnovo	Bidnov	PER	PER_1246
Bidnu	Bidno	PER	PER_1246
Demokrat	demokrat	ORG	ORG_3320
Demokratom	demokrat	PER	PER_2172
Donald Trump	Donald Trump	PER	PER_70
Elections Project	elections project	PRO	PRO_3509
Jen O'Malley Dillon	Jen O'Malley Dillon	PER	PER_4358
Jill	Jill	PER	PER_3652
Joe Biden	Joe Biden	PER	PER_76
Joeja Bidna	Joeja Bidno	PER	PER_76
Michael McDonald	Michael McDonald	PER	PER_3328
Michiganu	Michigan	LOC	LOC_99
Nevadi	Nevadi	LOC	LOC_1153
Pensilvaniji	Pensilvanija	LOC	LOC_2427
Republikanska stran	republikanski stran	ORG	ORG_109
Severni Karolini	severen Karolina	LOC	LOC_168
Sloveniji	Slovenija	LOC	LOC_831
Trump	Trump	PER	PER_977
Trumpa	Trumpa	PER	PER_977
Trumpom	trump	PER	PER_977
Trumpova	Trumpov	PER	PER_977
U.S	U. z	PRO	PRO_3510
William McKinley	William McKinley	PER	PER_3461
Williama Jenningsa Bryana	William Jennings Bryan	PER	PER_3951
Wisconsin	Wisconsin	LOC	LOC_527
Wisconsinu	Wisconsin	LOC	LOC_527
ZDA	ZDA	LOC	LOC_69
Zahodna obala	zahoden obala	LOC	LOC_4329
demokrati	demokrat	PER	PER_2172
demokratov	demokrat	ORG	ORG_3320
demokratu	demokrat	PER	PER_2172
republikance	republikanec	PER	PER_1985
republikancev	republikanec	PER	PER_1985
republikanci	republikanec	PER	PER_1985
