sl-29
Beli hiši	bel hiša	LOC	LOC_72
Chicago	Chicago	LOC	LOC_1595
Dixville Notch	Dixville Notch	LOC	LOC_3916
Dixville Notcha	Dixville Notcha	LOC	LOC_3916
Donald Trump	Donald Trump	PER	PER_70
Donalda Trumpa	Donalda Trumpa	PER	PER_70
Joe Biden	Joe Biden	PER	PER_76
Joseph Biden	Joseph Biden	PER	PER_2173
Leon Vidic	Leon Vidice	PER	PER_3915
Los Angeles	Los Angeles	LOC	LOC_248
New Hampshire	New Hampshire	LOC	LOC_3454
New York	New York	LOC	LOC_2256
Sarah Palin	Sarah Palin	PER	PER_3696
Trump	Trump	PER	PER_977
Vesa Stojanova	Vesa Stojanov	PER	PER_3914
Veso Stojanov	Veso Stojan	PER	PER_3914
ZDA	ZDA	LOC	LOC_69
Združene države Amerike	združen država Amerika	LOC	LOC_69
republikanske stranke	republikanski stranka	ORG	ORG_3908
