sl-25
Al Gore	Al Gora	PER	PER_3449
Ala Gora	Ala Gora	PER	PER_3449
Alexandrie Ocasio-Cortez	Alexandrie Ocasio - Cortez	PER	PER_3335
Amerika	Amerika	LOC	LOC_69
Američani	Američan	PER	PER_64
Arizoni	Arizoni	LOC	LOC_1748
Barackom Obamo	Barack Obama	PER	PER_3496
Bele hiše	bel hiša	ORG	ORG_1705
Biden	Biden	PER	PER_3577
Bidna	biden	PER	PER_3577
Bidnove	Bidnov	PER	PER_1246
Bidnu	Bidno	PER	PER_1246
Billa Clintona	Bill Clinton	PER	PER_2175
Bushu	Busho	PER	PER_1707
Demokrati	demokrat	PER	PER_2172
Donald Trump	Donald Trump	PER	PER_70
Donaldu Trumpu	Donald Trump	PER	PER_70
Filadelfiji	Filadelfija	LOC	LOC_3816
Filadelfijii	Filadelfijia	LOC	LOC_3816
Floridi	Floridi	LOC	LOC_894
Georgea Floyda	George Floyda	PER	PER_4056
Georgea W. Busha	George W. Bush	PER	PER_3450
Georgeu W. Bushu	George W. Busho	PER	PER_3450
Georgii	Georgii	LOC	LOC_2174
Giuliani	Giuliani	PER	PER_1244
Hillary Clinton	Hillary Clinton	PER	PER_2175
Hunterja	Hunter	PER	PER_1209
Joe Biden	Joe Biden	PER	PER_76
Kanade	Kanada	LOC	LOC_78
Las Vegasu	las Vegas	LOC	LOC_4055
Los Angelesu	Los Angeles	LOC	LOC_248
Marsa	Mars	LOC	LOC_4057
Michiganu	Michigan	LOC	LOC_99
Minneapolisu	Minneapolis	LOC	LOC_3768
Nancy Pelosi	Nancy Pelosa	PER	PER_3442
Nemčiji	Nemčija	LOC	LOC_27
Nevadi	Nevadi	LOC	LOC_1153
New Yorka	New York	LOC	LOC_2256
New Yorku	New York	LOC	LOC_2256
Pensilvaniji	Pensilvanija	LOC	LOC_2427
Portlandu	Portland	LOC	LOC_3769
Republikanci	republikanec	PER	PER_1985
Richard Grenell	Richard Grenell	PER	PER_4054
Rudy Giuliani	Rudy Giuliani	PER	PER_1244
Seattlu	Seattle	LOC	LOC_1723
Trump	Trump	PER	PER_977
Trumpa	Trumpa	PER	PER_977
Trumpov	Trumpov	PER	PER_977
Trumpovih	Trumpov	PER	PER_977
Trumpovo	Trumpov	PER	PER_977
Trumpu	Trump	PER	PER_977
Vodilnemu demokratu	vodilen demokrat	ORG	ORG_3320
Washington	Washington	LOC	LOC_183
Washington Examiner	Washington Examiner	PRO	PRO_4058
Wisconsinu	Wisconsin	LOC	LOC_527
YouGov	Youg	ORG	ORG_2476
ZDA	ZDA	LOC	LOC_69
demokrat	demokrat	PER	PER_2172
demokratom	demokrat	ORG	ORG_3320
republikance	republikanec	PER	PER_1985
twitterju	twitter	PRO	PRO_71
Čikagu	Čikag	LOC	LOC_1595
