sl-204
AP	ap	ORG	ORG_451
Alexandria Ocasio Cortez	Alexandria Ocasio Cortez	PER	PER_3335
Ameriki	Amerika	LOC	LOC_69
Američani	Američan	PER	PER_64
CNN	CNN	ORG	ORG_383
Demokrati	demokrat	PER	PER_2172
Donalda Trumpa	Donalda Trumpa	PER	PER_70
Floridi	Floridi	LOC	LOC_894
New York	New York	LOC	LOC_2256
New Yorku	New York	LOC	LOC_2256
Pensilvaniji	Pensilvanija	LOC	LOC_2427
Republikanci	republikanec	PER	PER_1985
Severni Karolini	severen Karolina	LOC	LOC_168
Teksasu	Teksas	LOC	LOC_1022
Trump	Trump	PER	PER_977
ZDA	ZDA	LOC	LOC_69
demokratov	demokrat	PER	PER_2172
republikance	republikanec	PER	PER_1985
republikancev	republikanec	PER	PER_1985
republikanske stranke	republikanski stranka	ORG	ORG_3908
