sl-212
Američane	Američan	PER	PER_64
Američani	Američan	PER	PER_64
Američanov	Američan	PER	PER_64
Arizoni	Arizoni	LOC	LOC_1748
Belo hišo	bel hiša	LOC	LOC_72
Biden	Biden	PER	PER_3577
Bidena	Bidena	PER	PER_3577
Bidenom	biden	PER	PER_3577
Clintonovo	Clintonov	PER	PER_3473
Des Moines Register	des Moines register	PRO	PRO_4429
Donald	Donald	PER	PER_3783
Donald Trump	Donald Trump	PER	PER_70
Floridi	Floridi	LOC	LOC_894
George Bush	George Bush	PER	PER_3450
Hillary Clinton	Hillary Clinton	PER	PER_2175
ICG	ICG	ORG	ORG_1568
International Crisis Group	International crisis group	ORG	ORG_4430
Iowi	Iowi	LOC	LOC_3825
Ipsosa	Ipsos	ORG	ORG_3679
Joe Biden	Joe Biden	PER	PER_76
Melania	Melania	PER	PER_4002
Melania Trump	Melania Trump	PER	PER_1738
Michiganu	Michigan	LOC	LOC_99
Pensilvaniji	Pensilvanija	LOC	LOC_2427
Reutersa	Reuters	ORG	ORG_153
Severni Karolini	severen Karolina	LOC	LOC_168
Trump	Trump	PER	PER_977
Trumpa	Trumpa	PER	PER_977
Trumpov	Trumpov	PER	PER_977
Trumpova	Trumpov	PER	PER_977
Trumpu	Trump	PER	PER_977
Wisconsinu	Wisconsin	LOC	LOC_527
ZDA	ZDA	LOC	LOC_69
