sl-27
Alu Goru	Alu Goru	PER	PER_4121
Amerika	Amerika	LOC	LOC_69
Američanov	Američan	PER	PER_64
Arizoni	Arizoni	LOC	LOC_1748
Barack Obama	Barack Obam	PER	PER_3496
Beli hiši	bel hiša	LOC	LOC_72
Belo hišo	bel hiša	LOC	LOC_72
Biden	Biden	PER	PER_3577
Bidna	biden	PER	PER_3577
Bidnova	Bidnova	PER	PER_1246
Bidnove	Bidnov	PER	PER_1246
Bidnu	Bidno	PER	PER_1246
Donald Trump	Donald Trump	PER	PER_70
Donalda Trumpa	Donalda Trumpa	PER	PER_70
Floridi	Floridi	LOC	LOC_894
Florido	florida	LOC	LOC_894
Georgea Busha	George Bush	PER	PER_3450
Georgii	Georgii	LOC	LOC_2174
Georgio	Georgio	LOC	LOC_357
Hillary Clinton	Hillary Clinton	PER	PER_2175
Iowo	Iowa	LOC	LOC_3825
Joe Biden	Joe Biden	PER	PER_76
Joeju Bidnu	Joej Bidno	PER	PER_2173
Mehika	Mehik	LOC	LOC_3994
Michigan	Michigan	LOC	LOC_99
Michiganu	Michigan	LOC	LOC_99
Minnesoti	Minnesoti	LOC	LOC_1747
Pensilvaniji	Pensilvanija	LOC	LOC_2427
Pensilvanijo	Pensilvanija	LOC	LOC_2427
Philadelphii	Philadelphia	LOC	LOC_3816
Severni Karolini	severen Karolina	LOC	LOC_168
Severno Karolino	severen Karolino	LOC	LOC_168
Teksasu	Teksas	LOC	LOC_1022
Trump	Trump	PER	PER_977
Trumpa	Trumpa	PER	PER_977
Trumpovi	Trumpov	PER	PER_977
Wisconsin	Wisconsin	LOC	LOC_527
Wisconsinu	Wisconsin	LOC	LOC_527
ZDA	ZDA	LOC	LOC_69
demokrati	demokrat	PER	PER_2172
demokratov	demokrat	PER	PER_2172
republikanci	republikanec	ORG	ORG_3908
zveznem vrhovnem sodišču	zvezen vrhoven sodišče	ORG	ORG_4109
