sl-208
Ala Gora	Ala Gora	PER	PER_3449
Alom Gorom	Alom Gorom	PER	PER_4121
Amerike	Amerika	LOC	LOC_69
Američane	Američan	PER	PER_64
Austinu	Austin	LOC	LOC_4151
Bog	bog	PER	PER_1508
Bush	Bush	PER	PER_1707
Busha	Bush	PER	PER_1707
Bushu	Busho	PER	PER_1707
Clintonovim	Clintonov	PER	PER_3473
Donaldom Trumpom	Donald Trump	PER	PER_70
Floridi	Floridi	LOC	LOC_894
George Bush	George Bush	PER	PER_3450
Georgom Bushem II	Georg Bushem II	PER	PER_3450
Gora	gora	PER	PER_3449
Gore	Gora	PER	PER_3449
Hillary Clinton	Hillary Clinton	PER	PER_2175
Josephom Bidnom	Joseph Bidno	PER	PER_2173
Ljubljani	Ljubljana	LOC	LOC_1265
Republikanci	republikanec	PER	PER_1985
Teksasa	Teksas	LOC	LOC_1022
Teksasu	Teksas	LOC	LOC_1022
Trump	Trump	PER	PER_977
Združenih državah Amerike	združen država Amerika	LOC	LOC_69
republikancev	republikanec	PER	PER_1985
zvezno policijo	zvezen policija	ORG	ORG_3990
