sl-219
Alamo	Alama	PRO	PRO_4346
Alamu	Alam	LOC	LOC_4348
Američanov	Američan	PER	PER_64
Brada Parscaleja	Brada Parscale	PER	PER_4344
Cambridge Analytica	Cambridge Analytica	ORG	ORG_4350
Donalda Trumpa	Donalda Trumpa	PER	PER_70
Facebook	Facebook	ORG	ORG_96
Facebooku	Facebook	PRO	PRO_98
Hillary Clinton	Hillary Clinton	PER	PER_2175
Mehika	Mehik	LOC	LOC_3994
NAACP	NAACP	ORG	ORG_4345
Parscale	Parscale	PER	PER_4351
San Antonia	San Antonio	LOC	LOC_4347
Teksas	Teksas	LOC	LOC_1022
Teksasu	Teksas	LOC	LOC_1022
Trump	Trump	PER	PER_977
Trumpova	Trumpov	PER	PER_977
Trumpove	Trumpov	PER	PER_977
Trumpovo	Trumpov	PER	PER_977
ZDA	ZDA	LOC	LOC_69
demokrate	demokrat	PER	PER_2172
republikanci	republikanec	PER	PER_1985
