sl-203
Adelsonovi	Adelsonov	PER	PER_4292
Ameriko	Amerika	LOC	LOC_69
Angelo Merkel	Angelo Merkel	PER	PER_117
Bele hiše	bel hiša	ORG	ORG_1705
Biden	Biden	PER	PER_3577
Bidnova	Bidnova	PER	PER_1246
Borisom Johnsonom	Boris Johnson	PER	PER_52
Donald Trump	Donald Trump	PER	PER_70
Emmanuelom Macronom	Emmanuel Macron	PER	PER_24
Frančiškom	Frančišk	PER	PER_279
Joe Biden	Joe Biden	PER	PER_76
Johnom F. Kennedyjem	John F. Kennedy	PER	PER_626
Južne Afrike	južen Afrika	LOC	LOC_157
Kayleigh McEnany	Kayleigh Mcenany	PER	PER_3461
Kenije	Kenija	LOC	LOC_1214
Las Vegas Review-Journal	las Vegas Review - Journal	ORG	ORG_4291
Las Vegasa	las Vegas	LOC	LOC_4055
MAGA	MAGA	EVT	EVT_4293
Make America Great Again	make america great again	PRO	PRO_3606
Mary Robinson	Mary Robinson	PER	PER_302
Muriel Bowser	Muriel Bowser	PER	PER_4199
Nelson Mandela	Nelson Mandela	PER	PER_3943
Organizacijo za varnost in sodelovanje v Evropi	organizacija za varnost in sodelovanje v Evropa	ORG	ORG_422
Ovse	Ovse	ORG	ORG_4286
Sheldon Adelson	Sheldon Adelson	PER	PER_4290
Starostam	starostam	ORG	ORG_1583
Staroste	starost	ORG	ORG_1583
Trump	Trump	PER	PER_977
Trumpa	Trumpa	PER	PER_977
Trumpovega	Trumpov	PER	PER_977
Trumpovi	Trumpov	PER	PER_977
Trumpovo	Trumpov	PER	PER_977
Urszula Gacek	Urszula Gacek	PER	PER_4287
Washingtona	Washington	LOC	LOC_183
Washingtonu	Washington	LOC	LOC_183
ZDA	ZDA	LOC	LOC_69
Zimbabveja	Zimbabvej	LOC	LOC_4288
demokrati	demokrat	PER	PER_2172
papežem Frančiškom	papež Frančišk	PER	PER_1174
republikanci	republikanec	PER	PER_1985
Šrilanke	Šrilanka	LOC	LOC_4289
