sl-26
AFP	AFP	ORG	ORG_1211
AP	ap	ORG	ORG_451
Adam Laxalt	Adam Laxalt	PER	PER_4340
Arizoni	Arizoni	LOC	LOC_1748
Beli hiši	bel hiša	LOC	LOC_72
Biden	Biden	PER	PER_3577
Bidnu	Bidno	PER	PER_1246
Clark	Clark	PER	PER_4339
Cruz	Cruz	PER	PER_3858
Donald Trump	Donald Trump	PER	PER_70
Donaldom Trumpom	Donald Trump	PER	PER_70
Fox News	fox News	PRO	PRO_3308
Georgii	Georgii	LOC	LOC_2174
Georgiji	Georgija	LOC	LOC_2174
Georgiji,Trump	Georgija , Trump	LOC	LOC_4338
Janša	Janša	PER	PER_2013
Joe Biden	Joe Biden	PER	PER_76
Las Vegas	las Vegas	LOC	LOC_4055
Las Vegasa	las Vegas	LOC	LOC_4055
Lindseya Grahama	Lindsey Graham	PER	PER_3329
Michiganu	Michigan	LOC	LOC_99
Nevade	Nevade	LOC	LOC_1153
Nevadi	Nevadi	LOC	LOC_1153
Pensilvanije	Pensilvanija	LOC	LOC_2427
Pensilvaniji	Pensilvanija	LOC	LOC_2427
Pensilvanijo	Pensilvanija	LOC	LOC_2427
Philadelphii	Philadelphia	LOC	LOC_3816
Teda Cruza	Teda Cruza	PER	PER_3395
Trump	Trump	PER	PER_977
Trumpom	trump	PER	PER_977
Trumpov	Trumpov	PER	PER_977
Trumpova	Trumpov	PER	PER_977
Trumpove	Trumpov	PER	PER_977
Trumpu	Trump	PER	PER_977
ZDA	ZDA	LOC	LOC_69
demokrati	demokrat	PER	PER_2172
republikanci	republikanec	PER	PER_1985
twitterja	twitter	PRO	PRO_71
vrhovno sodišče ZDA	vrhoven sodišče ZDA	ORG	ORG_3345
