sl-21
Amerika	Amerika	LOC	LOC_69
Američani	Američan	PER	PER_64
Barack	Barack	PER	PER_3587
Barronom	Barron	PER	PER_4003
Beauja	Beau	PER	PER_4157
Bele hiše	bel hiša	LOC	LOC_72
Beli hiši	bel hiša	LOC	LOC_72
Belo hišo	bel hiša	LOC	LOC_72
Betty Ford	Betty Ford	PER	PER_4515
Bidnov	Bidnov	PER	PER_1246
Bidnovim	Bidnov	PER	PER_1246
Demokratu	Demokrat	ORG	ORG_3320
Donald Trump	Donald Trump	PER	PER_70
Donalda Trumpa	Donalda Trumpa	PER	PER_70
Eleanor Roosevelt	Eleanor Roosevelt	PER	PER_4512
Hillary Clinton	Hillary Clinton	PER	PER_2175
Hunter	Hunter	PER	PER_1209
Hunterju Bidnu	Hunter Bidno	PER	PER_4352
Jackie Kennedy	Jackie Kennedy	PER	PER_626
Jill	Jill	PER	PER_3652
Jill Biden	Jill Biden	PER	PER_76
Joeja Bidna	Joeja Bidno	PER	PER_76
Joeju	Joej	PER	PER_3197
Johna F. Kennedyja	John F. Kennedyja	PER	PER_626
Mary Jordan	Mary Jordan	PER	PER_4513
Melania	Melania	PER	PER_4002
Melanii	Melania	LOC	LOC_4511
Melanii Trump	Melania Trump	PER	PER_1738
Melanijini	Melanijin	PER	PER_4002
Melanijino	Melanijin	PER	PER_4002
Michelle	Michelle	PER	PER_1333
Michelle Obama	Michelle Obam	PER	PER_3496
New Yorku	New York	LOC	LOC_2256
Trum-pu	Trum - pu	PRO	PRO_4516
Trump	Trump	PER	PER_977
Trumpu	Trump	PER	PER_977
Umetnost	umetnost	PRO	PRO_4514
Washington Posta	Washington Posta	PRO	PRO_3763
ZDA	ZDA	LOC	LOC_69
