sl-215
Ala Gora	Ala Gora	PER	PER_3449
Allan Lichtman	Allan Lichtman	PER	PER_3447
Američani	Američan	PER	PER_64
Baracka Obame	Baracka Obame	PER	PER_3496
Bele hiše	bel hiša	LOC	LOC_72
Bush	Bush	PER	PER_1707
Donalda Trumpa	Donalda Trumpa	PER	PER_70
George W. Bush	George W. Bush	PER	PER_3450
Hillary Clinton	Hillary Clinton	PER	PER_2175
Josepha Bidena	Joseph Bidena	PER	PER_2173
Keilis-Borok	Keilis - Borok	PER	PER_3913
Ključ	ključ	LOC	LOC_3910
Kongres	kongres	ORG	ORG_3350
Lichtman	Lichtman	PER	PER_3447
Lichtmana	Lichtman	PER	PER_3447
New York Times	New York Times	PRO	PRO_51
Nostradamus	Nostradamus	ORG	ORG_3909
Trump	Trump	PER	PER_977
Trumpu	Trump	PER	PER_977
Vladimirom Keilisom-Borokom	Vladimir Keilis - Borok	PER	PER_3912
ZDA	ZDA	LOC	LOC_69
demokratov	demokrat	ORG	ORG_3320
univerze Washington	univerza Washington	ORG	ORG_2524
