sl-211
AP	ap	ORG	ORG_451
Aljaske	Aljaska	LOC	LOC_3884
Aljaski	Aljaska	LOC	LOC_3884
Arizone	Arizone	PER	PER_4012
Arizoni	Arizoni	LOC	LOC_1748
Beli hiši	bel hiša	LOC	LOC_72
Biden	Biden	PER	PER_3577
Bidna	biden	PER	PER_3577
Bidnu	Bidno	PER	PER_1246
Demokrati	demokrat	ORG	ORG_3320
Donald Trump	Donald Trump	PER	PER_70
Donaldom Trumpom	Donald Trump	PER	PER_70
Esper	Esper	PER	PER_4013
Fox News	fox News	PRO	PRO_3308
Georgia	Georgia	LOC	LOC_2174
Georgie	Georgie	LOC	LOC_2174
Georgii	Georgii	LOC	LOC_2174
Georgio	Georgio	LOC	LOC_357
Joe Biden	Joe Biden	PER	PER_76
Joeju Bidnu	Joej Bidno	PER	PER_2173
Kamala Harris	Kamal Harris	PER	PER_1984
Mark Esper	Mark esper	PER	PER_3359
Mike Pence	Mike Pence	PER	PER_3847
Milwaukeeju	Milwaukee	LOC	LOC_2498
NBC	NBC	ORG	ORG_382
Nevadi	Nevadi	LOC	LOC_1153
Pensilvanija	Pensilvanija	LOC	LOC_2427
Pensilvaniji	Pensilvanija	LOC	LOC_2427
Pensilvanijo	Pensilvanija	LOC	LOC_2427
Republikanci	republikanec	PER	PER_1985
Severna Karolina	severen Karolin	LOC	LOC_168
Severne Karoline	severen Karoline	LOC	LOC_168
Severni Karolini	severen Karolina	LOC	LOC_168
Thom Tillis	Thom Tillis	PER	PER_4014
Trump	Trump	PER	PER_977
Trumpom	trump	PER	PER_977
Trumpovi	Trumpov	PER	PER_977
Trumpu	Trump	PER	PER_977
Twitterja	Twitter	PRO	PRO_71
Twitterju	Twitter	PRO	PRO_71
ZDA	ZDA	LOC	LOC_69
demokrate	demokrat	ORG	ORG_3320
demokratov	demokrat	ORG	ORG_3320
republikance	republikanec	PER	PER_1985
vrhovno sodišče ZDA	vrhoven sodišče ZDA	ORG	ORG_3345
zvezni senat	zvezen senat	ORG	ORG_1012
