sl-213
Alan Ginsburg	Alan Ginsburg	PER	PER_1113
Američani	Američan	PER	PER_64
Biden	Biden	PER	PER_3577
Demokrati	demokrat	PER	PER_2172
Detroit	Detroit	LOC	LOC_1669
Donald Trump	Donald Trump	PER	PER_70
Houstona	Houston	LOC	LOC_1021
Houstonu	Houston	LOC	LOC_1021
Josephu Bidnu	Josepho Bidno	PER	PER_2173
Kamalo Harris	Kamalo Harris	PER	PER_1984
Pensilvanije	Pensilvanija	LOC	LOC_2427
Pensilvaniji	Pensilvanija	LOC	LOC_2427
Philadelphio	Philadelphia	LOC	LOC_3816
Scranton	Scranton	LOC	LOC_4147
Teksasu	Teksas	LOC	LOC_1022
Trump	Trump	PER	PER_977
Trumpovega	Trumpov	PER	PER_977
Vrhovno sodišče ZDA	vrhoven sodišče ZDA	ORG	ORG_3345
ZDA	ZDA	LOC	LOC_69
demokratov	demokrat	ORG	ORG_3320
republikancev	republikanec	PER	PER_1985
