sl-28
Američanov	Američan	PER	PER_64
Arizona	Arizon	LOC	LOC_1748
Barack Obama	Barack Obam	PER	PER_3496
Beli hiši	bel hiša	LOC	LOC_72
Biden	Biden	PER	PER_3577
CNN	CNN	PRO	PRO_243
Carlos Barria	Carlos Barria	PER	PER_131
Demokrati	demokrat	PER	PER_2172
Detroitu	Detroit	LOC	LOC_1669
Dixville Notch	Dixville Notch	LOC	LOC_3916
Donald Trump	Donald Trump	PER	PER_70
Donalda Trumpa	Donalda Trumpa	PER	PER_70
Florida	Florid	LOC	LOC_894
Georgia	Georgia	LOC	LOC_2174
Hillary Clinton	Hillary Clinton	PER	PER_2175
Houstonu	Houston	LOC	LOC_1021
Iowa	Iowa	LOC	LOC_3370
Joe Biden	Joe Biden	PER	PER_76
Kamala Harris	Kamal Harris	PER	PER_1984
Lady Gaga	Lady Gaga	PER	PER_4416
Maine	Maine	LOC	LOC_3318
Mainu	Main	LOC	LOC_3887
Mario Anzuoni	Mario Anzuoni	PER	PER_4417
Michigan	Michigan	LOC	LOC_99
Michiganu	Michigan	LOC	LOC_99
Millsfield	Millsfield	LOC	LOC_4418
Minnesota	Minnesota	LOC	LOC_100
Nebraska	Nebraska	LOC	LOC_104
Nebraski	nebraski	LOC	LOC_104
Nevada	Nevad	LOC	LOC_1153
New Hampshira	New Hampshira	PRO	PRO_4415
New Hampshire	New Hampshire	LOC	LOC_3454
Ohio	Ohio	LOC	LOC_1736
Pensilvanija	Pensilvanija	LOC	LOC_2427
Pensilvanije	Pensilvanija	LOC	LOC_2427
Pensilvaniji	Pensilvanija	LOC	LOC_2427
Philadelphie	Philadelphie	LOC	LOC_3816
RealClear Politics	RealClear Politics	ORG	ORG_3365
Reuters	Reuters	ORG	ORG_153
STA	biti	ORG	ORG_953
Scrantona	scranton	LOC	LOC_4147
Severna Karolina	severen Karolin	LOC	LOC_168
Teksas	Teksas	LOC	LOC_1022
Teksasu	Teksas	LOC	LOC_1022
Trump	Trump	PER	PER_977
Trumpovo	Trumpov	PER	PER_977
Vrhovno sodišče ZDA	vrhoven sodišče ZDA	ORG	ORG_3345
Wisconsin	Wisconsin	LOC	LOC_527
ZDA	ZDA	LOC	LOC_69
Združene države Amerike	združen država Amerika	LOC	LOC_69
demokratov	demokrat	ORG	ORG_3320
demokratu	demokrat	ORG	ORG_3320
republikancem	republikanec	PER	PER_1985
republikancev	republikanec	PER	PER_1985
