sl-22
Američanom	Američan	PER	PER_64
Andrew Cuomo	Andrew Cuomo	PER	PER_1662
Arizoni	Arizoni	LOC	LOC_1748
Bele hiše	bel hiša	LOC	LOC_72
Beli hiši	bel hiša	LOC	LOC_72
Belo hišo	bel hiša	LOC	LOC_72
Biden	Biden	PER	PER_3577
Bidnom	biden	PER	PER_1246
Bidnova	Bidnova	PER	PER_1246
BioNTech	Biontech	ORG	ORG_68
Cuomov	Cuomov	PER	PER_2379
Demokratu	Demokrat	PER	PER_2172
Donald Trump	Donald Trump	PER	PER_70
Donalda Trumpa	Donalda Trumpa	PER	PER_70
FDA	FDA	ORG	ORG_66
Florido	florida	LOC	LOC_894
Georgia	Georgia	LOC	LOC_2174
Georgie	Georgie	PER	PER_2171
Giulianijevi	Giulianijev	PER	PER_1244
Hillary Clinton	Hillary Clinton	PER	PER_2175
Joeja Bidna	Joeja Bidno	PER	PER_76
Josephu Bidnu	Josepho Bidno	PER	PER_2173
Kalifornija	Kalifornija	LOC	LOC_102
Michiganu	Michigan	LOC	LOC_99
Nevada	Nevad	LOC	LOC_1153
New York	New York	LOC	LOC_2256
New Yorka	New York	LOC	LOC_2256
New Yorku	New York	LOC	LOC_2256
Newyorčanom	Newyorčan	PER	PER_1735
Operacija hitrejše od svetlobe	operacija hiter od svetloba	PRO	PRO_2169
Oregon	Oregon	LOC	LOC_2170
Pensilvaniji	Pensilvanija	LOC	LOC_2427
Pfizer	Pfizer	ORG	ORG_67
Pfizerju	Pfizer	ORG	ORG_67
Porter Wright Morris & Arthur	Porter Wright Morris & Arthur	ORG	ORG_2168
Rich Azzopardi	Rich Azzopardi	PER	PER_2176
Ron Klain	Ron Klain	PER	PER_2177
Rudyja Giulianija	Rudyja Giulianija	PER	PER_1244
Trump	Trump	PER	PER_977
Trumpova	Trumpov	PER	PER_977
Trumpove	Trumpov	PER	PER_977
Trumpovi	Trumpov	PER	PER_977
Trumpu	Trump	PER	PER_977
Washington	Washington	LOC	LOC_183
ZDA	ZDA	LOC	LOC_69
demokrate	demokrat	PER	PER_2172
koronavirus	koronavirus	PRO	PRO_2252
zvezne Uprave za hrano in zdravila	zvezen uprava za hrana in zdravilo	ORG	ORG_65
