sl-206
Arizona Central	Arizon Central	PRO	PRO_4466
Arizoni	Arizoni	LOC	LOC_1748
Bushevo	Bushevo	PER	PER_1707
Crystal Mercado	Crystal Mercado	PER	PER_4467
Donalda Trumpa	Donalda Trumpa	PER	PER_70
Gabrielle Giffords	Gabrielle Giffords	PER	PER_4462
ISS	ISS	ORG	ORG_4465
Jim Rhodes	Jim Rhodes	PER	PER_4468
John McCain	John Mccain	PER	PER_3780
Johna McCaina	John Mccain	PER	PER_3780
Kelly	Kelly	PER	PER_3327
Kellyja	Kelly	PER	PER_3327
Kitajsko	Kitajska	LOC	LOC_56
Maricopa	Maricop	LOC	LOC_3776
Mark Kelly	Mark Kelly	PER	PER_4378
Martha McSally	Martha McSally	PER	PER_3326
McSallyjeva	Mcsalljev	PER	PER_3141
McSallyjeve	McSalljev	PER	PER_2410
Mehiko	Mehiko	LOC	LOC_79
Nasine	Nasine	ORG	ORG_4464
New York Times	New York Times	PRO	PRO_51
Pima	Pim	LOC	LOC_4461
Savski Arabiji	savski Arabija	LOC	LOC_81
Scott	Scott	PER	PER_3433
Scotta Kellyja	Scotta Kelly	PER	PER_4378
Trump	Trump	PER	PER_977
Trumpa	Trumpa	PER	PER_977
Trumpom	trump	PER	PER_977
Trumpov	Trumpov	PER	PER_977
Tucsonu	Tucson	LOC	LOC_4463
ZDA	ZDA	LOC	LOC_69
demokratih	demokrat	PER	PER_2172
demokratov	demokrat	ORG	ORG_3320
demokratska stranka	demokratski stranka	ORG	ORG_584
demokratsko podporo	demokratski podpora	ORG	ORG_2179
republikanci	republikanec	PER	PER_1985
