sl-2
Ameriki	Amerika	LOC	LOC_69
Ameri훾anih	Ameri훾an	PER	PER_64
Ameri훾anom	Ameri훾an	PER	PER_64
Antidefamacijske lige	antidefacijski liga	ORG	ORG_4342
Biden	Biden	PER	PER_3577
Bidna	biden	PER	PER_3577
CBS	CBS	ORG	ORG_251
Chris Wallace	Chris Wallace	PER	PER_3889
Chrisa Wallaca	Chris Wallaca	PER	PER_3889
Donald Trump	Donald Trump	PER	PER_70
Enrique Tarrio	Enrique Tarrio	PER	PER_4160
Fox News	fox News	PRO	PRO_3308
Jason Miller	Jason Miller	PER	PER_2262
Jonathan Greenblatt	Jonathan Greenblatt	PER	PER_4343
Josepha Bidna	Joseph Bidno	PER	PER_2173
Mike Hahn	Mike Hahn	PER	PER_134
Ohiu	Ohiu	LOC	LOC_1736
Ponosni fantje	ponosen fant	ORG	ORG_4009
Ponosnih fantov	ponosen fant	ORG	ORG_4009
Trump	Trump	PER	PER_977
Trumpov	Trumpov	PER	PER_977
Trumpova	Trumpov	PER	PER_977
Trumpove	Trumpov	PER	PER_977
Trumpovo	Trumpov	PER	PER_977
Trumpu	Trump	PER	PER_977
Turmp	Turmp	ORG	ORG_4341
Wallaca	Wallaca	PER	PER_4156
Wallace	Wallace	PER	PER_3889
ZDA	ZDA	LOC	LOC_69
