sl-220
Antonina Scalie	Antonin Scalie	LOC	LOC_4110
Bader Ginsburgove	Bader Ginsburgov	PER	PER_1113
Barack Obama	Barack Obam	PER	PER_3496
Bele hiše	bel hiša	LOC	LOC_72
Bidna	biden	PER	PER_3577
Fox News	fox News	PRO	PRO_3308
Graham	Grahe	PER	PER_4108
Josephu Bidnu	Josepho Bidno	PER	PER_2173
Južne Karoline	južen Karoline	LOC	LOC_168
Lindsey Graham	Lindsey Grahe	PER	PER_3329
McConnell	McConnell	PER	PER_3328
Melania	Melania	PER	PER_4002
Merricka Garlanda	Merricka Garlanda	PER	PER_4067
Mitch McConnell	Mitch McConnell	PER	PER_3328
Nancy Pelosi	Nancy Pelosa	PER	PER_3442
Pelosijeva	Pelosijev	PER	PER_4107
Republikanci	republikanec	ORG	ORG_3320
Ruth Bader Ginsburg	Ruth Bader Ginsburg	PER	PER_3827
Trump	Trump	PER	PER_977
Trumpa	Trumpa	PER	PER_977
Trumpove	Trumpov	PER	PER_977
ZDA	ZDA	LOC	LOC_69
demokrata	demokrat	PER	PER_2172
demokrati	demokrat	PER	PER_2172
demokratka	demokratka	PER	PER_2172
konservativno vrhovno sodišče	konservativen vrhoven sodišče	ORG	ORG_4109
nemočni demokrati	nemočen demokrat	PER	PER_4106
vrhovno sodišče ZDA	vrhoven sodišče ZDA	ORG	ORG_3345
