sl-20
Amerika	Amerika	LOC	LOC_69
Amerike	Amerika	LOC	LOC_69
Ameriko	Amerika	LOC	LOC_69
Američani	Američan	PER	PER_64
Američanom	Američan	PER	PER_64
Američanov	Američan	PER	PER_64
Bele hiše	bel hiša	LOC	LOC_72
Bernie Sanders	Bernie Sanders	PER	PER_3472
Biden	Biden	PER	PER_3577
Bidna	biden	PER	PER_3577
Bidnovo	Bidnov	PER	PER_1246
Branko Milanović	Branko Milanović	PER	PER_4234
Bálinta Magyarja	Bklinta Magyar	PER	PER_4448
Demokrati	demokrat	ORG	ORG_3320
Demokratska stranka	demokratski stranka	ORG	ORG_584
Donald Trump	Donald Trump	PER	PER_70
Donalda Trumpa	Donalda Trumpa	PER	PER_70
Elizabeth Warren	Elizabeth Warren	PER	PER_3475
Evropski uniji	evropski unija	ORG	ORG_5
Georgea W. Busha	George W. Bush	PER	PER_3450
Gessen	Gessen	PER	PER_4449
Global Inequality	Global Inequality	ORG	ORG_4445
Guardianu	Guardian	PRO	PRO_2594
Hillary Clinton	Hillary Clinton	PER	PER_2175
Janis Varufakis	Janis Varufakis	PER	PER_4444
Joe Biden	Joe Biden	PER	PER_76
Joeja Bidna	Joeja Bidno	PER	PER_76
Latinoameričani	Latinoameričan	PER	PER_3946
Madžarskem	Madžarsko	LOC	LOC_1432
Masha Gessen	Masha Gessen	PER	PER_4447
Mitcha McConnella	Mitcha Mcconnell	PER	PER_3328
New Yorkerju	New Yorker	PRO	PRO_51
Sandersa	Sanders	PER	PER_4446
Trump	Trump	PER	PER_977
Trumpove	Trumpov	PER	PER_977
Varufakis	Varufakis	PER	PER_4444
Williama Barra	William Barra	PER	PER_2244
ZDA	ZDA	LOC	LOC_69
Združene države	združen država	LOC	LOC_4164
Združenih državah	združen država	LOC	LOC_4164
demokratov	demokrat	ORG	ORG_3320
evropskem vzhodu	evropski vzhod	LOC	LOC_49
republikance	republikanec	PER	PER_1985
republikancev	republikanec	PER	PER_1985
republikanci	republikanec	PER	PER_1985
sredinske demokrate	sredinski demokrat	PER	PER_2172
