sl-216
5G	5G	PRO	PRO_1358
Aleksandra Lukašenka	Aleksandra Lukašenka	PER	PER_1973
Anže Logar	Anže Logar	PER	PER_1471
Anžetom Logarjem	Anžet Logar	PER	PER_1471
Avstrijo	Avstrija	LOC	LOC_3234
Beli knjigi o obrambi	bel knjiga o obramba	PRO	PRO_4320
Belorusiji	Belorusija	LOC	LOC_1
Berlinskega	Berlinski	LOC	LOC_504
Bledu	Bledo	LOC	LOC_4252
Borutom Pahorjem	Borut Pahorje	PER	PER_1482
Donalda Trumpa	Donalda Trumpa	PER	PER_70
Dunaj	Dunaj	LOC	LOC_4327
EU	EU	ORG	ORG_5
Evropo	Evropa	LOC	LOC_49
Evropske unije	evropski unija	ORG	ORG_5
Huawei	Huawei	ORG	ORG_3516
Huaweiju	Huawei	ORG	ORG_3516
J anezom	J anez	EVT	EVT_4322
Janez Janša	Janez Janša	PER	PER_2013
Janša	Janša	PER	PER_2013
Janšo	Janšo	PER	PER_2013
Kitajske	Kitajska	LOC	LOC_56
Kitajsko	Kitajska	LOC	LOC_56
Logarjem	Logar	PER	PER_2081
Londonski deklaraciji zveze	londonski deklaracija zveza	PRO	PRO_4318
MZZ	MZZ	ORG	ORG_1628
Mike Pompeo	Mike Pompea	PER	PER_662
Nato	nato	ORG	ORG_3984
Natov	Natov	ORG	ORG_4042
Natu	Nato	ORG	ORG_4042
Pobudo treh morij	pobuda trije morij	PRO	PRO_4326
Poljsko	Poljska	LOC	LOC_107
Pompea	Pompea	PER	PER_4257
Pompeo	Pompea	PER	PER_662
Rusije	Rusija	LOC	LOC_95
Rusiji	Rusija	LOC	LOC_95
Slovencev	Slovenec	PER	PER_716
Slovenija	Slovenija	LOC	LOC_831
Slovenije	Slovenija	LOC	LOC_831
Sloveniji	Slovenija	LOC	LOC_831
Slovenijo	Slovenija	LOC	LOC_831
Srednji	srednji	LOC	LOC_188
Svetu EU	svet EU	ORG	ORG_5
Talinu	Talino	LOC	LOC_4321
Trump	Trump	PER	PER_977
Varšavo	Varšava	LOC	LOC_2300
Vzhodni Evropi	vzhoden Evropa	LOC	LOC_49
Washington	Washington	LOC	LOC_183
ZDA	ZDA	LOC	LOC_69
Zahodnem Balkanu	zahoden Balkan	LOC	LOC_1953
krize	kriza	EVT	EVT_4325
padec	padec	EVT	EVT_4323
resoluciji o strategiji nacionalne varnosti	resolucija o strategija nacionalen varnost	PRO	PRO_4319
zidu	zid	EVT	EVT_4324
Češko	Češko	LOC	LOC_137
