sl-202
Ameriko	Amerika	LOC	LOC_69
Američanov	Američan	PER	PER_64
Arizoni	Arizoni	LOC	LOC_1748
Bele hiše	bel hiša	LOC	LOC_72
Bidnu	Bidno	PER	PER_1246
Capitol Hillu	Capitol Hill	LOC	LOC_3645
Donalda Trumpa	Donalda Trumpa	PER	PER_70
Enriquom Tarriom	Enriquom Tarriom	PER	PER_4533
Fox News	fox News	PRO	PRO_3308
Hunter Biden	Hunter Biden	PER	PER_3618
Joeja Bidna	Joeja Bidno	PER	PER_76
MAGA	MAGA	ORG	ORG_4008
Pensilvaniji	Pensilvanija	LOC	LOC_2427
Pensilvanski avenije	pensilvanski avenija	LOC	LOC_4452
Proud Boys	proud Boys	ORG	ORG_4009
Trgu svobode	trg svoboda	LOC	LOC_4010
Trump	Trump	PER	PER_977
Trumpov	Trumpov	PER	PER_977
Trumpovi	Trumpov	PER	PER_977
Trumpovimi	Trumpov	PER	PER_977
Washington	Washington	LOC	LOC_183
Wisconsinu	Wisconsin	LOC	LOC_527
ZDA	ZDA	LOC	LOC_69
konservativci	konservativec	PER	PER_3361
