sl-217
Američanom	Američan	PER	PER_64
Ameriški kongres	ameriški kongres	ORG	ORG_3350
Barack Obama	Barack Obam	PER	PER_3496
Bernie Sanders	Bernie Sanders	PER	PER_3472
Bidnovo	Bidnov	PER	PER_1246
CDC	CDC	ORG	ORG_275
Center za nadzor nad boleznimi	center za nadzor nad bolezen	ORG	ORG_2551
De Joy	de Joy	PER	PER_4064
DeJoy	Dejoy	ORG	ORG_4063
DeJoya	Dejoy	PER	PER_4065
DeJoyja	Dejoy	ORG	ORG_4063
Demokrati	demokrat	ORG	ORG_3320
Donalda Trumpa	Donalda Trumpa	PER	PER_70
FedEx	fedex	ORG	ORG_1347
Floride	Floride	LOC	LOC_894
Havaji	Havaja	LOC	LOC_3558
Josephom Bidnom	Joseph Bidno	PER	PER_2173
Kalifornija	Kalifornija	LOC	LOC_102
Kim Frum	Kim Frum	PER	PER_564
Kolorado	Kolorado	LOC	LOC_521
Louisa DeJoyja	Louis Dejoy	PER	PER_1967
Mark Meadows	Mark Meadows	PER	PER_1981
Meadows	Meadows	PER	PER_1982
Melanio Trump	Melanio Trump	PER	PER_1738
Nancy Pelosi	Nancy Pelosa	PER	PER_3442
Nevada	Nevad	LOC	LOC_1153
Obama	Obam	PER	PER_3496
Odbor za vladni nadzor in reforme predstavniškega doma	odbor za vladen nadzor in reforma predstavniški dom	ORG	ORG_4062
Oregon	Oregon	LOC	LOC_2170
Pensilvanija	Pensilvanija	LOC	LOC_2427
Trump	Trump	PER	PER_977
Trumpov	Trumpov	PER	PER_977
Trumpove	Trumpov	PER	PER_977
Trumpovega	Trumpov	PER	PER_977
UPS	UPS	ORG	ORG_2223
Utah	Utah	LOC	LOC_524
Vermont	Vermont	LOC	LOC_1737
Vermonta	Vermonta	LOC	LOC_1737
Washington	Washington	LOC	LOC_183
Washingtonu	Washington	LOC	LOC_183
ZDA	ZDA	LOC	LOC_69
kongresni demokrati	kongresen demokrat	ORG	ORG_3908
koronavirusa	koronavirus	EVT	EVT_3
predstavniškega doma ameriškega kongresa	predstavniški dom ameriški kongres	ORG	ORG_4061
republikanci	republikanec	PER	PER_1985
