sl-210
Ala Gora	Ala Gora	PER	PER_3449
Amerike	Amerika	LOC	LOC_69
Ameriki	Amerika	LOC	LOC_69
Ameriko	Amerika	LOC	LOC_69
Američanih	Američan	PER	PER_64
Biden	Biden	PER	PER_3577
Bogomil Ferfila	Bogomil Ferfila	PER	PER_3934
Bogomila Ferfilo	Bogomil Ferfilo	PER	PER_3934
Busha	Bush	PER	PER_1707
Centra za politološke raziskave	Center za politološki raziskava	ORG	ORG_3936
Donald Trump	Donald Trump	PER	PER_70
Fakulteti za družbene vede Univerze v Ljubljani	fakulteta za družben veda univerza v Ljubljana	ORG	ORG_3823
Ferfila	Ferfila	PER	PER_1509
Ferfile	Ferfile	PER	PER_3938
Florido	florida	PER	PER_3937
Janeza Janše	Janez Janše	PER	PER_2013
Janševa	Janšev	PER	PER_2013
Josephu Bidnu	Josepho Bidno	PER	PER_2173
Katedre za analizo politik in javno upravo	katedra za analiza politik in javen uprava	ORG	ORG_3935
Nevade	Nevade	LOC	LOC_1153
Obama	Obam	PER	PER_3496
Severni Karolini	severen Karolina	LOC	LOC_168
Sloveniji	Slovenija	LOC	LOC_831
Slovenijo	Slovenija	LOC	LOC_831
Trump	Trump	PER	PER_977
Trumpa	Trumpa	PER	PER_977
Trumpovo	Trumpov	PER	PER_977
Trumpu	Trump	PER	PER_977
ZDA	ZDA	LOC	LOC_69
demokratov	demokrat	PER	PER_2172
