sl-209
Alabami	Alabami	LOC	LOC_3330
Amy Coney Barett	Amy Coney Barett	PER	PER_3626
Arizoni	Arizoni	LOC	LOC_1748
Belo hišo	bel hiša	LOC	LOC_72
Demokrati	demokrat	PER	PER_2172
Demokratom	demokrat	PER	PER_2172
Iowi	Iowi	LOC	LOC_3825
Joeju Bidnu	Joej Bidno	PER	PER_2173
Južni Karolini	južen Karolina	LOC	LOC_168
Kantor	Kantor	ORG	ORG_126
Koloradu	Kolorad	LOC	LOC_521
Maine	Maine	LOC	LOC_3318
Montani	Montani	LOC	LOC_4132
Republikanci	republikanec	PER	PER_1985
Severno Karolino	severen Karolino	LOC	LOC_168
Teksasu	Teksas	LOC	LOC_1022
Trumpa	Trumpa	PER	PER_977
demokratska stranka	demokratski stranka	ORG	ORG_584
republikance	republikanec	PER	PER_1985
republikancem	republikanec	PER	PER_1985
