sl-35
Američani	Američan	PER	PER_64
Amy Coney Barrett	Amy Coney Barrett	PER	PER_3626
Bader Ginsburgove	Bader Ginsburgov	PER	PER_1113
Barack Obama	Barack Obam	PER	PER_3496
Belo hišo	bel hiša	LOC	LOC_72
Bretta Kavanaugha	Brett Kavanaugh	PER	PER_4314
Coney Barrettove	Coney Barrettov	PER	PER_4312
Demokratom	demokrat	ORG	ORG_3320
Donald Trump	Donald Trump	PER	PER_70
Donalda Trumpa	Donalda Trumpa	PER	PER_70
Joeja Bidna	Joeja Bidno	PER	PER_76
Joeju Bidnu	Joej Bidno	PER	PER_2173
Katoliške cerkve	katoliški cerkev	ORG	ORG_2196
Melania	Melania	PER	PER_4002
Merricka Garlanda	Merricka Garlanda	PER	PER_4067
Neila Gorsucha	Neila Gorsuch	PER	PER_4313
Ruth Bader Ginsburg	Ruth Bader Ginsburg	PER	PER_3827
Trump	Trump	PER	PER_977
Trumpovo	Trumpov	PER	PER_977
Vrhovno sodišče	vrhoven sodišče	ORG	ORG_3345
ZDA	ZDA	LOC	LOC_69
demokratu	demokrat	PER	PER_2172
gornji dom ameriškega parlamenta	gornji dom ameriški parlament	ORG	ORG_4061
konservativcev	konservativec	ORG	ORG_1450
policistov	policist	PER	PER_1673
republikancev	republikanec	PER	PER_1985
republikanci	republikanec	PER	PER_1985
