sl-33
5G	5G	PRO	PRO_1358
Biden	Biden	PER	PER_3577
Bidenom	biden	PER	PER_3577
Bidna	biden	PER	PER_3577
Bidnova	Bidnova	PER	PER_1246
Bidnovega	Bidnov	PER	PER_1246
Bidnovih	Bidnov	PER	PER_1246
Bidnu	Bidno	PER	PER_1246
Boštjan Udovič	Boštjan Udovič	PER	PER_4369
Donald Trump	Donald Trump	PER	PER_70
EU	EU	ORG	ORG_5
Evropi	Evropa	LOC	LOC_49
Evropo	Evropa	LOC	LOC_49
Evropski uniji	evropski unija	ORG	ORG_5
Evropsko unijo	evropski unija	ORG	ORG_5
FDV	FDV	ORG	ORG_4366
Francijo	Francija	LOC	LOC_20
Hegedus	Hegedus	PER	PER_4374
Hungarian Europe Society	hungarian europe society	ORG	ORG_4373
Indija	Indija	LOC	LOC_336
Inštituta za strateške rešitve	inštitut za strateški rešitev	ORG	ORG_4368
Istvana Hegedusa	Istvan Hegedus	PER	PER_4372
Joe Biden	Joe Biden	PER	PER_76
Joeja Bidna	Joeja Bidno	PER	PER_76
Johnsonom	Johnson	PER	PER_1154
Kitajska	Kitajska	LOC	LOC_56
Kitajske	Kitajska	LOC	LOC_56
Kitajsko	Kitajska	LOC	LOC_56
Kračun	Kračun	PER	PER_2158
Madžarskem	Madžarsko	LOC	LOC_1432
Nata	Nato	ORG	ORG_4042
Nato	nato	ORG	ORG_3984
Natu	Nato	ORG	ORG_4042
Nemčijo	Nemčija	LOC	LOC_27
Peking	Peking	LOC	LOC_234
Poljskem	Poljsko	LOC	LOC_107
Rusija	Rusija	LOC	LOC_95
Rusije	Rusija	LOC	LOC_95
Rusijo	Rusija	LOC	LOC_95
Tajvana	Tajvan	LOC	LOC_538
Tineta Kračuna	Tine Kračun	PER	PER_4367
Trump	Trump	PER	PER_977
Trumpa	Trumpa	PER	PER_977
Trumpova	Trumpov	PER	PER_977
Udovič	Udovič	PER	PER_4371
Unije	unija	ORG	ORG_1733
Veliko Britanijo	velik Britanija	LOC	LOC_6
Washington	Washington	LOC	LOC_183
ZDA	ZDA	LOC	LOC_69
ZDA-EU	ZDA - EU	LOC	LOC_69
Zlatko Šabič	Zlatko Šabič	PER	PER_1575
fakulteti za družbene vede	fakulteta za družben veda	ORG	ORG_3823
katedre za mednarodne odnose na FDV	katedr za mednaroden odnos na FDV	ORG	ORG_4370
podnebnega sporazuma	podneben sporazum	PRO	PRO_3669
republikancev	republikanec	PER	PER_1985
srednje	srednje	LOC	LOC_188
vzhodne Evrope	vzhoden Evropa	LOC	LOC_49
Šabič	Šabič	PER	PER_1163
