sl-34
Barrona	Barron	PER	PER_4003
Bele hiše	bel hiša	LOC	LOC_72
Beli hiši	bel hiša	LOC	LOC_72
Belo hišo	bel hiša	LOC	LOC_72
Bidnovo prisego	Bidnov prisega	LOC	LOC_4250
Carlos Barria	Carlos Barria	PER	PER_131
Cohen	Cohen	PER	PER_3947
Donald	Donald	PER	PER_3783
Donald Trump	Donald Trump	PER	PER_70
Floridi	Floridi	LOC	LOC_894
Jared Kuschner	Jared Kuschner	PER	PER_3537
Joe Biden	Joe Biden	PER	PER_76
Mar-a-Lago	mar - a - Laga	LOC	LOC_4036
Melania	Melania	PER	PER_4002
Melania Trump	Melania Trump	PER	PER_1738
Melanii	Melania	PER	PER_4002
Michael Cohen	Michael Cohen	PER	PER_3780
New Yorka	New York	LOC	LOC_2256
New Yorku	New York	LOC	LOC_2256
Omorosa	Omoros	PER	PER_4249
Omorosa Manigault Newman	Omoros Manigault Newman	PER	PER_3760
Omorose	Omorose	PER	PER_4249
Reuters	Reuters	ORG	ORG_153
The Mail on Sunday	the mail on sunday	PRO	PRO_2744
Trump	Trump	PER	PER_977
Trumpa	Trumpa	PER	PER_977
Trumpom	trump	PER	PER_977
Trumpov	Trumpov	PER	PER_977
Trumpovega	Trumpov	PER	PER_977
Trumpovi	Trumpov	PER	PER_977
Trumpovo	Trumpov	PER	PER_977
Vajenec	vajenec	PRO	PRO_4039
Washington	Washington	LOC	LOC_183
ZDA	ZDA	LOC	LOC_69
božiču	božič	EVT	EVT_418
