sl-30
Aljaska,Delaware	Aljaska , Delaware	LOC	LOC_4248
Ameriko	Amerika	LOC	LOC_69
Američani	Američan	PER	PER_64
Atlantika	Atlantik	LOC	LOC_3785
Barackom Obamo	Barack Obama	PER	PER_3496
Biden	Biden	PER	PER_3577
Bidnu	Bidno	PER	PER_1246
Bill Clinton	Bill Clinton	PER	PER_2175
Donald Trump	Donald Trump	PER	PER_70
Donaldom Trumpom	Donald Trump	PER	PER_70
Hillary Clinton	Hillary Clinton	PER	PER_2175
Joe Biden	Joe Biden	PER	PER_76
Joeja Bidna	Joeja Bidno	PER	PER_76
Joejem Bidnom	Joejem Bidno	PER	PER_76
Južna Dakota	južen Dakot	LOC	LOC_523
Kalifornija	Kalifornija	LOC	LOC_102
Montana	Montana	LOC	LOC_4132
Severna	severen	LOC	LOC_533
Trump	Trump	PER	PER_977
Trumpa	Trumpa	PER	PER_977
Trumpu	Trump	PER	PER_977
Vermont	Vermont	LOC	LOC_1737
Wyoming	Wyoming	LOC	LOC_3372
ZDA	ZDA	LOC	LOC_69
Združenih državah Amerike	združen država Amerika	LOC	LOC_69
demokratov	demokrat	ORG	ORG_3320
of Columbia	of Columbia	LOC	LOC_517
