sl-32
AP	ap	ORG	ORG_451
Aljaski	Aljaska	LOC	LOC_3884
Američane	Američan	PER	PER_64
Američanom	Američan	PER	PER_64
Američanov	Američan	PER	PER_64
Andreja Židanik	Andreja Židanik	PER	PER_4412
Arizoni	Arizoni	LOC	LOC_1748
Ballotpedia	Ballotpedio	PRO	PRO_4414
Biden	Biden	PER	PER_3577
Bidna	biden	PER	PER_3577
Bidnom	biden	LOC	LOC_4411
Bidnova	Bidnova	PER	PER_1246
Bidnu	Bidno	PER	PER_1246
Donald Trump	Donald Trump	PER	PER_70
Georgii	Georgii	LOC	LOC_2174
Joe Biden	Joe Biden	PER	PER_76
Kalifornijo	Kalifornija	LOC	LOC_102
Michiganu	Michigan	LOC	LOC_99
Mojca Gorjan	Mojca Gorjan	PER	PER_1955
Nevadi	Nevadi	LOC	LOC_1153
Pensilvaniji	Pensilvanija	LOC	LOC_2427
RCP	RCP	ORG	ORG_4413
Republikanska stranka	republikanski stranka	ORG	ORG_584
Reuters	Reuters	ORG	ORG_153
Samuel Alito	Samuel Alito	PER	PER_3500
Trump	Trump	PER	PER_977
Trumpa	Trumpa	PER	PER_977
Trumpom	trump	PER	PER_977
Utah	Utah	LOC	LOC_524
Utahu	Utah	LOC	LOC_524
Wisconsinu	Wisconsin	LOC	LOC_527
ZDA	ZDA	LOC	LOC_69
demokrate	demokrat	PER	PER_2172
pensilvanskih republikancev	pensilvanski republikanec	PER	PER_1985
