sl-36
America First	America first	PRO	PRO_3747
Američanom	Američan	PER	PER_64
Barack Obama	Barack Obam	PER	PER_3496
Barack-Michelle Obama	Barack - Michelle Obam	PER	PER_3496
Bele hiše	bel hiša	LOC	LOC_72
Beli hiši	bel hiša	LOC	LOC_72
Belo hišo	bel hiša	LOC	LOC_72
Bernie Sanders	Bernie Sanders	PER	PER_3472
Biden	Biden	PER	PER_3577
Bidnova	Bidnova	PER	PER_1246
Bidnovo	Bidnov	PER	PER_1246
Delaware	Delaware	LOC	LOC_3342
Donald Trump	Donald Trump	PER	PER_70
Donaldu Trumpu	Donald Trump	PER	PER_70
Forbes	Forbes	PRO	PRO_4400
Forbesovi	Forbesov	ORG	ORG_1068
Georgeem Washingtonom	Georgeem Washington	PER	PER_4398
Georgeu W. H. Bushu	George W. H. Busho	PER	PER_3450
Geraldine Ferraro	Geraldine Ferraro	PER	PER_4401
Harrisova	Harrisov	PER	PER_3961
Hillary Clinton	Hillary Clinton	PER	PER_2175
Ivanko	Ivanko	PER	PER_2697
Jaredom Kushnerjem	Jared Kushner	PER	PER_3537
Joe	Joe	PER	PER_3622
Joe Biden	Joe Biden	PER	PER_76
John F. Kennedy	John F. Kennedy	PER	PER_626
Johnu McCainu	John Mccain	PER	PER_3780
Kalifornije	Kalifornija	LOC	LOC_102
Kamala Harris	Kamal Harris	PER	PER_1984
Kamalo Harris	Kamalo Harris	PER	PER_1984
Mike	Mike	PER	PER_4399
Mike Pence	Mike Pence	PER	PER_3847
Najprej Amerika	najprej Amerika	PRO	PRO_3747
New York Times	New York Times	PRO	PRO_51
New Yorku	New York	LOC	LOC_2256
Obama	Obam	PER	PER_3496
Pence	Pence	PER	PER_1461
Richarda Nixona	Richard Nixona	PER	PER_3974
San Francisca	San Francisca	LOC	LOC_2698
Sarah Palin	Sarah Palin	PER	PER_3696
Trump	Trump	PER	PER_977
Trumpa	Trumpa	PER	PER_977
Trumpom	trump	PER	PER_977
Trumpov	Trumpov	PER	PER_977
Trumpovega	Trumpov	PER	PER_977
Trumpovo	Trumpov	PER	PER_977
Twitter	Twitter	PRO	PRO_71
Walter Mondale	Walter Mondale	PER	PER_4402
Washington Post	Washington post	PRO	PRO_3763
ZDA	ZDA	LOC	LOC_69
demokrat	demokrat	PER	PER_2172
facebooka	facebook	PRO	PRO_98
konservativca	konservativca	PER	PER_3361
republikanci	republikanec	PER	PER_1985
twitterja	twitter	PRO	PRO_71
zgornjega doma ameriškega kongresa	zgornji dom ameriški kongres	ORG	ORG_4061
