sl-31
AP	ap	ORG	ORG_451
Ameri훾ani	Ameri훾an	PER	PER_64
Ameri훾anov	Ameri훾an	PER	PER_64
Biden	Biden	PER	PER_3577
Bidna	biden	PER	PER_3577
Donald Trump	Donald Trump	PER	PER_70
Florida	Florid	LOC	LOC_894
Floridi	Floridi	LOC	LOC_894
Florido	florida	PER	PER_3937
Georgia	Georgia	LOC	LOC_2174
Joe Biden	Joe Biden	PER	PER_76
Kathy Boockvar	Kathy Boockvar	PER	PER_3482
Michigan	Michigan	LOC	LOC_99
Pensilvanija	Pensilvanija	LOC	LOC_2427
Pensilvaniji	Pensilvanija	LOC	LOC_2427
Pensilvanje	pensilvanje	LOC	LOC_101
Pew Research centra	Pew Research center	ORG	ORG_1708
Severna Karolina	severen Karolin	LOC	LOC_168
Trump	Trump	PER	PER_977
US Election Projecta	us election Projecta	PRO	PRO_3509
Wisconsin	Wisconsin	LOC	LOC_527
ZDA	ZDA	LOC	LOC_69
demokrati	demokrat	PER	PER_2172
demokratov	demokrat	PER	PER_2172
republikancev	republikanec	PER	PER_1985
republikanci	republikanec	PER	PER_1985
