sl-38
Američani	Američan	PER	PER_64
Američanov	Američan	PER	PER_64
Beli hiši	bel hiša	LOC	LOC_72
Biden	Biden	PER	PER_3577
Bidna	biden	PER	PER_3577
Bidnova	Bidnova	PER	PER_1246
Bidnove	Bidnov	PER	PER_1246
Bidnovo	Bidnov	PER	PER_1246
Bidnu	Bidno	PER	PER_1246
Corna	Corna	LOC	LOC_4294
Donald Trump	Donald Trump	PER	PER_70
Donalda Trumpa	Donalda Trumpa	PER	PER_70
Emily W. Murphy	Emily W. Murphy	PER	PER_3314
GSA	GSA	ORG	ORG_3313
Huga Chaveza	Huga Chavez	PER	PER_3843
Joe Biden	Joe Biden	PER	PER_76
Kitajska	Kitajska	LOC	LOC_56
Kuba	Kuba	LOC	LOC_980
Michiganu	Michigan	LOC	LOC_99
Murphyjeva	Murphyjev	PER	PER_4295
Pensilvaniji	Pensilvanija	LOC	LOC_2427
Sidney Powell	Sidney Powell	PER	PER_3657
Trump	Trump	PER	PER_977
Trumpova	Trumpov	PER	PER_977
Trumpove	Trumpov	PER	PER_977
Trumpovega	Trumpov	PER	PER_977
Venezuela	Venezuel	LOC	LOC_2163
Washingtonu	Washington	LOC	LOC_183
ZDA	ZDA	LOC	LOC_69
