sl-39
Afganistanu	Afganistan	LOC	LOC_157
Alejandra Mayorkasa	Alejandra Mayorkas	PER	PER_4016
Amy Klobuchar	Amy Klobuchar	PER	PER_4096
Antony Blinken	Antony Blinken	PER	PER_3507
Antonyja Blinkna	Antony Blinkn	PER	PER_4095
Avril Haines	Avril Haines	PER	PER_4018
Baracka Obame	Baracka Obame	PER	PER_3496
Bernie Sanders	Bernie Sanders	PER	PER_3472
Biden	Biden	PER	PER_3577
Bidnov	Bidnov	ORG	ORG_4045
Bidnovih	Bidnov	PER	PER_1246
Bidnovo	Bidnov	PER	PER_1246
Billa Clintona	Bill Clinton	PER	PER_2175
Blinkna	Blinkn	PER	PER_3508
Cie	Cie	ORG	ORG_4019
Deb Haaland	deb Haaland	PER	PER_4102
Donald Trump	Donald Trump	PER	PER_70
Elizabeth Warren	Elizabeth Warren	PER	PER_3475
Georgie	Georgie	LOC	LOC_2174
Haalandove	Haalandov	PER	PER_4103
Hillary Clinton	Hillary Clinton	PER	PER_2175
Iraku	Irak	LOC	LOC_177
Jake Sullivan	Jake Sullivan	PER	PER_4020
Joe Biden	Joe Biden	PER	PER_76
John Kerry	John Kerry	PER	PER_626
Johna McCaina	John Mccain	PER	PER_3780
Kerryja	Kerry	PER	PER_4099
Linda Thomas Greenfield	Lind Thomas Greenfield	PER	PER_4021
Massachusettsu	Massachusetts	LOC	LOC_508
Michele Flournoy	Michele Flournoy	PER	PER_4101
Mitch McConnell	Mitch McConnell	PER	PER_3328
Nove Mehike	nov Mehika	LOC	LOC_3583
OZN	OZN	ORG	ORG_4097
Obame	Obame	PER	PER_1706
Obamo	obama	ORG	ORG_4098
Obamove	Obamova	PER	PER_1706
Obamovega	Obamov	PER	PER_1706
Obamovi	Obamova	PER	PER_1706
Reuters	Reuters	ORG	ORG_153
Sanders	Sanders	PER	PER_3813
Sullivan	Sullivan	PER	PER_4020
Trump	Trump	PER	PER_977
Trumpom	trump	PER	PER_977
Vermontu	Vermont	LOC	LOC_1737
Warrenova	Warrenov	PER	PER_4100
ZDA	ZDA	LOC	LOC_69
demokrati	demokrat	ORG	ORG_3320
jedrskega sporazuma z Iranom	jedrski sporazum z Iran	PRO	PRO_4043
republikanca	republikanec	PER	PER_1985
republikancev	republikanec	PER	PER_1985
republikanci	republikanec	PER	PER_1985
