sl-42
Arizona	Arizon	LOC	LOC_1748
Biden	Biden	PER	PER_3577
Bidna	biden	ORG	ORG_4045
Bidnova	Bidnova	PER	PER_1246
Bidnu	Bidno	PER	PER_1246
Bill Clinton	Bill Clinton	PER	PER_2175
Donald Trump	Donald Trump	PER	PER_70
GCC	GCC	ORG	ORG_1568
Georgia	Georgia	LOC	LOC_2174
Georgio	Georgio	PER	PER_2171
Izvršni odbor sveta za vladno usklajevanje volilne infrastrukture	izvršen odbor svet za vladen usklajevanje volilen infrastruktura	ORG	ORG_4050
Joe Biden	Joe Biden	PER	PER_76
Kamala Harris	Kamal Harris	PER	PER_1984
Michigan	Michigan	LOC	LOC_99
Pensilvanija	Pensilvanija	LOC	LOC_2427
Reuters	Reuters	ORG	ORG_153
SCC	SCC	ORG	ORG_2119
Severno Karolino	severen Karolino	LOC	LOC_168
Svet za sektorsko usklajevanje volilne infrastrukture	svet za sektorski usklajevanje volilen infrastruktura	ORG	ORG_4050
Trump	Trump	PER	PER_977
Trumpa	Trumpa	PER	PER_977
Trumpovi	Trumpov	PER	PER_977
Trumpu	Trump	PER	PER_977
Wisconsin	Wisconsin	LOC	LOC_527
ZDA	ZDA	LOC	LOC_69
demokrat	demokrat	PER	PER_2172
demokrate	demokrat	ORG	ORG_3320
republikance	republikanec	ORG	ORG_2775
republikancem	republikanec	PER	PER_1985
