sl-47
DeJoy	Dejoy	PER	PER_4065
DeJoyja	Dejoy	PER	PER_4065
DeJoyjevo	Dejoyjev	PER	PER_4065
DeJoyju	Dejoy	ORG	ORG_4063
Delaware	Delaware	LOC	LOC_3342
Demokrati	demokrat	PER	PER_2172
Donalda Trumpa	Donalda Trumpa	PER	PER_70
Fox News	fox News	PRO	PRO_3308
Josepha Bidna	Joseph Bidno	PER	PER_2173
Kalifornija	Kalifornija	LOC	LOC_102
Louis DeJoy	Louis Dejoy	PER	PER_4065
Maine	Maine	LOC	LOC_3318
Massachusetts	Massachusetts	LOC	LOC_508
Nancy Pelosi	Nancy Pelosa	PER	PER_3442
Pensilvanije	Pensilvanija	LOC	LOC_2427
Pensilvaniji	Pensilvanija	LOC	LOC_2427
Pensilvanijo	Pensilvanija	LOC	LOC_2427
Reuters	Reuters	ORG	ORG_153
Severna Karolina	severen Karolin	LOC	LOC_168
Severne Karoline	severen Karoline	LOC	LOC_168
Trump	Trump	PER	PER_977
Trumpa	Trumpa	PER	PER_977
Trumpovih	Trumpov	PER	PER_977
Washington	Washington	LOC	LOC_183
ZDA	ZDA	LOC	LOC_69
demokratov	demokrat	ORG	ORG_3320
republikanskem jugu ZDA	republikanski jug ZDA	LOC	LOC_1956
