sl-44
Amerika	Amerika	LOC	LOC_69
Amerike	Amerika	LOC	LOC_69
Američanom	Američan	PER	PER_64
Amy Klobuchar	Amy Klobuchar	PER	PER_4096
Andrew Cuomo	Andrew Cuomo	PER	PER_1662
Andrew Yang	Andrew Yang	PER	PER_3495
Belo hišo	bel hiša	LOC	LOC_72
Bernie Sanders	Bernie Sanders	PER	PER_3472
Bernie Sandersa	Bernie Sanders	PER	PER_3472
Beto O’Rourke	beto Otrourka	PER	PER_4201
Biden	Biden	PER	PER_3577
Bidna	biden	PER	PER_3577
Bidnom	biden	PER	PER_1246
Bidnovi	Bidnova	PER	PER_1246
Bidnu	Bidno	PER	PER_1246
Christie Todd Whitman	Christie Todd Whitman	PER	PER_4196
Cory Booker	Cory Booker	PER	PER_3482
Cuomo	Cuomo	PER	PER_1662
Delaware	Delaware	LOC	LOC_3342
Demokratov	Demokrat	ORG	ORG_3320
Donaldu Trumpu	Donald Trump	PER	PER_70
Eva Longoria	Eva Longoria	PER	PER_4195
Georgea Floyda	George Floyda	PER	PER_4056
Hewlett Packarda	Hewlett Packard	ORG	ORG_4197
Jay Inslee	Jay Inslee	PER	PER_3975
Joeja	Joeja	PER	PER_3197
John Kasich	John Kasich	PER	PER_2685
Josepha Bidna	Joseph Bidno	PER	PER_2173
Kirsten Gillibrand	Kirsten Gillibrand	PER	PER_4202
Lafayette	Lafayette	LOC	LOC_4200
Meg Whitman	Meg Whitman	PER	PER_1749
Michelle Obama	Michelle Obam	PER	PER_3496
Milwaukeeju	Milwaukee	LOC	LOC_2498
Minneapolisu	Minneapolis	LOC	LOC_3768
Minnesote	Minnesota	LOC	LOC_1747
Minnesoti	Minnesoti	LOC	LOC_1747
Muriel Bowser	Muriel Bowser	PER	PER_4199
Neron	Neron	PER	PER_4203
New Jerseyja	New Jersey	LOC	LOC_103
New Yorka	New York	LOC	LOC_2256
Ohia	Ohia	LOC	LOC_1736
Republikancem	republikanec	PER	PER_1985
Rim	Rim	LOC	LOC_544
Sanders	Sanders	PER	PER_3813
Susan Molinari	Susan Molinari	PER	PER_4198
Tom Steyer	Tom Steyer	PER	PER_3433
Trump	Trump	PER	PER_977
Trumpa	Trumpa	PER	PER_977
Trumpom	trump	PER	PER_977
Trumpovih	Trumpov	PER	PER_977
Trumpu	Trump	PER	PER_977
Vermonta	Vermonta	LOC	LOC_1737
Washington	Washington	LOC	LOC_183
Washingtona	Washington	LOC	LOC_183
Wisconsin	Wisconsin	LOC	LOC_527
Wisconsinu	Wisconsin	LOC	LOC_527
ZDA	ZDA	LOC	LOC_69
demokrati	demokrat	PER	PER_2172
republikance	republikanec	PER	PER_1985
republikancev	republikanec	PER	PER_1985
Črna življenja	črn življenje	PRO	PRO_3603
