ru-30
COVAX	COVAX	ORG	ORG_2639
COVID	COVID	ORG	ORG_2890
COVID-19	COVID - 19	ORG	ORG_204
Moderna	Moderna	ORG	ORG_87
Pfizer	Pfizer	ORG	ORG_67
АЗС	азс	ORG	ORG_3155
Глобального альянса по вакцинам и иммунизации	глобальный альянс по вакцина и иммунизация	ORG	ORG_1080
Игорь Кузин	Игорь Кузин	PER	PER_2070
Максим Степанов	Максим Степанов	PER	PER_804
Минздрава	Минздрав	ORG	ORG_35
Минздраве	минздрава	ORG	ORG_35
Министерство здравоохранения	министерство здравоохранение	ORG	ORG_35
РБК-Украина	рбк-украина	ORG	ORG_2721
Украина	Украина	LOC	LOC_318
Украине	Украина	LOC	LOC_318
Украину	Украина	LOC	LOC_318
Украины	Украина	LOC	LOC_318
Україні	україні	LOC	LOC_318
Центра общественного здоровья	Центр общественный здоровье	ORG	ORG_1991
Черновцов	черновец	PER	PER_2874
