ru-83
AdBlock	AdBlock	ORG	ORG_3072
AdBlock Plus	AdBlock Plus	PRO	PRO_3074
AstraZeneca	Astraleneca	ORG	ORG_89
Bharat Biotech	Bharat Biotech	ORG	ORG_806
COVID-19	COVID - 19	PRO	PRO_105
CoronaVac	CoronaVac	PRO	PRO_2649
Covax	Covax	PRO	PRO_2582
Covaxin	Covaxin	ORG	ORG_1331
Covishield	Covishield	ORG	ORG_812
Delfi	Delfi	ORG	ORG_3073
Gavi	Gavi	ORG	ORG_1081
HOIA	HOIA	PRO	PRO_3071
Johnson & Johnson	Johnson & Johnson	ORG	ORG_675
Moderna	Moderna	ORG	ORG_87
Pfizer	Pfizer	PRO	PRO_2287
Pfizer-BioNTech	Pfizer - BioNTech	ORG	ORG_67
SARS-CoV-2	SARS-CoV - 2	ORG	ORG_573
Serum Institute of India	Serum Institute of India	ORG	ORG_807
Sinovac	Sinovac	ORG	ORG_2299
Аргентина	Аргентина	LOC	LOC_2035
Африка	Африка	LOC	LOC_157
Африканский Союз	африканский Союз	ORG	ORG_2955
Би-би-си	Би - би-с	ORG	ORG_2909
Бразилии	Бразилия	LOC	LOC_713
Британии	Британия	LOC	LOC_6
ВОЗ	ВОЗ	ORG	ORG_86
Дженнер	Дженнер	PER	PER_2950
Индия	Индия	LOC	LOC_336
Индонезии	Индонезия	LOC	LOC_336
КНР	КНР	LOC	LOC_56
Китае	Китай	LOC	LOC_56
Королевского научного общества	королевский научный общество	ORG	ORG_2951
Коста-Рика	Коста-Рика	LOC	LOC_2952
Малайзии	Малайзия	LOC	LOC_2954
Мексика	Мексика	LOC	LOC_79
Оксфордский университет	оксфордский университет	ORG	ORG_1050
Оксфордским университетом	оксфордский университет	ORG	ORG_1050
Оксфордской вакцине	оксфордский вакцина	ORG	ORG_2953
Россия	Россия	LOC	LOC_95
США	США	LOC	LOC_69
Сингапуре	Сингапур	LOC	LOC_18
Спутник V	спутник v	PRO	PRO_94
Спутником	спутник	PRO	PRO_91
Турции	Турция	LOC	LOC_138
Филиппинах	Филиппины	LOC	LOC_15
Центр контроля и профилактики заболеваний США	центр контроль и профилактика заболевание США	ORG	ORG_2551
Эдвард Дженнер	Эдвард Дженнер	PER	PER_2950
Эстонии	Эстония	LOC	LOC_2134
