ru-12
-	-	ORG	ORG_353
COVAX	COVAX	PRO	PRO_2384
DW	DW	PRO	PRO_334
Gam-COVID-Vac	Gam-crvsIdmac	ORG	ORG_2579
Sinovac Biotech	Sinovac Biotech	ORG	ORG_671
Sputnik V	Sputnik V	PRO	PRO_929
The Lancet	The Lancet	PRO	PRO_846
Viktor Martin	Viktor Martin	PER	PER_2857
Австралия	Австралия	LOC	LOC_19
Аргентине	Аргентина	LOC	LOC_2035
Беларуси	Беларуси	LOC	LOC_1
Биолек	биолек	ORG	ORG_2853
Биолик	биолик	ORG	ORG_2853
Бразилией	Бразилия	LOC	LOC_713
ВОЗ	ВОЗ	ORG	ORG_86
Виктор Мартин	Виктор Мартин	PER	PER_2857
Виктор Медведчук	Виктор Медведчук	PER	PER_2266
Виктора Мартина	Виктор Мартин	PER	PER_2857
Виктора Харитонина	Виктор Харитонин	PER	PER_2857
Владимир Зеленский	Владимир Зеленский	PER	PER_2332
Владимиром Путиным	Владимир Путин	PER	PER_315
Всемирной организации здравоохранения	всемирный организация здравоохранение	ORG	ORG_133
ГЭЦ	гэц	ORG	ORG_442
Германии	Германия	LOC	LOC_27
Государственного экспертного центра	государственный экспертный центр	ORG	ORG_2420
Государственный экспертный центр	государственный экспертный центр	ORG	ORG_2420
Евросоюзе	Евросоюз	ORG	ORG_5
Зеленского	зеленский	PER	PER_2713
Израилем	Израиль	LOC	LOC_833
Индией	Индия	LOC	LOC_336
Индии	Индия	LOC	LOC_336
Канада	Канада	LOC	LOC_78
Китаем	Китай	LOC	LOC_56
Крыму	Крым	LOC	LOC_2855
Лекхим	лекхима	ORG	ORG_2613
МОЗ	моз	ORG	ORG_2743
Максим Степанов	Максим Степанов	PER	PER_804
Медведчуку	медведчука	PER	PER_2856
Мексикой	Мексика	LOC	LOC_79
Минздрав Украины	Минздрав Украина	ORG	ORG_35
Минздраве	минздрава	ORG	ORG_35
Минздраве Украины	минздрава Украина	ORG	ORG_35
Министерство здравоохранения	министерство здравоохранение	ORG	ORG_35
ОПЗЖ	опзж	ORG	ORG_400
Оппозиционная платформа - За жизнь	оппозиционный платформа - за жизнь	ORG	ORG_2854
Путин	Путин	PER	PER_315
РФ	РФ	LOC	LOC_95
Россией	Россия	LOC	LOC_95
России	Россия	LOC	LOC_95
США	США	LOC	LOC_69
Спутник V	спутник v	PRO	PRO_94
Татьяна Думенко	Татьяна Думенко	PER	PER_2605
Украина	Украина	LOC	LOC_318
Украине	Украина	LOC	LOC_318
Украины	Украина	LOC	LOC_318
Фармстандарт	фармстандарт	ORG	ORG_2858
Федор Лапий	Федор Лапия	PER	PER_2664
Швейцария	Швейцария	LOC	LOC_12
Япония	Япония	LOC	LOC_13
