ru-18
/	/	ORG	ORG_2571
BioNTech	BioNTech	ORG	ORG_68
COVAX	COVAX	ORG	ORG_2639
COVID-19	COVID - 19	ORG	ORG_204
Pfizer	Pfizer	ORG	ORG_67
Sinovac	Sinovac	ORG	ORG_2299
Sinovac Biotech	Sinovac Biotech	ORG	ORG_671
ВОЗ	ВОЗ	ORG	ORG_86
Всемирной организации здравоохранения	всемирный организация здравоохранение	ORG	ORG_133
Денис Шмыгаль	Денис Шмыгаль	PER	PER_2643
ЕС	ес	ORG	ORG_5
Интерфакс-Украина	интерфакс - Украина	ORG	ORG_2721
Максим Степанов	Максим Степанов	PER	PER_804
Минздрав	Минздрав	ORG	ORG_35
Минздравом	Минздрав	ORG	ORG_35
Слуга народа	слуга народ	ORG	ORG_2903
Сніданку з 1+1	снеданка зы 1+1	PRO	PRO_2902
Степанов	Степанов	PER	PER_804
Украина	Украина	LOC	LOC_318
Украине	Украина	LOC	LOC_318
Украинцы	украинец	PER	PER_1569
Украины	Украина	LOC	LOC_318
Шмыгаль	шмыгаль	PER	PER_2642
