ru-63
А.	А.	PER	PER_3282
А.Смородинцева	А. Смородинцев	PER	PER_3283
Александр Лукашев	Александр Лукашев	PER	PER_1973
Александр Федорович	Александр Федорович	PER	PER_3270
Андрей Шкода	Андрей Шкода	PER	PER_3271
Анна Матвеева	Анна Матвеев	PER	PER_2867
Богу	Бог	PER	PER_1508
Вектор	вектор	ORG	ORG_2929
Великобритании	Великобритания	LOC	LOC_6
Владимир Путин	Владимир Путин	PER	PER_315
Дагестан	Дагестан	LOC	LOC_3273
Дагестана	Дагестан	LOC	LOC_3273
Дагестанский	дагестанский	LOC	LOC_3273
Дарина	Дарина	PER	PER_2245
Дарина Чернова	Дарина Чернова	PER	PER_3276
Дмитрий Лиознов	Дмитрий Лиознов	PER	PER_2623
Институт Чумакова	институт Чумаков	ORG	ORG_3050
Ирина	Ирина	PER	PER_3127
Ирина Роот	Ирина Роот	PER	PER_3127
Ирина Самойлова	Ирина Самойлов	PER	PER_3127
Калининграде	Калининград	LOC	LOC_3277
Константин Чернов	Константин Чернов	PER	PER_2936
М.	М.	PER	PER_3279
Москве	Москва	LOC	LOC_316
НИИ гриппа им.	НИИ грипп имя	ORG	ORG_3281
Наби Кураев	Наби Кураев	PER	PER_3274
Оксана Чигринева	Оксан Чигринев	PER	PER_2916
П. Чумакова	П. Чумаков	PER	PER_3280
РАН	РАН	ORG	ORG_2935
Роспотребнадзора	Роспотребнадзор	ORG	ORG_2725
России	Россия	LOC	LOC_95
Россию	Россия	LOC	LOC_95
Ростове	Ростов	LOC	LOC_2974
Саратове	Саратов	LOC	LOC_2877
Спутника V	спутник v	PRO	PRO_94
ФГБНУ	фгбну	ORG	ORG_2963
ФНЦИРИП	фнцирип	ORG	ORG_3278
Хунзахском районе	хунзахский район	LOC	LOC_3272
ЦРБ	црб	ORG	ORG_3158
Центра Гамалеи	Центр Гамалеи	ORG	ORG_2911
Чумакова	Чумаков	PER	PER_826
ростовского военного госпиталя	ростовский военный госпиталь	ORG	ORG_3275
