ru-19
BioNTech	BioNTech	ORG	ORG_68
COVID-19	COVID - 19	ORG	ORG_204
Kazpravda.kz	Kazpravda.kz	PRO	PRO_2976
Mobile	Mobile	PRO	PRO_2992
Pfizer	Pfizer	ORG	ORG_67
Phizer	Phizer	ORG	ORG_2987
QazCovid-In	QazCovid-In	PRO	PRO_2983
Sinopharm	Sinopharm	ORG	ORG_870
Sinovac	Sinovac	ORG	ORG_2299
eGov	eGov	ORG	ORG_2991
eGov Mobile	eGov Mobile	ORG	ORG_2991
primeminister.kz	Фрimeьinisterkzz	PRO	PRO_2976
Альберто Фернандес	Альберто Фернандес	PER	PER_2416
Альфа Конде	Альфа Конде	PER	PER_2996
Аргентина	Аргентина	LOC	LOC_2035
Аргентины	Аргентина	LOC	LOC_2035
Арнольд Шварценеггер	Арнольд Шварценеггер	PER	PER_3000
Асхат Аймагамбетов	Асхат Аймагамбетов	PER	PER_3004
Байдену	Байден	PER	PER_2995
Беларусь	Беларусь	LOC	LOC_1
Бенедикт XVI	Бенедикт xvi	PER	PER_2999
Бердибек Сапарбаев	Бердибек Сапарбаев	PER	PER_3007
Буэнос-Айреса	буэнос -Айрес	LOC	LOC_2997
Ватикане	Ватикан	LOC	LOC_380
Венесуэлы	Венесуэла	LOC	LOC_2163
Всемирной организацией здравоохранения	всемирный организация здравоохранение	ORG	ORG_133
Гам-КОВИД-Вак	гам-ковид-вак	EVT	EVT_2981
Гвинеи	гвинея	LOC	LOC_426
Даниэль Голлан	Даниэль Голлан	PER	PER_910
Джо Байден	Джо Байден	PER	PER_76
Ерлан Карин	Ерлан Карин	PER	PER_3005
Жамбылской области	жамбылский область	LOC	LOC_3006
КНБ	кнб	ORG	ORG_84
Казахским национальным аграрным университетом	казахский национальный аграрный университет	ORG	ORG_2989
Казахским национальным аграрным университетом;	казахский национальный аграрный университет ;	ORG	ORG_2989
Казахстане	Казахстан	LOC	LOC_2704
Калифорнии	Калифорния	LOC	LOC_102
Карагандинского фармацевтического комплекса	карагандинский фармацевтический комплекс	ORG	ORG_2982
Карагандинском заводе	карагандинский завод	ORG	ORG_2985
Китай	Китай	LOC	LOC_56
Кодекса РК	Кодекс РК	PRO	PRO_2978
Комитет санитарно-эпидемиологического контроля Министерства здравоохранения РК	комитет санитарный - эпидемиологический контроль Министерство здравоохранение РК	ORG	ORG_2977
МВД	мвд	ORG	ORG_47
МЧС	МЧС	ORG	ORG_2679
Министерства здравоохранения	Министерство здравоохранение	ORG	ORG_35
Министерством здравоохранения РК	Министерство здравоохранение РК	ORG	ORG_35
Минобороны	Минобороны	ORG	ORG_47
НИИ ПББ	НИИ ПББ	ORG	ORG_2988
НИЦЭМ им. Гамалеи	ницэм имя Гамалеи	ORG	ORG_2993
Научно-исследовательским институтом проблем биологической безопасности Комитета науки Министерства образования и науки РК	научный - исследовательский институт проблема биологический безопасность Комитет наука Министерство образование и наука РК	ORG	ORG_2977
Национальным центром особо опасных инфекций	национальный центр особо опасный инфекция	ORG	ORG_534
Николаса Мадуро Герра	Николас Мадуро Герр	PER	PER_2998
Оливер Стоун	Оливер Стоун	PER	PER_3001
Правительства Республики Казахстан	Правительство Республика Казахстан	ORG	ORG_2986
РК	РК	LOC	LOC_2980
РФ	РФ	LOC	LOC_95
Реджеп Эрдоган	Реджеп Эрдоган	PER	PER_139
Республике Казахстан	Республика Казахстан	LOC	LOC_2979
Республики Казахстан	республика Казахстан	LOC	LOC_2979
России	Россия	LOC	LOC_95
СOVID-19	СOVID - 19	ORG	ORG_204
СoronaVac	СoronaVac	PRO	PRO_2649
США	США	LOC	LOC_69
Сербия	Сербия	LOC	LOC_1
Службы государственной охраны	Служба государственный охрана	ORG	ORG_2984
Спутник	спутник	EVT	EVT_3002
Спутник V	спутник v	PRO	PRO_94
Турции	Турция	LOC	LOC_138
Университетом Штата Огайо	университет Штат Огайо	ORG	ORG_2990
Фахреттин Коджа	фахреттин Кодж	PER	PER_181
Фонда прямых инвестиций РФ	Фонд прямой инвестиция РФ	ORG	ORG_2734
Франциск	франциск	PER	PER_1174
Центр	центр	ORG	ORG_2994
ЭПВ	эпв	PRO	PRO_2597
минздрава	минздрава	ORG	ORG_2812
