ru-15
5G	5G	ORG	ORG_2831
COVID-19	COVID - 19	ORG	ORG_204
Cookie	Cookie	PRO	PRO_2681
SARS-CoV-2	SARS-CoV - 2	PRO	PRO_88
V	v	PRO	PRO_2830
ВОЗ	ВОЗ	ORG	ORG_86
Владимир Дорохов	Владимир Дорохов	PER	PER_222
Всемирной организации здравоохранения	всемирный организация здравоохранение	ORG	ORG_133
Дед Мороз	дед Мороз	PER	PER_2242
Европа	Европа	LOC	LOC_49
Европы	Европа	LOC	LOC_49
Китай	Китай	LOC	LOC_56
Лайфхак	лайфхак	LOC	LOC_2832
Мороз	мороз	PER	PER_2833
Москве	Москва	LOC	LOC_316
Петербурге	Петербург	LOC	LOC_2297
Положении о защите личных данных	положение о защита личный данные	PRO	PRO_2800
Путин	Путин	PER	PER_315
Путина	Путин	PER	PER_315
РФ	РФ	LOC	LOC_95
Рождества	Рождество	EVT	EVT_418
Сергей Елкин	Сергей Елкин	PER	PER_2828
Сергей Елкина	Сергей Елкин	PER	PER_2828
Сергея Елкина	Сергей Елкин	PER	PER_2828
Спутник V	спутник v	PRO	PRO_94
Юмор	юмор	PER	PER_2829
коронавируса	коронавирус	EVT	EVT_3
