ru-61
AstraZeneca	Astraleneca	ORG	ORG_89
BioNTech	BioNTech	ORG	ORG_68
Bloomberg	Bloomberg	ORG	ORG_121
COVID-19	COVID - 19	ORG	ORG_204
NHS	NHS	ORG	ORG_1155
Pfizer	Pfizer	ORG	ORG_67
Sinovac Biotech	Sinovac Biotech	ORG	ORG_671
The Local	The Local	ORG	ORG_2686
Англии	Англия	LOC	LOC_6
Бахрейн	Бахрейн	LOC	LOC_80
Варшавском медуниверситете	варшавский медуниверситет	ORG	ORG_2259
Ватикан	Ватикан	LOC	LOC_380
Великобритании	Великобритания	LOC	LOC_6
Великобритания	Великобритания	LOC	LOC_6
Германии	Германия	LOC	LOC_27
Денис Шмыгаль	Денис Шмыгаль	PER	PER_2643
ЕС	ес	ORG	ORG_5
Израиле	Израиль	LOC	LOC_833
Израиль	Израиль	LOC	LOC_833
Канада	Канада	LOC	LOC_78
Китае	Китай	LOC	LOC_56
Лондоне	Лондон	LOC	LOC_23
Мидлендсе	мидлендс	LOC	LOC_3136
Министерстве здравоохранения Германии	Министерство здравоохранение Германия	ORG	ORG_35
Министерство здравоохранения	министерство здравоохранение	ORG	ORG_35
Нидерланды	Нидерланды	LOC	LOC_190
Оксфорде	Оксфорд	LOC	LOC_892
Оксфордского университета	оксфордский университет	ORG	ORG_1050
Польше	Польша	LOC	LOC_107
США	США	LOC	LOC_69
Соединенном Королевстве	соединить Королевство	LOC	LOC_6
Украина	Украина	LOC	LOC_318
Украине	Украина	LOC	LOC_318
коронавируса	коронавирус	EVT	EVT_3
правительство Нидерландов	правительство Нидерланды	ORG	ORG_2275
