ru-37
Bacillus Calmette-Guérin	Bacillus Calmette - Guérin	PRO	PRO_3120
Covid-19	Covid - 19	EVT	EVT_233
Lancet	Lancet	PRO	PRO_846
Science	Science	PRO	PRO_647
Ааби	ааба	PER	PER_2103
Австралии	Австралия	LOC	LOC_19
Андреем Илларионовым	Андрей Илларионов	PER	PER_3126
Анча Баранова	Анча Баранов	PER	PER_3133
БЦЖ	бцж	ORG	ORG_442
БЦЖ-вакцинации	бцж - вакцинация	EVT	EVT_3128
Бельгии	Бельгия	LOC	LOC_1
Бельгия	Бельгия	LOC	LOC_1
Бенн	бенн	PER	PER_3124
Би-би-си	Би - би-с	ORG	ORG_2909
Болгария	Болгария	LOC	LOC_1
Венгрия	Венгрия	LOC	LOC_1432
Гвинее-Бисау	гвинее-биса	LOC	LOC_426
Германия	Германия	LOC	LOC_27
Гонконг	Гонконг	LOC	LOC_17
Дмитрий Купраш	Дмитрий Купраш	PER	PER_159
ЕС	ес	ORG	ORG_5
ИБР	ибр	ORG	ORG_414
ИБР РАН	ибр РАН	ORG	ORG_2935
Илларионова	Илларионов	PER	PER_3126
Индонезия	Индонезия	LOC	LOC_336
Института биологии развития	институт биология развитие	ORG	ORG_672
Институте экономического анализа	Институт экономический анализ	ORG	ORG_3125
Ирина Лядова	Ирина Лядова	PER	PER_3127
Испания	Испания	LOC	LOC_10
Италии	Италия	LOC	LOC_50
Италия	Италия	LOC	LOC_50
Казахстан	Казахстан	LOC	LOC_2979
Кальмета-Герена	кальмета-герена	PRO	PRO_3121
Канада	Канада	LOC	LOC_78
Китае	Китай	LOC	LOC_56
Китай	Китай	LOC	LOC_56
Кристина Стабелл Бенн	Кристина Стабелл Бенн	PER	PER_3123
Латвия	Латвия	LOC	LOC_108
Ливан	Ливан	LOC	LOC_2136
Лядова	Лядова	PER	PER_3129
МГУ	мгу	ORG	ORG_3130
Мексика	Мексика	LOC	LOC_79
НИИ	НИИ	ORG	ORG_2988
Нидерландов	Нидерланды	LOC	LOC_190
Нидерланды	Нидерланды	LOC	LOC_190
Николай Воронин	Николай Воронин	PER	PER_147
Нью-Йорка	Нью-Йорк	LOC	LOC_2256
Оксана Свитич	Оксан Свитич	PER	PER_2916
Петер Ааби	Петер Ааби	PER	PER_3122
Польша	Польша	LOC	LOC_107
РАН	РАН	ORG	ORG_2935
России	Россия	LOC	LOC_95
Россию	Россия	LOC	LOC_95
Румыния	Румыния	LOC	LOC_0
США	США	LOC	LOC_69
США…	США …	LOC	LOC_69
Свитич	свитич	PER	PER_1163
Словакия	Словакия	LOC	LOC_831
Таиланд	Таиланд	LOC	LOC_538
Таиланде	Таиланд	LOC	LOC_538
Университета Назарбаева	университет Назарбаев	ORG	ORG_1204
Университета Техаса	университет Техас	ORG	ORG_463
Университете Джорджа Мэнсона	университет Джордж Мэнсон	ORG	ORG_3132
Филиппины	Филиппины	LOC	LOC_15
Франции	Франция	LOC	LOC_20
Швейцария	Швейцария	LOC	LOC_12
Школы системной биологии	школа системный биология	ORG	ORG_3131
Южная Корея	Южный Корея	LOC	LOC_60
Японии	Япония	LOC	LOC_13
Японию	Япония	LOC	LOC_13
датчане	датчан	PER	PER_1649
коронавируса	коронавирус	EVT	EVT_3
