ru-33
Cookie	Cookie	PRO	PRO_2681
Deutscher Ethikrat	Deutscher Ethikrat	ORG	ORG_2807
Frankfurter Allgemeine Sonntagszeitung	Frankfurter Allgemeine Sonntagszeitung	PRO	PRO_2358
Fred Zepp	Fred Zepp	PER	PER_2806
Jens Spahn	Jens Spahn	PER	PER_682
Karl Lauterbach	Karl Lauterbach	PER	PER_2803
Martin Terhardt	Martin Terhardt	PER	PER_2804
RKI	RKI	ORG	ORG_800
Schott	Schott	ORG	ORG_2805
Stiko	Stiko	ORG	ORG_2801
Thomas Mertens	Thomas Mertens	PER	PER_2474
ZDF Morgenmagazin	ZDF Morgenmagazin	PRO	PRO_2802
Берлине	Берлин	LOC	LOC_504
Германии	Германия	LOC	LOC_27
Германия	Германия	LOC	LOC_27
Европейском Союзе	Европейский Союз	ORG	ORG_5
Института вирусологии клиники Ульмского университета	институт вирусология клиника Ульмский университет	ORG	ORG_2073
Институте имени Роберта Коха	Институт имя Роберт Кох	ORG	ORG_799
Йенс Шпан	Йенс Шпан	PER	PER_682
Йенса Шпана	Йенс Шпан	PER	PER_682
Карл Лаутербах	Карл Лаутерб	PER	PER_2803
Майнцского университета	майнцский университет	ORG	ORG_842
Мартин Терхардт	Мартин Терхардт	PER	PER_2474
Национальной академией наук Leopoldina	национальный академия наука Leopoldina	ORG	ORG_2808
Немецким советом по этике	немецкий совет по этика	ORG	ORG_2807
Положении о защите личных данных	положение о защита личный данные	PRO	PRO_2800
Постоянную комиссию по вакцинации	постоянный комиссия по вакцинация	ORG	ORG_512
Россией	Россия	LOC	LOC_95
России	Россия	LOC	LOC_95
Северной Америке	Северный Америка	LOC	LOC_219
Совет по этике	совет по этика	ORG	ORG_2807
Томас Мертенс	Томас Мертенс	PER	PER_2474
ФРГ	ФРГ	LOC	LOC_27
Фред Цепп	Фред Цепп	PER	PER_2806
правительства ФРГ	правительство ФРГ	ORG	ORG_2275
