ru-52
Bloomberg Economics	Bloomberg Economics	ORG	ORG_121
IATA	IATA	ORG	ORG_2026
Алексей Калмыков	Алексей Калмыков	PER	PER_3188
Америке	Америка	LOC	LOC_69
Би-би-си	Би - би-с	ORG	ORG_2909
Венгрией	Венгрия	LOC	LOC_426
Германия	Германия	LOC	LOC_27
Греция	Греция	LOC	LOC_205
День благодарения	день благодарение	EVT	EVT_198
Джеймс Баллард	Джеймс Баллард	PER	PER_2633
Джером Пауэлл	Джер Пауэлл	PER	PER_3190
Джо Байдена	Джо Байден	PER	PER_76
ЕС	ес	ORG	ORG_5
ЕЦБ	ЕЦБ	ORG	ORG_414
Европе	Европа	LOC	LOC_49
Европейского центробанка	Европейский центробанк	ORG	ORG_1282
Евросоюз	Евросоюз	ORG	ORG_5
Испания	Испания	LOC	LOC_10
Китай	Китай	LOC	LOC_56
Кристалина Георгиева	кристалин Георгиев	PER	PER_3192
МВФ	МВФ	ORG	ORG_340
Международная ассоциация воздушного транспорта	международный ассоциация воздушный транспорт	ORG	ORG_2026
Международный валютный фонд	международный валютный фонд	ORG	ORG_1543
Панетта	панетта	PER	PER_3194
Польшей	Польша	LOC	LOC_107
США	США	LOC	LOC_69
Старого Света	старый Свет	LOC	LOC_3105
ФРС	ФРС	ORG	ORG_3189
Фабио Панетта	Фабио Панетт	PER	PER_3193
Филип Лейн	Филип Лейн	PER	PER_3191
европейский ЦБ	европейский ЦБ	ORG	ORG_112
коронавируса	коронавирус	EVT	EVT_3
совете европейского ЦБ	совет европейский ЦБ	ORG	ORG_129
