ru-1
AZD1222	AZD1222	PRO	PRO_743
CanSino Biological Inc	CanSino Biological Inc	ORG	ORG_674
Covid	Covid	ORG	ORG_722
Covid-19	Covid - 19	ORG	ORG_204
info@karelinform.ru	info@karelinform.ru	PRO	PRO_3008
Артура Парфенчкова	Артур Парфенчков	PER	PER_3222
Вектор	вектор	ORG	ORG_2929
Гам-Ковид-Вак	гам-ковид-вак	PRO	PRO_2906
КарелИнформ	карелинформ	ORG	ORG_3223
Карелии	Карелия	LOC	LOC_1546
Карелию	Карелия	LOC	LOC_1546
Катерина	Катерина	PER	PER_1623
Лузина О.А.	Лузин О. А.	PER	PER_3225
Минздрава Карелии	Минздрав Карелия	ORG	ORG_3220
Минздрава России	Минздрав Россия	ORG	ORG_2743
Минздраве	минздрава	ORG	ORG_35
Москва	Москва	LOC	LOC_316
Москве	Москва	LOC	LOC_316
Наталья Везикова	Наталья Везиков	PER	PER_2922
Национального исследовательского центра эпидемиологии и микробиологии имени Н. Ф. Гамалеи	национальный исследовательский центр эпидемиология и микробиология имя Н. Ф. Гамалеи	ORG	ORG_3219
Оксфордского университета	оксфордский университет	ORG	ORG_1050
Петрозаводске	петрозаводск	LOC	LOC_3221
ПремьерМедиаИнвест	премьермедиаинвест	ORG	ORG_2949
РАН	РАН	ORG	ORG_2935
России	Россия	LOC	LOC_95
Спутник V	спутник v	PRO	PRO_94
Спутника V	спутник v	PRO	PRO_94
Спутником V	спутник v	PRO	PRO_94
Чумакова	Чумаков	ORG	ORG_2934
коронавируса	коронавирус	EVT	EVT_3
министерства здравоохранения и медики	министерство здравоохранение и медик	ORG	ORG_35
переулок Нижний Сусальный	переулок нижний Сусальный	LOC	LOC_3224
правительство РФ	правительство РФ	ORG	ORG_1576
