ru-14
COVID-19	COVID - 19	ORG	ORG_204
novostivolgograda.ru	novostivolgograda.ru	PRO	PRO_2827
Александр Гинцбург	Александр Гинцбург	PER	PER_1113
Бразилии	Бразилия	LOC	LOC_713
ВИЧ	ВИЧ	EVT	EVT_1851
Владимир Путин	Владимир Путин	PER	PER_315
Волгограде	Волгоград	LOC	LOC_2941
Волгоградской области	волгоградский область	LOC	LOC_2941
Волгоградскую область	волгоградский область	LOC	LOC_2941
Волжском	волжский	LOC	LOC_780
Госуслуг	госуслуг	ORG	ORG_2873
Госуслуги	госуслуга	ORG	ORG_2873
Закон об иммунопрофилактике № 157-ФЗ	закон о иммунопрофилактика № 157-ФЗ	PRO	PRO_2943
Израиле	Израиль	LOC	LOC_833
Израиля	Израиль	LOC	LOC_833
Индии	Индия	LOC	LOC_336
Камышине	Камышин	LOC	LOC_2946
Китае	Китай	LOC	LOC_56
Корее	Корея	LOC	LOC_60
Минздрав России	Минздрав Россия	ORG	ORG_2743
Минздрава России	Минздрав Россия	ORG	ORG_2743
Минздравом России	Минздрав Россия	ORG	ORG_2743
Министерство здравоохранения России	министерство здравоохранение Россия	ORG	ORG_35
Михайловке	михайловка	LOC	LOC_2947
Н.	Н.	ORG	ORG_2942
НИИ Гамалеи	НИИ Гамалеи	ORG	ORG_1110
НИИ им. Гамалеи	НИИ имя Гамалеи	ORG	ORG_1110
Национального исследовательского центра эпидемиологии и микробиологии имени	национальный исследовательский центр эпидемиология и микробиология имя	ORG	ORG_708
Национальный исследовательский центр эпидемиологии и микробиологии	национальный исследовательский центр эпидемиология и микробиология	ORG	ORG_708
ПремьерМедиаИнвест	премьермедиаинвест	ORG	ORG_2949
Росздравнадзора	росздравнадзора	ORG	ORG_2725
России	Россия	LOC	LOC_95
Российский фонд прямых инвестиций	российский фонд прямой инвестиция	ORG	ORG_2734
Сеченовском университете	сеченовский университет	ORG	ORG_463
Спутник V	спутник v	PRO	PRO_94
Спутника V	спутник v	PRO	PRO_94
Урюпинске	урюпинска	LOC	LOC_2948
Ф. Гамалеи	ф . гамалея	ORG	ORG_1371
ФАС	ФАС	ORG	ORG_211
Федеральной антимонопольной службы РФ	федеральный антимонопольный служба РФ	ORG	ORG_2944
Центр им. Гамалея	центр имя Гамалей	ORG	ORG_2911
ЭпиВакКорона	эпиваккорон	ORG	ORG_1892
ЭпиВакКороной	эпиваккорон	ORG	ORG_1892
больнице имени Фишера	больница имя Фишер	LOC	LOC_2945
коронавируса	коронавирус	EVT	EVT_3
центра им. Гамалеи	центр имя Гамалеи	ORG	ORG_2911
