ru-67
-	-	PER	PER_3286
Angela Merkel	Angela Merkel	PER	PER_117
COVID-19	COVID - 19	PRO	PRO_105
Cookie	Cookie	PRO	PRO_2681
DW	DW	PRO	PRO_334
Max-Plank-Gesellschaft	Max-Plank-Gesellschaft	ORG	ORG_3284
SARS-CoV-2	SARS-CoV - 2	PRO	PRO_88
Sciencemag	Sciencemag	ORG	ORG_3292
Serum Institute of India	Serum Institute of India	ORG	ORG_807
Stefan Kaufmann	Stefan Kaufmann	PER	PER_3288
VPM1002	VPM1002	PRO	PRO_3290
Австралии	Австралия	LOC	LOC_19
Ангеле Меркель	Ангела Меркель	PER	PER_117
БЦЖ	бцж	ORG	ORG_442
Берлине	Берлин	LOC	LOC_504
ВИЧ	ВИЧ	ORG	ORG_661
ГДР	ГДР	LOC	LOC_3291
Герена	герена	PER	PER_3287
Германии	Германия	LOC	LOC_27
Институт инфекционной биологии имени Макса Планка	институт инфекционный биология имя Макс Планк	ORG	ORG_3289
Института инфекционной биологии имени Макса Планка	институт инфекционный биология имя Макс Планк	ORG	ORG_3289
Кальмета	кальмет	PER	PER_3285
Кауфман	Кауфман	PER	PER_3288
Кауфмана	Кауфман	PER	PER_3288
Меркель	Меркель	PER	PER_117
Минздравом России	Минздрав Россия	ORG	ORG_2743
Нидерландах	нидерланд	LOC	LOC_190
Общества Макса Планка	общество Макс Планк	ORG	ORG_3284
Обществом Макса Планка	общество Макс Планк	ORG	ORG_3284
Положении о защите личных данных	положение о защита личный данные	PRO	PRO_2800
США	США	LOC	LOC_69
Соединенных Штатах	соединить Штат	LOC	LOC_69
ФРГ	ФРГ	LOC	LOC_27
Штефан Кауфман	Штефан Кауфман	PER	PER_3288
Эбола	эбола	EVT	EVT_3293
