ru-31
BfR	BfR	ORG	ORG_2646
Cookie	Cookie	PRO	PRO_2681
Curevac	Curevac	ORG	ORG_470
DW	DW	PRO	PRO_334
Deutsche Welle	Deutsche Welle	PRO	PRO_491
Friedrich von Bohlen	Friedrich von Bohlen	PER	PER_3109
MERS	MERS	ORG	ORG_3113
SARS	SARS	ORG	ORG_573
SARS-CoV-2	SARS-CoV - 2	PRO	PRO_88
dievini	dievini	ORG	ORG_3110
Германии	Германия	LOC	LOC_27
Германия	Германия	LOC	LOC_27
Китае	Китай	LOC	LOC_56
Китая	Китай	LOC	LOC_56
Положении о защите личных данных	положение о защита личный данные	PRO	PRO_2800
Ухань	Ухань	LOC	LOC_202
ФРГ	ФРГ	LOC	LOC_27
Фридрих фон Болен	Фридрих фон больной	PER	PER_3109
Фридриху фон Болену	Фридрих фон Болен	PER	PER_3109
Шарите	шарить	ORG	ORG_3111
немецкого Федерального ведомства по оценке рисков	немецкий федеральный ведомство по оценка риск	ORG	ORG_3112
фон Боленом	фон Болен	PER	PER_3108
