ru-38
COVID-19	COVID - 19	PRO	PRO_105
Instagram	Instagram	PRO	PRO_301
WhatsApp	WhatsApp	PRO	PRO_2937
Аноним	аноним	PER	PER_2940
Бердск	Бердск	LOC	LOC_2928
Вектор	вектор	ORG	ORG_2929
Вектора	вектор	ORG	ORG_2929
Вектором	вектор	ORG	ORG_2929
ГНЦ ВБ	гнц ВБ	ORG	ORG_2556
ГНЦ вирусологии и биотехнологии	гнц вирусология и биотехнология	ORG	ORG_2932
Гам-КОВИД-Вак	гам-ковид-вак	ORG	ORG_2905
Голикова	Голикова	PER	PER_2923
Государственного научного центра вирусологии и	государственный научный центр вирусология и	ORG	ORG_2932
Константин Хальзов	Константин Хальзов	PER	PER_2936
М.П.	М. П.	PER	PER_2933
Минздрава России	Минздрав Россия	ORG	ORG_2743
Н.Ф.Гамалеи	Н. Ф. Гамалеи	PER	PER_2931
НВР	нвр	ORG	ORG_2939
НИИ Гамалеи Гинзбург	НИИ Гамалеи Гинзбург	ORG	ORG_2938
Нетёсов	Нетёсов	PER	PER_2926
Новосибирской области	новосибирский область	LOC	LOC_2927
Правительства РФ	Правительство РФ	ORG	ORG_1576
РАН	РАН	ORG	ORG_2935
Роспотребнадзора	Роспотребнадзор	ORG	ORG_2725
Сергей Нетёсов	Сергей Нетёсов	PER	PER_2926
Спутник	спутник	PRO	PRO_91
Спутник V	спутник v	PRO	PRO_94
Татьяна Голикова	Татьяна Голикова	PER	PER_796
Федеральным исследовательским центром	федеральный исследовательский центр	ORG	ORG_2420
Чумакова	Чумаков	ORG	ORG_2934
ЭпиВакКорона	эпиваккорон	PRO	PRO_2930
коронавирусом	коронавирус	EVT	EVT_3
