ru-73
BioNTech	BioNTech	ORG	ORG_68
JCVI	JCVI	ORG	ORG_3065
Moderna	Moderna	ORG	ORG_87
Pfizer	Pfizer	ORG	ORG_67
Pfizer/BioNTech	Pfizer /BioNTech	ORG	ORG_67
TMPRSS2	TMPRSS2	PRO	PRO_3064
Австралия	Австралия	LOC	LOC_19
Австрии	Австрия	LOC	LOC_19
Америке	Америка	LOC	LOC_69
Англии	Англия	LOC	LOC_6
Англия	Англия	LOC	LOC_6
Белом доме	белый дом	LOC	LOC_72
Борис Джонсон	Борис Джонсон	PER	PER_52
Британии	Британия	LOC	LOC_6
Великобритании	Великобритания	LOC	LOC_6
Германии	Германия	LOC	LOC_27
Германия	Германия	LOC	LOC_27
Дауна	дауна	LOC	LOC_3060
Джером Адамс	Джер Адамс	PER	PER_3061
Джо Байден	Джо Байден	PER	PER_76
Джонсон	Джонсон	PER	PER_1154
Еврокомиссия	Еврокомиссия	ORG	ORG_1444
Евросоюз	Евросоюз	ORG	ORG_5
Евросоюза	Евросоюз	ORG	ORG_5
Италия	Италия	LOC	LOC_50
Карл Густав XVI	Карл Густав xvi	PER	PER_3066
Майк Пенс	Майк Пенс	PER	PER_662
Нидерландах	нидерланд	LOC	LOC_190
Нидерланды	Нидерланды	LOC	LOC_190
Нового Южного Уэльса	новый Южный Уэльс	LOC	LOC_2137
Объединенный комитет по вакцинации и иммунизации Великобритании	объединить комитет по вакцинация и иммунизация Великобритания	ORG	ORG_1080
Пенса	пенс	PER	PER_1461
Правительство Швеции	правительство Швеция	ORG	ORG_2275
Рождества	Рождество	EVT	EVT_418
Рождество	Рождество	EVT	EVT_418
США	США	LOC	LOC_69
Северной Ирландии	Северный Ирландия	LOC	LOC_455
Сиднея	Сидней	LOC	LOC_3067
Уэльса	Уэльс	LOC	LOC_53
Уэльсе	Уэльс	LOC	LOC_53
Швеции	Швеция	LOC	LOC_12
Швеция	Швеция	LOC	LOC_12
Шотландии	Шотландия	LOC	LOC_190
австралийцев	австралиец	PER	PER_1802
коронавируса	коронавирус	EVT	EVT_3
новогодних праздников	новогодний праздник	EVT	EVT_418
синдромом	синдром	EVT	EVT_3063
