ru-80
V	v	PRO	PRO_2830
Александр Гинцбург	Александр Гинцбург	PER	PER_1113
Вектор	вектор	ORG	ORG_2929
Владимир Путин	Владимир Путин	PER	PER_315
Гамалеи	гамалея	LOC	LOC_3152
Колымы	колыма	LOC	LOC_3150
Колымы.В	колыма . в	LOC	LOC_3151
МОСКВА	МОСКВА	LOC	LOC_316
Минздрав	Минздрав	ORG	ORG_35
Михаил Мурашко	Михаил Мурашко	PER	PER_797
НИЦЭМ имени Гамалеи	ницэм имя Гамалеи	ORG	ORG_2993
РИА Новости	риа новость	ORG	ORG_158
Роспотребнадзора	Роспотребнадзор	ORG	ORG_2725
России	Россия	LOC	LOC_95
Спутник V	спутник v	PRO	PRO_94
Спутником V	спутник v	PRO	PRO_94
Татьяна Голикова	Татьяна Голикова	PER	PER_796
Федеральном научном центре исследований	федеральный научный центр исследование	ORG	ORG_3009
Федеральном научном центре исследований и разработки иммунобиологических препаратов имени Чумакова	федеральный научный центр исследование и разработка иммунобиологический препарат имя Чумаков	ORG	ORG_3154
ЭпиВакКорона	эпиваккорон	ORG	ORG_1892
владимир	владимир	LOC	LOC_3153
имени Чумакова	имя Чумаков	ORG	ORG_2934
коронавируса	коронавирус	EVT	EVT_3
россия	россия	LOC	LOC_95
