ru-64
COVID-19	COVID - 19	PRO	PRO_105
Александр Раздорский	Александр Раздорский	PER	PER_753
Владимир Путин	Владимир Путин	PER	PER_315
Гам	гам	PRO	PRO_3051
Гам Ковид Вак	гам Ковид Вак	PRO	PRO_2906
Гамалеи	гамалея	ORG	ORG_1371
Государственный научный центр вирусологии и биотехнологии	государственный научный центр вирусология и биотехнология	ORG	ORG_2932
МИФ	миф	ORG	ORG_2740
Минздрав	Минздрав	ORG	ORG_35
Минздрава РФ	Минздрав РФ	ORG	ORG_2743
Минздрава Тверской области	Минздрав тверской область	ORG	ORG_3049
Министерства здравоохранения Тверской области	Министерство здравоохранение тверской область	ORG	ORG_35
Министерство здравоохранения России	министерство здравоохранение Россия	ORG	ORG_35
Роспотребнадзора	Роспотребнадзор	ORG	ORG_2725
России	Россия	LOC	LOC_95
Спутник	спутник	PRO	PRO_91
Спутник V	спутник v	PRO	PRO_94
Спутник Лайт	спутник Лайт	PRO	PRO_91
Спутника V	спутник v	PRO	PRO_94
Спутнике	спутник	LOC	LOC_3033
Спутником V	спутник v	PRO	PRO_94
Тверской области	тверской область	LOC	LOC_3047
Тверской областной клинической больнице	тверской областной клинический больница	ORG	ORG_874
Центра по профилактике и борьбе со СПИД	Центр по профилактика и борьба с СПИД	ORG	ORG_3048
Центре гигиены и эпидемиологии в Тверской области	Центр гигиена и эпидемиология в тверской область	ORG	ORG_3053
институт им. М. П. Чумакова	институт имя М. П. Чумаков	ORG	ORG_3050
медицинском Центре им. В.П. Аваева	медицинский Центр имя В. П. Аваев	ORG	ORG_3052
