ru-70
COVID-19	COVID - 19	EVT	EVT_233
Адмиралтейском районе	адмиралтейский район	LOC	LOC_3078
Адмиралтейском районе Санкт‑Петербурга	адмиралтейский район Санктепетербург	LOC	LOC_3078
Вознесенский пр.,	вознесенский пр. ,	LOC	LOC_3082
Вознесенский пр., д.27	вознесенский пр. , далее 27	LOC	LOC_3082
Городская поликлиника № 24	городской поликлиника № 24	ORG	ORG_3081
Городская поликлиника № 27	городской поликлиника № 27	ORG	ORG_3081
Городская поликлиника № 28	городской поликлиника № 28	ORG	ORG_3081
Министерства здравоохранения	Министерство здравоохранение	ORG	ORG_35
Министерством здравоохранения РФ	Министерство здравоохранение РФ	ORG	ORG_2743
Обводного канала	обводной канал	LOC	LOC_3083
Российской Федерации	российский Федерация	LOC	LOC_95
СПб	спб	LOC	LOC_3084
СПб ГБУЗ	спб ГБУЗ	ORG	ORG_3080
Санкт‑Петербурга	санктепетербург	LOC	LOC_2297
Санкт‑Петербургского государственного бюджетного учреждения здравоохранения	санктепетербургский государственный бюджетный учреждение здравоохранение	ORG	ORG_3079
ХОБЛ	хобл	EVT	EVT_339
Центре записи по телефону	Центр запись по телефон	ORG	ORG_3086
канала	канал	PRO	PRO_3085
