ru-43
AstraZeneca	Astraleneca	ORG	ORG_89
Covax	Covax	ORG	ORG_1331
Moderna	Moderna	ORG	ORG_87
Pfizer	Pfizer	ORG	ORG_67
Pfizer Medical	Pfizer Medical	ORG	ORG_67
Qantas	Qantas	ORG	ORG_3195
Qantas Airlinies	Qantas Airlinies	ORG	ORG_3195
Алан Джойс	Алан Джойс	PER	PER_3196
Англии	Англия	LOC	LOC_6
Англия	Англия	LOC	LOC_6
Аргентина	Аргентина	LOC	LOC_2035
Афганистан	Афганистан	LOC	LOC_157
Би-би-си	Би - би-с	ORG	ORG_2909
Борис Джонсон	Борис Джонсон	PER	PER_52
Бразилии	Бразилия	LOC	LOC_713
Бразилия	Бразилий	LOC	LOC_713
Британии	Британия	LOC	LOC_6
Бурунди	Бурунди	LOC	LOC_3203
Великобритании	Великобритания	LOC	LOC_6
Всемирной организацией здравоохранения	всемирный организация здравоохранение	ORG	ORG_133
Германия	Германия	LOC	LOC_27
Девятому каналу	девятый канал	PRO	PRO_3198
Джойс	Джойс	PER	PER_3197
Джонсон	Джонсон	PER	PER_1154
Дэвид Пауэлл	Дэвид Пауэлл	PER	PER_2027
Испании	Испания	LOC	LOC_10
Йемен	Йемен	LOC	LOC_177
Каталония	каталония	LOC	LOC_199
ООН	оон	ORG	ORG_268
Оксфордским университетом	оксфордский университет	ORG	ORG_1050
США	США	LOC	LOC_69
Сантьяго	Сантьяго	LOC	LOC_3201
Сара Гилберт	Сара Гилберт	PER	PER_744
Себастьян Пиньера	Себастьян Пиньер	PER	PER_3199
Спутник V	спутник v	PRO	PRO_94
Турция	Турция	LOC	LOC_138
Чили	Чили	LOC	LOC_3102
Эндрю Поллард	Эндрю Поллард	PER	PER_1213
Этлева Кадилли	этлев Кадилли	PER	PER_3204
ЮАР	ЮАР	LOC	LOC_69
ЮНИСЕФ	ЮНИСЕФ	ORG	ORG_3202
ассоциации воздушного траспорта ИАТА	ассоциация воздушный траспорт ИАТА	ORG	ORG_2026
чилийцев	чилиец	PER	PER_3200
