ru-79
5	5	PRO	PRO_3146
COVID-19	COVID - 19	PRO	PRO_105
SARS-CoV-2	SARS-CoV - 2	PRO	PRO_88
Австралии	Австралия	LOC	LOC_19
Великобритании	Великобритания	LOC	LOC_6
Гам-КОВИД-Вак	гам-ковид-вак	ORG	ORG_2905
Германии	Германия	LOC	LOC_27
КОВИД	ковид	EVT	EVT_325
Китае	Китай	LOC	LOC_56
Конституции 2020 года	Конституция 2020 год	PRO	PRO_343
Конституции России	Конституция Россия	PRO	PRO_43
Минздрава РФ	Минздрав РФ	ORG	ORG_2743
Москве	Москва	LOC	LOC_316
Н.	Н.	PER	PER_2834
НИЦЭМ	ницэм	ORG	ORG_3019
Национальным центром эпидемиологии и микробиологии имени Н. Ф.	национальный центр эпидемиология и микробиология имя Н. Ф.	ORG	ORG_708
России	Россия	LOC	LOC_95
Россия	Россия	LOC	LOC_95
США	США	LOC	LOC_69
Спутник V	спутник v	ORG	ORG_2732
Ф. Гамалеи	ф . гамалея	PER	PER_2931
