ru-88
AstraZeneca	Astraleneca	ORG	ORG_89
COVID-19	COVID - 19	PRO	PRO_105
CanSino	CanSino	ORG	ORG_674
Pfizer	Pfizer	ORG	ORG_67
Sinovac	Sinovac	ORG	ORG_2299
Вектора	вектор	ORG	ORG_2929
Гамалеи	гамалея	ORG	ORG_1371
Германии	Германия	LOC	LOC_27
Германию	Германия	LOC	LOC_27
Денге	денга	LOC	LOC_3028
Джесси Джелсингера	джесс Джелсингер	PER	PER_3029
Дмитрия Рогозина	Дмитрий Рогозин	PER	PER_3025
Игорь Соколов	Игорь Соколов	PER	PER_1176
Илоном Маском	илон Маск	PER	PER_3026
Института Гамалеи	институт Гамалеи	ORG	ORG_1110
НИЦЭМ	ницэм	ORG	ORG_3019
Петровакс	петровакс	ORG	ORG_3027
Почта России	почта Россия	ORG	ORG_1867
Р-Фарм	р-фарм	ORG	ORG_2973
России	Россия	LOC	LOC_95
Россию	Россия	LOC	LOC_95
Спутник	спутник	PRO	PRO_91
Спутник V	спутник v	PRO	PRO_94
Спутником	спутник	PRO	PRO_91
Филиппинах	Филиппины	LOC	LOC_15
Ходячих мертвецов	ходячий мертвец	PRO	PRO_3024
ЭпиВакКорона	эпиваккорон	ORG	ORG_1892
ЭпиВакКороны	эпиваккорон	ORG	ORG_1892
московскую мэрию	московский мэрия	ORG	ORG_2957
