ru-57
BioNTech	BioNTech	ORG	ORG_68
BioNTech/Pfizerили Moderna	BioNTech / Pfizerили Moderna	ORG	ORG_3087
COVID-19	COVID - 19	EVT	EVT_233
Cookie	Cookie	PRO	PRO_2681
Moderna	Moderna	ORG	ORG_87
Pfizer	Pfizer	ORG	ORG_67
RKI	RKI	ORG	ORG_800
SARS-CoV-2	SARS-CoV - 2	ORG	ORG_573
Австрия	Австрия	LOC	LOC_19
Ангела Меркель	Ангела Меркель	PER	PER_117
Беларуси	Беларуси	LOC	LOC_1
Беларусь	Беларусь	LOC	LOC_1
Германии	Германия	LOC	LOC_27
Германию	Германия	LOC	LOC_27
Германия	Германия	LOC	LOC_27
Дании	Дания	LOC	LOC_1651
Дания	Дания	LOC	LOC_1651
ЕС	ес	ORG	ORG_5
Европа	Европа	LOC	LOC_49
Европу	Европа	LOC	LOC_49
Европы	Европа	LOC	LOC_49
Института имени Роберта Коха	институт имя Роберт Кох	ORG	ORG_799
Италии	Италия	LOC	LOC_50
Италия	Италия	LOC	LOC_50
Лукашенко	Лукашенко	PER	PER_1973
Минздрава	Минздрав	ORG	ORG_35
Москве	Москва	LOC	LOC_316
Положении о защите личных данных	положение о защита личный данные	PRO	PRO_2800
РФ	РФ	LOC	LOC_95
Россия	Россия	LOC	LOC_95
США	США	LOC	LOC_69
Сергей Елкин	Сергей Елкин	PER	PER_2828
Украина	Украина	LOC	LOC_318
Украине	Украина	LOC	LOC_318
ФРГ	ФРГ	LOC	LOC_27
Федеральном центре санитарного просвещения Германии	федеральный центр санитарный просвещение Германия	ORG	ORG_3088
Франция	Франция	LOC	LOC_20
Швеции	Швеция	LOC	LOC_12
Швеция	Швеция	LOC	LOC_12
коронавирусом	коронавирус	EVT	EVT_3
