ru-25
BTW	BTW	PRO	PRO_3038
BioNTech	BioNTech	ORG	ORG_68
Computer Science	Computer Science	ORG	ORG_1369
EUgeneUS	EUgeneUS	PRO	PRO_630
LaTeX	LaTeX	ORG	ORG_3031
Machine Learning	Machine Learning	ORG	ORG_3030
Pfizer	Pfizer	ORG	ORG_67
ozheredov	ozheredov	ORG	ORG_3035
warlock66613	warlock 66613	PRO	PRO_3032
А. Штангенциркулем	а . Штангенциркул	PER	PER_3039
Александр Гинцбург	Александр Гинцбург	PER	PER_1113
Вас	вы	PER	PER_3034
Медузы	медуз	PER	PER_3037
Москве	Москва	LOC	LOC_316
Пфайзера	пфайзера	LOC	LOC_3036
Секстантом В. Напряжометром	секстант В. Напряжометр	PER	PER_3040
Спутник V	спутник v	PRO	PRO_94
СпутникV	спутникv	ORG	ORG_2732
Спутнику	спутник	LOC	LOC_3033
Центра им. Гамалеи	Центр имя Гамалеи	ORG	ORG_2911
