ru-59
V	v	PRO	PRO_2830
kp.ru	kp.ru	PRO	PRO_2827
Алексей БУЛАТОВ	Алексей БУЛАТОВ	PER	PER_485
Вектора	вектор	ORG	ORG_2929
Владимир	Владимир	PER	PER_2244
Владимир Путин	Владимир Путин	PER	PER_315
Всемирной организации здравоохранения в	всемирный организация здравоохранение в	ORG	ORG_133
Гам Ковид Вак	гам Ковид Вак	PER	PER_2863
КП	кп	ORG	ORG_48
Комсомольская правда	комсомольский правда	PRO	PRO_3069
Мелита Вуйнович	мелит Вуйнович	PER	PER_3070
Минздрав	Минздрав	ORG	ORG_35
Минздраве	минздрава	ORG	ORG_35
Москве	Москва	LOC	LOC_316
России	Россия	LOC	LOC_95
СТОПКОРОНАВИРУС.РФ	стопкоронавирус.рф	LOC	LOC_3068
Спутник V	спутник v	PRO	PRO_94
Спутника V	спутник v	PRO	PRO_94
Спутником	спутник	EVT	EVT_3002
Спутником V	спутник v	PRO	PRO_94
ХОБЛ	хобл	EVT	EVT_339
Центра им. Чумакова	Центр имя Чумаков	ORG	ORG_3050
