ru-84
COVID	COVID	PRO	PRO_105
Gam-COVID-Vac	Gam-crvsIdmac	ORG	ORG_2861
Gam-COVID-Vac Lyo	Gam-crvsIdmac Lyo	ORG	ORG_2861
SARS-CoV-2	SARS-CoV - 2	PRO	PRO_88
WhatsApp	WhatsApp	PRO	PRO_2937
grls.rosminzdrav.ru	grls.rosminzdrav.ru	PRO	PRO_3008
www.obraz-zdorovja.ru	www.obraz-zdorovja.ru	PRO	PRO_3008
Александра Гинцбурга	Александр Гинцбург	PER	PER_1113
ГВКГ	гвкг	ORG	ORG_2591
Гам-КОВИД-Вак	гам-ковид-вак	ORG	ORG_2905
Главном военном клиническом госпитале	главный военный клинический госпиталь	ORG	ORG_3010
ДЕТА-ЭЛИС	дета-элис	ORG	ORG_3018
ДеВита	девит	PRO	PRO_582
Долголетие	долголетие	EVT	EVT_3017
И.	И.	ORG	ORG_3013
Камертон,ДеВита-РИТМ	камертон , ДеВита-РИТМ	ORG	ORG_3016
Ковида	ковид	EVT	EVT_325
М. Сеченова	м . Сеченов	ORG	ORG_3014
МЗ РФ	мз РФ	ORG	ORG_2743
Минздрав РФ	Минздрав РФ	ORG	ORG_2743
Минздрава России	Минздрав Россия	ORG	ORG_2743
Министерства здравоохранения	Министерство здравоохранение	ORG	ORG_35
Михаил Мурашко	Михаил Мурашко	PER	PER_797
Н.	Н.	LOC	LOC_3011
Н. Бурденко	Н. Бурденко	LOC	LOC_3012
НИИ микробиологии МО РФ	НИИ микробиология МО РФ	ORG	ORG_2743
НПЦИиОМ	нпции	ORG	ORG_3019
Образ Здоровья	образ Здоровье	EVT	EVT_3020
Первом Московском государственном медицинском университете	первый московский государственный медицинский университет	ORG	ORG_2924
РОФЭС-диагностика	рофэс - диагностика	ORG	ORG_3015
России	Россия	LOC	LOC_95
Спутник V	спутник v	PRO	PRO_94
Федеральный медицинский исследовательский центр психиатрии и наркологии	федеральный медицинский исследовательский центр психиатрия и наркология	ORG	ORG_3009
Центра им. Гамалеи	Центр имя Гамалеи	ORG	ORG_2911
