ru-78
COVID-19	COVID - 19	ORG	ORG_204
Госуслугах	госуслуга	ORG	ORG_2873
Госуслуги	госуслуга	ORG	ORG_2873
Игорь Федоров	Игорь Федоров	PER	PER_2921
Ленинского округа	ленинский округ	LOC	LOC_2919
Ленинского округов	ленинский округ	LOC	LOC_2919
МФЦ	мфц	ORG	ORG_2914
МФЦ Октябрьского округа	мфц октябрьский округ	ORG	ORG_2920
МФЦ Первомайского	мфц первомайский	ORG	ORG_2914
Мария ЛЕНЦ	Мария ЛЕНЦ	PER	PER_306
Мурманска	Мурманск	LOC	LOC_2913
Мурманске	Мурманск	LOC	LOC_2913
Мурманской области	мурманский область	LOC	LOC_2913
Мурманскую область	мурманский область	LOC	LOC_2913
Наталья Минина	Наталья Минина	PER	PER_2922
Оксана Старчикова	Оксан Старчиков	PER	PER_2916
Первомайского	первомайский	LOC	LOC_2918
Первомайскому округу Мурманска	первомайский округа Мурманск	LOC	LOC_2915
Спутник V	спутник v	PRO	PRO_94
ФИО	фио	ORG	ORG_2917
