ru-46
COVID-19	COVID - 19	ORG	ORG_204
mos.ru	mos.ru	PRO	PRO_2827
АФИМОЛЛ Сити	афимолл Сити	ORG	ORG_2844
Большая Никитская	больший никитский	LOC	LOC_2840
ГУМ Город	гум город	ORG	ORG_2836
Геликон-опера	геликон - опера	ORG	ORG_2839
Город	город	LOC	LOC_2842
Город Москва	город Москва	LOC	LOC_316
ИФА-центре	ифа - центр	ORG	ORG_2852
Киевское шоссе	Киевский шоссе	LOC	LOC_2848
Кировоградская улица	кировоградский улица	LOC	LOC_2850
Красная площадь	красный площадь	LOC	LOC_2837
Кутузовский проспект	кутузовский проспект	LOC	LOC_2841
Люблинская улица	люблинский улица	LOC	LOC_2838
Минздрава России	Минздрав Россия	ORG	ORG_2743
Москва	Москва	LOC	LOC_316
Москве	Москва	LOC	LOC_316
Москвы	Москва	LOC	LOC_316
Московский	московский	LOC	LOC_316
Н.	Н.	PER	PER_2834
Национального исследовательского центра эпидемиологии и микробиологии	национальный исследовательский центр эпидемиология и микробиология	ORG	ORG_708
ОМC	омc	ORG	ORG_2835
Пресненская набережная	пресненский набережная	LOC	LOC_2846
Саларис	саларис	LOC	LOC_2847
Спутник V	спутник v	PRO	PRO_94
Сходненская улица	сходненский улица	LOC	LOC_2851
ТРЦ Columbus	трц Columbus	ORG	ORG_2849
Ф. Гамалеи	ф . гамалея	PER	PER_1591
ХОБЛ	хобл	EVT	EVT_339
городских ИФА-центров	городской ИФА - центр	ORG	ORG_2852
документы	документ	ORG	ORG_2845
улица	улица	LOC	LOC_2838
улица Лесная	улица лесной	LOC	LOC_2838
шоссе Энтузиастов	шоссе Энтузиаст	LOC	LOC_2843
