ru-39
Pfizer-BioNTech	Pfizer - BioNTech	PRO	PRO_3181
Telegram	Telegram	PRO	PRO_2596
The New York Times	The New York Times	PRO	PRO_51
Tom Jamieson	Tom Jamieson	PER	PER_3209
ZN.UA	ZN. UA	PRO	PRO_2552
Англии	Англия	LOC	LOC_6
Английская национальная служба здравоохранения	английский национальный служба здравоохранение	ORG	ORG_1156
Английская служба здравоохранения	английский служба здравоохранение	ORG	ORG_2227
Англичане	англичанин	PER	PER_450
Британии	Британия	LOC	LOC_6
Великобритании	Великобритания	LOC	LOC_6
Генри Мура	Генри Мура	PER	PER_3213
Грейсон Перри	грейсон Перри	PER	PER_428
Джон Челленджер	Джон Челленджер	PER	PER_3208
Дэвид Холлз	Дэвид Холлз	PER	PER_3207
Дэн Хендерсон	Дэн Хендерсон	PER	PER_3215
Лидсе	Лидс	LOC	LOC_3212
Лондона	Лондон	LOC	LOC_23
Музей медицины ТАКР	музей медицина ТАКР	ORG	ORG_3210
Николас Пападопулос	Николас Пападопулос	PER	PER_3214
Оксфорде	Оксфорд	LOC	LOC_892
Пападопулос	пападопулос	PER	PER_3214
Собор Солсбери	собор Солсбери	ORG	ORG_3206
Солсбери	Солсбери	LOC	LOC_3205
Украины	Украина	LOC	LOC_318
Флуд	флуд	EVT	EVT_3218
Хендерсон	Хендерсон	PER	PER_3215
Элеонора Журавлева	элеонор Журавлев	PER	PER_3216
британского правительства	британский правительство	ORG	ORG_1280
в	в	LOC	LOC_3211
ругань	ругань	EVT	EVT_3217
театр Хартфорд	театр Хартфорд	LOC	LOC_232
