ru-11
AstraZeneca	Astraleneca	ORG	ORG_89
COVAX	COVAX	ORG	ORG_2639
Guardian	Guardian	PRO	PRO_2594
Pfizer	Pfizer	ORG	ORG_67
Sinovac	Sinovac	PRO	PRO_2652
Sinovac Biotech	Sinovac Biotech	ORG	ORG_671
Бразилии	Бразилия	LOC	LOC_713
Максим Степанов	Максим Степанов	PER	PER_804
Минздрав	Минздрав	ORG	ORG_35
Минздрава	Минздрав	ORG	ORG_35
Минздраве	минздрава	ORG	ORG_35
Министерство здравоохранения	министерство здравоохранение	ORG	ORG_35
Сніданку з 1+1	снеданка зы 1+1	PRO	PRO_2902
Степанов	Степанов	PER	PER_804
Украина	Украина	LOC	LOC_318
Украине	Украина	LOC	LOC_318
Украину	Украина	LOC	LOC_318
Украины	Украина	LOC	LOC_318
коронавирусом	коронавирус	EVT	EVT_3
