ru-10
Амурской	амурский	PRO	PRO_2964
Амурской области	амурский область	LOC	LOC_773
Вакцина	вакцина	PER	PER_2961
Гам-Ковид-Вак	гам-ковид-вак	ORG	ORG_2905
Государственный научный центр вирусологии и биотехнологии	государственный научный центр вирусология и биотехнология	ORG	ORG_2932
Госуслуги	госуслуга	PRO	PRO_2960
МФЦ	мфц	ORG	ORG_2914
Минздравом РФ	Минздрав РФ	ORG	ORG_2743
НИЦЭМ	ницэм	ORG	ORG_1294
Приамурье	приамурье	LOC	LOC_2959
РФ	РФ	LOC	LOC_95
Российской Федерации	российский Федерация	LOC	LOC_95
Светлана Леонтьева	Светлана Леонтьев	PER	PER_2575
Светлана Николаевна	Светлана Николаевна	PER	PER_2575
Светланы Леонтьевой	Светлана Леонтьев	PER	PER_2575
Спутник V	спутник v	PRO	PRO_94
ФБУН	фбун	ORG	ORG_2963
ЭпиВакКорона	эпиваккорон	ORG	ORG_1892
амурского минздрава	амурский минздрава	ORG	ORG_2958
кожно-венерологического диспансера	кожный - венерологический диспансер	ORG	ORG_2962
минздрав	минздр	ORG	ORG_2812
минздрава	минздрава	ORG	ORG_2812
правды	правда	ORG	ORG_2965
