ru-69
COVID-19	COVID - 19	ORG	ORG_204
Александр Сидякин	Александр Сидякин	PER	PER_2828
Андрей Воробьев	Андрей Воробьев	PER	PER_2864
Анна Семенова	Анна Семенова	PER	PER_2867
Балашова	Балашов	LOC	LOC_2878
Балашовской районной больнице	балашовский районный больница	LOC	LOC_438
Башкирии	Башкирия	LOC	LOC_2886
Башкортостана	башкортостан	LOC	LOC_2887
Богу	Бог	PER	PER_1508
Василий Дарган	Василий Дарган	PER	PER_2883
Вероника Богма	Вероника Богм	PER	PER_884
Виктор Меринов	Виктор Меринов	PER	PER_2857
Владимир Путин	Владимир Путин	PER	PER_315
Вячеслав Черняев	Вячеслав Черняев	PER	PER_2874
ГКБ №15	ГКБ № 15	ORG	ORG_2884
ГУМе	гум	ORG	ORG_39
Галина Буравитская	Галина буравитский	PER	PER_2875
Главном универсальном магазине	главный универсальный магазин	ORG	ORG_2870
Госуслуг	госуслуг	ORG	ORG_2873
Ирина Маршутина	Ирина Маршутин	PER	PER_347
КНР	КНР	LOC	LOC_56
КамАЗах	камаз	PRO	PRO_2879
Красной площади	красный площадь	LOC	LOC_2837
Мария Волошина	Мария Волошин	PER	PER_2876
Москве	Москва	LOC	LOC_316
Московской области	московский область	LOC	LOC_2880
Мурат Зарипов	мурат Зарипов	PER	PER_2869
О.М. Филатова	О. М. Филатов	ORG	ORG_2885
Подмосковье	Подмосковье	LOC	LOC_2880
Роспотребнадзора	Роспотребнадзор	ORG	ORG_2725
России	Россия	LOC	LOC_95
Ростовской области	ростовский область	LOC	LOC_2872
Руслан Бикбулатов	Руслан Бикбулатов	PER	PER_2868
Саратовская область	саратовский область	LOC	LOC_2877
Саратовской области	саратовский область	LOC	LOC_2877
Сергиево-Посадской районной больницы	сергиево-посадский районный больница	ORG	ORG_2882
Спутником	спутник	ORG	ORG_2871
Уфы	Уфа	LOC	LOC_2886
ФАПам	фапам	ORG	ORG_2881
россиян	россиянин	PER	PER_1372
