ru-62
BNT162b2	BNT162b2	PRO	PRO_1683
BioNTech	BioNTech	ORG	ORG_68
COVID-19	COVID - 19	ORG	ORG_204
CoronaVac	CoronaVac	PRO	PRO_2649
Moderna	Moderna	ORG	ORG_87
Pfizer	Pfizer	ORG	ORG_67
REGNUM	REGNUM	ORG	ORG_3164
Sinovac Biotech	Sinovac Biotech	ORG	ORG_671
ВКонтакте	вконтакт	PRO	PRO_3166
Великобритании	Великобритания	LOC	LOC_6
Евросоюзе	Евросоюз	ORG	ORG_5
ИА REGNUM	иа REGNUM	ORG	ORG_3164
Израиле	Израиль	LOC	LOC_833
Китае	Китай	LOC	LOC_56
Комитет по здравоохранению Санкт-Петербурга	комитет по здравоохранение Санкт-Петербург	ORG	ORG_3079
Н.	Н.	ORG	ORG_2942
НИЦЭМ	ницэм	ORG	ORG_3019
Петербурга	Петербург	LOC	LOC_2297
Петербурге	Петербург	LOC	LOC_2297
Роскомнадзор	роскомнадзор	ORG	ORG_3044
России	Россия	LOC	LOC_95
США	США	LOC	LOC_69
Санкт-Петербург	Санкт-Петербург	LOC	LOC_2297
Спутник V	спутник v	PRO	PRO_94
Ф. Гамалеи	ф . гамалея	ORG	ORG_1371
петербуржцев	петербуржец	PER	PER_3165
