ru-40
COVID-19	COVID - 19	PRO	PRO_105
IRK.ru	IRK.ru	PRO	PRO_2827
Ангарске	ангарска	LOC	LOC_200
Бодайбо	Бодайбо	LOC	LOC_2816
Бохане	бохан	LOC	LOC_2817
Братске	Братск	LOC	LOC_2814
Иркутске	Иркутск	LOC	LOC_2810
Иркутской области	Иркутский область	LOC	LOC_2810
Куйтуне	куйтуна	LOC	LOC_2820
МСЧ ИАПО	мсч ИАПО	ORG	ORG_2811
Нижнеудинске	нижнеудинск	LOC	LOC_2822
РФ	РФ	LOC	LOC_95
России	Россия	LOC	LOC_95
СНИЛС	снилс	ORG	ORG_2824
Спутник V	спутник v	ORG	ORG_2732
Тайшете	тайшет	LOC	LOC_2815
Татьяна Голикова	Татьяна Голикова	PER	PER_796
Тулуне	тулун	LOC	LOC_2819
Усть-Илимске	усть - Илимск	LOC	LOC_2821
Усть-Куте	Усть -Кут	LOC	LOC_2818
Усть-Ордынский	усть-ордынский	LOC	LOC_2823
Центра СПИД	Центр СПИД	ORG	ORG_2551
Шелехове	Шелехов	LOC	LOC_2813
Якова Сандакова	Яков Сандаков	PER	PER_2826
минздрава	минздрава	ORG	ORG_2812
стопкоронавирус.рф	стопкоронавирусс рф	ORG	ORG_2825
