ru-44
AstraZeneca	Astraleneca	ORG	ORG_89
BioNTech/Pfizer	BioNTech / Pfizer	ORG	ORG_3087
CNBC	CNBC	PRO	PRO_243
CanSino Biological	CanSino Biological	ORG	ORG_674
CoronaVac	CoronaVac	PRO	PRO_2649
Johnson & Johnson	Johnson & Johnson	ORG	ORG_675
MERS	MERS	PRO	PRO_1112
Moderna	Moderna	ORG	ORG_87
Pfizer	Pfizer	ORG	ORG_67
SARS	SARS	PRO	PRO_88
Sinovac	Sinovac	ORG	ORG_2299
Sputnik V	Sputnik V	PRO	PRO_929
sanofi	sanofi	ORG	ORG_3250
Айдара Ишмухаметова	Айдар Ишмухаметов	PER	PER_3245
Александр Сергеев	Александр Сергеев	PER	PER_2926
Альберта Бурла	Альберт Бурла	PER	PER_1283
Андрей Васин	Андрей Васин	PER	PER_2354
Бразилии	Бразилия	LOC	LOC_713
ВОЗ	ВОЗ	ORG	ORG_86
Великобритании	Великобритания	LOC	LOC_6
Волчков	Волчков	PER	PER_3243
Волчков.Тайны	Волчков . тайна	PER	PER_3242
Гаврилова А.В.	Гаврилов А. В.	PER	PER_3107
Гамалеи	гамалея	PER	PER_1591
Государственным научным центром вирусологии и биотехнологии	государственный научный центр вирусология и биотехнология	ORG	ORG_2932
Евразия	евразия	LOC	LOC_55
Индии	Индия	LOC	LOC_336
Института биомедицинских систем и биотехнологий Санкт-Петербургского политехнического университета Петра Великого	институт биомедицинский система и биотехнология санкт-петербургский политехнический университет Петр великий	ORG	ORG_3247
Исследовательского центра имени Н. Ф. Гамалеи	исследовательский центр имя Н. Ф. Гамалеи	ORG	ORG_3219
Карпова	Карпов	PER	PER_3253
Кирове	Киров	LOC	LOC_3246
Краевой клинической больницы № 2	краевой клинический больница № 2	ORG	ORG_36
Краснодаре	Краснодар	LOC	LOC_3251
МГУ имени Ломоносова	мгу имя Ломоносов	ORG	ORG_3244
МОСКВА	МОСКВА	LOC	LOC_316
МФТИ	МФТИ	ORG	ORG_693
Москве	Москва	LOC	LOC_316
Научного центра имени М. П. Чумакова	научный центр имя М. П. Чумаков	ORG	ORG_3050
Научном центре имени Чумакова	научный центр имя Чумаков	ORG	ORG_3050
Новосибирске	Новосибирск	LOC	LOC_2927
Оксана Таланова	Оксан Таланов	PER	PER_2916
Оксфордского университета	оксфордский университет	ORG	ORG_1050
Ольга Карпова	Ольга Карпов	PER	PER_3253
Павел Волчков	Павел Волчков	PER	PER_3142
Павел Волчков.Гликозилирование	Павел Волчков Гликозилирование	PER	PER_3243
Пекинским институтом биотехнологий	пекинский институт биотехнология	ORG	ORG_672
РАН	РАН	ORG	ORG_2935
РИА Новости	риа новость	ORG	ORG_158
РФПИ	рфпи	ORG	ORG_2735
Роспотребнадзора	Роспотребнадзор	ORG	ORG_2725
России	Россия	LOC	LOC_95
СПбПУ	спбпу	ORG	ORG_3080
США	США	LOC	LOC_69
Санкт-Петербурге	Санкт-Петербург	LOC	LOC_2297
Санофи Пастер	Санофи Пастер	ORG	ORG_3248
Спутник V	спутник v	PRO	PRO_94
Таланова	таланова	PER	PER_3254
Таланова.Это	таланова . это	PER	PER_3249
Талановой	Таланова	PER	PER_3254
Татьяна Пичугина	Татьяна Пичугин	PER	PER_2605
Центре имени Гамалеи	Центр имя Гамалеи	LOC	LOC_3241
ЭпиВакКорона	эпиваккорон	EVT	EVT_3252
ЮАР	ЮАР	LOC	LOC_69
Японии	Япония	LOC	LOC_13
городской поликлинике № 3 департамента здравоохранения Москвы	городской поликлиника № 3 департамент здравоохранение Москва	ORG	ORG_3170
государственный научный центр вирусологии и биотехнологий	государственный научный центр вирусология и биотехнология	ORG	ORG_2932
санкт-петербургский политехнический университет	санкт - петербургский политехнический университет	ORG	ORG_3247
центра имени Чумакова	центр имя Чумаков	ORG	ORG_3187
