ru-50
AstraZeneca	Astraleneca	ORG	ORG_89
BioNTech	BioNTech	ORG	ORG_68
BioNTech/Pfizer	BioNTech / Pfizer	PRO	PRO_3181
Independent	Independent	PRO	PRO_3182
Janssen	Janssen	ORG	ORG_90
Johnson & Johnson	Johnson & Johnson	ORG	ORG_675
Moderna	Moderna	ORG	ORG_87
Novavax	Novavax	EVT	EVT_3179
Pfizer	Pfizer	ORG	ORG_67
Pfizer/BioNTech	Pfizer /BioNTech	ORG	ORG_3087
STIKO	STIKO	ORG	ORG_2801
Англии	Англия	LOC	LOC_6
Британии	Британия	LOC	LOC_6
Британское правительство	британский правительство	ORG	ORG_1779
Брюсселе	Брюссель	LOC	LOC_1373
Брюсселем	брюссель	LOC	LOC_1373
ВОЗ	ВОЗ	ORG	ORG_86
Вашингтон	Вашингтон	LOC	LOC_183
Великобританией	Великобритания	LOC	LOC_6
Великобритании	Великобритания	LOC	LOC_6
Великобританию	Великобритания	LOC	LOC_6
Великобритания	Великобритания	LOC	LOC_6
ЕС	ес	ORG	ORG_5
Европе	Европа	LOC	LOC_49
Европейское агентство лекарственных средств	Европейский агентство лекарственный средства	ORG	ORG_82
Европейской экономической зоне	Европейский экономический зона	LOC	LOC_2251
Европейской экономической зоны	Европейский экономический зона	ORG	ORG_112
Евросовета	евросовет	ORG	ORG_5
Евросоюз	Евросоюз	ORG	ORG_5
Евросоюзом	Евросоюз	ORG	ORG_5
Израиль	Израиль	LOC	LOC_833
Исландии	Исландия	LOC	LOC_196
Китая	Китай	LOC	LOC_56
Ковид-19	ковид - 19	PRO	PRO_7
Ливана	Ливан	LOC	LOC_2136
Ливане	Ливан	LOC	LOC_239
Лихтенштейна	Лихтенштейн	LOC	LOC_108
Лондоном	Лондон	LOC	LOC_23
МКА	мка	ORG	ORG_2835
Норвегии	Норвегия	LOC	LOC_2609
Оксфордского университета	оксфордский университет	ORG	ORG_1050
Постоянная комиссия по вакцинации Германии	постоянный комиссия по вакцинация Германия	ORG	ORG_3180
США	США	LOC	LOC_69
Соединенного Королевства	соединить Королевство	LOC	LOC_6
Соединенным Королевством	соединить Королевство	LOC	LOC_6
Триполи	Триполи	LOC	LOC_3183
Университета Джонса Хопкинса	университет Джонс Хопкинс	ORG	ORG_75
Ухане	ухан	LOC	LOC_202
Ухань	Ухань	LOC	LOC_202
Шарля Мишеля	Шарля Мишель	PER	PER_1333
Южной Африке	Южный Африка	LOC	LOC_157
