ru-35
Peter Piot	Peter Piot	PER	PER_2444
Press.lv	Press.lv	PRO	PRO_2552
bb.lv	bb.lv	PRO	PRO_2552
Андрис	Андрис	PER	PER_3296
ЕС	ес	ORG	ORG_5
Еврокомиссии	Еврокомиссия	ORG	ORG_1444
Европе	Европа	LOC	LOC_49
Европейской комиссии	Европейский комиссия	ORG	ORG_129
Европейском союзе	Европейский союз	ORG	ORG_5
Европы	Европа	LOC	LOC_49
Евросоюзе	Евросоюз	ORG	ORG_5
Латвии-отказов	Латвия - отказ	LOC	LOC_3297
Латвия	Латвия	LOC	LOC_108
Олимпиаду 2021	Олимпиада 2021	EVT	EVT_2109
Пиот	пиот	PER	PER_2444
Питер Пиот	Питер Пиот	PER	PER_2444
Урсула фон дер Ляйен	Урсул фон дер Ляйен	PER	PER_45
Фейсбук	фейсбук	PRO	PRO_98
ЮАР	ЮАР	LOC	LOC_69
европейцев	европеец	PER	PER_411
фон дер Ляйен	фон дер Ляйен	PER	PER_3295
фондом Гейтса	фонд Гейтс	ORG	ORG_2793
