ru-68
COVID-19	COVID - 19	ORG	ORG_204
REUTERS	REUTERS	ORG	ORG_2593
SARS-CoV-2	SARS-CoV - 2	PRO	PRO_88
kp.ru	kp.ru	PRO	PRO_2827
Вектор	вектор	ORG	ORG_2929
Вектора	вектор	ORG	ORG_2929
Владимир	Владимир	PER	PER_2244
Евгений Тимаков	Евгений Тимаков	PER	PER_3156
Евгений Юрьевич	Евгений Юрьевич	PER	PER_2753
Евгению Тимакову	Евгения Тимаков	PER	PER_3156
КП	кп	ORG	ORG_48
Лидер медицина	лидер медицина	ORG	ORG_3157
Минздраве	минздрава	ORG	ORG_35
России	Россия	LOC	LOC_95
США	США	LOC	LOC_69
Спутник V	спутник v	PRO	PRO_94
Спутника V	спутник v	PRO	PRO_94
Спутником V	спутник v	ORG	ORG_2732
Спутнику V	спутник v	PRO	PRO_94
Центр им. Чумакова	центр имя Чумаков	ORG	ORG_3050
Центра им. Чумакова	Центр имя Чумаков	ORG	ORG_3050
ЭпиВакКорона	эпиваккорон	ORG	ORG_1892
