ru-36
COVID-диссидентов	COVID - диссидент	ORG	ORG_2890
Cookie	Cookie	PRO	PRO_2681
DW	DW	PRO	PRO_334
Deutscher Städtetag	Deutscher Städtetag	ORG	ORG_2892
Heil	heil	PER	PER_2895
Helmut Dedy	Helmut Dedy	PER	PER_2893
Markus Söder	Markus Söder	PER	PER_2529
Michael Theurer	Michael Theurer	PER	PER_2896
Petra Bahr	Petra Bahr	PER	PER_1149
Süddeutsche Zeitung	Süddeutsche Zeitung	PRO	PRO_2526
ZDF	ZDF	ORG	ORG_2888
Баварии	Бавария	LOC	LOC_2528
Вольфганг Хенн	Вольфганг Хенн	PER	PER_2897
Германии	Германия	LOC	LOC_27
Германия	Германия	LOC	LOC_27
Деди	дедь	PER	PER_2314
Зёдер	зёдер	PER	PER_2889
Зёдером	зедер	PER	PER_2889
Мари	Мари	PER	PER_2898
Маркус Зёдер	Маркус Зёдер	PER	PER_2529
Маркуса Зёдера	Маркус Зедер	PER	PER_2529
Михаэль Тойрер	Михаэль Тойрер	PER	PER_2896
Немецкие	немецкий	ORG	ORG_2469
Немецком совете по этике	немецкий совет по этика	ORG	ORG_2807
Немецкому совету по этике	немецкий совет по этика	ORG	ORG_2807
Объединении немецких городов	объединение немецкий город	ORG	ORG_2891
Петра Бар	Петр Бар	PER	PER_1149
Положении о защите личных данных	положение о защита личный данные	PRO	PRO_2800
ФРГ	ФРГ	LOC	LOC_27
Хельмута Деди	хельмут Деди	PER	PER_2893
Хенн	хенн	PER	PER_2464
Хенна	хенна	PER	PER_2464
Хубертус Хайль	Хубертус Хайль	PER	PER_2894
Элиас	Элиас	PER	PER_2899
немцев	немец	PER	PER_659
финского правительства	финский правительство	ORG	ORG_2275
