ru-53
COVID-19	COVID - 19	PRO	PRO_105
GOGOV.RU	GOGOV.RU	ORG	ORG_3046
Telegram	Telegram	PRO	PRO_2596
Владмира Путина	владмир Путин	PER	PER_315
КоАП	коап	ORG	ORG_3148
Минздрава	Минздрав	ORG	ORG_35
Минздраве	минздрава	ORG	ORG_35
Минздравом	Минздрав	ORG	ORG_35
Минюст	Минюст	PER	PER_3149
Москва 24	Москва 24	PRO	PRO_2711
Москве	Москва	LOC	LOC_316
Москвы	Москва	LOC	LOC_316
Ольга Ткачева	Ольга Ткачев	PER	PER_796
Ольгу Ткачеву	Ольга Ткачев	PER	PER_3147
Путина	Путин	PER	PER_315
РИА Новости	риа новость	ORG	ORG_158
РИА Новости Собянина	риа Новость Собянин	ORG	ORG_158
России	Россия	LOC	LOC_95
России 1	Россия 1	PRO	PRO_2711
Российская газета	российский газета	PRO	PRO_445
Россия 1	Россия 1	PRO	PRO_2711
Сергей Собянин	Сергей Собянин	PER	PER_802
Собянин	Собянин	PER	PER_802
Спутник V	спутник v	PRO	PRO_94
Ткачева	Ткачев	PER	PER_350
