ru-16
BioNTech	BioNTech	ORG	ORG_68
FDA	FDA	ORG	ORG_66
MHRA	MHRA	ORG	ORG_1885
NHS	NHS	ORG	ORG_1155
Pfizer	Pfizer	ORG	ORG_67
Science	Science	ORG	ORG_1825
Superjob	Superjob	ORG	ORG_2910
Альберто Фернандес	Альберто Фернандес	PER	PER_2416
Аляске	Аляска	LOC	LOC_518
Аргентины	Аргентина	LOC	LOC_2035
Ассошиэйтед пресс	ассошить пресс	ORG	ORG_2606
Би-би-си	Би - би-с	ORG	ORG_2909
Великобританию	Великобритания	LOC	LOC_6
Владимир Путин	Владимир Путин	PER	PER_315
Европе	Европа	LOC	LOC_49
Ивонна Мальдонадо	ивонна Мальдонадо	PER	PER_2912
Канаду	Канада	LOC	LOC_78
Москвы	Москва	LOC	LOC_316
Национальной системы здравоохранения	национальный система здравоохранение	ORG	ORG_1156
Путин	Путин	PER	PER_315
Путину	Путин	PER	PER_315
Родриго Тутерте	Родриго Тутерт	PER	PER_16
России	Россия	LOC	LOC_95
Россию	Россия	LOC	LOC_95
США	США	LOC	LOC_69
Сергею Собянину	Сергей Собянин	PER	PER_802
Собянин	Собянин	PER	PER_802
Спутника V	спутник v	PRO	PRO_94
Спутником	спутник	PRO	PRO_91
Спутнику	спутник	PRO	PRO_91
Стэнфордского университета	стэнфордский университет	ORG	ORG_1059
Центр контроля и профилактики заболеваний США	центр контроль и профилактика заболевание США	ORG	ORG_2551
Центре Гамалеи	Центр Гамалеи	ORG	ORG_2911
американское Управление по санитарному надзору за качеством пищевых продуктов и медикаментов	американский Управление по санитарный надзор за качество пищевой продукт и медикамент	ORG	ORG_65
британское Агентство по регулированию лекарственных средств и медицинских товаров	британский Агентство по регулирование лекарственный средства и медицинский товар	ORG	ORG_65
министерство здравоохранения	министерство здравоохранение	ORG	ORG_35
