uk-20040
Fox News	Fox News	ORG	ORG_3600
Reuters	Reuters	ORG	ORG_153
Sputnik	Sputnik	PRO	PRO_929
Аризона	Аризона	LOC	LOC_1748
Байден	Байден	PER	PER_3577
Байдена	Байден	PER	PER_3577
Білий дім	білий дім	ORG	ORG_1705
Білого дому	білий дім	ORG	ORG_1705
Вашингтоні	Вашингтон	LOC	LOC_183
Володимир Зеленський	Володимир Зеленський	PER	PER_2332
Вілмінгтон	Вілмінгтон	LOC	LOC_4129
Віргінія	Віргінія	LOC	LOC_3851
Джо Байден	Джо Байден	PER	PER_76
Джо Байдена	Джо Байден	PER	PER_76
Джуліані	Джуліана	PER	PER_1244
Дональд Трамп	Дональд Трамп	PER	PER_70
Дональда Трампа	Дональд Трамп	PER	PER_70
Капітолію	капітолія	ORG	ORG_4639
Кеті Хоббс	Кеті Хоббс	PER	PER_2342
Конгресу	конгрес	ORG	ORG_3350
Мерікоп	Мерікоп	LOC	LOC_3776
Пенсильванія	пенсильванія	LOC	LOC_4651
Піттсбурзі	Піттсбург	LOC	LOC_2297
Республіканська партія штату Аризона	республіканський партія штат Аризона	ORG	ORG_4668
Рудольф Джуліані	Рудольф Джуліана	PER	PER_1244
Річард Блек	Річард Блек	PER	PER_4354
США	США	LOC	LOC_69
Світ	світ	PRO	PRO_985
Сполучених Штатів	сполучений Штатів	LOC	LOC_69
Трамп	Трамп	PER	PER_977
Трампа	Трамп	PER	PER_70
України	Україна	LOC	LOC_318
Філадельфії	Філадельфія	LOC	LOC_3816
Хілларі Клінтон	Хіллар Клінтон	PER	PER_2175
республіканський Національний комітет	республіканський національний комітет	ORG	ORG_3718
