uk-20332
/	/	PER	PER_3174
Home	Home	PER	PER_4738
REUTERS	REUTERS	ORG	ORG_2593
Америка	Америка	PER	PER_64
Вашингтона	Вашингтон	LOC	LOC_183
Вашингтоні	Вашингтон	LOC	LOC_183
Джо Байден	Джо Байден	PER	PER_76
Джо Байдена	Джо Байден	PER	PER_76
Дональд Трамп	Дональд Трамп	PER	PER_70
Дональда Трампа	Дональд Трамп	PER	PER_70
Дональду Трампу	Дональд Трамп	PER	PER_70
Капітолію	капітолія	ORG	ORG_4639
Конгресу	конгрес	ORG	ORG_3350
Конгресу США	конгрес США	ORG	ORG_4061
Майк Пенс	Майк Пенс	PER	PER_3847
Новинарня	новинарня	PRO	PRO_2622
Палата представників	палата представник	ORG	ORG_3333
Палата представників Конгресу США	палата представник конгрес США	ORG	ORG_4061
Радіо Свобода	радіо свобода	ORG	ORG_2720
Республіканської партії	республіканський партія	ORG	ORG_584
США	США	LOC	LOC_69
Світ	світ	PER	PER_4739
Сенат	сенат	ORG	ORG_1012
Трамп	Трамп	PER	PER_977
Трампа	Трамп	PER	PER_70
Трампу	Трамп	PER	PER_977
демократи	демократ	PER	PER_2172
