uk-20164
Дональда Трампа	Дональд Трамп	PER	PER_70
Камала Гарріс	Камала Гарріс	PER	PER_1984
Конгрес США	конгрес США	ORG	ORG_3350
Конгресу	конгрес	ORG	ORG_3350
Майка Пенса	Майка Пенс	PER	PER_3847
Ненсі Пелосі	Ненсі пелосі	PER	PER_3442
Палата представників	палата представник	ORG	ORG_3333
Палата предстаників	палата предстаник	ORG	ORG_3333
Палати представників Конгресу США	палата представник конгрес США	ORG	ORG_4061
Пелосі	Пелосі	PER	PER_4107
Республіканської партії	республіканський партія	ORG	ORG_584
США	США	LOC	LOC_69
Сенат	сенат	ORG	ORG_1012
Сенату	сенат	ORG	ORG_1012
Сенаті	сенат	ORG	ORG_1012
Сполучених Штатів	сполучений Штатів	LOC	LOC_69
Трамп	Трамп	PER	PER_977
Трампа	Трамп	PER	PER_70
Трампу	Трамп	PER	PER_977
