uk-20265
1NEWS	1NEWS	ORG	ORG_3186
The National Interest	The National Interest	PRO	PRO_4743
Вашингтон	Вашингтон	LOC	LOC_183
Демократичної партії	демократичний партія	ORG	ORG_584
Джо Байден	Джо Байден	PER	PER_76
Джорджія	Джорджія	LOC	LOC_2174
Дональда Трампа	Дональд Трамп	PER	PER_70
Дональду Трампу	Дональд Трамп	PER	PER_70
Колумбія	Колумбія	LOC	LOC_517
Майк Пенс	Майк Пенс	PER	PER_3847
Майка Пенса	Майка Пенс	PER	PER_3847
Ненсі Пелосі	Ненсі пелосі	PER	PER_3442
Палати представників США	палата представник США	ORG	ORG_4061
Палати…	палата …	ORG	ORG_4678
Палаті представників	палата представник	ORG	ORG_3333
Палаті представників Конгресу США	палата представник конгрес США	ORG	ORG_4061
Палаті представників США	палата представник США	ORG	ORG_4061
Республіканської партії США	республіканський партія США	ORG	ORG_3718
США	США	LOC	LOC_69
Сенаті США	сенат США	ORG	ORG_3345
Флориді	флориді	LOC	LOC_894
демократи	демократ	ORG	ORG_3320
