uk-20010
Black Lives Matter	Black Lives Matter	LOC	LOC_4715
DW	DW	PRO	PRO_334
Інес Поль	Інес Поль	PER	PER_3386
Байден	Байден	PER	PER_3577
Байдена	Байден	PER	PER_3577
Бред Раффенспергер	Бред Раффенспергер	PER	PER_3349
Білого дому	білий дім	LOC	LOC_72
Вашингтоні	Вашингтон	LOC	LOC_183
Верховного суду США	верховний суд США	ORG	ORG_3345
Гелена Кашель	Гелен Кашель	PER	PER_4716
Джо Байдена	Джо Байден	PER	PER_76
Джо Байдену	Джо Байден	PER	PER_76
Джорджії	Джорджія	LOC	LOC_2174
Дональд Трамп	Дональд Трамп	PER	PER_70
Дональда Трампа	Дональд Трамп	PER	PER_70
Едмонті	едмонт	LOC	LOC_4713
Макферсона	Макферсон	LOC	LOC_4714
Нью-Йорк	Нью-Йорк	LOC	LOC_2256
Нью-Йорку	Нью-Йорк	LOC	LOC_2256
Оклахома	Оклахома	LOC	LOC_520
Орегон	Орегон	LOC	LOC_2170
Портленді	Портленд	LOC	LOC_3769
Раффенспергер	Раффенспергер	PER	PER_4693
США	США	LOC	LOC_69
Трамп	Трамп	PER	PER_977
Трампа	Трамп	PER	PER_70
Флориди	Флорида	LOC	LOC_894
