uk-20323
The Washington Post	The Washington Post	ORG	ORG_1983
Америку	Америка	LOC	LOC_69
Байден	Байден	PER	PER_3577
Білого дому	білий дім	ORG	ORG_1705
Вашингтоні	Вашингтон	LOC	LOC_183
Громадянської війни	громадянський війна	EVT	EVT_3455
Джо Байдена	Джо Байден	PER	PER_76
Дональда Трампа	Дональд Трамп	PER	PER_70
Капітолій	капітолій	ORG	ORG_4639
Капітолію	капітолія	ORG	ORG_4639
Конгрес	конгрес	ORG	ORG_3350
Конгресу	конгрес	ORG	ORG_3350
Конфедерацію	конфедерація	ORG	ORG_2450
Палат	палата	ORG	ORG_4678
Палати	палата	ORG	ORG_4678
Палати Ненсі Пелосі	палата Ненсі Пелос	ORG	ORG_4679
США	США	LOC	LOC_69
Сенату	сенат	ORG	ORG_1012
Сполученим Штатам	сполучений штат	LOC	LOC_69
Трамп	Трамп	PER	PER_977
Трампа	Трамп	PER	PER_70
Трампу	Трамп	PER	PER_977
