uk-20042
CNN	CNN	ORG	ORG_383
ONLINE.UA	ONLINE . UA	PRO	PRO_2552
Байден	Байден	PER	PER_3577
Байдена	Байден	ORG	ORG_3315
Байдену	Байден	LOC	LOC_4642
Бейтс	бейтс	PER	PER_4655
Білий дім	білий дім	ORG	ORG_1705
Білого дому	білий дім	LOC	LOC_72
Джо Байден	Джо Байден	PER	PER_76
Джо Байдена	Джо Байден	PER	PER_76
Джорджії	Джорджія	LOC	LOC_2174
Дональд Трамп	Дональд Трамп	PER	PER_70
Дональда Трампа	Дональд Трамп	PER	PER_70
Дональду Трампу	Дональд Трамп	PER	PER_70
Ендрю Бейтс	Ендря Бейтс	PER	PER_3443
Метт Морган	Метт Морган	PER	PER_3444
Пенсильванії	пенсильваний	LOC	LOC_4651
США	США	LOC	LOC_69
Сполучених Штатів	сполучений Штатів	LOC	LOC_69
Трамп	Трамп	PER	PER_977
Трампу	Трамп	PER	PER_977
Філадельфія	Філадельфія	LOC	LOC_3816
