uk-20331
Fair Vote	Fair Vote	ORG	ORG_4671
Reuters	Reuters	ORG	ORG_153
Байден	Байден	PER	PER_3577
Байдена	Байден	PER	PER_3577
Брад Гіт	брад Гіт	PER	PER_3673
Буш	буш	PER	PER_1707
Білого дому	білий дім	LOC	LOC_72
Вашингтон	Вашингтон	LOC	LOC_183
Вашингтоні	Вашингтон	LOC	LOC_183
Вермонт	Вермонт	LOC	LOC_1737
Верховного суду США	верховний суд США	ORG	ORG_3345
Вісконсин	Вісконсин	LOC	LOC_527
Вісконсину	Вісконсин	LOC	LOC_527
Джил Стейн	Джил Стейн	PER	PER_3407
Джо Байден	Джо Байден	PER	PER_76
Джо Байдена	Джо Байден	PER	PER_76
Джордж Буш	Джордж Буш	PER	PER_3450
Джорджія	Джорджія	LOC	LOC_2174
Дональд Трамп	Дональд Трамп	PER	PER_70
Дональда Трампа	Дональд Трамп	PER	PER_70
Ел Франкен	Ел Франкен	PER	PER_4673
Ела Ґора	Ела Ґора	PER	PER_3449
Міннесота	міннесот	LOC	LOC_100
Міннесоти	міннесот	ORG	ORG_2740
Норм Коулман	норм Коулман	PER	PER_4672
Партії зелених	партія зелений	ORG	ORG_760
Пенсильванії	пенсильваний	LOC	LOC_4651
Ребекка Ґрін	Ребекко Ґрін	PER	PER_4670
США	США	LOC	LOC_69
Скотт Вокер	Скотт Вокер	PER	PER_3433
Трамп	Трамп	PER	PER_977
Трампа	Трамп	PER	PER_70
Трампові	Трамп	PER	PER_977
Трампом	Трамп	PER	PER_977
Флорида	Флорид	LOC	LOC_894
Флориді	флориді	LOC	LOC_894
