uk-20308
CNN	CNN	ORG	ORG_383
Twitter	Twitter	PRO	PRO_71
Байдена	Байден	PER	PER_3577
Вашингтон	Вашингтон	LOC	LOC_183
Вашингтона	Вашингтон	LOC	LOC_183
Вашингтоні	Вашингтон	LOC	LOC_183
Джо Байден	Джо Байден	PER	PER_76
Джо Байдена	Джо Байден	PER	PER_76
Дональд Трамп	Дональд Трамп	PER	PER_70
Дональда Трампа	Дональд Трамп	PER	PER_70
Капітолійському пагорбі	капітолійський пагорб	LOC	LOC_3645
Капітолію	капітолія	LOC	LOC_3846
Колумбія	Колумбія	LOC	LOC_517
Конгресу	конгрес	ORG	ORG_3350
Конгресу США	конгрес США	ORG	ORG_4061
Національний торговий центр	національний торговий центр	ORG	ORG_4638
Новинарня	новинарня	PRO	PRO_2622
Палата представників	палата представник	ORG	ORG_3333
Потомак	Потомак	LOC	LOC_4637
США	США	LOC	LOC_69
Сенат	сенат	ORG	ORG_1012
Трамп	Трамп	PER	PER_977
Трампа	Трамп	PER	PER_70
Федеральне бюро розслідувань	федеральний бюро розслідування	ORG	ORG_4204
