uk-20282
CNN	CNN	ORG	ORG_383
Commonwealth of Pennsylvania	Commonwealth of Pennsylvania	LOC	LOC_4651
Fox News	Fox News	ORG	ORG_3600
Politico	Politico	PRO	PRO_543
State of Georgia	State of Georgia	LOC	LOC_2174
State of Michigan	State of Michigan	LOC	LOC_99
State of North Carolina	State of North Carolina	LOC	LOC_168
Trump	Trump	PER	PER_977
Twitter	Twitter	PRO	PRO_71
Байден	Байден	PER	PER_3577
Байдена	Байден	LOC	LOC_3557
Байдену	Байден	PER	PER_2995
Вісконсин	Вісконсин	LOC	LOC_527
Вісконсині	Вісконсин	LOC	LOC_527
Демократичної партії	демократичний партія	ORG	ORG_584
Джо Байден	Джо Байден	PER	PER_76
Джорджії	Джорджія	LOC	LOC_2174
Дональд Трамп	Дональд Трамп	PER	PER_70
Мічигані	Мічиган	LOC	LOC_99
Неваді	Невад	LOC	LOC_1153
Пенсильванії	пенсильваний	LOC	LOC_3553
Північній Кароліні	північний Каролін	LOC	LOC_168
Республіканської партії	республіканський партія	ORG	ORG_584
США	США	LOC	LOC_69
Трамп	Трамп	PER	PER_977
Трампа	Трамп	PER	PER_70
