uk-20327
EPA/UPG	EPA / UPG	ORG	ORG_2554
Facebook	Facebook	ORG	ORG_96
Twitter	Twitter	ORG	ORG_2553
Аризона	Аризона	LOC	LOC_1748
Аризоні	Аризоні	LOC	LOC_1748
Байден	Байден	PER	PER_3577
Байдена	Байден	PER	PER_3577
Вісконсин	Вісконсин	LOC	LOC_527
Вісконсину	Вісконсин	LOC	LOC_527
Вісконсині	Вісконсин	LOC	LOC_527
Гілларі Клінтон	Гіллар Клінтон	PER	PER_2175
Демократичної партії	демократичний партія	ORG	ORG_584
Джо Байден	Джо Байден	PER	PER_76
Джорджія	Джорджія	PER	PER_2171
Джорджії	Джорджія	LOC	LOC_2174
Дональда Трампа	Дональд Трамп	PER	PER_70
Конгресу	конгрес	ORG	ORG_3350
Мічиган	Мічиган	LOC	LOC_99
Мічигану	Мічиган	LOC	LOC_99
Мічигані	Мічиган	LOC	LOC_99
Неваді	Невад	LOC	LOC_1153
Пенсильванія	пенсильванія	LOC	LOC_4651
Пенсильванії	пенсильваний	LOC	LOC_4651
Радіо Свобода	радіо свобода	ORG	ORG_2720
США	США	LOC	LOC_69
Трамп	Трамп	PER	PER_977
Трампа	Трамп	LOC	LOC_3316
