uk-20024
Quinnipiac	Quinnipiac	ORG	ORG_3643
Twitter	Twitter	PRO	PRO_71
Айдахо	Айдахо	LOC	LOC_522
Байден	Байден	PER	PER_3577
Байдена	Байден	PER	PER_3577
Берні Сандерс	Берні Сандерс	PER	PER_3472
Білого дому	білий дім	LOC	LOC_72
Вашингтон	Вашингтон	LOC	LOC_183
Демократичної партії	демократичний партія	ORG	ORG_584
Джо Байден	Джо Байден	PER	PER_76
Дональд Трамп	Дональд Трамп	PER	PER_70
Дональда Трампа	Дональд Трамп	PER	PER_70
Міссурі	Міссур	LOC	LOC_519
Міссісіпі	Міссісіп	LOC	LOC_4559
Мічиган	Мічиган	LOC	LOC_99
Північній Дакоті	північний Дакота	LOC	LOC_523
США	США	LOC	LOC_69
Трампа	Трамп	PER	PER_70
Тім Маллой	Тім Маллой	PER	PER_4720
