uk-20039
/	/	ORG	ORG_2571
REUTERS	REUTERS	ORG	ORG_2593
Telegram	Telegram	PRO	PRO_2596
The Hill	The Hill	ORG	ORG_4674
Байдена	Байден	PER	PER_3577
Байдену	Байден	PER	PER_2995
Білого Дому	білий дім	LOC	LOC_72
Вашингтоні	Вашингтон	LOC	LOC_183
Демократичної партії	демократичний партія	ORG	ORG_584
Джо Байдена	Джо Байден	PER	PER_76
Дональда Трампа	Дональд Трамп	PER	PER_70
Капітолію	капітолія	ORG	ORG_4639
Конгресу	конгрес	ORG	ORG_3350
Конгресу США	конгрес США	ORG	ORG_4061
Конституції	конституція	ORG	ORG_4687
Майк Пенс	Майк Пенс	PER	PER_3847
Майка Пенса	Майка Пенс	PER	PER_3847
Ненсі Пелосі	Ненсі пелосі	PER	PER_3442
Палата представників США	палата представник США	ORG	ORG_4061
Палати представників	палата представник	ORG	ORG_3333
Палаті представників США	палата представник США	ORG	ORG_4061
Пелосі	Пелосі	PER	PER_4107
Пенс	Пенс	PER	PER_1461
США	США	LOC	LOC_69
Сполучених Штатів	сполучений Штатів	LOC	LOC_69
Трамп	Трамп	PER	PER_977
Трампа	Трамп	PER	PER_70
Трампу	Трамп	PER	PER_977
УНІАН	УНІАН	ORG	ORG_268
України	Україна	LOC	LOC_318
