uk-20311
Аляска	Аляска	LOC	LOC_518
Аризона	Аризона	LOC	LOC_1748
Аризоні	Аризоні	LOC	LOC_1748
Байден	Байден	PER	PER_3577
Байдена	Байден	PER	PER_3577
Барак Обама	Барак Обама	PER	PER_3496
Білий дім	білий дім	LOC	LOC_72
Вісконсині	Вісконсин	LOC	LOC_527
Демпартії	Демпартія	ORG	ORG_4656
Джо Байден	Джо Байден	PER	PER_76
Джорджія	Джорджія	PER	PER_2171
Джорджії	Джорджія	LOC	LOC_2174
Дональда Трампа	Дональд Трамп	PER	PER_70
Колегію	колегія	ORG	ORG_2385
Колегії вибірників	колегія вибірник	ORG	ORG_3309
Конгресу	конгрес	ORG	ORG_3350
Палату представників	палата представник	ORG	ORG_3333
Пенсільванія	пенсільванія	LOC	LOC_3553
Пенсільванії	пенсільваний	LOC	LOC_4651
Північна Кароліна	північний Каролін	LOC	LOC_168
Північній Кароліні	північний Каролін	LOC	LOC_168
Республіканської партії	республіканський партія	ORG	ORG_584
США	США	LOC	LOC_69
Сенат	сенат	ORG	ORG_1012
Трамп	Трамп	PER	PER_977
Трампа	Трамп	PER	PER_70
нижня палати Конгресу	нижній палата конгрес	ORG	ORG_4657
