uk-20027
GSA	GSA	ORG	ORG_3313
Twitter	Twitter	PRO	PRO_71
Байден	Байден	PER	PER_3577
Байдена	Байден	PER	PER_3577
Брайана Кемпа	Брайана Кемп	PER	PER_1247
Вашингтоні	Вашингтон	LOC	LOC_183
Верховний суд США	верховний суд США	ORG	ORG_3345
Верховного суду США	верховний суд США	ORG	ORG_3345
Джо Байдена	Джо Байден	PER	PER_76
Джорджія	Джорджія	LOC	LOC_2174
Джорджії	Джорджія	LOC	LOC_2174
Дональд Трамп	Дональд Трамп	PER	PER_70
Кемпом	кемпом	PER	PER_4740
Конгресу США	конгрес США	ORG	ORG_4061
Меланією	Меланія	PER	PER_4002
США	США	LOC	LOC_69
Сенаті	сенат	ORG	ORG_1012
Сполучених Штатів	сполучений Штатів	LOC	LOC_69
Трамп	Трамп	PER	PER_977
Трампа	Трамп	PER	PER_70
Управління служб загального призначення США	управління служба загальний призначення США	ORG	ORG_4719
