uk-20307
ABC	ABC	ORG	ORG_267
Amazon Prime Video	Amazon Prime Video	PRO	PRO_4733
CBS	CBS	ORG	ORG_251
CNN	CNN	ORG	ORG_383
COVID-19	COVID - 19	PRO	PRO_105
Celebrating America	Celebrating America	PRO	PRO_4731
Fox	Fox	ORG	ORG_3638
MSNBC	MSNBC	ORG	ORG_4732
NBC	NBC	ORG	ORG_382
NewsNOW	NewsNOW	PRO	PRO_277
Twitch	Twitch	PRO	PRO_4734
YouTube	YouTube	PRO	PRO_2278
Америки	Америка	LOC	LOC_69
Байдена	Байден	PER	PER_3577
Барак Обама	Барак Обама	PER	PER_3496
Барака Обами	Барак Обама	PER	PER_3496
Бейонсе	Бейонсе	PER	PER_4728
Боба Марлі	Боб Марлі	PER	PER_4729
Біблії	біблія	LOC	LOC_4727
Білий дім	білий дім	ORG	ORG_1705
Білл Клінтон	Білл Клінтон	PER	PER_3473
Білого дому	білий дім	LOC	LOC_72
Білому домі	білий дім	LOC	LOC_72
Вашингтона	Вашингтон	LOC	LOC_183
Вашингтоні	Вашингтон	LOC	LOC_183
Вермонті	вермонт	LOC	LOC_1737
Верховного суду	верховний суд	ORG	ORG_3345
Верховного суду США	верховний суд США	ORG	ORG_3345
Володимир Єльченко	Володимир Єльченко	PER	PER_2332
Воррена Гардінга	Воррен Гардінг	PER	PER_4736
Вільяма Генрі Гаррісона	Вільяма Генрі Гаррісон	PER	PER_4737
Дженіфер Лопес	Дженіфер Лопес	PER	PER_4187
Джо Байден	Джо Байден	PER	PER_76
Джо Байдена	Джо Байден	PER	PER_76
Джозеф Байден	Джозеф Байден	PER	PER_76
Джордж Вашингтон	Джордж Вашингтон	PER	PER_4398
Джорж Буш	Джорж Буш	PER	PER_3450
Дональда Трампа	Дональд Трамп	PER	PER_70
Дуа Ліпи	дуа Ліпа	PER	PER_4188
Ендрю Джексон	Ендря Джексон	PER	PER_3958
Камала Гарріс	Камала Гарріс	PER	PER_1984
Капітолійського пагорба	капітолійський пагорба	LOC	LOC_3645
Капітолія	капітолія	ORG	ORG_4639
Капітолії	Капітолія	LOC	LOC_4667
Келвіна Куліджа	Келвін Куліджа	PER	PER_4735
Києвом	Київ	LOC	LOC_317
Конгрес	конгрес	ORG	ORG_3350
Конгресу	конгрес	ORG	ORG_3350
Конгресу США	конгрес США	ORG	ORG_4061
Конституцію	конституція	PRO	PRO_43
Леді Гага	леді Гага	PER	PER_4416
Леді Гагою	леді Гага	PER	PER_4416
Майк Пенс	Майк Пенс	PER	PER_3847
Нацгвардії	Нацгвардія	ORG	ORG_4726
Нью-Йорку	Нью-Йорк	LOC	LOC_2256
Обама	Обама	PER	PER_3496
США	США	LOC	LOC_69
Сполучених Штатів	сполучений Штатів	LOC	LOC_69
ТСН.ua	ТСН .ua	PRO	PRO_2552
Тома Генкса	Том Генкса	PER	PER_4730
Томас Джефферсон	Томас Джефферсон	PER	PER_3955
Трамп	Трамп	PER	PER_977
Трампа	Трамп	PER	PER_70
Україну	Україна	LOC	LOC_318
Україні	Україна	LOC	LOC_318
Філадельфії	Філадельфія	LOC	LOC_3816
