uk-20037
Burisma	Burisma	ORG	ORG_3620
RBC.UA	RBC . UA	PRO	PRO_2552
Байден	Байден	PER	PER_3577
Байдена	Байден	PER	PER_3577
Гантер	Гантер	PER	PER_1236
Гантера	Гантера	PER	PER_1236
Грін	грін	PER	PER_4701
Джо Байден	Джо Байден	PER	PER_76
Джо Байдену	Джо Байден	PER	PER_76
Конгресу США	конгрес США	ORG	ORG_4061
Марджорі Грін	Марджорі Грін	PER	PER_4700
Палата представників	палата представник	ORG	ORG_3333
Палати представників	палата представник	ORG	ORG_3333
Палаті представників	палата представник	ORG	ORG_3333
США	США	LOC	LOC_69
Сенат	сенат	ORG	ORG_1012
Сполучених Штатів	сполучений Штатів	LOC	LOC_69
Трампа	Трамп	PER	PER_70
демократи	демократ	PER	PER_2172
