uk-20317
/	/	PER	PER_3174
Home	Home	PER	PER_4738
Reuters	Reuters	ORG	ORG_153
The Washington Post	The Washington Post	ORG	ORG_1983
Айова	Айов	LOC	LOC_3370
Америка	Америка	PER	PER_64
Аризоні	Аризоні	LOC	LOC_1748
Байден	Байден	PER	PER_3577
Байдена	Байден	PER	PER_3577
Бреда Раффенспергера	Бреда Раффенспергера	PER	PER_3349
Білий дім	білий дім	ORG	ORG_1705
Білого дому	білий дім	ORG	ORG_1705
Вірджинія	Вірджинія	LOC	LOC_3851
Вісконсин	Вісконсин	LOC	LOC_527
Далтон	Далтон	LOC	LOC_3497
Демократичної	демократичний	ORG	ORG_3320
Джо Байден	Джо Байден	PER	PER_76
Джо Байдена	Джо Байден	PER	PER_76
Джорджія	Джорджія	LOC	LOC_2174
Джорджії	Джорджія	LOC	LOC_2174
Дональд Трамп	Дональд Трамп	PER	PER_70
Дональда Трампа	Дональд Трамп	PER	PER_70
Камалу Гарріс	Камала Гарріс	PER	PER_1984
Майка Пенса	Майка Пенс	PER	PER_3847
Міннесота	міннесот	LOC	LOC_100
Мічиган	Мічиган	LOC	LOC_99
Невада	Невада	LOC	LOC_1153
Нью-Гемпшир	Нью-Гемпшир	LOC	LOC_3454
Огайо	Огайо	LOC	LOC_1736
Пенсильванія	пенсильванія	LOC	LOC_4651
Північна Кароліна	північний Каролін	LOC	LOC_168
Республіканської партій	республіканський партія	ORG	ORG_4040
США	США	LOC	LOC_69
Світ	світ	PER	PER_4739
Сенат	сенат	ORG	ORG_1012
Трамп	Трамп	PER	PER_977
Флорида	Флорид	LOC	LOC_894
