uk-20004
CNN	CNN	ORG	ORG_383
Fox News	Fox News	PRO	PRO_3308
New York Times	New York Times	PRO	PRO_51
Аляски	Аляска	LOC	LOC_518
Алясці	Алясці	LOC	LOC_518
Байден	Байден	PER	PER_3577
Байдена	Байден	PER	PER_3577
Демократичну партію	демократичний партія	ORG	ORG_584
Джозеф Байден	Джозеф Байден	PER	PER_76
Джорджії	Джорджія	LOC	LOC_2174
Дональда Трампа	Дональд Трамп	PER	PER_70
Невади	Невада	LOC	LOC_1153
Неваді	Невад	LOC	LOC_1153
Пенсільванії	пенсільваний	LOC	LOC_4651
Північної Кароліни	північний Кароліна	LOC	LOC_168
Північній Кароліні	північний Каролін	LOC	LOC_168
Республіканську	республіканський	ORG	ORG_2775
Рональда Рейгана	Рональд Рейган	PER	PER_4537
СNN	СNN	PRO	PRO_3663
США	США	LOC	LOC_69
Трамп	Трамп	PER	PER_977
