uk-20319
Burisma	Burisma	ORG	ORG_3620
Telegram	Telegram	PRO	PRO_2596
Viber	Viber	ORG	ORG_2635
Байден	Байден	LOC	LOC_3557
Байдена	Байден	PER	PER_3577
Барака Обами	Барак Обама	PER	PER_3496
Берні Сандерс	Берні Сандерс	PER	PER_3472
Білл Клінтон	Білл Клінтон	PER	PER_3473
Володимиром Зеленським	Володимир Зеленський	PER	PER_2332
Віктора Шокіна	Віктор Шокін	PER	PER_1220
Демократичної партії	демократичний партія	ORG	ORG_584
Джиммі Картер	Джиммі Картер	PER	PER_3310
Джо Байден	Джо Байден	PER	PER_76
Джо Байдена	Джо Байден	PER	PER_76
Джо Байдену	Джо Байден	PER	PER_76
Дональд Трамп	Дональд Трамп	PER	PER_70
Дональда Трампа	Дональд Трамп	PER	PER_70
Клінтон	Клінтон	PER	PER_3473
Колін Павел	коліно Павел	PER	PER_3142
Конгресі	конгрес	ORG	ORG_3350
Руді Джуліані	руда Джуліана	PER	PER_1244
США	США	LOC	LOC_69
Трамп	Трамп	PER	PER_977
Трампа	Трамп	PER	PER_70
Україна	Україна	LOC	LOC_318
України	Україна	LOC	LOC_318
Хантера Байдена	Хантера Байден	PER	PER_3618
Шокіна	Шокін	PER	PER_4702
