uk-20001
/	/	ORG	ORG_2571
REUTERS	REUTERS	ORG	ORG_2593
Telegram	Telegram	PRO	PRO_2596
Байдена	Байден	PER	PER_3577
Байдену	Байден	LOC	LOC_4642
Білому домі	білий дім	LOC	LOC_72
Вашингтоні	Вашингтон	LOC	LOC_183
Демократична партія США	демократичний партія США	ORG	ORG_584
Демократичної партії	демократичний партія	ORG	ORG_584
Джо Байдена	Джо Байден	PER	PER_76
Дональд Трамп	Дональд Трамп	PER	PER_70
Дональда Трампа	Дональд Трамп	PER	PER_70
Капітолій	капітолій	LOC	LOC_4667
Капітолію	капітолія	ORG	ORG_4639
Капітолія	капітолія	LOC	LOC_4667
Конгресу	конгрес	ORG	ORG_3350
Конгресу США	конгрес США	ORG	ORG_4061
США	США	LOC	LOC_69
Секретної служби США	секретний служба США	ORG	ORG_4719
Трамп	Трамп	PER	PER_977
Трампа	Трамп	PER	PER_70
УНІАН	УНІАН	ORG	ORG_268
України	Україна	LOC	LOC_318
