uk-20038
Америки	Америка	LOC	LOC_69
Байден	Байден	PER	PER_3577
Байдена	Байден	PER	PER_3577
Білий дім	білий дім	ORG	ORG_1705
Верховний суд	верховний суд	ORG	ORG_3345
Верховним судом	верховний суд	ORG	ORG_3345
Верховного суду	верховний суд	ORG	ORG_3345
Вісконсин	Вісконсин	LOC	LOC_527
Вісконсині	Вісконсин	LOC	LOC_527
Джо Байдена	Джо Байден	PER	PER_76
Джорджії	Джорджія	LOC	LOC_2174
Дональд Трамп	Дональд Трамп	PER	PER_70
Конгрес	конгрес	ORG	ORG_3350
Майкл Флінн	Майкл Флінн	PER	PER_3892
Мічиган	Мічиган	LOC	LOC_99
Мічигані	Мічиган	LOC	LOC_99
Пенсильванія	пенсильванія	LOC	LOC_4651
Пенсильванії	пенсильваний	LOC	LOC_4651
США	США	LOC	LOC_69
ТСН	ТСН	ORG	ORG_1309
Твіттері	твіттер	LOC	LOC_4677
Техас	Техас	LOC	LOC_1022
Техасу	Техас	LOC	LOC_1022
Трамп	Трамп	PER	PER_977
Трампа	Трамп	PER	PER_70
Трампом	Трамп	EVT	EVT_4676
Трампу	Трамп	PER	PER_977
ФБР	ФБР	ORG	ORG_3418
