uk-20009
CNN	CNN	ORG	ORG_383
Fox News	Fox News	ORG	ORG_3600
Айова	Айов	LOC	LOC_3370
Алясці	Алясці	LOC	LOC_518
Аризона	Аризона	LOC	LOC_1748
Байден	Байден	PER	PER_3577
Байдена	Байден	LOC	LOC_3557
Байдену	Байден	LOC	LOC_4642
Вісконсин	Вісконсин	LOC	LOC_527
Вісконсині	Вісконсин	LOC	LOC_527
Демократичної партії	демократичний партія	ORG	ORG_584
Джо Байден	Джо Байден	PER	PER_76
Джорджія	Джорджія	LOC	LOC_2174
Джорджії	Джорджія	LOC	LOC_2174
Дональда Трампа	Дональд Трамп	PER	PER_70
Міннесота	міннесот	LOC	LOC_100
Мічиган	Мічиган	LOC	LOC_99
Мічигані	Мічиган	LOC	LOC_99
Мічигані 1	Мічиган 1	LOC	LOC_4696
Невада	Невада	LOC	LOC_1153
Неваді	Невад	LOC	LOC_1153
Нью-Гемпшир	Нью-Гемпшир	LOC	LOC_3454
Огайо	Огайо	LOC	LOC_1736
Пенсільванія	пенсільванія	LOC	LOC_3553
Пенсільванії	пенсільваний	LOC	LOC_4651
Північна Кароліна	північний Каролін	LOC	LOC_168
Північній Кароліні	північний Каролін	LOC	LOC_168
США	США	LOC	LOC_69
Техас	Техас	LOC	LOC_1022
Техасу	Техас	LOC	LOC_1022
Трамп	Трамп	PER	PER_977
Флорида	Флорид	LOC	LOC_894
Флориди	Флорида	LOC	LOC_894
