uk-20310
CNN	CNN	ORG	ORG_383
The Hill	The Hill	ORG	ORG_4674
The Washington Post	The Washington Post	PRO	PRO_3763
USPS	USPS	ORG	ORG_4681
United States Postal Service	United States Postal Service	ORG	ORG_4680
Америки	Америка	LOC	LOC_69
Білий дім	білий дім	ORG	ORG_1705
Білого дому	білий дім	ORG	ORG_1705
Білорусі	Білорусь	LOC	LOC_1
ДеДжой	деджой	PER	PER_4065
ДеДжоя	Деджой	ORG	ORG_4063
Дональд Трамп	Дональд Трамп	PER	PER_70
Конгресом	конгрес	ORG	ORG_3350
Крістофера Рея	Крістофера Рей	PER	PER_3453
Луїса ДеДжоя	Луїса Деджой	PER	PER_1967
Марк Медоуз	Марк Медоуз	PER	PER_1981
Медоуз	Медоуз	PER	PER_2668
Меланія	Меланія	PER	PER_4002
Мідоуз	мідоуз	PER	PER_4686
Ненсі Пелосі	Ненсі пелосі	PER	PER_3442
Палати представників	палата представник	ORG	ORG_3333
Палаті представників	палата представник	ORG	ORG_3333
Пелосі	Пелосі	ORG	ORG_4684
Поштової служби	поштовий служба	ORG	ORG_3625
Поштової служби США	поштовий служба США	ORG	ORG_3625
США	США	LOC	LOC_69
Сенаті	сенат	ORG	ORG_1012
Сполучених Штатів	сполучений Штатів	LOC	LOC_69
Тед Лью	Тед Лью	PER	PER_4683
Трамп	Трамп	PER	PER_977
Трампа	Трамп	PER	PER_70
Трампу	Трамп	PER	PER_977
ФБР	ФБР	ORG	ORG_3418
Флориді	флориді	LOC	LOC_894
Хакім Джеффріз	Хакім Джеффріз	PER	PER_4682
Чак Шумер	чак Шумер	PER	PER_1665
Шумер	Шумер	PER	PER_4685
