uk-20326
AP	AP	ORG	ORG_451
Deutsche Welle	Deutsche Welle	ORG	ORG_2690
Reuters	Reuters	ORG	ORG_153
Айдахо	Айдахо	LOC	LOC_522
Байден	Байден	PER	PER_3577
Байдена	Байден	PER	PER_3577
Байденом	Байден	PER	PER_3577
Байдену	Байден	PER	PER_2995
Берні Сандерс	Берні Сандерс	PER	PER_3472
Берні Сандерса	Берні Сандерс	PER	PER_3472
Вашингтоні	Вашингтон	LOC	LOC_183
Гілларі Клінтон	Гіллар Клінтон	PER	PER_2175
Демократичної партії	демократичний партія	ORG	ORG_584
Демократичної партії США	демократичний партія США	ORG	ORG_584
Детройті	Детройт	LOC	LOC_1669
Джо Байден	Джо Байден	PER	PER_76
Дональда Трампа	Дональд Трамп	PER	PER_70
Дональду Трампу	Дональд Трамп	PER	PER_70
Корреспондент.net	Корреспондент .net	PRO	PRO_2598
Міссісіпі	Міссісіп	LOC	LOC_4559
Місурі	Місур	LOC	LOC_519
Мічіган	Мічіган	PER	PER_4697
Мічігані	Мічіган	LOC	LOC_99
Північній Дакоті	північний Дакота	LOC	LOC_523
Північіній Дакоті	північінія Дакота	LOC	LOC_523
США	США	LOC	LOC_69
Сандерса	Сандерс	PER	PER_4446
Сандерсом	сандерс	PER	PER_4446
Сандерсу	Сандерс	PER	PER_4446
Українська служба DW	український служба DW	ORG	ORG_2691
