uk-20053
REUTERS	REUTERS	ORG	ORG_2593
Telegram	Telegram	PRO	PRO_2596
Айові	айові	LOC	LOC_3370
Байден	Байден	PER	PER_3577
Байдена	Байден	PER	PER_3577
Байденом	Байден	PER	PER_3577
Джо Байден	Джо Байден	PER	PER_76
Джо Байдена	Джо Байден	PER	PER_76
Джорджії	Джорджія	LOC	LOC_2174
Дональд Трамп	Дональд Трамп	PER	PER_70
Міжнародного агентства Reuters	міжнародний агентство Reuters	ORG	ORG_2417
Огайо	Огайо	LOC	LOC_1736
Північній Кароліні	північний Каролін	LOC	LOC_168
Республіканської партії	республіканський партія	ORG	ORG_584
США	США	LOC	LOC_69
Техасі	Техасі	LOC	LOC_1022
Трамп	Трамп	PER	PER_977
Трампа	Трамп	PER	PER_70
Трампом	Трамп	PER	PER_977
УНІАН	УНІАН	ORG	ORG_268
України	Україна	LOC	LOC_318
Флориді	флориді	LOC	LOC_894
демократів	демократ	PER	PER_2172
