uk-20316
AFP	AFP	ORG	ORG_1211
BBC	BBC	ORG	ORG_382
CBS News	CBS News	ORG	ORG_251
Twitter	Twitter	PRO	PRO_71
YouGov	YouGov	ORG	ORG_2476
Айова	Айов	LOC	LOC_3370
Айови	Айова	LOC	LOC_3825
Байден	Байден	PER	PER_3577
Байдена	Байден	LOC	LOC_3557
Барретт	Барретт	PER	PER_3530
Верховного суду США	верховний суд США	ORG	ORG_3345
Демократична партія	демократичний партія	ORG	ORG_584
Демократичної партії	демократичний партія	ORG	ORG_584
Джо Байден	Джо Байден	PER	PER_76
Джо Байдена	Джо Байден	PER	PER_76
Джорджія	Джорджія	LOC	LOC_2174
Дональда Трампа	Дональд Трамп	PER	PER_70
Емі Коні Барретт	Емі Коні Барретт	PER	PER_3626
Огайо	Огайо	LOC	LOC_1736
Північна Кароліна	північний Каролін	LOC	LOC_168
США	США	LOC	LOC_69
Техас	Техас	LOC	LOC_1022
Техасу	Техас	LOC	LOC_1022
Трамп	Трамп	PER	PER_977
Трампа	Трамп	PER	PER_70
Флорида	Флорид	LOC	LOC_894
