uk-20003
Аризона	Аризона	LOC	LOC_1748
Аризоні	Аризоні	LOC	LOC_1748
Байдена	Байден	PER	PER_3577
Вермонті	вермонт	LOC	LOC_1737
Вісконсин	Вісконсин	LOC	LOC_527
Вісконсині	Вісконсин	LOC	LOC_527
Джо Байдена	Джо Байден	PER	PER_76
Джорджія	Джорджія	LOC	LOC_2174
Джорджії	Джорджія	LOC	LOC_2174
Дональда Трампа	Дональд Трамп	PER	PER_70
Каліфорнії	каліфорний	LOC	LOC_102
Колегії	колегія	ORG	ORG_4695
Колегії виборників	колегія виборник	ORG	ORG_4694
Конгресу	конгрес	ORG	ORG_3350
Конгресі	конгрес	ORG	ORG_3350
Мічиган	Мічиган	LOC	LOC_99
Невада	Невада	LOC	LOC_1153
Округ Колумбія	округ Колумбія	LOC	LOC_517
Палати представників	палата представник	ORG	ORG_3333
Пенсильванія	пенсильванія	LOC	LOC_4651
Пенсильванії	пенсильваний	LOC	LOC_4651
США	США	LOC	LOC_69
Трамп	Трамп	PER	PER_977
Трампа	Трамп	PER	PER_70
Трампу	Трамп	PER	PER_977
