uk-20318
Dominion	Dominion	ORG	ORG_3985
Fox News	Fox News	PRO	PRO_3308
RBC.UA	RBC . UA	PRO	PRO_2552
flickr.com/gageskidmore	flickr.com/gageskidmore	PRO	PRO_4710
twitter.com/LACo_DPSS	twitter.com/LACo_DPSS	PRO	PRO_4706
Адміністрація загальних служб США	адміністрація загальний служба США	ORG	ORG_3312
Арізона	Арізон	LOC	LOC_1748
Байден	Байден	PER	PER_3577
Байдена	Байден	PER	PER_3577
Байдену	Байден	PER	PER_2995
Барака Обами	Барак Обама	PER	PER_3496
Блінкен	Блінкен	PER	PER_3508
Білий дім	білий дім	ORG	ORG_1705
Білла Клінтона	Білла Клінтон	PER	PER_3473
Білого дому	білий дім	LOC	LOC_72
Венесуела	Венесуел	LOC	LOC_2163
Венесуели	Венесуели	LOC	LOC_2163
Верховний суд	верховний суд	ORG	ORG_3345
Верховного суду США	верховний суд США	ORG	ORG_3345
Вісконсін	Вісконсін	LOC	LOC_527
Гора	гора	PER	PER_4708
Демократичної партії	демократичний партія	ORG	ORG_584
Джейк Салліван	Джейк Салліван	PER	PER_4020
Джо Байден	Джо Байден	PER	PER_76
Джо Байдену	Джо Байден	PER	PER_76
Джон Керрі	Джон Керрі	PER	PER_4650
Джорджа Буша	Джордж Буша	PER	PER_3450
Джорджія	Джорджія	LOC	LOC_2174
Джорджії	Джорджія	LOC	LOC_2174
Дональд Трамп	Дональд Трамп	PER	PER_70
Донбасі	Донбас	LOC	LOC_2621
Ел	ел	LOC	LOC_4707
Ентоні Блинкена	Ентоні Блинкен	PER	PER_3507
Китай	Китай	LOC	LOC_56
Китаю	Китай	LOC	LOC_56
Конгрес	конгрес	ORG	ORG_3350
Криму	Крим	LOC	LOC_2855
Куба	Куба	LOC	LOC_980
Куби	Куба	LOC	LOC_4709
Метью Бранн	Меть Бранн	PER	PER_4703
Меїр Блінкен	Меїр Блінкен	PER	PER_3508
Мічиган	Мічиган	LOC	LOC_99
Невада	Невада	LOC	LOC_1153
Нью-Йорка	Нью-Йорка	LOC	LOC_2256
Пауелл	Пауелл	PER	PER_4705
Пенсильванія	пенсильванія	LOC	LOC_4651
Пенсильванії	пенсильваний	LOC	LOC_4651
Пенсільванії	пенсільваний	LOC	LOC_4651
РБК-Україна	РБК - Україна	ORG	ORG_2721
РФ	РФ	LOC	LOC_95
Руді Джуліані	руда Джуліана	PER	PER_1244
США	США	LOC	LOC_69
Сідні Пауелл	Сідні Пауелл	PER	PER_3657
Твіттері	твіттер	LOC	LOC_4677
Трамп	Трамп	PER	PER_977
Трампа	Трамп	PER	PER_70
Трампу	Трамп	PER	PER_977
Уго Чавеса	Уго Чавеса	PER	PER_3843
України	Україна	LOC	LOC_318
Україні	Україна	LOC	LOC_318
Флориді	флориді	LOC	LOC_894
Хілларі Клінтон	Хіллар Клінтон	PER	PER_2175
ЦРУ	ЦРУ	ORG	ORG_4704
