uk-20050
Аризона	Аризона	LOC	LOC_1748
Аризони	Аризона	LOC	LOC_1748
Аризоні	Аризоні	LOC	LOC_1748
Байден	Байден	PER	PER_3577
Байдена	Байден	PER	PER_3577
Білий дім	білий дім	ORG	ORG_1705
Вісконсин	Вісконсин	LOC	LOC_527
Вісконсину	Вісконсин	LOC	LOC_527
Вісконсині	Вісконсин	LOC	LOC_527
Демократичної партії	демократичний партія	ORG	ORG_584
Джо Байдена	Джо Байден	PER	PER_76
Джорджії	Джорджія	LOC	LOC_2174
Дональд Трамп	Дональд Трамп	PER	PER_70
Еверс	Еверс	PER	PER_4717
Конгресі	конгрес	ORG	ORG_3350
Мічигані	Мічиган	LOC	LOC_99
Неваді	Невад	LOC	LOC_1153
Пенсильванії	пенсильваний	LOC	LOC_4651
США	США	LOC	LOC_69
Тоні	Тоні	LOC	LOC_3374
Трамп	Трамп	PER	PER_977
Трампа	Трамп	PER	PER_70
