ru-177
Insurrection Act	Insurrection Act	PRO	PRO_5347
National Emergencies Act; 1976	National Emergencies Act ; 1976	PRO	PRO_5350
Аризоны	Аризона	LOC	LOC_1748
Байдена	Байден	PER	PER_3577
Белого дома	белый дом	LOC	LOC_72
Верховного суда	верховный суд	ORG	ORG_3345
Верховном суде США	верховный суд США	ORG	ORG_3345
Верховный суд	верховный суд	ORG	ORG_3345
Верховный суд США	верховный суд США	ORG	ORG_3345
Висконсина	Висконсин	LOC	LOC_527
Генпрокуратуры	Генпрокуратура	ORG	ORG_5274
Госдепа	Госдеп	ORG	ORG_4788
Демпартии	демпартия	ORG	ORG_4656
Джо Байдена	Джо Байден	PER	PER_76
Джона Рэтклиффа	Джон Рэтклифф	PER	PER_3503
Джорджии	Джорджия	LOC	LOC_2174
Доминион	доминион	PRO	PRO_5063
Дональд Трамп	Дональд Трамп	PER	PER_70
Дональдом Трампом	Дональд Трамп	PER	PER_70
Закон о восстании	закон о восстание	PRO	PRO_5347
Закон о восстании от 1807 года	закон о восстание от 1807 год	PRO	PRO_5135
Законом о национальных чрезвычайных ситуациях	закон о национальный чрезвычайный ситуация	PRO	PRO_5349
Конгресс	Конгресс	ORG	ORG_3350
Конгрессе	Конгресс	ORG	ORG_3350
Конгрессом	конгресс	ORG	ORG_3350
Конгрессу	Конгресс	ORG	ORG_3350
Конституции	Конституция	PRO	PRO_43
Лос-Анджелесе	Лос-Анджелес	LOC	LOC_248
Минфина США	Минфин США	ORG	ORG_5243
Минюста	Минюст	ORG	ORG_4917
Митт Ромни	митт Ромня	PER	PER_3399
Митч Макконнелл	митч Макконнелл	PER	PER_3328
Мичигана	мичиган	LOC	LOC_99
Национальной гвардии	национальный гвардия	ORG	ORG_4726
Национальной разведки	национальный разведка	ORG	ORG_5134
Невады	невад	LOC	LOC_1153
Пенсильвании	пенсильвание	LOC	LOC_2427
Россию	Россия	LOC	LOC_95
США	США	LOC	LOC_69
Соединённых Штатов	соединить Штат	LOC	LOC_69
Техасом	техас	LOC	LOC_1022
Трамп	Трамп	PER	PER_977
Трампа	Трамп	PER	PER_70
Трампом	Трамп	PER	PER_977
Трампу	трампа	PER	PER_977
Царьград	царьград	LOC	LOC_4829
ЧП	чп	ORG	ORG_5348
Яндекс.Дзен	яндекс. дзен	PRO	PRO_4830
демократами	демократ	PER	PER_2172
президентские выборы 2016 года	президентский выборы 2016 год	EVT	EVT_4818
сенаторов-республиканцев	сенатор - республиканец	PER	PER_1985
