ru-105
8-й избирательный округ Нью-Йорка	8-й избирательный округ Нью-Йорк	ORG	ORG_5680
CNN	CNN	ORG	ORG_383
Fox News	Fox News	ORG	ORG_3600
Neptune Ave	Neptune Ave	LOC	LOC_5682
The Hill	The Hill	PRO	PRO_4628
Trump Village	Trump Village	LOC	LOC_5170
Twitter	Twitter	PRO	PRO_71
Америка	Америка	LOC	LOC_69
Америке	Америка	LOC	LOC_69
Америку	Америка	LOC	LOC_69
Аризона	Аризон	LOC	LOC_1748
Аризоне	Аризона	LOC	LOC_1748
Аризону	аризон	LOC	LOC_1748
Байден	Байден	PER	PER_3577
Байдена	Байден	PER	PER_3577
Барбекю	барбек	PER	PER_5678
Белого дома	белый дом	LOC	LOC_72
Белом доме	белый дом	LOC	LOC_72
Белый дом Байдена	белый дом Байден	LOC	LOC_72
Бостон	Бостон	LOC	LOC_1654
Брайтон Бич	брайтон Бич	PER	PER_5122
Валентин Богданов	Валентин Богданов	PER	PER_222
Висконсине	висконсина	LOC	LOC_527
Гарри	Гарри	PER	PER_363
Голливуда	Голливуд	LOC	LOC_3419
Гринвич Вилледж	гринвич Вилледж	ORG	ORG_5686
Демократической фракции	демократический фракция	ORG	ORG_584
Денвере	Денвер	LOC	LOC_5585
Денис Давыдов	Денис Давыдов	PER	PER_321
Джаред Кушнер	Джаред Кушнер	PER	PER_3537
Джефрис	джефрис	PER	PER_5681
Джефриса	джефрис	PER	PER_5681
Джеффрис	джеффрис	PER	PER_4682
Джо Байден	Джо Байден	PER	PER_76
Джорджа Флойда	Джордж Флойда	PER	PER_4056
Джорджии	Джорджия	LOC	LOC_2174
Джорджию	джорджий	LOC	LOC_2174
Джорджия	Джорджия	LOC	LOC_2174
Джулиани	Джулиани	PER	PER_1244
Дональд Трамп	Дональд Трамп	PER	PER_70
Дональда Трампа	Дональд Трамп	PER	PER_70
За стеклом	за стекло	PRO	PRO_5677
Иванка	иванка	PER	PER_3945
Камалой Харрис	камала Харрис	PER	PER_1984
Кейли Макинэни	Кейли Макинэни	PER	PER_3461
Колорадо	Колорадо	LOC	LOC_521
Конгрессе	Конгресс	ORG	ORG_3350
Марвел	марвел	PRO	PRO_5684
Марикопа	марикопа	LOC	LOC_3776
Марк Руффало	Марк Руффало	PER	PER_1292
Миннеаполисе	Миннеаполис	LOC	LOC_3768
Мичиган	Мичиган	LOC	LOC_99
Мичигане	Мичиган	LOC	LOC_99
Неваде	Невада	LOC	LOC_1153
Неваду	невада	LOC	LOC_1153
Нью-Йорке	Нью-Йорк	LOC	LOC_2256
Нэнси Пелоси	Нэнси Пелось	PER	PER_3442
Овального кабинета	овальный кабинет	ORG	ORG_3729
Орегон	Орегон	LOC	LOC_2170
Палаты представителей США	Палата представитель США	ORG	ORG_4061
Парижское соглашение по климату	парижский соглашение по климат	PRO	PRO_3669
Пелоси	пелось	PER	PER_4871
Пенсильвании	пенсильвание	LOC	LOC_2427
Пенсильванию	пенсильвание	LOC	LOC_101
Пенсильвания	Пенсильвание	LOC	LOC_101
Портленда	Портленд	LOC	LOC_3769
Рианы	риан	PER	PER_5685
Роб Райнер	Роб Райнер	PER	PER_3697
Рудольф Джулиани	Рудольф Джулиани	PER	PER_5227
США	США	LOC	LOC_69
Салли	салля	PER	PER_658
Северная Каролина	Северный Каролин	LOC	LOC_168
Северной Каролине	Северный Каролин	LOC	LOC_168
Секретной службы	секретный служба	ORG	ORG_4719
Сиэтла	Сиэтл	LOC	LOC_1723
Трамп	Трамп	PER	PER_977
Трампа	Трамп	PER	PER_70
Филадельфии	Филадельфия	LOC	LOC_3816
Филадельфия	филадельфия	LOC	LOC_3816
Фред Трамп	Фред Трамп	PER	PER_70
Хаким Джеффрис	Хаким Джеффрис	PER	PER_4682
Халка	Халка	PER	PER_5683
Чикаго	Чикаго	LOC	LOC_1595
Шериф	шериф	PER	PER_5679
Эрик Трамп	Эрик Трамп	PER	PER_4296
демократов	демократ	PER	PER_2172
