ru-67
AP	AP	ORG	ORG_451
Associated Press	Associated Press	ORG	ORG_2606
CNN	CNN	ORG	ORG_383
REGNUM	REGNUM	ORG	ORG_3164
The Wall Street Journal	The Wall Street Journal	PRO	PRO_97
The Washington Post	The Washington Post	PRO	PRO_3763
Twitter	Twitter	PRO	PRO_71
Wahington Post	Wahington Post	PRO	PRO_3763
Washington Post	Washington Post	PRO	PRO_3763
Айова	Айова	LOC	LOC_3370
Америке	Америка	LOC	LOC_69
Анджей Дуда	Анджей Дуда	PER	PER_2315
Аризона	Аризон	LOC	LOC_1748
Арканзас	Арканзас	LOC	LOC_3375
Арканзаса	арканзас	LOC	LOC_3375
Байден	Байден	PER	PER_3577
Байдена	Байден	PER	PER_3577
Байдену	Байден	PER	PER_2995
Белого дома	белый дом	LOC	LOC_72
Белый дом	белый дом	LOC	LOC_72
Варшава	Варшав	LOC	LOC_2300
Вермонт	Вермонт	LOC	LOC_1737
Вермонта	вермонт	LOC	LOC_1737
Вермонте	вермонт	LOC	LOC_1737
Верховный суд	верховный суд	ORG	ORG_3345
Верховный суд Висконсина	верховный суд Висконсин	ORG	ORG_3459
Верховный суд США	верховный суд США	ORG	ORG_3345
Верховный суд штата Висконсин	верховный суд штат Висконсин	ORG	ORG_3459
Виргиния	Виргиния	LOC	LOC_3851
Виргиния.За	Виргиния . за	LOC	LOC_5334
Висконсин	Висконсин	LOC	LOC_527
Висконсине	висконсина	LOC	LOC_527
Висконсину	висконсина	LOC	LOC_527
Делавэр	Делавэр	LOC	LOC_3342
Демократической партии	демократический партия	ORG	ORG_584
Демократической партии США	демократический партия США	ORG	ORG_584
Джо Байден	Джо Байден	PER	PER_76
Джо Байдена	Джо Байден	PER	PER_76
Джо Байдену	Джо Байден	PER	PER_76
Джозеф Байден	Джозеф Байден	PER	PER_76
Джозефа Байдена	Джозеф Байден	PER	PER_76
Джозефом Байденом	Джозеф Байден	PER	PER_76
Джорджии	Джорджия	LOC	LOC_2174
Джорджия	Джорджия	LOC	LOC_2174
Дональд Трамп	Дональд Трамп	PER	PER_70
Дональда Трампа	Дональд Трамп	PER	PER_70
Дональдом Трампом	Дональд Трамп	PER	PER_70
Дональду Трампу	дональда Трампа	PER	PER_70
Дуда	Дуда	PER	PER_2314
Иллинойс	Иллинойс	LOC	LOC_1249
Иллинойсе	Иллинойсе	LOC	LOC_1249
Индиана	Индиан	LOC	LOC_336
Индиане	Индиан	LOC	LOC_336
Индианы	индиан	LOC	LOC_336
Иск Трампа	иск Трамп	PER	PER_70
Кена Пакстона	Кен Пакстон	PER	PER_3704
Коллегии выборщиков	коллегия выборщик	ORG	ORG_3309
Коллегия выборщиков Вермонта	коллегия выборщик Вермонт	ORG	ORG_5335
Коннектикут	Коннектикут	LOC	LOC_4613
Кшиштоф Щерский	Кшиштоф Щерский	PER	PER_5336
Миссисипи	Миссисипи	LOC	LOC_4559
Мичиган	Мичиган	LOC	LOC_99
Мичигана	мичиган	LOC	LOC_99
Мичигану	мичиган	LOC	LOC_99
Мэриленд	Мэриленд	LOC	LOC_4745
Невада	Невада	LOC	LOC_1153
Невады	невад	LOC	LOC_1153
Нью-Гемпшир	нью-гемпшир	LOC	LOC_3454
Нью-Гемпшире	нью-гемпшире	LOC	LOC_3454
Нью-Гэмпшир	Нью-Гэмпшир	LOC	LOC_3454
Нью-Гэмпшира	нью-гэмпшира	LOC	LOC_3454
Нью-Гэмпшире	нью-гемпшир	LOC	LOC_3454
Нью-Йорк	Нью-Йорк	LOC	LOC_2256
Нью-Йорке	Нью-Йорк	LOC	LOC_2256
Оклахома	Оклахом	LOC	LOC_520
Оклахомы	оклахое	LOC	LOC_4742
Пенсильвании	пенсильвание	LOC	LOC_2427
Пенсильвания	Пенсильвание	LOC	LOC_101
Польши	Польша	LOC	LOC_107
США	США	LOC	LOC_69
Северной Каролине	Северный Каролин	LOC	LOC_168
Соединенных Штатах	соединить Штат	LOC	LOC_69
Соединенных Штатов	соединить Штат	LOC	LOC_69
Соединённых Штатов	соединить Штат	LOC	LOC_69
ТАСС	ТАСС	ORG	ORG_494
Теннеси	Теннеси	LOC	LOC_3374
Теннесси	Теннесси	LOC	LOC_3374
Техаса	техас	LOC	LOC_1022
Тони Эверс	Тони Эверс	PER	PER_4994
Трамп	Трамп	PER	PER_977
Трампа	Трамп	PER	PER_70
Трампу	трампа	PER	PER_977
Флорида	Флорида	LOC	LOC_894
Штатах	Штат	LOC	LOC_69
Штатов	Штат	LOC	LOC_5283
Щерский	щерский	PER	PER_4573
Южная Каролина	Южный Каролин	LOC	LOC_168
Южной Каролины	Южный Каролина	LOC	LOC_168
демократов	демократ	ORG	ORG_3320
партии демократов	партия демократ	ORG	ORG_3320
суд США	суд США	ORG	ORG_3345
