ru-185
Facebook	Фейсбук	ORG	ORG_96
Instagram	Instagram	ORG	ORG_4688
Politico	Politico	PRO	PRO_543
The New York Times	The New York Times	PRO	PRO_51
Twitter	Twitter	ORG	ORG_2553
Америка	Америка	LOC	LOC_69
Ангелу Меркель	ангел Меркель	PER	PER_117
Барак Обама	Барак Обама	PER	PER_3496
Барака Обамы	Барак Обама	PER	PER_3496
Бахрейном	бахрейный	LOC	LOC_80
Белом доме	белый дом	LOC	LOC_72
Валерий Гарбузов	Валерий Гарбузов	PER	PER_222
Вашингтон	Вашингтон	LOC	LOC_183
Вашингтона	Вашингтон	LOC	LOC_183
Вашингтоном	Вашингтон	LOC	LOC_183
Владимиром Путиным	Владимир Путин	PER	PER_315
Газете.Ru	газета.Ru	PRO	PRO_5261
Газетой.Ru	газетой.Ru	ORG	ORG_5246
Газеты.Ru	газеты.ru	PRO	PRO_5261
Германии	Германия	LOC	LOC_27
Германия	Германия	LOC	LOC_27
Джо Байден	Джо Байден	PER	PER_76
Джо Байдена	Джо Байден	PER	PER_76
Дональд Трамп	Дональд Трамп	PER	PER_70
Дональда Трампа	Дональд Трамп	PER	PER_70
ЕС	ес	ORG	ORG_5
Европа	Европа	LOC	LOC_49
Европе	Европа	LOC	LOC_49
Евросоюза	Евросоюз	ORG	ORG_5
Израиль	Израиль	LOC	LOC_833
Института США и Канады РАН	институт США и Канада РАН	ORG	ORG_4903
Ирану	иран	LOC	LOC_177
КНДР	КНДР	LOC	LOC_4892
КНР	КНР	LOC	LOC_56
Канадой	Канада	LOC	LOC_78
Ким Чен Ына	Ким Чен Ына	PER	PER_4891
Ким Чен Ыном	Ким Чен Ыном	PER	PER_4891
Кимом	ким	PER	PER_564
Китаем	Китай	LOC	LOC_56
Китай	Китай	LOC	LOC_56
Китаю	Китай	LOC	LOC_56
Корейского полуострова	корейский полуостров	LOC	LOC_576
Кремля	Кремль	LOC	LOC_150
Лукьянов	Лукьянов	PER	PER_1224
МГУ	мгу	ORG	ORG_3130
Международного дискуссионного клуба « Валдай	международный дискуссионный клуб « Валдай	ORG	ORG_5263
Мексикой	Мексика	LOC	LOC_79
Меркель	Меркель	PER	PER_117
Москве	Москва	LOC	LOC_316
Москвой	Москва	LOC	LOC_316
Москву	Москва	LOC	LOC_316
НАТО	НАТО	ORG	ORG_864
ОАЭ	ОАЭ	LOC	LOC_2557
Обамы	обама	PER	PER_1706
Пекином	Пекин	LOC	LOC_234
Путина	Путин	PER	PER_315
Пхеньян	Пхеньян	LOC	LOC_234
Пхеньяна	Пхеньян	LOC	LOC_234
Россией	Россия	LOC	LOC_95
России	Россия	LOC	LOC_95
Россию	Россия	LOC	LOC_95
США	США	LOC	LOC_69
Северной Кореей	Северный Корея	LOC	LOC_60
Сирии	Сирия	LOC	LOC_3797
Тегерана	Тегеран	LOC	LOC_5262
Трамп	Трамп	PER	PER_977
Трампа	Трамп	PER	PER_70
Трампе	трампа	PER	PER_977
Трампом	Трамп	PER	PER_977
Трампу	трампа	PER	PER_977
Украины	Украина	LOC	LOC_318
ФРГ	ФРГ	LOC	LOC_27
Федор Лукьянов	Федор Лукьянов	PER	PER_5264
Фонда изучения США имени Франклина Рузвельта	Фонд изучение США имя Франклин Рузвельт	ORG	ORG_4956
Франции	Франция	LOC	LOC_20
Франция	Франция	LOC	LOC_20
Эммануэль Макрон	Эммануэль Макрон	PER	PER_24
Юрий Рогулев	Юрий Рогулев	PER	PER_4958
европейцы	европеец	PER	PER_411
либеральной Америки	либеральный Америка	LOC	LOC_219
