ru-118
Facebook	Фейсбук	PRO	PRO_98
Gore in 2004	Gore in 2004	ORG	ORG_5341
NYT	nyt	PRO	PRO_277
Америки	Америка	LOC	LOC_69
Аризоне	Аризона	LOC	LOC_1748
Байден	Байден	PER	PER_3577
Байден Мичиган	Байден Мичиган	PER	PER_5338
Байдена	Байден	PER	PER_3577
Барак Обама	Барак Обама	PER	PER_3496
Буш	Буш	PER	PER_1707
Буша	Буш	PER	PER_1707
Великой депрессии	великий депрессия	EVT	EVT_3659
Гувер	Гувер	ORG	ORG_5340
Джо Байден	Джо Байден	PER	PER_76
Джорджии	Джорджия	LOC	LOC_2174
Кении	Кения	LOC	LOC_1214
Керри	Керри	PER	PER_4099
Конгресс	Конгресс	ORG	ORG_3350
Лиги чемпионов	Лига чемпион	EVT	EVT_5343
Мичигане	Мичиган	LOC	LOC_99
Мстителей	мститель	PRO	PRO_5342
Мюллера	Мюллер	PER	PER_4809
Неваде	Невада	LOC	LOC_1153
Никсона	Никсон	PER	PER_5339
Обама	Обама	PER	PER_3496
Огайо	Огайо	LOC	LOC_1736
Пенсильвании	пенсильвание	LOC	LOC_2427
Пенсильванию	пенсильвание	LOC	LOC_101
Рузвельту	рузвельта	PER	PER_5308
США	США	LOC	LOC_69
Трамп	Трамп	PER	PER_977
Трампа	Трамп	PER	PER_70
Флориде	Флорида	LOC	LOC_894
Чикагского университета	чикагский университет	ORG	ORG_463
республиканцев	республиканец	PER	PER_1985
