ru-66
CША	CША	ORG	ORG_3438
ria.ru	ria.ru	PRO	PRO_2827
Байден	Байден	PER	PER_3577
ВАШИНГТОН	вашингтон	LOC	LOC_3436
Верховный суд США	верховный суд США	ORG	ORG_3345
Гавайев	Гавайев	LOC	LOC_3558
Гаврилова А.В.	Гаврилов А. В.	PER	PER_3107
Джо Байден	Джо Байден	PER	PER_76
Дональд Трамп	Дональд Трамп	PER	PER_70
Дональда Трампа	Дональд Трамп	PER	PER_70
Коллегия выборщиков США	коллегия выборщик США	ORG	ORG_4597
Майк Пенс	Майк Пенс	PER	PER_3847
Национальный архив	национальный архив	ORG	ORG_4699
Национальный архив США	национальный архив США	ORG	ORG_4699
Пенс	пенс	PER	PER_1461
РИА Новости	риа новость	ORG	ORG_158
США	США	LOC	LOC_69
Трамп	Трамп	PER	PER_977
архив США	архив США	ORG	ORG_4699
