ru-68
CNN	CNN	ORG	ORG_383
Fox News	Fox News	PRO	PRO_3308
New York Times	New York Times	PRO	PRO_51
Аляске	Аляска	LOC	LOC_518
Аляски	аляска	LOC	LOC_518
Байден	Байден	PER	PER_3577
Байдена	Байден	PER	PER_3577
Демократическую партию	демократический партия	ORG	ORG_584
Джозеф Байден	Джозеф Байден	PER	PER_76
Джорджии	Джорджия	LOC	LOC_2174
Дональда Трампа	Дональд Трамп	PER	PER_70
Неваде	Невада	LOC	LOC_1153
Невады	невад	LOC	LOC_1153
Пенсильвании	пенсильвание	LOC	LOC_2427
Республиканскую	республиканский	ORG	ORG_2775
Рональда Рейгана	Рональд Рейган	PER	PER_4537
СNN	сон	PRO	PRO_3663
США	США	LOC	LOC_69
Северной Каролине	Северный Каролин	LOC	LOC_168
Северной Каролины	Северный Каролина	LOC	LOC_168
Трамп	Трамп	PER	PER_977
избирательной комиссии Аляски	избирательный комиссия Аляски	ORG	ORG_4894
