ru-30
Allied Security Operations Group	Allied Security Operations Group	ORG	ORG_5133
Агентства по кибербезопасности	Агентство по кибербезопасность	ORG	ORG_4122
Америки	Америка	LOC	LOC_69
Антрим	Антрим	LOC	LOC_3616
Байден	Байден	PER	PER_3577
Байдена	Байден	PER	PER_3577
Байдену	Байден	PER	PER_2995
Бараке Обаме	барак Обам	PER	PER_3496
Белого дома	белый дом	LOC	LOC_72
Белом доме	белый дом	LOC	LOC_72
Белый дом	белый дом	LOC	LOC_72
Би-би-си	Би - би-с	ORG	ORG_2909
Венесуэла	Венесуэла	LOC	LOC_2163
Владимира Путина	Владимир Путин	PER	PER_315
Германию…	Германия …	LOC	LOC_27
Делавэр	Делавэр	LOC	LOC_3342
Демпартии	демпартия	ORG	ORG_4656
Джо Байден	Джо Байден	PER	PER_76
Джона Рэтклиффа	Джон Рэтклифф	PER	PER_3503
Доминион	доминион	ORG	ORG_3985
Дональд Трамп	Дональд Трамп	PER	PER_70
Дональда Трампа	Дональд Трамп	PER	PER_70
Закон о восстании 1807 года	закон о восстание 1807 год	PRO	PRO_5135
Иран	Иран	LOC	LOC_177
Испанию	Испания	LOC	LOC_10
Канаду	Канада	LOC	LOC_78
Китай	Китай	LOC	LOC_56
Кларк	Кларк	LOC	LOC_5132
Конгрессом	конгресс	ORG	ORG_3350
Майкла Флинна	Майкла Флинн	PER	PER_3892
Мичигане	Мичиган	LOC	LOC_99
Москву	Москва	LOC	LOC_316
Нацгвардии	нацгвардия	ORG	ORG_4726
Национальной разведки	национальный разведка	ORG	ORG_5134
Неваде	Невада	LOC	LOC_1153
Пентагоном	Пентагон	LOC	LOC_3360
Путина	Путин	PER	PER_315
России	Россия	LOC	LOC_95
Россию	Россия	LOC	LOC_95
Россия	Россия	LOC	LOC_95
Рэтклиффа	рэтклифф	PRO	PRO_5136
США	США	LOC	LOC_69
Совета национальной безопасности	Совет национальный безопасность	ORG	ORG_4124
Трамп	Трамп	PER	PER_977
Трампа	Трамп	PER	PER_70
Трампом	Трамп	PER	PER_977
Трампу	трампа	PER	PER_977
Уау	уау	PER	PER_4397
Уилмингтоне	уилмингтон	LOC	LOC_4129
Уильяма Барра	Уильям Барра	PER	PER_3354
федерального правительства	федеральный правительство	ORG	ORG_4756
