ru-89
CША	CША	ORG	ORG_3438
Washington Post.Голосование	Washington Post.Голосование	PRO	PRO_3763
Байден	Байден	PER	PER_3577
Вашингтону	Вашингтон	LOC	LOC_183
Вермонте	вермонт	LOC	LOC_1737
Вермонте.Там	вермонт . там	LOC	LOC_5344
Гавайях	гавайях	LOC	LOC_3558
Гаврилова А.В.	Гаврилов А. В.	PER	PER_3107
Джо Байдену	Джо Байден	PER	PER_76
Дональда Трампа	Дональд Трамп	PER	PER_70
МОСКВА	МОСКВА	LOC	LOC_316
Майк Пенс	Майк Пенс	PER	PER_3847
Национальный архив	национальный архив	ORG	ORG_4699
Национальный архив США	национальный архив США	ORG	ORG_4699
РИА Новости	риа новость	ORG	ORG_158
США	США	LOC	LOC_69
Трамп	Трамп	PER	PER_977
Трампа	Трамп	PER	PER_70
архив США	архив США	ORG	ORG_4699
