ru-168
CNN	CNN	ORG	ORG_383
iz.ru	iz.ru	PRO	PRO_2827
« РОССИЯ	эламлатецин РОССИЯ	ORG	ORG_5450
Аризона	Аризон	LOC	LOC_1748
Байден	Байден	LOC	LOC_3557
Байдена	Байден	PER	PER_3577
Байдену	Байден	PER	PER_2995
Белого дома	белый дом	LOC	LOC_72
Вермонт	Вермонт	LOC	LOC_1737
Висконсин	Висконсин	LOC	LOC_527
Демократической партии США	демократический партия США	ORG	ORG_5426
Джо Байден	Джо Байден	PER	PER_76
Джорджия	Джорджия	LOC	LOC_2174
Дональда Трампа	Дональд Трамп	PER	PER_70
Индиана	Индиан	LOC	LOC_336
Миссисипи	Миссисипи	LOC	LOC_4559
Мэриленд	Мэриленд	LOC	LOC_4745
Невада	Невада	LOC	LOC_1153
Нью-Гэмпшир	Нью-Гэмпшир	LOC	LOC_3454
Нью-Йорк	Нью-Йорк	LOC	LOC_2256
Огайо	Огайо	LOC	LOC_1736
РФ	РФ	LOC	LOC_95
США	США	LOC	LOC_69
Северная Каролина	Северный Каролин	LOC	LOC_168
Теннесси	Теннесси	LOC	LOC_3374
Трамп	Трамп	PER	PER_977
Трампа	Трамп	PER	PER_70
Федерального агентства по печати и массовым коммуникациям	федеральный агентство по печать и массовый коммуникация	ORG	ORG_5158
Экономика	экономика	ORG	ORG_4846
демократа	демократ	ORG	ORG_3320
