ru-159
2020 года	2020 год	EVT	EVT_2110
CNN	CNN	ORG	ORG_383
QAnon	QAnon	ORG	ORG_3420
Telegram	Telegram	PRO	PRO_2596
ZN.UA	ZN. UA	PRO	PRO_2552
Америке	Америка	LOC	LOC_69
Америки	Америка	LOC	LOC_69
Байден	Байден	PER	PER_3577
Байдена	Байден	PER	PER_3577
Вайоминг	Вайоминг	LOC	LOC_3372
Висконсине	висконсина	LOC	LOC_527
Джо Байденом	Джо Байден	PER	PER_76
Джорджии	Джорджия	LOC	LOC_2174
Джорджия	Джорджия	LOC	LOC_2174
Дональд Трамп	Дональд Трамп	PER	PER_70
Дональдом Трампом	Дональд Трамп	PER	PER_70
Еdison research	Еdison research	ORG	ORG_5111
Закона об избирательных правах 1965 года	Закон о избирательный право 1965 год	PRO	PRO_5109
Калифорнии	Калифорния	LOC	LOC_102
Линдона Джонсона	Линдон Джонсон	PER	PER_1154
Мичигана	мичиган	LOC	LOC_99
Мичигане	Мичиган	LOC	LOC_99
Монтана	монтан	LOC	LOC_100
Пенсильвании	пенсильвание	LOC	LOC_2427
США	США	LOC	LOC_69
Северной Каролине	Северный Каролин	LOC	LOC_168
Сенат США	Сенат США	ORG	ORG_3345
Техас	Техас	LOC	LOC_1022
Трамп	Трамп	PER	PER_977
Трампа	Трамп	PER	PER_70
Украины	Украина	LOC	LOC_318
Флориде	Флорида	LOC	LOC_894
Флуд	флуд	EVT	EVT_3218
декрет Федерального согласия 1982 года	декрет федеральный согласие 1982 год	PRO	PRO_5110
ругань	ругань	EVT	EVT_3217
южных штатов	южный штат	LOC	LOC_1956
