ru-37
Associated Press	Associated Press	ORG	ORG_2606
Facebook	Фейсбук	ORG	ORG_96
Fox News	Fox News	ORG	ORG_3600
New York	New York	ORG	ORG_2782
New York Post	New York Post	PRO	PRO_51
Post	Post	PRO	PRO_5225
RT	RT	ORG	ORG_5228
Twitter	Twitter	PRO	PRO_71
rt.com	rt.com	PRO	PRO_2827
Аризона	Аризон	LOC	LOC_1748
Аризоне	Аризона	ORG	ORG_5207
Байдена	Байден	PER	PER_3577
Боровая улица	боровой улица	LOC	LOC_5247
Вашингтон	Вашингтон	LOC	LOC_183
Верховные суды	верховный суд	ORG	ORG_5356
Висконсин	Висконсин	LOC	LOC_527
Гражданской войны в США	гражданский война в США	EVT	EVT_3455
Делавэре	делавэр	LOC	LOC_3342
Демократов	демократ	ORG	ORG_3320
Джо Байдена Хантера	Джо Байден Хантер	PER	PER_76
Джо Байдену	Джо Байден	PER	PER_76
Джорджия	Джорджия	LOC	LOC_2174
Дональд Трамп	Дональд Трамп	PER	PER_70
Зелёная	зеленый	ORG	ORG_760
Зелёной партии	зеленый партия	ORG	ORG_5357
Кларк	Кларк	LOC	LOC_5132
Конституции	Конституция	PRO	PRO_43
Конституционная	конституционный	ORG	ORG_4874
Либертарианская	либертарианский	ORG	ORG_5355
Марикопа	марикопа	LOC	LOC_3776
Мичиган	Мичиган	LOC	LOC_99
Мичигане	Мичиган	LOC	LOC_99
Москва	Москва	LOC	LOC_316
Невада	Невада	LOC	LOC_1153
Неваде	Невада	LOC	LOC_1153
Пенсильвании	пенсильвание	LOC	LOC_2427
Пенсильвания	Пенсильвание	LOC	LOC_101
Республиканская партия Невады	республиканский партия Невада	ORG	ORG_4991
Республиканской партии	республиканский партия	ORG	ORG_584
Республиканской партии Мичигана	республиканский партия Мичиган	ORG	ORG_4127
Республиканцев	республиканец	ORG	ORG_2775
Роскомнадзором	роскомнадзор	ORG	ORG_3044
США	США	LOC	LOC_69
Симоньян М. С.	симоньян М. С.	PER	PER_5229
Соединённых Штатах	соединить Штат	LOC	LOC_69
Трампа	Трамп	PER	PER_70
Федеральная избирательная комиссия США	федеральный избирательный комиссия США	ORG	ORG_3830
Филадельфии	Филадельфия	LOC	LOC_3816
Фултон	Фултон	LOC	LOC_5359
Хиллари Клинтон	Хиллари Клинтон	PER	PER_2175
Шайавасси	шайавасси	LOC	LOC_5358
демократам	демократ	PER	PER_2172
демократы	демократ	PER	PER_2172
конгрессом США	конгресс США	EVT	EVT_5198
президентских выборов 2016	президентский выборы 2016	EVT	EVT_4818
