ru-94
BBC News	БИ-БИ-СИ News	ORG	ORG_4979
Айове	Айова	LOC	LOC_3370
Байден	Байден	PER	PER_3577
Байдена	Байден	PER	PER_3577
Барака Обамы	Барак Обама	PER	PER_3496
Белом доме	белый дом	LOC	LOC_72
Би-би-си	Би - би-с	ORG	ORG_2909
Висконсине	висконсина	LOC	LOC_527
Демократической партии	демократический партия	ORG	ORG_584
Джо Байден	Джо Байден	PER	PER_76
Джо Байдена	Джо Байден	PER	PER_76
Дональд Трамп	Дональд Трамп	PER	PER_70
Дональда Трампа	Дональд Трамп	PER	PER_70
Клинтон	Клинтон	PER	PER_3473
Мичигане	Мичиган	LOC	LOC_99
Огайо	Огайо	LOC	LOC_1736
Пенсильвании	пенсильвание	LOC	LOC_2427
США	США	LOC	LOC_69
Техасе	Техас	LOC	LOC_1022
Трамп	Трамп	PER	PER_977
Трампа	Трамп	PER	PER_70
Хиллари Клинтон	Хиллари Клинтон	PER	PER_2175
