ru-60
Anti-Defamation League	Anti -Defamation League	ORG	ORG_4342
Betsy DeVos	Betsy DeVos	PER	PER_5059
Buttigieg	Buttigieg	ORG	ORG_5066
Haaretz	Haaretz	PRO	PRO_4826
Jonathan Greenblatt	Jonathan Greenblatt	PER	PER_4343
Keyfood	Keyfood	PRO	PRO_5042
Pacnet	Pacnet	ORG	ORG_5055
South Bend	South Bend	LOC	LOC_3493
South Bent	South Bent	ORG	ORG_5073
АНБ	анб	ORG	ORG_84
Аиду	аид	PER	PER_4875
Алекса ван дер Цваана	алекс ван дер Цваан	PER	PER_5032
Алехандро Майоркас	Алехандро Майоркас	PER	PER_4016
Америка	Америка	LOC	LOC_69
Америке	Америка	LOC	LOC_69
Америки	Америка	LOC	LOC_69
Америку	Америка	LOC	LOC_69
Антони Блинкен	Антони Блинкен	PER	PER_3507
Арзамаса	арзамас	LOC	LOC_3375
Аризоны	Аризона	LOC	LOC_1748
Ассанджа	ассанджа	PER	PER_5033
Ассанжа	ассанжа	PER	PER_5033
Ассанжу	ассанж	PER	PER_5033
Афганистане	Афганистан	LOC	LOC_4648
Байден	Байден	PER	PER_3577
Байдена	Байден	PER	PER_3577
Байдене Хуйло	байден Хуйло	PER	PER_5044
Байденом	Байден	PER	PER_3577
Байдену	Байден	PER	PER_2995
Бриджуотер	Бриджуотер	ORG	ORG_5050
Брина	брина	PER	PER_3592
Будиджаджа	будиджадж	PER	PER_3483
Бутержич	бутержич	PER	PER_4620
Бутержича	бутержич	PER	PER_5065
Бутиджича	бутиджича	PER	PER_3483
Буша	Буш	PER	PER_1707
ВВС	ввс	PRO	PRO_2662
Венесуэле	Венесуэла	LOC	LOC_2163
Венка,который	венка , который	PER	PER_5077
Висконсине	висконсина	LOC	LOC_527
Гарвард	Гарвард	LOC	LOC_3489
Гарварда	Гарвард	LOC	LOC_3489
Гарварде	гарвард	LOC	LOC_3489
Гваделупа	Гваделуп	LOC	LOC_3564
Германа Хана	Герман Хан	PER	PER_2361
Германии	Германия	LOC	LOC_27
Гестапо	гестапо	EVT	EVT_5048
Гитлера	Гитлер	PER	PER_4893
Гитлере	Гитлер	PER	PER_4893
Гитлером	Гитлер	PER	PER_4893
Годвина	годвина	PRO	PRO_5068
Гульфикгейт	гульфикгейт	PRO	PRO_5036
Джанет Йеллен	Джанет Йеллен	PER	PER_4426
Джареда Кушнера	Джаред Кушнер	PER	PER_3537
Дженнифер Грэнхолм	Дженнифер Грэнхолм	PER	PER_5060
Джо Байден	Джо Байден	PER	PER_76
Джордж Пападопулос	Джордж Пападопулос	PER	PER_3214
Джорджа Пападопулоса	Джордж Пападопулос	PER	PER_3214
Джорджия	Джорджия	PER	PER_2171
Доминион	доминион	PRO	PRO_5063
Дональд Трамп	Дональд Трамп	PER	PER_70
Дурам	дура	PER	PER_5054
Еаропу	еароп	LOC	LOC_5053
Евангелие от Матфея	евангелие от Матфея	PRO	PRO_5072
Евреи	еврей	PER	PER_834
Зимбабве	Зимбабве	LOC	LOC_4288
Иван	Иван	PER	PER_3622
Избирательная Коллегия	избирательный коллегия	ORG	ORG_3309
КГБ	кгб	ORG	ORG_2680
КПК	КПК	ORG	ORG_5039
Кацу	кац	PER	PER_5081
Китае	Китай	LOC	LOC_56
Китай	Китай	LOC	LOC_56
Клаппер	клаппер	PER	PER_1037
Клапперу	клаппер	PER	PER_5047
Клинтоны	клинтон	LOC	LOC_4878
Коми	Коми	LOC	LOC_373
Конгресс Аризоны	Конгресс Аризона	ORG	ORG_5041
Конгрессу	Конгресс	ORG	ORG_3350
Лир	лир	PER	PER_477
Локхид	локхид	LOC	LOC_5049
Маккейн	Маккейн	PER	PER_3328
Манафорта	манафорта	LOC	LOC_5057
Мартин	Мартин	PER	PER_2857
Моллер	моллер	PER	PER_4809
Моллера	моллера	PER	PER_4809
Москвы	Москва	LOC	LOC_316
Мумба-Юмба	мумба-юмба	LOC	LOC_5037
Мухосранака	мухосранака	ORG	ORG_5046
Мюллер	Мюллер	PER	PER_4809
Мюллера	Мюллер	PER	PER_4809
На Вал Ный	на Вал Ный	PER	PER_5038
Навальный	Навальный	PER	PER_4779
Нетребко	Нетребко	PER	PER_5061
Нидерландов	Нидерланды	LOC	LOC_190
Новороссия	новороссия	LOC	LOC_5045
Ньюсом	ньюс	PER	PER_5058
Обама	Обама	PER	PER_3496
Обамы	обама	PER	PER_1706
Оксфорда	Оксфорд	LOC	LOC_892
Оксфорде	Оксфорд	LOC	LOC_892
Отелло	отелло	PER	PER_5079
Офиса	офис	ORG	ORG_126
Паваротти	паваротть	PER	PER_5080
Пакистане	Пакистан	LOC	LOC_2704
Путин	Путин	PER	PER_315
Путина	Путин	PER	PER_315
Пушкина	Пушкин	PER	PER_5071
Рабинович	Рабинович	PER	PER_1379
Рашагейту	Рашагейт	LOC	LOC_5056
Рашида Тлаиб	Рашид Тлаиб	PER	PER_3337
Рашу	рашу	PER	PER_5051
Ресурсной Феодализации	ресурсный Феодализация	ORG	ORG_5035
России	Россия	LOC	LOC_95
Россию	Россия	LOC	LOC_95
Россия	Россия	LOC	LOC_95
США	США	LOC	LOC_69
Саут-Бенд	саут-бенд	LOC	LOC_3493
Сашеньку Кортез	Сашенька Кортез	PER	PER_5074
Свидетели Навального	свидетель Навальный	PER	PER_5075
Сенат	Сенат	ORG	ORG_1012
Сноуден	сноуден	PER	PER_5034
Сноудена	Сноуден	PER	PER_5034
Советскую армию	советский армия	ORG	ORG_1676
Содженицын	содженицын	PER	PER_5069
Солженицына	Солженицын	PER	PER_5069
Судане	Судан	LOC	LOC_3304
Ташкент	Ташкент	LOC	LOC_5078
Тони Блинкен	Тони Блинкен	PER	PER_3507
Трамп	Трамп	PER	PER_977
Трампа	Трамп	PER	PER_70
Трампу	трампа	PER	PER_977
Трампу,там	трампа , там	LOC	LOC_5076
Трампуле	трампула	PER	PER_977
ФБР	ФБР	ORG	ORG_3418
Федеральной избирательной комиссии	федеральный избирательный комиссия	ORG	ORG_3830
Фейгина	фейгин	ORG	ORG_2586
Флинн	Флинн	PER	PER_3508
Флинна	Флинн	PER	PER_3508
Фурцева	фурцева	PER	PER_5067
Фурцевой	Фурцева	PER	PER_5067
Хаммере	хаммер	PER	PER_3721
Хрущев	Хрущев	PER	PER_3134
Хрущева	Хрущев	PER	PER_3134
Хрущеву	Хрущев	PER	PER_3134
Хрущёвым	Хрущев	PER	PER_5070
ЦРУ	цру	ORG	ORG_4704
Цукера	цукера	PER	PER_5082
Цынька	цынька	LOC	LOC_5043
Цынькой	цынька	LOC	LOC_5043
Чарльз Кушнер	Чарльз Кушнер	PER	PER_3537
Чикаго	Чикаго	LOC	LOC_1595
Ю Америки	ю Америка	LOC	LOC_69
Юридический комитет Сената Джорджии	юридический комитет Сенат Джорджия	ORG	ORG_4153
Юрий Швец	Юрий Швец	PER	PER_5040
верховного суда	верховный суд	ORG	ORG_4880
евреев	еврей	PER	PER_834
еврея	еврей	PER	PER_834
кабинете Байдена	кабинет Байден	ORG	ORG_4654
канадец	канадец	PER	PER_3547
министерства юстиции США	министерство юстиция США	ORG	ORG_4555
самедка25	самедка 25	PRO	PRO_5052
симфонические оркестры США	симфонический оркестр США	ORG	ORG_5062
университет в Оксфорде	университет в Оксфорд	ORG	ORG_1050
