ru-50
Bloomberg	Bloomberg	ORG	ORG_121
DASKA	DASKA	ORG	ORG_5599
DETER	DETER	ORG	ORG_3788
Hawthorn Advisors	Hawthorn Advisors	ORG	ORG_5591
Riddle	Riddle	PRO	PRO_5590
Алексея Навального	Алексей Навальный	PER	PER_4644
Американского университета в Вашингтоне	американский университет в Вашингтон	ORG	ORG_2524
Андрей Кортунов	Андрей Кортунов	PER	PER_2864
Андрей Костин	Андрей Костин	PER	PER_5449
Байден	Байден	PER	PER_3577
Байдена	Байден	PER	PER_3577
Банк России	банк Россия	ORG	ORG_57
Банка России	Банк Россия	ORG	ORG_57
Бараке	барак	LOC	LOC_5589
ВТБ	ВТБ	ORG	ORG_5597
ВЭБ.РФ	вэб. РФ	ORG	ORG_3046
Газпромбанк	Газпромбанк	ORG	ORG_5598
Герман Греф	Герман Греф	PER	PER_5601
Госдепартаменте США	госдепартамент США	ORG	ORG_4756
Грузией	Грузия	LOC	LOC_2174
Демократической партии	демократический партия	ORG	ORG_584
Джейк Салливан	джейк Салливан	PER	PER_4020
Джеймс Кверк	Джеймс Кверк	PER	PER_5593
Джо Байден	Джо Байден	PER	PER_76
Европой	Европа	LOC	LOC_49
Евросоюзом	Евросоюз	ORG	ORG_5
Западу	Запад	LOC	LOC_203
Карнеги	Карнеги	LOC	LOC_2789
Карпентер	Карпентер	PER	PER_5596
Кверк	кверк	PER	PER_466
Кортунов	кортунов	PER	PER_5602
Кремль	Кремль	LOC	LOC_150
Крис Кунс	Крис Кунс	PER	PER_4810
Майкл Карпентер	Майкл Карпентер	PER	PER_5595
Максимилиан Хесс	максимилиан Хесс	PER	PER_5187
Минфина США	Минфин США	ORG	ORG_5243
Москвы	Москва	LOC	LOC_316
Московского центра	московский центр	LOC	LOC_316
НАТО	НАТО	ORG	ORG_864
Навального	Навальный	PER	PER_4779
ООН	оон	ORG	ORG_268
Обама	Обама	PER	PER_3496
Обаме	Обам	PER	PER_1706
Обамы	обама	ORG	ORG_4098
РБК	рбк	ORG	ORG_2721
Россельхозбанк	россельхозбанк	ORG	ORG_5598
России	Россия	LOC	LOC_95
Российского совета по международным делам	российский совет по международный дело	ORG	ORG_2101
Россия	Россия	LOC	LOC_95
США	США	LOC	LOC_69
Сбербанк	Сбербанк	ORG	ORG_3240
Сбербанка	Сбербанк	ORG	ORG_3240
Северный поток-2	северный поток - 2	PRO	PRO_3550
Сьюзан Райс	Сьюзан Райс	PER	PER_5594
Трамп	Трамп	PER	PER_977
Трампа	Трамп	PER	PER_70
Трампе	трампа	PER	PER_977
Хесс	Хесс	PER	PER_1692
ЦБ	цб	ORG	ORG_251
Эдвард Фишман	Эдвард Фишман	PER	PER_5592
Элизабет Уоррен	Элизабет Уоррен	PER	PER_3475
Эльвира Набиуллина	Эльвира Набиуллина	PER	PER_5588
комитете	комитет	ORG	ORG_1444
по международным отношениям	по международный отношение	ORG	ORG_1616
