ru-132
Chicago Tribune	Chicago Tribune	PRO	PRO_5312
Аарон Бёрр	Аарон Бёрр	PER	PER_5255
Авраама Линкольна	Авраам Линкольн	PER	PER_3621
Ал Гор	ал Гор	ORG	ORG_4154
Александр Гамильтон	Александр Гамильтон	PER	PER_3617
Америка	Америка	LOC	LOC_69
Америки	Америка	LOC	LOC_69
Америку	Америка	LOC	LOC_69
Байденом	Байден	PER	PER_3577
Белом доме	белый дом	LOC	LOC_72
Белый дом	белый дом	LOC	LOC_72
Берни Сандерс	Берни Сандерс	PER	PER_3472
Буш	Буш	PER	PER_1707
Буша	Буш	PER	PER_1707
Бушу	Буш	PER	PER_1707
Бёрр	бёрр	PER	PER_5302
Бёрра	бёрра	PER	PER_5302
Бёрром	бёрром	PER	PER_5302
Бёрру	берру	PER	PER_5302
Верховного суда	верховный суд	ORG	ORG_3345
Верховный суд	верховный суд	ORG	ORG_3345
Вирджинии	Вирджиния	LOC	LOC_3851
Вудро Вильсон	Вудро Вильсон	PER	PER_5310
Гамильтона	Гамильтон	PER	PER_5303
Гамильтоном	гамильтон	PER	PER_5303
Гарри Труман	Гарри Труман	PER	PER_4804
Гражданская война	гражданский война	EVT	EVT_3455
Декларации о независимости	Декларация о независимость	PRO	PRO_3956
Демократическая партия	демократический партия	ORG	ORG_584
Демократическо-республиканская	демократический - республиканский	ORG	ORG_3320
Демократической партии	демократический партия	ORG	ORG_584
Демократы	демократ	PER	PER_2172
Демократы-республиканцы	демократ - республиканец	PER	PER_1985
Джефферсона	Джефферсон	PER	PER_3955
Джо Байден	Джо Байден	PER	PER_76
Джо Байдена	Джо Байден	PER	PER_76
Джо Байдену	Джо Байден	PER	PER_76
Джордж Буш-младший	Джордж Буш младший	PER	PER_3450
Дональд Трамп	Дональд Трамп	PER	PER_70
Дональда Трампа	Дональд Трамп	PER	PER_70
Дьюи	Дьюя	PER	PER_2314
Кентукки	Кентукка	LOC	LOC_4613
Клинтон	Клинтон	PER	PER_3473
Конгресс	Конгресс	ORG	ORG_3350
Конгресса	Конгресс	ORG	ORG_3350
Конгрессе	Конгресс	ORG	ORG_3350
Конституции	Конституция	PRO	PRO_43
Конфедеративные Штаты Америки	конфедеративный Штат Америка	ORG	ORG_5305
Ленты.ру	лента . рубль	ORG	ORG_5246
Линкольн	Линкольн	PER	PER_4478
Нью-Йорка	Нью-Йорк	LOC	LOC_2256
Прогрессивной партии	прогрессивный партия	ORG	ORG_5202
Ратерфорда Хейза	ратерфорд Хейз	PER	PER_4932
Республиканская партия	республиканский партия	ORG	ORG_584
Республиканской партии	республиканский партия	ORG	ORG_584
Рузвельт	Рузвельт	PER	PER_5308
Рузвельта	Рузвельт	PER	PER_5308
США	США	LOC	LOC_69
Соединенных Штатах	соединить Штат	LOC	LOC_69
Соединенных Штатов	соединить Штат	LOC	LOC_69
Сэмюэл Тилден	Сэмюэл Тилден	PER	PER_4930
Тафт	Тафт	ORG	ORG_5309
Теодор Рузвельт	Теодор Рузвельт	PER	PER_3965
Техас	Техас	LOC	LOC_1022
Тилден	тилден	PER	PER_5307
Томасом Дьюи	Томас Дьюя	PER	PER_5311
Томасу Джефферсону	Томас Джефферсон	PER	PER_3955
Трамп	Трамп	PER	PER_977
Трампа	Трамп	PER	PER_70
Трампу	трампа	PER	PER_977
Труман	труман	PER	PER_5023
Трумана	труман	PER	PER_5023
Уильяму Говарду Тафту	Уильям Говард Тафту	PER	PER_3963
Федералистская	федералистский	ORG	ORG_4749
Федералистская партия	федералистский партия	ORG	ORG_584
Флорида	Флорида	LOC	LOC_894
Хейз	Хейз	PER	PER_1692
Хиллари Клинтон	Хиллари Клинтон	PER	PER_2175
Эдгар Аллан	Эдгар Аллан	PER	PER_5304
Юджин Дебс	Юджин Дебс	PER	PER_3332
Южная Каролина	Южный Каролин	LOC	LOC_168
демократов	демократ	ORG	ORG_3320
нижняя палата парламента США	нижний палата парламент США	ORG	ORG_4657
палата представителей Конгресса	палата представитель Конгресс	ORG	ORG_4061
палаты представителей	палата представитель	ORG	ORG_3333
республиканцев	республиканец	PER	PER_1985
республиканцы	республиканец	PER	PER_1985
федералистов	федералист	ORG	ORG_1185
федералисты	федералист	PER	PER_1985
федеральный Верховный суд	федеральный верховный суд	ORG	ORG_3345
южане	южан	PER	PER_5306
