ru-108
Bellingcat	Bellingcat	ORG	ORG_4777
CNN	CNN	ORG	ORG_383
Fox News	Fox News	PRO	PRO_3308
Mash	Mash	PRO	PRO_4774
NBC	NBC	ORG	ORG_382
Александру Плющеву	Александр Плющев	PER	PER_3270
Алексей Осин	Алексей Осин	PER	PER_4780
Алексея Навального	Алексей Навальный	PER	PER_4644
Байден	Байден	PER	PER_3577
Байдена	Байден	PER	PER_3577
Белого дома	белый дом	LOC	LOC_72
Вашингтон	Вашингтон	LOC	LOC_183
Вашингтоне	Вашингтон	LOC	LOC_183
Геленджике	геленджик	LOC	LOC_4773
Демократической партии	демократический партия	ORG	ORG_584
Джо Байден	Джо Байден	PER	PER_76
Джо Байдена	Джо Байден	PER	PER_76
Дмитрия Пескова	Дмитрий Песков	PER	PER_159
Дональд Трамп	Дональд Трамп	PER	PER_70
Киру Ярмыш	кира Ярмыш	PER	PER_4769
Колумбия	Колумбия	LOC	LOC_517
Мария Певчих	Мария Певчих	PER	PER_1401
Михаил Виноградов	Михаил Виноградов	PER	PER_4770
Москве	Москва	LOC	LOC_316
Навального	Навальный	PER	PER_4779
Пенсильвания	Пенсильвание	LOC	LOC_101
Путин	Путин	PER	PER_315
Путина	Путин	PER	PER_315
России	Россия	LOC	LOC_95
России-1	Россия - 1	PRO	PRO_4775
Россия	Россия	LOC	LOC_95
Ротенберга	Ротенберг	LOC	LOC_4776
США	США	LOC	LOC_69
Сергей Пархоменко	Сергей Пархоменко	PER	PER_4782
СлухайЭхо	слухайэхо	ORG	ORG_4781
ТАСС	ТАСС	ORG	ORG_494
Трамп	Трамп	PER	PER_977
Трампа	Трамп	PER	PER_70
ФБК	фбк	ORG	ORG_3189
ФСБ	фсб	ORG	ORG_3418
Щербинский суд	щербинский суд	ORG	ORG_4772
Элиот Хиггинс	Элиот Хиггинс	PER	PER_4778
Эха Москвы	Эхо Москва	LOC	LOC_316
Эхо Москвы	Эхо Москва	ORG	ORG_4768
Юлию Навальную	Юлий Навальный	PER	PER_4771
демократов	демократ	PER	PER_2172
твиттере	твиттер	PRO	PRO_71
