ru-139
Apple	Эппл	ORG	ORG_1727
Business FM	Business FM	PRO	PRO_2389
Facebook	Фейсбук	PRO	PRO_98
Gab	Gab	ORG	ORG_5297
Leonardo	Leonardo	ORG	ORG_5299
Nations in Action	Nations in Action	ORG	ORG_5298
Parler	Parler	ORG	ORG_5296
Q Shaman	Q Shaman	PER	PER_5294
Twitter	Twitter	PRO	PRO_71
iOS	ios	PRO	PRO_1403
like	like	PRO	PRO_5709
Андреем Ромашковым	Андрей Ромашков	PER	PER_2864
Генеральный штаб	генеральный штаб	ORG	ORG_5712
Госдепа США	Госдеп США	ORG	ORG_4756
Дональд Трамп	Дональд Трамп	PER	PER_70
Дональда Трампа	Дональд Трамп	PER	PER_70
Марипов	марипов	PER	PER_5710
Министерство обороны	министерство оборона	ORG	ORG_35
НЭСК	нэск	ORG	ORG_152
США	США	LOC	LOC_69
Садыра Жапарова	Садыр Жапаров	PER	PER_5711
Симпсоны	симпсон	PRO	PRO_5199
Трамп	Трамп	PER	PER_977
Трампа	Трамп	PER	PER_70
ФБР	ФБР	ORG	ORG_3418
Чак Норрис	чак Норрис	PER	PER_4877
