ru-39
Cookie	Cookie	PRO	PRO_2681
DW	DW	PRO	PRO_334
Байден	Байден	PER	PER_3577
Вашингтон	Вашингтон	LOC	LOC_183
Вашингтоне	Вашингтон	LOC	LOC_183
Дебби Дингелл	Дебби Дингелл	PER	PER_4759
Джо Байден	Джо Байден	PER	PER_76
Джо Байдена	Джо Байден	PER	PER_76
Дональда Трампа	Дональд Трамп	PER	PER_70
Капитолии	капитолия	LOC	LOC_4667
Капитолийском холме	капитолийский холм	LOC	LOC_3645
Капитолия	капитолия	LOC	LOC_4667
Коллегии выборщиков	коллегия выборщик	ORG	ORG_3309
Конгресс США	Конгресс США	ORG	ORG_4061
Конгресса	Конгресс	ORG	ORG_3350
Конгресса США	Конгресс США	ORG	ORG_4061
Конгрессе	Конгресс	ORG	ORG_3350
Конгрессом	конгресс	ORG	ORG_3350
Национальная гвардия	национальный гвардия	ORG	ORG_4726
Национальная гвардия США	национальный гвардия США	ORG	ORG_161
Павел Мыльников	Павел Мыльников	PER	PER_4758
Положении о защите личных данных	положение о защита личный данные	PRO	PRO_2800
США	США	LOC	LOC_69
Сенате	Сенат	ORG	ORG_1012
Трампа	Трамп	PER	PER_70
Чак Шумер	чак Шумер	PER	PER_1665
полиции Вашингтона	полиция Вашингтон	ORG	ORG_4757
правительства США	правительство США	ORG	ORG_4756
столице Соединенных Штатов	столица соединить Штат	LOC	LOC_69
