ru-29
BLM	BLM	ORG	ORG_3423
rt.com	rt.com	PRO	PRO_2827
vladimir.vladimirovich.ru	vladimir . vladimirovich.ru	PRO	PRO_3008
Альберт Гор	Альберт Гор	PER	PER_5126
Байден	Байден	PER	PER_3577
Белому дому	белый дом	LOC	LOC_72
Боровая улица	боровой улица	LOC	LOC_5247
Валерия Ильинична Новодворская	Валерий Ильиничн Новодворская	PER	PER_5408
Вашингтоне	Вашингтон	LOC	LOC_183
Верховном суде	верховный суд	ORG	ORG_5356
Верховным судом	верховный суд	ORG	ORG_5356
Джо Байден	Джо Байден	PER	PER_76
Джордж Буш — младший	Джордж Буш — младший	PER	PER_3450
Иран	Иран	LOC	LOC_177
Москва	Москва	LOC	LOC_316
Нэшвилле	Нэшвилле	LOC	LOC_4887
Роскомнадзором	роскомнадзор	ORG	ORG_3044
США	США	LOC	LOC_69
Симоньян М. С.	симоньян М. С.	PER	PER_5229
Трамп	Трамп	PER	PER_977
Трампа	Трамп	PER	PER_70
Украине	Украина	LOC	LOC_318
Шепетовке	шепетовка	LOC	LOC_2813
китайцы	китаец	PER	PER_2121
