ru-26
Andrew Weiss	Andrew Weiss	PER	PER_3443
Antony Blinken	Antony Blinken	PER	PER_3507
Financial Times	Financial Times	PRO	PRO_460
Jacob Sullivan	Jacob Sullivan	PER	PER_4020
John Kirby	John Kirby	PER	PER_4650
SolarWinds	SolarWinds	ORG	ORG_5277
Twitter	Twitter	PRO	PRO_71
Алексея Навального	Алексей Навальный	PER	PER_4644
Байдена	Байден	PER	PER_3577
Барак Обама	Барак Обама	PER	PER_3496
Белого дома	белый дом	LOC	LOC_72
Белый дом	белый дом	LOC	LOC_72
Блинкен	блинкен	PER	PER_3508
Вайс	вайс	PER	PER_3137
Вайса	вайс	PER	PER_3137
Вашингтон	Вашингтон	LOC	LOC_183
Вашингтона	Вашингтон	LOC	LOC_183
Великобритания	Великобритания	LOC	LOC_6
Владимира Путина	Владимир Путин	PER	PER_5376
Генри Фоя	Генри Фоя	PER	PER_3213
Германии	Германия	LOC	LOC_27
Грузии	Грузия	LOC	LOC_2174
Джейка Салливана	джейка Салливан	PER	PER_4020
Джен Псаки	Джен Псаки	PER	PER_4641
Джо Байдена	Джо Байден	PER	PER_76
Джон Кирби	Джон Кирби	PER	PER_4650
Дмитрий Песков	Дмитрий Песков	PER	PER_159
Дональд Трамп	Дональд Трамп	PER	PER_70
ИноСМИ	иносмь	ORG	ORG_4799
Китая	Китай	LOC	LOC_56
Кремлем	Кремль	LOC	LOC_150
Кремль	Кремль	LOC	LOC_150
Кремля	Кремль	LOC	LOC_150
Крыма	Крым	LOC	LOC_2855
Лорен Федор	Лорен Федор	PER	PER_5674
Москва	Москва	LOC	LOC_316
Москвой	Москва	LOC	LOC_316
Москву	Москва	LOC	LOC_316
Москвы	Москва	LOC	LOC_316
НАТО	НАТО	ORG	ORG_864
Навального	Навальный	PER	PER_4779
Навальным	Навальный	LOC	LOC_4649
Пентагона	Пентагон	ORG	ORG_1659
Псаки	псака	PER	PER_3303
Путин	Путин	PER	PER_315
Путина	Путин	PER	PER_315
России	Россия	LOC	LOC_95
Россию	Россия	LOC	LOC_95
Россия	Россия	LOC	LOC_95
СНВ	снв	ORG	ORG_2939
США	США	LOC	LOC_69
Салливан	Салливан	PER	PER_5673
Сенате	Сенат	ORG	ORG_1012
Трамп	Трамп	PER	PER_977
Трампа	Трамп	PER	PER_70
Трампом	Трамп	PER	PER_977
Трампу	трампа	PER	PER_977
Украине	Украина	LOC	LOC_318
Фонда Карнеги за международный мир	Фонд Карнеги за международный мир	ORG	ORG_4645
Эндрю Вайс	Эндрю Вайс	PER	PER_5099
Энтони Блинкен	Энтони Блинкен	PER	PER_3507
президентство	президентство	EVT	EVT_3840
холодной войны	холодный война	EVT	EVT_407
