ru-195
AirPods	AirPods	PRO	PRO_5396
AirPods 3	AirPods 3	PRO	PRO_5396
Apple	Эппл	ORG	ORG_1727
CD Projekt RED	CD Projekt RED	ORG	ORG_5378
CNN	CNN	ORG	ORG_383
COVID-19	COVID - 19	PRO	PRO_105
NBC	NBC	ORG	ORG_4979
NBC New York	NBC New York	ORG	ORG_4979
NPC	NPC	ORG	ORG_5379
Reuters	Reuters	ORG	ORG_153
TikTok	Tik1ok	PRO	PRO_5389
Xiaomi	Xiaomi	ORG	ORG_5394
АР.	АР .	ORG	ORG_1356
Алексей Навальный	Алексей Навальный	PER	PER_4644
Алексея Навального	Алексей Навальный	PER	PER_4644
Аризона	Аризон	LOC	LOC_1748
Атлетик	атлетик	ORG	ORG_5399
Байден	Байден	PER	PER_3577
Байдена	Байден	PER	PER_3577
Байдену	Байден	PER	PER_2995
Барселона	барселон	ORG	ORG_5398
Барселоне	Барселона	LOC	LOC_549
Барселону	Барселон	LOC	LOC_549
Бильбао	Бильбао	LOC	LOC_5400
Борис Ельцин	Борис Ельцин	PER	PER_5137
Борис Николаевич Ельцин	Борис Николаевич Ельцин	PER	PER_5406
Брайан Монахан	Брайан Монахан	PER	PER_4921
Бутка́ Талицкого ра …	бутка́ Талицкий ра …	LOC	LOC_5407
Вашингтона	Вашингтон	LOC	LOC_183
Викторию Нуланд	Виктория Нуланд	PER	PER_4919
Владимир Путин	Владимир Путин	PER	PER_315
Госдепартаменте	госдепартамент	ORG	ORG_4788
ДЗО	дзо	ORG	ORG_1217
Давосе	Давос	LOC	LOC_5395
Деловая Россия	деловой Россия	ORG	ORG_5383
Демократиче	демократича	ORG	ORG_3320
Демократической партии	демократический партия	ORG	ORG_584
Джеймс Лэнкфорд	Джеймс Лэнкфорд	PER	PER_5392
Джимми Патронис	Джимми Патронис	PER	PER_5386
Джо Байден	Джо Байден	PER	PER_76
Джо Байдена	Джо Байден	PER	PER_76
Джо Байденом	Джо Байден	PER	PER_76
Джо Байдену	Джо Байден	PER	PER_76
Джозеф Байден	Джозеф Байден	PER	PER_76
Джозефа Байдена	Джозеф Байден	PER	PER_76
Джон Оссофф	Джон Оссофф	PER	PER_3437
Джорджии	Джорджия	LOC	LOC_2174
Джорджия	Джорджия	LOC	LOC_2174
Дмитрий Кулеба	Дмитрий Кулеба	PER	PER_2331
Дональд Трамп	Дональд Трамп	PER	PER_70
Дональда Трампа	Дональд Трамп	PER	PER_70
Дональду Трампу	дональда Трампа	PER	PER_70
Дэвидом Пердью	Дэвид Пердь	PER	PER_3389
ЕС	ес	ORG	ORG_5
Зеленский	Зеленский	PER	PER_2713
Зенит	Зенит	ORG	ORG_5404
К	к	LOC	LOC_5405
Камп Ноу	Камп Ноу	LOC	LOC_5401
Капитолийского холма	капитолийский холм	LOC	LOC_3645
Киев	Киев	LOC	LOC_317
Клинтон	Клинтон	PER	PER_3473
Коллегия выборщиков штата Техас	коллегия выборщик штат Техас	ORG	ORG_5391
Конгресс	Конгресс	ORG	ORG_3350
Конгресс США	Конгресс США	ORG	ORG_4061
Конгресса США	Конгресс США	ORG	ORG_4061
Конгрессом	конгресс	ORG	ORG_3350
Константина Ярошенко	Константин Ярошенко	PER	PER_5380
Краснодара	краснодар	ORG	ORG_5403
Кремле	Кремль	LOC	LOC_150
МИД Украины	мид Украина	ORG	ORG_4819
Марджори	Марджори	PER	PER_5393
Маркус Берг	Маркус Берг	PER	PER_5373
Матросской тишине	матросский тишина	LOC	LOC_5402
Междун	междун	ORG	ORG_5387
Месси	мессь	PER	PER_5397
Минэнерго	Минэнерго	ORG	ORG_5381
Михаила Мишустина	Михаил Мишустина	PER	PER_1162
Мичиган	Мичиган	LOC	LOC_99
Мичигана	мичиган	LOC	LOC_99
Мичигане	Мичиган	LOC	LOC_99
Навального	Навальный	LOC	LOC_4649
Невада	Невада	LOC	LOC_1153
Неваде	Невада	LOC	LOC_1153
Невады	невад	LOC	LOC_1153
Нуланд	Нуланд	PER	PER_4925
Нью-Йорк	Нью-Йорк	LOC	LOC_2256
Нью-Йорка	Нью-Йорк	LOC	LOC_2256
Обе палаты Конгресса США	оба палата Конгресс США	ORG	ORG_4061
Олимпийские игры–2021	олимпийский игра – 2021	EVT	EVT_2109
Павел Титов	Павел Титов	PER	PER_3637
Палата представителей США	Палата представитель США	ORG	ORG_4061
Пенсильвании	пенсильвание	LOC	LOC_2427
Пенсильвания	Пенсильвание	LOC	LOC_101
Польше	Польша	LOC	LOC_107
Путина	Путин	PER	PER_315
РПЛ	рпл	ORG	ORG_2735
РФ	РФ	LOC	LOC_95
Республиканской партии США	республиканский партия США	ORG	ORG_3718
Росприроднадзора	росприроднадзора	LOC	LOC_5384
Росс	Росс	ORG	ORG_5382
России	Россия	LOC	LOC_95
США	США	LOC	LOC_69
Саратовской области	саратовский область	LOC	LOC_2877
Светлана Тихановская	Светлана Тихановский	PER	PER_2575
Сенат	Сенат	ORG	ORG_1012
Сенат Конгресса США	Сенат Конгресс США	ORG	ORG_4061
Сенат США	Сенат США	ORG	ORG_3345
Сенат американского Конгресса	Сенат американский Конгресс	ORG	ORG_4061
Соединенных Штатов	соединить Штат	LOC	LOC_69
Соединённых Штатах	соединить Штат	LOC	LOC_69
Тейлор Грин	Тейлор Грин	PER	PER_3341
Техас	Техас	LOC	LOC_1022
Техаса	техас	ORG	ORG_5390
Тихановской	тихановский	PER	PER_2697
Трамп	Трамп	PER	PER_977
Трампа	Трамп	PER	PER_70
Украины	Украина	LOC	LOC_318
Флорида	Флорида	LOC	LOC_894
Хиллари Клинтон	Хиллари Клинтон	PER	PER_2175
Японии	Япония	LOC	LOC_13
американского Конгресса	американский Конгресс	ORG	ORG_4061
демократов	демократ	PER	PER_2172
министерство финансов регион	министерство финансы регион	ORG	ORG_5385
палаты представителей конгресса	палата представитель конгресс	ORG	ORG_4061
правительства США	правительство США	ORG	ORG_4756
…	…	ORG	ORG_5388
