ru-8
The Washington Post	The Washington Post	PRO	PRO_3763
lenta.ru	lenta.ru	PRO	PRO_2827
polit.ru	polit.ru	PRO	PRO_2827
Вермонт	Вермонт	LOC	LOC_1737
ГАЗЕТА	ГАЗЕТА	ORG	ORG_3186
Демократической партии	демократический партия	ORG	ORG_584
Джозеф Байден	Джозеф Байден	PER	PER_76
Джозефа Байдена	Джозеф Байден	PER	PER_76
Джозефу Байдену	Джозеф Байден	PER	PER_2173
Дональд Трамп	Дональд Трамп	PER	PER_70
Дональда Трампа	Дональд Трамп	PER	PER_70
Дональду Трампу	дональда Трампа	PER	PER_70
Индиана	Индиан	LOC	LOC_336
Индианы	индиан	LOC	LOC_336
Миссисипи	Миссисипи	LOC	LOC_4559
Москва	Москва	LOC	LOC_316
Нью-Гемпшир	нью-гемпшир	LOC	LOC_3454
Нью-Гемпшире	нью-гемпшире	LOC	LOC_3454
Роскомнадзор	роскомнадзор	ORG	ORG_3044
США	США	LOC	LOC_69
Теннесси	Теннесси	LOC	LOC_3374
ул. Артамонова	ул . Артамонов	LOC	LOC_5276
