ru-103
American Airlines	American Airlines	ORG	ORG_2030
Boeing	Boeing	ORG	ORG_2024
Harper’s Weekly	Harper’s Weekly	PRO	PRO_5663
Аврааму Линкольну	Авраам Линкольн	PER	PER_3621
Адамса	Адамс	PER	PER_3061
Александр Гамильтон	Александр Гамильтон	PER	PER_3617
Александру I	Александр I	PER	PER_5667
Аляски	аляска	LOC	LOC_518
Андрей Макурин	Андрей Макурин	PER	PER_5664
Барак Обама	Барак Обама	PER	PER_3496
Бараком Обамой	Барак Обама	PER	PER_3496
Белого дома	белый дом	LOC	LOC_72
Белом доме	белый дом	LOC	LOC_72
Белый дом	белый дом	LOC	LOC_72
Вайоминга	вайоминг	LOC	LOC_3372
Вашингтон	Вашингтон	LOC	LOC_183
Великобритании	Великобритания	LOC	LOC_6
Григорий Ярыгин	Григорий Ярыгин	PER	PER_5666
Демократической	демократический	ORG	ORG_3320
Джон Куинси Адамс	Джон Куинси Адамс	PER	PER_3957
Джон Маккейн	Джон Маккейн	PER	PER_3780
Иван Цветков	Иван Цветков	PER	PER_3156
Калифорнии	Калифорния	LOC	LOC_102
Конгресс	Конгресс	ORG	ORG_3350
Линдон Джонсон	Линдон Джонсон	PER	PER_52
Миттом Ромни	миттом Ромня	PER	PER_3399
Республиканской	республиканский	ORG	ORG_2775
Россия	Россия	LOC	LOC_95
СПбГУ	спбгу	ORG	ORG_3080
США	США	LOC	LOC_69
Санкт-Петербурге	Санкт-Петербург	LOC	LOC_2297
Санта-Клаус	санта-клаус	LOC	LOC_5665
Сара Пейлен	Сара Пейлен	PER	PER_3696
Томас Джефферсон	Томас Джефферсон	PER	PER_3955
Томас Наст	Томас Наст	PER	PER_5662
Эндрю Джексон	Эндрю Джексон	PER	PER_3958
афроамериканец	афроамериканец	PER	PER_3432
года	год	EVT	EVT_2588
демократами	демократ	PER	PER_2172
демократов	демократ	ORG	ORG_3320
республиканцев	республиканец	PER	PER_1985
