ru-124
MSN	MSN	ORG	ORG_5265
RT	RT	ORG	ORG_5228
Twitter	Twitter	PRO	PRO_71
Аризона	Аризон	LOC	LOC_1748
Аризоне	Аризона	LOC	LOC_1748
Байден	Байден	PER	PER_3577
Байдена	Байден	PER	PER_3577
Байденом	Байден	PER	PER_3577
Белого дома	белый дом	LOC	LOC_72
Брайан Кемп	Брайан Кемп	PER	PER_1247
Брэд Раффенспергер	Брэд Раффенспергер	PER	PER_3349
Верховного суда	верховный суд	ORG	ORG_5356
Верховного суда США	верховный суд США	ORG	ORG_3345
Верховного суда штата Невада	верховный суд штат Невада	ORG	ORG_4988
Верховный суд	верховный суд	ORG	ORG_5356
Висконсин	Висконсин	LOC	LOC_527
Висконсине	висконсина	LOC	LOC_527
Владимир Путин	Владимир Путин	PER	PER_315
Джо Байден	Джо Байден	PER	PER_76
Джо Байдена	Джо Байден	PER	PER_76
Джонатана Брейтера	Джонатан Брейтер	PER	PER_4343
Джорджии	Джорджия	LOC	LOC_2174
Джорджия	Джорджия	LOC	LOC_2174
Дональд Трамп	Дональд Трамп	PER	PER_70
Календарю выборов 2020 года	календарь выборы 2020 год	PRO	PRO_5691
Константин Блохин	Константин Блохин	PER	PER_5455
Кремль	Кремль	LOC	LOC_150
МГУ	мгу	ORG	ORG_3130
Малек Дудаков	Малек Дудаков	PER	PER_5540
Малека Дудакова	Малека Дудаков	PER	PER_5540
Мичиган	Мичиган	LOC	LOC_99
Мичигана	мичиган	LOC	LOC_99
Мичигане	Мичиган	LOC	LOC_99
Москва	Москва	LOC	LOC_316
Невада	Невада	LOC	LOC_1153
Павлу Зарубину	Павл Зарубин	PER	PER_5692
Пенсильвании	пенсильвание	LOC	LOC_2427
Пенсильвания	Пенсильвание	LOC	LOC_101
Путин	Путин	PER	PER_315
России	Россия	LOC	LOC_95
Россия 1	Россия 1	PRO	PRO_4775
Рудольф Джулиани	Рудольф Джулиани	PER	PER_5227
США	США	LOC	LOC_69
Соединённые Штаты Америки	соединить Штат Америка	LOC	LOC_69
Стив Сайсолак	Стив Сайсолак	PER	PER_5346
Трамп	Трамп	PER	PER_977
Трампа	Трамп	PER	PER_70
Трампу	трампа	PER	PER_977
Фонда изучения США имени Франклина Рузвельта	Фонд изучение США имя Франклин Рузвельт	ORG	ORG_4956
Центра исследования проблем безопасности РАН	Центр исследование проблема безопасность РАН	ORG	ORG_5258
Юрий Рогулёв	Юрий Рогулёв	PER	PER_4958
апелляционном суде третьего округа США	апелляционный суд третий округ США	ORG	ORG_5690
окружной суд в Пенсильвании	окружной суд в Пенсильвания	ORG	ORG_3459
президентство	президентство	EVT	EVT_3840
республиканцев	республиканец	PER	PER_1985
