ru-198
Александр I	Александр I	PER	PER_5667
Александр II	Александр ii	PER	PER_5667
Александр III	Александр iii	PER	PER_5667
Америки	Америка	LOC	LOC_69
Буш	Буш	PER	PER_1707
Буш-младший	Буш - младший	PER	PER_5367
Вашингтон	Вашингтон	LOC	LOC_183
Вашингтоне	Вашингтон	LOC	LOC_183
Вашингтонский обком	вашингтонский обком	ORG	ORG_5676
Вашингтону	Вашингтон	LOC	LOC_183
Вирджинии	Вирджиния	LOC	LOC_3851
Госдепа	Госдеп	ORG	ORG_4788
Госдепу	госдеп	ORG	ORG_4788
Калининграде	Калининград	LOC	LOC_3277
Калифорнии	Калифорния	LOC	LOC_102
Коллегии	коллегия	ORG	ORG_4695
Коллегии Выборщиков	коллегия Выборщиков	ORG	ORG_3309
Коллегии свободы выбора	коллегия свобода выбор	ORG	ORG_5675
Колорадо	Колорадо	LOC	LOC_521
Конгресса	Конгресс	ORG	ORG_3350
Мэриленде	Мэриленд	LOC	LOC_4745
Нью-Хэмпшира	нью-хэмпшира	LOC	LOC_3454
Орегоне	Орегона	LOC	LOC_2170
Политбюро	Политбюро	ORG	ORG_5086
России	Россия	LOC	LOC_95
США	США	LOC	LOC_69
Сената	сенат	ORG	ORG_1012
Сенатом	сенат	ORG	ORG_1012
Сиэтле	Сиэтл	LOC	LOC_1723
Техас	Техас	LOC	LOC_1022
Флориде	Флорида	LOC	LOC_894
Хиллари Клинтон	Хиллари Клинтон	PER	PER_2175
ЦК	ЦК	ORG	ORG_3803
Центра	Центр	ORG	ORG_2994
Эл Гор	эл Гор	PER	PER_3449
округ Колумбия	округ Колумбия	LOC	LOC_517
федерального правительства	федеральный правительство	ORG	ORG_4756
федеральное правительство	федеральный правительство	ORG	ORG_4756
