ru-134
/	/	ORG	ORG_2571
Bloomberg	Bloomberg	ORG	ORG_121
DepositPhotos	DepositPhotos	ORG	ORG_4954
Fox News	Fox News	PRO	PRO_3308
palinchak	Palinchak	ORG	ORG_4953
Антон	Антон	PER	PER_618
Байден	Байден	PER	PER_3577
Байдена	Байден	PER	PER_3577
Байдену	Байден	PER	PER_2995
Белый дом	белый дом	LOC	LOC_72
Демократической партии	демократический партия	ORG	ORG_584
Джо Байден	Джо Байден	PER	PER_76
Джо Байдена	Джо Байден	PER	PER_76
Дональд	Дональд	PER	PER_3783
Дональд Трамп	Дональд Трамп	PER	PER_70
Камала Харрис	камал Харрис	PER	PER_1984
Конгресс	Конгресс	ORG	ORG_3350
Конгрессе	Конгресс	ORG	ORG_3350
Минюст	Минюст	PER	PER_3149
Пентагоне	Пентагон	LOC	LOC_3360
США	США	LOC	LOC_69
Сенат	Сенат	ORG	ORG_1012
Трамп	Трамп	PER	PER_977
Трампа	Трамп	PER	PER_70
Управление общих служб США	управление общий служба США	ORG	ORG_3312
Управление по общим вопросам администрации США	управление по общий вопрос администрация США	ORG	ORG_3312
ФБР	ФБР	ORG	ORG_3418
Эмили Мерфи	Эмили Мэрфи	PER	PER_3314
