ru-146
Burisma	Burisma	ORG	ORG_3620
CBS News	CBS News	PRO	PRO_3458
CNN	CNN	ORG	ORG_383
Dominion Voting Systems	Dominion Voting Systems	ORG	ORG_3317
Facebook	Фейсбук	ORG	ORG_96
NPR	NPR	PRO	PRO_1751
New York Post	New York Post	PRO	PRO_51
New York Times	New York Times	PRO	PRO_51
Twitter	Twitter	ORG	ORG_2553
Washington Post	Washington Post	PRO	PRO_3763
Айове	Айова	LOC	LOC_3370
Америки	Америка	LOC	LOC_69
Афганистане	Афганистан	LOC	LOC_4648
Байден	Байден	PER	PER_3577
Байден-старший	Байден - старший	PER	PER_3782
Байдена	Байден	PER	PER_3577
Байдена-старшего	Байден - старший	PER	PER_3782
Байденом-старшим	байден - старший	PER	PER_3782
Байдену-младшему	байден - младший	PER	PER_3782
Белый дом	белый дом	LOC	LOC_72
Берни Сандерс	Берни Сандерс	PER	PER_3472
Берни Сандерсу	Берни Сандерс	PER	PER_3472
Ближнем Востоке	ближний Восток	LOC	LOC_841
Блумберг	блумберг	PER	PER_4897
Вашингтоне	Вашингтон	LOC	LOC_183
Висконсин	Висконсин	LOC	LOC_527
Джо	Джо	PER	PER_3622
Джо Байден	Джо Байден	PER	PER_76
Джо Байдена	Джо Байден	PER	PER_76
Джорджия	Джорджия	LOC	LOC_2174
Дональда Трампа	Дональд Трамп	PER	PER_70
Капитолия	капитолия	LOC	LOC_4667
Конгресса от Демократической партии	Конгресс от демократический партия	ORG	ORG_3908
Конгресса[20],	Конгресс [ 20 ] ,	ORG	ORG_4895
Конгресса[37][38][39].	Конгресс [ 37 ] [ 38] [ 39].	ORG	ORG_4896
Конгрессе[27][28]	Конгресс [ 27 ] [ 28]	ORG	ORG_4895
Кэтлин Райс	Кэтлин Райс	PER	PER_4900
МИД России	мид Россия	ORG	ORG_4819
Майкл Блумберг	Майкл Блумберг	PER	PER_1515
Митча Макконнелла	митча Макконнелл	PER	PER_3328
Мичиган	Мичиган	LOC	LOC_99
Мэри	Мэри	PER	PER_2898
Мэри Трамп	Мэри Трамп	PER	PER_1738
Нью-Йорка	Нью-Йорк	LOC	LOC_2256
Палата представителей	Палата представитель	ORG	ORG_3333
Пенсильвания	Пенсильвание	LOC	LOC_101
Пит Буттиджич	Пит Буттиджич	PER	PER_4610
Россию	Россия	LOC	LOC_95
Россия	Россия	LOC	LOC_95
США	США	LOC	LOC_69
США[84].	США [ 84 ] .	LOC	LOC_3839
Саут-Бенда	саут-бенда	LOC	LOC_3493
Талибан	Талибан	ORG	ORG_4531
Тед Льеу	Тед Льеу	PER	PER_4683
Трамп	Трамп	PER	PER_977
Трампа	Трамп	PER	PER_70
Трампу	трампа	PER	PER_977
Уильям Барр	Уильям Барр	PER	PER_3354
Украины	Украина	LOC	LOC_318
Фондом Клинтонов	Фонд Клинтонов	ORG	ORG_4899
Хантера Байдена	Хантер Байден	PER	PER_3618
Харрис	Харрис	PER	PER_363
Шокина	Шокин	PER	PER_4702
демократов	демократ	PER	PER_2172
нижнюю палату конгресса	нижний палата конгресс	ORG	ORG_4657
округе Колумбия	округ Колумбия	LOC	LOC_517
сенаторов-республиканцев	сенатор - республиканец	PER	PER_1985
