ru-192
BBC	БИ-БИ-СИ	ORG	ORG_382
Elle	Elle	PRO	PRO_4861
Getty Images	Getty Images	PRO	PRO_4949
ICE	ICE	ORG	ORG_4465
Pew Research Center	Pew Research Center	ORG	ORG_1708
Андрэ Карсон	Андрэ Карсон	PER	PER_2774
Белый дом	белый дом	LOC	LOC_72
Би-би-си	Би - би-с	ORG	ORG_2909
Вашингтон	Вашингтон	LOC	LOC_183
Венесуэлы	Венесуэла	LOC	LOC_2163
Верховным судом США	верховный суд США	ORG	ORG_3345
Демократической партии	демократический партия	ORG	ORG_584
Детройта	детройт	LOC	LOC_1669
Детройте	детройт	LOC	LOC_1669
Дональда Трампа	Дональд Трамп	PER	PER_70
Дональдом Трампом	Дональд Трамп	PER	PER_70
Ильхан Омар	Ильхан Омар	PER	PER_3338
Индиана	Индиан	LOC	LOC_336
Ирака	Ирак	LOC	LOC_177
Ирана	Иран	LOC	LOC_177
Йемена	Йемен	LOC	LOC_4437
КНДР	КНДР	LOC	LOC_4892
Капитолийский холм	капитолийский холм	LOC	LOC_3645
Кении	Кения	LOC	LOC_1214
Кита Эллисона - мусульманина	кит Эллисон - мусульманин	PER	PER_5195
Конгресс	Конгресс	ORG	ORG_3350
Конгрессе	Конгресс	ORG	ORG_3350
Конгрессе США	Конгресс США	ORG	ORG_4061
Ливии	Ливия	LOC	LOC_108
Миннеаполис	Миннеаполис	LOC	LOC_3768
Миннесота	Миннесот	LOC	LOC_100
Миннесоте	Миннесота	LOC	LOC_100
Миннесоты	миннесот	LOC	LOC_100
Мичиган	Мичиган	LOC	LOC_99
Омар	Омар	PER	PER_3338
Рашида Тлаиб	Рашид Тлаиб	PER	PER_3337
Рашидой Тлаиб	Рашидай Тлаиб	PER	PER_3337
США	США	LOC	LOC_69
Сирии	Сирия	LOC	LOC_3797
Сомали	Сомали	LOC	LOC_4111
Судан	Судан	LOC	LOC_3304
Судана	Судан	LOC	LOC_3304
Трамп	Трамп	PER	PER_977
Трампа	Трамп	PER	PER_70
Трампом	Трамп	PER	PER_977
Чад	чад	LOC	LOC_5196
Эй-би-си	эй-би-с	ORG	ORG_2909
иммиграционную	иммиграционный	ORG	ORG_5193
конгресс США	конгресс США	ORG	ORG_4061
палате представителей Мичигана	палата представитель Мичиган	ORG	ORG_4127
палате представителей США	палата представитель США	ORG	ORG_4061
палате представителей штата Миннесота	палата представитель штат Миннесот	ORG	ORG_5194
палату представителей	палата представитель	ORG	ORG_3333
сомалийцы	сомалиец	PER	PER_5197
