ru-196
New York Times	New York Times	PRO	PRO_51
SSRS	SSRS	ORG	ORG_441
Акт о защите гражданских прав	акт о защита гражданский право	PRO	PRO_5670
Алина Полякова	Алина Поляков	PER	PER_3115
Алины Поляковой	Алина Полякова	PER	PER_3115
Барак Обама	Барак Обама	PER	PER_3496
Белого дома	белый дом	LOC	LOC_72
Белый дом	белый дом	LOC	LOC_72
Би-би-си	Би - би-с	ORG	ORG_2909
Билла Клинтона	Билла Клинтон	PER	PER_2175
Брукингского института	брукингский институт	ORG	ORG_5319
Вашингтон	Вашингтон	LOC	LOC_183
Джекпот	джекпот	PRO	PRO_5672
Джеффа Сешнса	Джефф Сешнс	PER	PER_4904
Джорджа Буша-младшего	Джордж Буш - младший	PER	PER_3450
Дональд Трамп	Дональд Трамп	PER	PER_70
Дональда Трампа	Дональд Трамп	PER	PER_70
Кремлем	Кремль	LOC	LOC_150
Мексикой	Мексика	LOC	LOC_79
Наталка Писня	Наталка Писня	PER	PER_5668
Нэнси Пэлоси	Нэнси Пэлоси	PER	PER_3442
ООН	оон	ORG	ORG_268
Палате	палата	ORG	ORG_4678
Республиканской партии	республиканский партия	ORG	ORG_584
Ричарда Вайца	Ричард Вайц	PER	PER_4816
Роберта Мюллера	Роберт Мюллер	PER	PER_3486
Рода Розенстайна	род Розенстайн	PER	PER_4170
России	Россия	LOC	LOC_95
США	США	LOC	LOC_69
Сенате	Сенат	ORG	ORG_1012
Сергей Горяшко	Сергей Горяшко	PER	PER_1607
Си-эн-эн	Си - энлогн -эн	ORG	ORG_3702
Соединенных Штатов	соединить Штат	LOC	LOC_69
Трамп	Трамп	PER	PER_977
Трампа	Трамп	PER	PER_70
Трампу	трампа	PER	PER_977
демократов	демократ	PER	PER_2172
демократы	демократ	PER	PER_2172
палате представителей	палата представитель	ORG	ORG_3333
палаты представителей	палата представитель	ORG	ORG_3333
республиканцами	республиканец	PER	PER_1985
республиканцы	республиканец	PER	PER_1985
урагана Катрина	ураган Катрина	EVT	EVT_5669
центра военного и политического анализа Института Хадсона	центр военный и политический анализ Институт Хадсон	ORG	ORG_5671
