ru-91
ABC	ABC	ORG	ORG_267
Buy America	Buy America	ORG	ORG_5630
Medicaid	Medicaid	ORG	ORG_4808
Pell	Pell	ORG	ORG_5632
SNAP	SNAP	PRO	PRO_5633
Америка	Америка	LOC	LOC_69
Америки	Америка	LOC	LOC_69
Америки Трампа	Америка Трамп	ORG	ORG_4653
Андрей Головачев	Андрей Головачев	PER	PER_3023
Байден	Байден	PER	PER_3577
Байдена	Байден	PER	PER_3577
ВОЗ	ВОЗ	ORG	ORG_86
Всемирную организацию здравоохранения	всемирный организация здравоохранение	ORG	ORG_133
Демократам	демократ	ORG	ORG_3320
Департаменту по управлению и бюджету и федеральным агентствам	департамент по управление и бюджет и федеральный агентство	ORG	ORG_5634
Джо Байден	Джо Байден	PER	PER_76
Джозеф Байден	Джозеф Байден	PER	PER_76
Джозефа Байдена	Джозеф Байден	PER	PER_76
Дональд Трамп	Дональд Трамп	PER	PER_70
Конгресса США	Конгресс США	ORG	ORG_4061
Мексикой	Мексика	LOC	LOC_79
США	США	LOC	LOC_69
Соединенных Штатов Америки	соединить Штат Америка	LOC	LOC_69
Трамп	Трамп	PER	PER_977
Трампа	Трамп	PER	PER_70
Украина	Украина	LOC	LOC_318
Флориду	Флорида	LOC	LOC_894
ЧТО	что	ORG	ORG_5628
Четверг	четверг	LOC	LOC_5627
Штаты	Штат	LOC	LOC_5283
Экономической помощи	экономический помощь	EVT	EVT_5631
консерваторов	консерватор	PER	PER_3361
