ru-126
Campaign	Campaign	ORG	ORG_5427
Dakota Access[118][119].	Dakota Access [ 118 ] [ 119 ].	ORG	ORG_5434
Donald Trump	Donald Trump	PER	PER_70
FiveThirtyEight	FiveThirtyEight	ORG	ORG_3366
RT	RT	ORG	ORG_5228
Sputnik	Sputnik	PRO	PRO_929
Write-in	Write - in	ORG	ORG_5423
Аджаму Барака	аджам Барак	PER	PER_3496
Айова	Айова	LOC	LOC_3370
Белый дом	белый дом	LOC	LOC_72
Берни Сандерс	Берни Сандерс	PER	PER_3472
Берни Сандерса	Берни Сандерс	PER	PER_3472
Вашингтон	Вашингтон	LOC	LOC_183
Великолепной миле	великолепный мил	LOC	LOC_5430
Вермонт	Вермонт	LOC	LOC_1737
Веру Пятнистого Орла	вера Пятнистый Олл	PER	PER_5433
Википедии	Википедия	ORG	ORG_5428
Виргиния	Виргиния	LOC	LOC_3851
Гавайев	Гавайев	LOC	LOC_3558
Гэри Джонсона	Гари Джонсон	PER	PER_52
Дельта	дельта	ORG	ORG_5424
Демократической партии	демократический партия	ORG	ORG_584
Демократической партии США	демократический партия США	ORG	ORG_584
Джилл Стайн	Джилл Стайн	PER	PER_3407
Джо Байден	Джо Байден	PER	PER_76
Джо Байдена	Джо Байден	PER	PER_76
Джона Кейсика	Джон Кейсик	PER	PER_3780
Дональд Трамп	Дональд Трамп	PER	PER_70
Дональда Трампа	Дональд Трамп	PER	PER_70
Дональда Трампа[115].	Дональд Трамп [ 115 ] .	PER	PER_70
Индианы	индиан	LOC	LOC_336
Калифорния[55]	Калифорния [ 55]	LOC	LOC_102
Клинтон	Клинтон	LOC	LOC_4878
Клинтон[3].	клинтон[3 ] .	LOC	LOC_5420
Колина Пауэлла	Колин Пауэлл	PER	PER_5322
Колумбия	Колумбия	LOC	LOC_517
Конгресс США	Конгресс США	ORG	ORG_4061
Конгресса США	Конгресс США	ORG	ORG_4061
Конституционной партии	конституционный партия	ORG	ORG_3411
Либертарианской партии	либертарианский партия	ORG	ORG_109
Лос-Анджелесе	Лос-Анджелес	LOC	LOC_248
Лос-Анджелесе[113]	Лос-Анджелес [ 113]	LOC	LOC_248
Майк Пенс	Майк Пенс	PER	PER_3847
Майкла Пенса	Майкла Пенс	PER	PER_5409
Майкла Флинна	Майкла Флинн	PER	PER_3892
Марко Рубио	Марко Рубио	PER	PER_656
Мими Солтисайк	Мима Солтисайк	PER	PER_5425
Москве	Москва	LOC	LOC_316
Мэн	Мэн	LOC	LOC_3318
Национальный комитет Демократической партии	национальный комитет демократический партия	ORG	ORG_3718
Независимой партии Миннесоты	независимый партия Миннесота	ORG	ORG_5194
Независимой партии Флориды	независимый партия Флорида	ORG	ORG_4766
Нью-Гэмпшир[75],	Нью-Гэмпшир [75 ] ,	LOC	LOC_3454
Нью-Йорке	Нью-Йорк	LOC	LOC_2256
Нью-Йорке[114]	Нью-Йорк [ 114 ]	LOC	LOC_5429
Партии зелёных	партия зеленый	ORG	ORG_5357
Партии реформ	партия реформа	ORG	ORG_4040
Партии реформ[править	партия реформ[править	ORG	ORG_4040
Портланде	портланд	LOC	LOC_3769
Портленде	Портленд	LOC	LOC_3769
Республиканской партии	республиканский партия	ORG	ORG_584
Робертом Мюллером	Роберт Мюллер	PER	PER_3486
Рона Пола	рон Пол	PER	PER_3697
Рона Пола[3].	Рон Пола[3 ].	PER	PER_5432
Рональда Рейгана	Рональд Рейган	PER	PER_4537
Российским фондом прямых инвестиций	российский фонд прямой инвестиция	ORG	ORG_2734
Российского института стратегических исследований	российский институт стратегический исследование	ORG	ORG_4368
США	США	LOC	LOC_69
Северных Марианских Островах	северный марианский Остров	LOC	LOC_5422
Сената	сенат	ORG	ORG_1012
Сенате	Сенат	ORG	ORG_1012
Социалистической партии США	социалистический партия США	ORG	ORG_5426
Тед Круз	Тед Круз	PER	PER_3395
Техас	Техас	LOC	LOC_1022
Тим Кейн[9][10].	Тим Кейн[9 ] [ 10 режерь	PER	PER_5421
Трамп	Трамп	PER	PER_977
Трампа	Трамп	PER	PER_70
Уильяма Уэлда	Уильям Уэлда	PER	PER_2244
ФБР	ФБР	ORG	ORG_3418
Федеральная избирательная комиссия США	федеральный избирательный комиссия США	ORG	ORG_3830
Фейт Пятнистый Орёл	фейт пятнистый Орёл	PER	PER_5418
Хиллари Клинтон	Хиллари Клинтон	PER	PER_2175
Хиллари Клинтон[110][111].	Хиллари Клинтон [ 110 ] [ 111 ].	PER	PER_2175
Хиллари Клинтон[3].	Хиллари Клинтон[3 ].	PER	PER_2175
Чикаго[117].	Чикаго [ 117 ] .	LOC	LOC_5431
Южная Каролина	Южный Каролин	LOC	LOC_168
демократов	демократ	PER	PER_2172
зелёных	зеленый	ORG	ORG_760
министерства юстиции США	министерство юстиция США	ORG	ORG_4555
общепартийные	общепартийный	PRO	PRO_5419
президентских выборах 2016 года[2].	президентский выборы 2016 год [ 2].	EVT	EVT_5435
президентских выборов в США 2016 года	президентский выборы в США 2016 год	EVT	EVT_4975
