ru-113
WikiLeaks	wikileaks	PRO	PRO_3487
Америки	Америка	LOC	LOC_69
Гражданской войны	гражданский война	EVT	EVT_3455
Демпартии	демпартия	ORG	ORG_4656
Джеб Буш	джеб Буш	PER	PER_3450
Джорджу	Джордж	PER	PER_2171
Дональд Трамп	Дональд Трамп	PER	PER_70
Клинтон	Клинтон	PER	PER_3473
Лиги плюща	Лига плющ	ORG	ORG_4929
Нью-Йорка	Нью-Йорк	LOC	LOC_2256
Резерфорд Хейс	Резерфорд Хейс	PER	PER_4932
США	США	LOC	LOC_69
Сэмюэл Тилден	Сэмюэл Тилден	PER	PER_4930
Трамп	Трамп	PER	PER_977
Трампа	Трамп	PER	PER_70
Флориде	Флорида	LOC	LOC_894
Хиллари Клинтон	Хиллари Клинтон	PER	PER_2175
Шпигель	Шпигель	LOC	LOC_4928
Юге	Юг	LOC	LOC_533
компромисс Тилдена — Хейса	компромисс Тилден — Хейс	PRO	PRO_4931
