ru-104
Альберт Гор	Альберт Гор	PER	PER_5126
Альберта Гора	Альберт Гор	LOC	LOC_5163
Американской системы	американский система	ORG	ORG_5164
Америки	Америка	LOC	LOC_69
Буш	Буш	PER	PER_1707
Буш-младший	Буш - младший	PER	PER_3450
Буша	Буш	LOC	LOC_3573
Бушу	Буш	PER	PER_1707
Гор	Гор	PER	PER_4708
Гора	гора	PER	PER_4708
Двенадцатой	двенадцатый	PRO	PRO_5162
Демократической	демократический	ORG	ORG_3320
Демократической партии	демократический партия	ORG	ORG_584
Дж	Дж	PER	PER_2167
Джордж Буш	Джордж Буш	PER	PER_3450
Джордж Буш-младший	Джордж Буш младший	PER	PER_3450
Калифорнии	Калифорния	LOC	LOC_102
Калифорния	Калифорния	LOC	LOC_102
Коллегии выборщиков	коллегия выборщик	ORG	ORG_3309
Конгресс	Конгресс	ORG	ORG_3350
Конгресс США	Конгресс США	ORG	ORG_4061
Конституции	Конституция	PRO	PRO_43
Конституции США	Конституция США	PRO	PRO_43
Палате представителей	палата представитель	ORG	ORG_3333
Палату представителей	Палата представитель	ORG	ORG_3333
Палаты представителей	Палата представитель	ORG	ORG_3333
Республиканской партий США	республиканский партия США	ORG	ORG_4668
США	США	LOC	LOC_69
США[2].	сша[2].	LOC	LOC_3839
Сенат	Сенат	ORG	ORG_1012
Сената	сенат	ORG	ORG_1012
Флорида	Флорида	LOC	LOC_894
Флориде	Флорида	LOC	LOC_894
федеральным правительством	федеральный правительство	ORG	ORG_4756
