ru-102
20-я поправка к конституции	20-й поправка к конституция	PRO	PRO_5215
Amar	Amar	PRO	PRO_5221
Center for Responsive Politics	Center for Responsive Politics	ORG	ORG_5218
National Popular Vote Interstate Compact	National Popular Vote Interstate Compact	PRO	PRO_5220
PAC	PAC	ORG	ORG_5121
Political Action Committee	Political Action Committee	ORG	ORG_246
SuperPAC	SuperpAC	ORG	ORG_5217
Алабама	Алабам	LOC	LOC_3330
Альберт Гор	Альберт Гор	PER	PER_5126
Бенджамин Гаррисон	Бенджамин Гаррисон	PER	PER_4737
Вашингтон	Вашингтон	LOC	LOC_183
Верховный суд	верховный суд	ORG	ORG_3345
Верховный суд США	верховный суд США	ORG	ORG_3345
Демократической	демократический	ORG	ORG_3320
Демократической партии	демократический партия	ORG	ORG_584
Джон Куинси Адамс	Джон Куинси Адамс	PER	PER_3957
Джордж Буш	Джордж Буш	PER	PER_3450
Дональд Трамп	Дональд Трамп	PER	PER_70
Закон о преемственности президентской власти 1947 года	закон о преемственность президентский власть 1947 год	PRO	PRO_5216
Закону о дне президентских выборов	закон о дно президентский выборы	PRO	PRO_5213
Института Гэллапа	институт Гэллап	ORG	ORG_1110
Калифорния	Калифорния	LOC	LOC_102
Коллегии выборщиков	коллегия выборщик	ORG	ORG_3309
Коллегию выборщиков	коллегия выборщик	ORG	ORG_3309
Конгресс	Конгресс	ORG	ORG_3350
Конгресса	Конгресс	ORG	ORG_3350
Конгрессе	Конгресс	ORG	ORG_3350
Миссисипи	Миссисипи	LOC	LOC_4559
Мэн	Мэн	LOC	LOC_3318
Небраска	Небраска	LOC	LOC_104
Нью-Йорк	Нью-Йорк	LOC	LOC_2256
Огайо	Огайо	LOC	LOC_1736
Палата представителей	Палата представитель	ORG	ORG_3333
Палате	палата	ORG	ORG_4678
Палате представителей	палата представитель	ORG	ORG_3333
Палаты представителей	Палата представитель	ORG	ORG_3333
Пенсильвания	Пенсильвание	LOC	LOC_101
Прогрессивной партии	прогрессивный партия	ORG	ORG_5202
Ратерфорд Хейс	ратерфорд Хейс	PER	PER_4932
Республиканской	республиканский	ORG	ORG_2775
Республиканской партий	республиканский партия	ORG	ORG_3908
Россу Перо	росса Перо	PER	PER_5212
США	США	LOC	LOC_69
Северная Каролина	Северный Каролин	LOC	LOC_168
Соглашение	соглашение	PRO	PRO_1452
ТАСС	ТАСС	ORG	ORG_494
ТАСС-ДОСЬЕ	тасс-досье	LOC	LOC_5211
Теодор Рузвельт	Теодор Рузвельт	PER	PER_3965
Техас	Техас	LOC	LOC_1022
Томас Джефферсон	Томас Джефферсон	PER	PER_3955
Федеральный округ Колумбия	федеральный округ Колумбия	ORG	ORG_5214
Флорида	Флорида	LOC	LOC_894
Центр	центр	ORG	ORG_2994
Центр за ответственную политику	центр за ответственный политика	ORG	ORG_5218
Южная Каролина	Южный Каролин	LOC	LOC_168
институт Коллегии выборщиков	институт Коллегия выборщик	ORG	ORG_4761
к национальному всенародному	к национальный всенародный	PRO	PRO_5219
конгрессменов	конгрессмен	PER	PER_3378
нижняя палата Конгресса	нижний палата Конгресс	ORG	ORG_4657
округ Колумбия	округ Колумбия	LOC	LOC_517
сенаторов	сенатор	PER	PER_3378
