ru-114
Financial Times	Financial Times	PRO	PRO_460
Александ Кейссар	александ Кейссар	PER	PER_5014
Байдена	Байден	PER	PER_3577
Белого дома	белый дом	LOC	LOC_72
Белый дом	белый дом	LOC	LOC_72
Билл Клинтон	Билл Клинтон	PER	PER_2175
Буша	Буш	PER	PER_1707
Вайоминге	вайоминг	LOC	LOC_3372
Вашингтон	Вашингтон	LOC	LOC_183
Верховном суде	верховный суд	ORG	ORG_3345
Висконсине	висконсина	LOC	LOC_527
Джо Байден	Джо Байден	PER	PER_76
Джо Байдена	Джо Байден	PER	PER_76
Джордж Буш-младший	Джордж Буш младший	PER	PER_3450
Джорджии	Джорджия	LOC	LOC_2174
Дональд Трамп	Дональд Трамп	PER	PER_70
Дональд Трамп-младший	Дональд Трамп-младший	PER	PER_70
Дональда Трампа	Дональд Трамп	PER	PER_70
Калифорнии	Калифорния	LOC	LOC_102
Клинтон	Клинтон	PER	PER_3473
Коллегии	коллегия	ORG	ORG_4695
Коллегии выборщиков	коллегия выборщик	ORG	ORG_3309
Коллегию выборщиков-республиканцев	коллегия выборщик - республиканец	ORG	ORG_5353
Коллегия выборщиков	коллегия выборщик	ORG	ORG_3309
Конгресса	Конгресс	ORG	ORG_3350
Конгрессом	конгресс	ORG	ORG_3350
Конституции США 1787 года	Конституция США 1787 год	PRO	PRO_5135
Кристофер Колдуэлл	Кристофер Колдуэлл	PER	PER_5354
Майк Пенс	Майк Пенс	PER	PER_3847
Мичигане	Мичиган	LOC	LOC_99
Мэн	Мэн	PER	PER_3321
Небраска	Небраска	LOC	LOC_104
Неваде	Невада	LOC	LOC_1153
Нью-Йорк	Нью-Йорк	LOC	LOC_2256
Нью-Йорке	Нью-Йорк	LOC	LOC_2256
Палате представителей	палата представитель	ORG	ORG_3333
Пенсильвании	пенсильвание	LOC	LOC_2427
США	США	LOC	LOC_69
Сенат	Сенат	ORG	ORG_1012
Трамп	Трамп	PER	PER_977
Трампа	Трамп	PER	PER_70
Флориде	Флорида	LOC	LOC_894
Флориды	флорид	LOC	LOC_894
Хиллари Клинтон	Хиллари Клинтон	PER	PER_2175
Эл Гор	эл Гор	PER	PER_3449
Эндрю Куомо	Эндрю Куомо	PER	PER_1662
демократам	демократ	PER	PER_2172
демократов	демократ	PER	PER_2172
республиканцев	республиканец	PER	PER_1985
