ru-119
FiveThirtyEight	FiveThirtyEight	PRO	PRO_4629
RealClearPolitics	RealClearPolitics	ORG	ORG_3365
Алабама	Алабам	LOC	LOC_3330
Америка	Америка	LOC	LOC_69
Америке	Америка	LOC	LOC_69
Америки	Америка	LOC	LOC_69
Аризона	Аризон	LOC	LOC_1748
Барака Обамы	Барак Обама	PER	PER_3496
Барри Голдуотера	Барри Голдуотер	PER	PER_3633
Билл Клинтон	Билл Клинтон	PER	PER_2175
Боба Доула	боб Доул	PER	PER_5512
Вайоминг	Вайоминг	LOC	LOC_3372
Вашингтона	Вашингтон	LOC	LOC_183
Висконсин	Висконсин	LOC	LOC_527
Гэри Джонсон	Гари Джонсон	PER	PER_52
Даррелл Касл	Даррелл Касл	PER	PER_5511
Демократической партии	демократический партия	ORG	ORG_584
Демократическую партию	демократический партия	ORG	ORG_584
Демократы	демократ	ORG	ORG_3320
Джейми Раскина	Джейми Раскин	PER	PER_5480
Джилл Стайн	Джилл Стайн	PER	PER_3407
Джон Кеннеди	Джон Кеннеди	PER	PER_626
Джона Кеннеди	Джон Кеннеди	PER	PER_626
Джонсона	Джонсон	PER	PER_1154
Джорджа Буша	Джордж Буш	PER	PER_3450
Джорджа Макговерна	Джордж Макговерн	PER	PER_5513
Джорджия	Джорджия	LOC	LOC_2174
Джорджу Бушу	Джордж Буш	PER	PER_3450
Дональда Трампа	Дональд Трамп	PER	PER_70
Зелёной	зеленый	ORG	ORG_760
Калифорния	Калифорния	LOC	LOC_102
Клинтон	Клинтон	PER	PER_3473
Конституции США	Конституция США	PRO	PRO_43
Конституционная партия	конституционный партия	ORG	ORG_3411
Конституционной	конституционный	ORG	ORG_4874
Лайф	лайф	PER	PER_5515
Лайфа	лайф	ORG	ORG_5510
Либертарианская партия	либертарианский партия	ORG	ORG_109
Либертарианской	либертарианский	ORG	ORG_5355
Линдон Джонсон	Линдон Джонсон	PER	PER_52
Луизиана	Луизиан	LOC	LOC_1663
Массачусетс	Массачусетс	LOC	LOC_550
Миннесота	Миннесот	LOC	LOC_100
Миссисипи	Миссисипи	LOC	LOC_4559
Мол	мол	PER	PER_5519
Мэриленд	Мэриленд	LOC	LOC_4745
Никола Питерский9	Никол Питерский9	PER	PER_5516
Обама	Обама	PER	PER_3496
Обамы	обама	EVT	EVT_5518
Огайо	Огайо	LOC	LOC_1736
Партия зелёных	партия зеленый	ORG	ORG_5357
Ричард Никсон	Ричард Никсон	PER	PER_3974
Ричарда Никсона	Ричард Никсон	PER	PER_3974
Рональда Рейгана	Рональд Рейган	PER	PER_4537
России	Россия	LOC	LOC_95
США	США	LOC	LOC_69
Северная Каролина	Северный Каролин	LOC	LOC_168
Сергей	Сергей	PER	PER_5517
Соединённых Штатах	соединить Штат	LOC	LOC_69
Соединённых Штатов	соединить Штат	LOC	LOC_69
Техаса	техас	LOC	LOC_1022
Уолтера Мондейла	Уолтер Мондейл	PER	PER_4402
Федерального агентства по печати и массовым коммуникациям	федеральный агентство по печать и массовый коммуникация	ORG	ORG_5158
Финляндии	Финляндия	LOC	LOC_15
Флориде	Флорида	LOC	LOC_894
Флориды	флорид	LOC	LOC_894
Хиллари Клинтон	Хиллари Клинтон	PER	PER_2175
Эван Макмаллин	Эван Макмаллин	PER	PER_24
Эл Гор	эл Гор	PER	PER_3449
Эстонии	Эстония	LOC	LOC_2134
Южная Каролина	Южный Каролин	LOC	LOC_168
Юта	Юта	LOC	LOC_524
американской федерации	американский федерация	LOC	LOC_5514
американцев	американец	PER	PER_64
демократ	демократ	PER	PER_2172
демократам	демократ	PER	PER_2172
демократов	демократ	ORG	ORG_3320
палате представителей	палата представитель	ORG	ORG_3333
палаты представителей конгресса	палата представитель конгресс	ORG	ORG_4061
республиканец	республиканец	PER	PER_1985
республиканцев	республиканец	ORG	ORG_2775
