ru-178
13-го Района	13-й Район	LOC	LOC_4935
@Анатолий Чиквин	@анатолий Чиквин	PER	PER_4936
Change of Address	Change of Address	PRO	PRO_4939
Mail	Mail	PRO	PRO_1868
Mash	Mash	ORG	ORG_4942
Priority	Priority	ORG	ORG_4938
USPS	USPS	ORG	ORG_4681
Алеутских островах	Алеутский остров	LOC	LOC_4934
Аляске	Аляска	LOC	LOC_518
Америки	Америка	LOC	LOC_69
Аркадием Ротенбергом	Аркадий Ротенберг	PER	PER_4940
Аркадий Ротенберг	Аркадий Ротенберг	PER	PER_4940
Байден	Байден	PER	PER_3577
Байдена	Байден	LOC	LOC_3557
Геленджике	геленджик	LOC	LOC_4773
Геленджиком	геленджик	LOC	LOC_4773
Гуам	Гуам	LOC	LOC_4933
Джо Байден	Джо Байден	PER	PER_76
Дональд	Дональд	PER	PER_3783
Дональд Трамп	Дональд Трамп	PER	PER_70
Дональда Трампа	Дональд Трамп	PER	PER_70
Европа	Европа	LOC	LOC_49
Жасмин	жасмин	PER	PER_4941
Калифорния	Калифорния	LOC	LOC_102
Камалла Харрис	камалла Харрис	PER	PER_1984
Канье Уэст	Канье Уэст	PER	PER_3401
Киру Ярмыш	кира Ярмыш	PER	PER_4769
Китай	Китай	LOC	LOC_56
Конгресс	Конгресс	ORG	ORG_3350
Москве	Москва	LOC	LOC_316
Навального	Навальный	LOC	LOC_4649
Нью-Гэмпшире	нью-гемпшир	LOC	LOC_3454
Нью-Йорку	нью-йорка	LOC	LOC_2256
Путин	Путин	PER	PER_315
Путин,Хиллари	Путин , Хиллари	PER	PER_4879
Путина	Путин	PER	PER_315
России	Россия	LOC	LOC_95
Ротенберг	Ротенберг	PER	PER_4940
США	США	LOC	LOC_69
Трамп	Трамп	PER	PER_977
Трампа	Трамп	PER	PER_70
Украине	Украина	LOC	LOC_318
Хуавей	хуавей	PER	PER_458
Хуавэй	хуавэй	LOC	LOC_3558
Чиквин	чиквин	PER	PER_1324
китайцев	китаец	PER	PER_2121
либертерианцев	либертерианец	PER	PER_4937
твиттере	твиттер	PRO	PRO_71
