ru-162
Facebook	Фейсбук	PRO	PRO_98
ForumDaily New York	ForumDaily New York	PRO	PRO_51
ForumDaily Woman	ForumDaily Woman	PRO	PRO_4840
Global News	Global News	PRO	PRO_4831
Shutterstock	Shutterstock	PRO	PRO_4832
William & Mary	William & Mary	ORG	ORG_4833
Америку	Америка	LOC	LOC_69
Аризоне	Аризона	LOC	LOC_1748
Байден	Байден	PER	PER_3577
Байдена	Байден	PER	PER_3577
Байденом	Байден	PER	PER_3577
Большом Яблоке	Большой яблоко	LOC	LOC_4839
Бруксу	брукса	PER	PER_4837
Верховного суда США	верховный суд США	ORG	ORG_3345
Верховный суд США	верховный суд США	ORG	ORG_3345
Вильямсбурге	вильямсбург	LOC	LOC_4834
Вирджиния	Вирджиния	LOC	LOC_3851
Висконсина	Висконсин	LOC	LOC_527
Висконсине	висконсина	LOC	LOC_527
Джо Байден	Джо Байден	PER	PER_76
Джорджии	Джорджия	LOC	LOC_2174
Дональда Трампа	Дональд Трамп	PER	PER_70
Камала Харрис	камал Харрис	PER	PER_1984
Коллегии	коллегия	ORG	ORG_4695
Коллегии выборщиков	коллегия выборщик	ORG	ORG_3309
Коллегии выборщиков Трампа	коллегия выборщик Трамп	ORG	ORG_4838
Конгресс	Конгресс	ORG	ORG_3350
Конгресса	Конгресс	ORG	ORG_3350
Конгрессе	Конгресс	ORG	ORG_3350
Майк Пенс	Майк Пенс	PER	PER_3847
Мичигане	Мичиган	LOC	LOC_99
Мо Брукс	мо Брукс	PER	PER_4240
Мэдисоне	мэдисон	LOC	LOC_4835
Нью-Йорка	Нью-Йорк	LOC	LOC_2256
Нью-Йорке	Нью-Йорк	LOC	LOC_2256
Палата представителей	Палата представитель	ORG	ORG_3333
Палате представителей	палата представитель	ORG	ORG_3333
Пенсильвании	пенсильвание	LOC	LOC_2427
Пятой авеню	пятый авень	LOC	LOC_4842
Ребекка Грин	ребекка Грин	PER	PER_4670
США	США	LOC	LOC_69
Сената	сенат	ORG	ORG_1012
Соломон…	соломон …	LOC	LOC_4843
Трамп	Трамп	PER	PER_977
Трампа	Трамп	PER	PER_70
Центрального парка	центральный парк	LOC	LOC_4841
демократами	демократ	ORG	ORG_3320
палаты представителей Алабамы	палата представитель Алабам	ORG	ORG_4836
