ru-101
-	-	LOC	LOC_285
Brent	Brent	ORG	ORG_5605
CNN	CNN	ORG	ORG_383
JPMorgan Chase & Co	JPMorgan Chase & Co.	ORG	ORG_2699
TIME	TIME	PRO	PRO_5603
The Washington Post	The Washington Post	PRO	PRO_3763
Аляски	аляска	LOC	LOC_518
Белый дом	белый дом	LOC	LOC_72
Билл Клинтоны	Билл Клинтон	PER	PER_2175
Билла Клинтона	Билла Клинтон	PER	PER_2175
Вайоминга	вайоминг	LOC	LOC_3372
Вашингтона	Вашингтон	LOC	LOC_183
Вермонта	вермонт	LOC	LOC_1737
Вермонте	вермонт	LOC	LOC_1737
Вирджинии	Вирджиния	LOC	LOC_3851
Вирджиния	Вирджиния	LOC	LOC_3851
Делавэра	делавэр	LOC	LOC_3342
Демократической партии	демократический партия	ORG	ORG_584
Джо Байден	Джо Байден	PER	PER_76
Джорджии	Джорджия	LOC	LOC_2174
Дональд Трамп	Дональд Трамп	PER	PER_70
Енот Борис	енот Борис	PER	PER_2719
Западной Вирджинии	Западный Вирджиния	LOC	LOC_3373
Индиане	Индиан	LOC	LOC_336
Интерфакс	интерфакс	ORG	ORG_710
Калифорнии	Калифорния	LOC	LOC_102
Кентукки	Кентукка	LOC	LOC_4613
Клинтон	Клинтон	LOC	LOC_4878
Конгрессе	Конгресс	ORG	ORG_3350
Коннектикуте	коннектикут	LOC	LOC_4613
Ку-клукс-клан	ку-клукс - клан	ORG	ORG_3417
Манхэттана	манхэттан	LOC	LOC_4029
Массачусетса	Массачусетс	LOC	LOC_508
Мексике	Мексика	LOC	LOC_79
Мичигана	мичиган	LOC	LOC_99
Монтаны	монтан	LOC	LOC_4132
Москве	Москва	LOC	LOC_316
Мэн	Мэн	LOC	LOC_3318
Мэне	мэн	LOC	LOC_3318
Мэриленда	Мэриленд	LOC	LOC_4745
Небраска	Небраска	LOC	LOC_104
Нью-Гэмпшира	нью-гэмпшира	LOC	LOC_3454
Нью-Джерси	Нью-Джерси	LOC	LOC_103
Нью-Йорка	Нью-Йорк	LOC	LOC_2256
Нью-Йорке	Нью-Йорк	LOC	LOC_2256
Огайо	Огайо	LOC	LOC_1736
Онлайн	онлайн	ORG	ORG_1193
Пенсильвании	пенсильвание	LOC	LOC_2427
Пенсильвания	Пенсильвание	LOC	LOC_101
РФ	РФ	LOC	LOC_95
Род-Айленда	род-айленда	LOC	LOC_3376
США	США	LOC	LOC_69
Северная Каролина	Северный Каролин	LOC	LOC_168
Северной Дакоты	Северный Дакота	LOC	LOC_523
Северной Каролине	Северный Каролин	LOC	LOC_168
Теннеси	Теннеси	LOC	LOC_3374
Трампа	Трамп	PER	PER_70
Флорида	Флорида	LOC	LOC_894
Флориды	флорид	LOC	LOC_894
Хиллари	Хиллари	PER	PER_4879
Хиллари Клинтон	Хиллари Клинтон	PER	PER_2175
Южной Каролины	Южный Каролина	LOC	LOC_168
демократы	демократ	PER	PER_2172
ниже	низкий	LOC	LOC_5604
партии республиканцев	партия республиканец	ORG	ORG_4040
республиканцев	республиканец	PER	PER_1985
республиканцы	республиканец	PER	PER_1985
