ru-16
Telegram	Telegram	PRO	PRO_2596
The Atlantic	The Atlantic	PRO	PRO_4386
USAID	USAID	ORG	ORG_4789
Александр Дубинский	Александр Дубинский	PER	PER_4785
Ангелу Меркель	ангел Меркель	PER	PER_117
Арестович	арестович	PER	PER_4797
Байден	Байден	PER	PER_3577
Байдена	Байден	PER	PER_3577
Байденом	Байден	PER	PER_3577
Байдену	Байден	PER	PER_2995
Банковой	Банкова	PER	PER_4786
Барака Обамы	Барак Обама	PER	PER_3496
Белоруссии	Белоруссия	LOC	LOC_1
Белый дом	белый дом	LOC	LOC_72
Богу	Бог	PER	PER_1508
Будапештский меморандум	будапештский меморандум	PRO	PRO_4793
Будапештском меморандуме	будапештский меморандум	PRO	PRO_4793
Василий Филипчук	Василий Филипчук	PER	PER_4783
Вашингтона	Вашингтон	LOC	LOC_183
Вашингтоне	Вашингтон	LOC	LOC_183
Вашингтоном	Вашингтон	LOC	LOC_183
Владимиром Ельченко	Владимир Ельченко	PER	PER_2828
Германией	Германия	LOC	LOC_27
Германии	Германия	LOC	LOC_27
Германия	Германия	LOC	LOC_27
Госдеп	госдеп	ORG	ORG_4788
Госдепа	Госдеп	ORG	ORG_4788
Госдепу	госдеп	ORG	ORG_4788
Государственного департамента	государственный департамент	ORG	ORG_946
Гренландии	гренландия	LOC	LOC_190
Деркача	деркача	PER	PER_4784
Джо Байдена	Джо Байден	PER	PER_76
Джулиани	Джулиани	PER	PER_1244
Доктрина Обамы	доктрина Обама	PRO	PRO_4794
Дональда Трампа	Дональд Трамп	PER	PER_70
Донбасса	Донбасс	LOC	LOC_2621
Донбассе	Донбасс	LOC	LOC_2621
Донбассом	донбасс	LOC	LOC_2621
Дэн Сяопина	Дэн Сяопин	PER	PER_4798
ЕС	ес	ORG	ORG_5
Европу	Европа	LOC	LOC_49
Египту	Египет	ORG	ORG_4792
Ельченко	ельченко	PER	PER_2828
Ермак	Ермак	PER	PER_4787
Ермака	Ермак	PER	PER_4787
Ермаком	ермак	PER	PER_4787
Запада	Запад	LOC	LOC_203
Зеленским	зеленский	PER	PER_2504
Зеленского	зеленский	PER	PER_2713
Израиль	Израиль	LOC	LOC_833
ИноСМИ	иносмь	ORG	ORG_4799
Ираном	Иран	LOC	LOC_177
Киева	Киев	LOC	LOC_317
Киеве	Киев	LOC	LOC_317
Киевом	Киев	LOC	LOC_317
Киеву	киев	LOC	LOC_317
Ким Чен Ын	Ким Чен Ын	PER	PER_3405
Конгрессе	Конгресс	ORG	ORG_3350
Конституции	Конституция	PRO	PRO_43
Крым	Крым	LOC	LOC_2855
Крыма	Крым	LOC	LOC_2855
Кубу	Куба	LOC	LOC_980
Курт Волкер	Курт Волкер	PER	PER_1092
МИД	мид	ORG	ORG_47
Мадриде	Мадрид	LOC	LOC_8
Макрона	макрон	PER	PER_24
Маркарова	маркарова	PER	PER_1793
Маркаровой	Маркарова	PER	PER_1793
Минский процесс	минский процесс	PRO	PRO_4795
Михайловской площади	михайловский площадь	LOC	LOC_2947
НАБУ	набу	ORG	ORG_4791
Нормандский процесс	нормандский процесс	PRO	PRO_4796
Нью-Йорке	Нью-Йорк	LOC	LOC_2256
Обаму	Обама	PER	PER_1706
Обамы	обама	PER	PER_1706
Оксана Маркарова	Оксан Маркаров	PER	PER_3624
Порошенко	Порошенко	PER	PER_4747
Путин	Путин	PER	PER_315
Путина	Путин	PER	PER_315
Путиным	Путин	PER	PER_315
Россией	Россия	LOC	LOC_95
России	Россия	LOC	LOC_95
Россию	Россия	LOC	LOC_95
Россия	Россия	LOC	LOC_95
США	США	LOC	LOC_69
Словакию	Словакия	LOC	LOC_831
Словенией	Словения	LOC	LOC_831
Слуги народа	слуга народ	ORG	ORG_2903
Совбезе ООН	Совбез ООН	ORG	ORG_268
Соединенные Штаты	Соединить Штат	LOC	LOC_69
Соединенным Штатам	соединить Штат	LOC	LOC_69
Соединенными Штатами	соединить Штат	LOC	LOC_69
Соединенных Штатах	соединить Штат	LOC	LOC_69
Соединенных Штатов	соединить Штат	LOC	LOC_69
Соединенных Штатов Америки	соединить Штат Америка	LOC	LOC_69
Трамп	Трамп	PER	PER_977
Трампа	Трамп	PER	PER_70
Трампе	трампа	PER	PER_977
Трампом	Трамп	PER	PER_977
Украина	Украина	LOC	LOC_318
Украине	Украина	LOC	LOC_318
Украиной	Украина	LOC	LOC_318
Украину	Украина	LOC	LOC_318
Украины	Украина	LOC	LOC_318
Францией	Франция	LOC	LOC_20
Франция	Франция	LOC	LOC_20
Фрейду	Фрейд	PER	PER_3690
Чалого	чалог	PER	PER_4790
Энтони Блинкен	Энтони Блинкен	PER	PER_3507
американского Госдепа	американский Госдеп	ORG	ORG_4756
россиянам	россиянин	PER	PER_1372
французы	француз	PER	PER_279
