ru-96
Democracy	Democracy	PRO	PRO_5361
Newsweek	Ньюсвик	PRO	PRO_1533
The American Prospect	The American Prospect	PRO	PRO_5363
The Daily Beast	The Daily Beast	PRO	PRO_5362
The Guardian	The Guardian	PRO	PRO_2594
The New York Review of Books	The New York Review of Books	ORG	ORG_5364
Адамса	Адамс	PER	PER_3061
Айове	Айова	LOC	LOC_3370
Айову	айова	LOC	LOC_1736
Анти-Навальный	анти-навальный	PRO	PRO_5371
Барак Обама	Барак Обама	PER	PER_3496
Белый дом Трампа	белый дом Трамп	LOC	LOC_5170
Берни Сандерс	Берни Сандерс	PER	PER_3472
Берни Сандерса	Берни Сандерс	PER	PER_3472
Берни Сандерса…	Берни Сандерс …	PER	PER_3472
Билла Клинтона	Билла Клинтон	PER	PER_2175
Бруклине	Бруклин	LOC	LOC_5365
Бушу-старшему	Буш - старший	PER	PER_5367
Вашингтона	Вашингтон	LOC	LOC_183
Виргинии	Виргиния	LOC	LOC_3851
Гарри Джонсон	Гарри Джонсон	PER	PER_52
Демократическая	демократический	ORG	ORG_3320
Демократической партии	демократический партия	ORG	ORG_584
Джимми Картером	Джимми Картер	PER	PER_3310
Джонсон	Джонсон	PER	PER_1154
Дмитрия Босова	Дмитрий Босов	PER	PER_2719
Дональд Трамп	Дональд Трамп	PER	PER_70
Дональда Трампа	Дональд Трамп	PER	PER_70
Дрездене	Дрезден	LOC	LOC_5366
Евгенией Павловской	Евгения Павловский	PER	PER_5238
ИГ	иг	ORG	ORG_4844
Израиле	Израиль	LOC	LOC_833
Иллинойсе	Иллинойсе	LOC	LOC_1249
Ираке	Ирак	LOC	LOC_177
Калифорнии	Калифорния	LOC	LOC_102
Калифорния	Калифорния	LOC	LOC_102
Клинтон	Клинтон	LOC	LOC_4878
Константин Бенюмов	Константин Бенюмов	PER	PER_2862
Конституции	Конституция	PRO	PRO_43
Конституцию	Конституция	PRO	PRO_43
Либертарианская партия	либертарианский партия	ORG	ORG_109
Майкл Томаски	Майкл Томаско	PER	PER_3384
Майклом Томаски	Майклом Томаско	PER	PER_5360
Медузы	медуз	PRO	PRO_4873
Миссури	Миссури	LOC	LOC_519
Мичигане	Мичиган	LOC	LOC_99
Мэриленд	Мэриленд	LOC	LOC_4745
Новая Англия	новый Англия	LOC	LOC_2137
Нью-Гемпшир	нью-гемпшир	LOC	LOC_3454
Нью-Гемпшире	нью-гемпшире	LOC	LOC_3454
Нью-Джерси	Нью-Джерси	LOC	LOC_103
Нью-Йорке	Нью-Йорк	LOC	LOC_2256
Нью-Мексико	Нью-Мексико	LOC	LOC_79
Огайо	Огайо	LOC	LOC_1736
Павла Данилина	Павел Данилин	PER	PER_5368
Пенсильвании	пенсильвание	LOC	LOC_2427
РФ	РФ	LOC	LOC_95
Ракку	ракок	LOC	LOC_1639
Рейгану	Рейган	PER	PER_4537
Республиканская партии	республиканский партия	ORG	ORG_3908
Род-Айленд	род-айленд	LOC	LOC_3376
Ростех	ростех	ORG	ORG_5369
США	США	LOC	LOC_69
США]	сша]	LOC	LOC_3839
Сандерс	Сандерс	PER	PER_4446
Сандерса	Сандерс	PER	PER_4446
Сандерсу	сандерс	PER	PER_4446
Северной Каролине	Северный Каролин	LOC	LOC_168
Сенат	Сенат	ORG	ORG_1012
Средний Запад	средний Запад	LOC	LOC_525
Техасе	Техас	LOC	LOC_1022
Томаски	томаска	PER	PER_5360
Трамп	Трамп	PER	PER_977
Трампа	Трамп	PER	PER_70
Трампом	Трамп	PER	PER_977
Филадельфии	Филадельфия	LOC	LOC_3816
Флорида	Флорида	LOC	LOC_894
Флориде	Флорида	LOC	LOC_894
Хиллари	Хиллари	PER	PER_4879
Хиллари Клинтон	Хиллари Клинтон	PER	PER_2175
анти-Джин Шарп	анти-Джин Шарп	PRO	PRO_5370
афроамериканцев	афро-американец	PER	PER_3432
афроамериканцы	афроамериканец	PER	PER_3432
демократам	демократ	PER	PER_2172
республиканцев	республиканец	PER	PER_1985
—	—	PER	PER_3286
