ru-49
FiveThirtyEight	FiveThirtyEight	PRO	PRO_4629
Ykt.Ru	Ykt.Ru	ORG	ORG_5246
Айове	Айова	LOC	LOC_3370
Аль Капоне	Аль Капоне	PER	PER_5245
Белом доме	белый дом	LOC	LOC_72
Буша	Буш	PER	PER_1707
Вашингтона	Вашингтон	LOC	LOC_183
Владимира Путина	Владимир Путин	PER	PER_315
Глухой переулок	глухой переулок	LOC	LOC_5247
Гэри Джонсон	Гари Джонсон	PER	PER_52
Демократической	демократический	ORG	ORG_3320
Джордж Буш-младший	Джордж Буш младший	PER	PER_3450
Дональд Трамп	Дональд Трамп	PER	PER_70
Дональда Трампа	Дональд Трамп	PER	PER_70
Звездных войн	звездной война	EVT	EVT_4876
Зеленой	зеленый	ORG	ORG_760
Йоду	йод	PER	PER_4875
Калифорнии	Калифорния	LOC	LOC_102
Калифорния	Калифорния	LOC	LOC_102
Клинтон	Клинтон	LOC	LOC_4878
Колумбия	Колумбия	LOC	LOC_517
Конституции США	Конституция США	PRO	PRO_43
Конституционной	конституционный	ORG	ORG_4874
Краснодар	Краснодар	LOC	LOC_3251
Либертарианской	либертарианский	ORG	ORG_109
Москва	Москва	LOC	LOC_316
Нью-Мексико	Нью-Мексико	LOC	LOC_79
Палате представителей	палата представитель	ORG	ORG_3333
Питер	Питер	LOC	LOC_2297
Путин	Путин	PER	PER_315
Путина	Путин	PER	PER_315
Республиканской	республиканский	ORG	ORG_2775
Россия	Россия	LOC	LOC_95
Ростов	Ростов	LOC	LOC_2974
США	США	LOC	LOC_69
Сибири	Сибирь	LOC	LOC_3797
Трамп	Трамп	PER	PER_977
Трампа	Трамп	PER	PER_70
ФБР	ФБР	ORG	ORG_3418
Хилари	Хиллари	PER	PER_4879
Хиллари	Хиллари	PER	PER_4879
Хиллари Клинтон	Хиллари Клинтон	PER	PER_2175
Чака Норриса	Чака Норрис	PER	PER_4877
Чикаго	Чикаго	LOC	LOC_1595
Эл Гор	эл Гор	PER	PER_3449
Якутск	Якутск	LOC	LOC_5155
окружного суда	окружной суд	ORG	ORG_4880
сената	сенат	ORG	ORG_1012
сената США	сенат США	ORG	ORG_4061
