ru-34
24	24	PRO	PRO_2467
APT29	APT29	ORG	ORG_5253
Cozy Bear	Cozy Bear	ORG	ORG_154
France	France	ORG	ORG_5538
NTIA	NTIA	ORG	ORG_2422
The Washington Post	The Washington Post	PRO	PRO_3763
WP	WP	PRO	PRO_2597
Алекс ван дер Цван	Алекс ван дер Цван	PER	PER_5032
Александра Филиппенко	Александр Филиппенко	PER	PER_3270
Байден	Байден	PER	PER_3577
Байдена	Байден	PER	PER_3577
Белого дома	белый дом	LOC	LOC_72
Виктором Януковичем	Виктор Янукович	PER	PER_1220
Делавэр	Делавэр	LOC	LOC_3342
Департамент казначейства США	департамент казначейство США	ORG	ORG_3688
Джо Байден	Джо Байден	PER	PER_76
Джозеф Байден	Джозеф Байден	PER	PER_76
Джордж Пападопулос	Джордж Пападопулос	PER	PER_3214
Джорджа Пападопулоса	Джордж Пападопулос	PER	PER_3214
Дональд Трамп	Дональд Трамп	PER	PER_70
Дональда Трампа	Дональд Трамп	PER	PER_70
Дункан Хантер	Дункан Хантер	PER	PER_4811
Института США и Канады	институт США и Канада	ORG	ORG_4903
Китай	Китай	LOC	LOC_56
Китая	Китай	LOC	LOC_56
Кремля	Кремль	LOC	LOC_150
Крис Коллинз	Крис Коллинз	PER	PER_4810
Москвы	Москва	LOC	LOC_316
Мюллер	Мюллер	PER	PER_4809
Национальное управление телекоммуникаций и информации	национальный управление телекоммуникация и информация	ORG	ORG_5535
Пола Манафорта	Пол Манафорт	PER	PER_3505
Роберт Мюллер	Роберт Мюллер	PER	PER_3486
Роберта Мюллера	Роберт Мюллер	PER	PER_3486
Россией	Россия	LOC	LOC_95
России	Россия	LOC	LOC_95
Россию	Россия	LOC	LOC_95
Россия	Россия	LOC	LOC_95
США	США	LOC	LOC_69
Трамп	Трамп	PER	PER_977
Трампа	Трамп	PER	PER_70
Уилмингтоне	уилмингтон	LOC	LOC_4129
Украины	Украина	LOC	LOC_318
ФБР	ФБР	ORG	ORG_3418
Филиппенко	филиппенко	PER	PER_2697
департамента казначейства	департамент казначейство	ORG	ORG_5537
департамента торговли	департамент торговля	ORG	ORG_5536
