ru-97
REGNUM	REGNUM	ORG	ORG_3164
Stratfor	Stratfor	ORG	ORG_4800
The National Interest	The National Interest	PRO	PRO_4743
Байдена	Байден	PER	PER_3577
Байдене	байден	LOC	LOC_3557
Белого дома	белый дом	LOC	LOC_72
Белоруссии	Белоруссия	LOC	LOC_1
Вашингтон	Вашингтон	LOC	LOC_183
Вашингтона	Вашингтон	LOC	LOC_183
Венесуэла	Венесуэла	LOC	LOC_2163
Германию	Германия	LOC	LOC_27
Джен Псаки	Джен Псаки	PER	PER_4641
Джон Кирби	Джон Кирби	PER	PER_4650
Договора СНВ-3	договор СНВ - 3	PRO	PRO_4803
Договора о сокращении стратегических наступательных вооружений	договор о сокращение стратегический наступательный вооружение	PRO	PRO_4802
Европу	Европа	LOC	LOC_49
ИА REGNUM	иа REGNUM	ORG	ORG_3164
Китая	Китай	LOC	LOC_56
Конгресс	Конгресс	ORG	ORG_3350
Кремлем	Кремль	LOC	LOC_150
Кремля	Кремль	LOC	LOC_150
Москвой	Москва	LOC	LOC_316
Москву	Москва	LOC	LOC_316
Москвы	Москва	LOC	LOC_316
Пентагона	Пентагон	ORG	ORG_1659
Роскомнадзор	роскомнадзор	ORG	ORG_3044
Россией	Россия	LOC	LOC_95
России	Россия	LOC	LOC_95
Россию	Россия	LOC	LOC_95
СНВ-3	снв - 3	ORG	ORG_4801
США	США	LOC	LOC_69
Северный поток — 2	северный поток — 2	PRO	PRO_3550
Сирии	Сирия	LOC	LOC_3797
Соединенных Штатов	соединить Штат	LOC	LOC_69
Украины	Украина	LOC	LOC_318
российского МИД	российский МИД	ORG	ORG_2743
