ru-143
Brookings Institution	Brookings Institution	ORG	ORG_5319
COVID-19	COVID - 19	EVT	EVT_233
Center for responsive politics	Center for responsive politics	ORG	ORG_5218
Esquire	Esquire	PRO	PRO_5316
Forbes	Форбс	ORG	ORG_1068
NPR	NPR	ORG	ORG_2939
Nord Stream-2	Nord Stream - 2	ORG	ORG_5320
Real Clear Polls	Real Clear Polls	PRO	PRO_5321
Reuters	Reuters	ORG	ORG_153
The Celebrity Apprentice	The Celebrity Apprentice	PRO	PRO_5313
Алабаму	алаба	LOC	LOC_3330
Алексея Навального	Алексей Навальный	PER	PER_4644
Байден	Байден	LOC	LOC_3557
Байдена	Байден	PER	PER_3577
Бараке Обаме	барак Обам	PER	PER_3496
Берни Сандерса	Берни Сандерс	PER	PER_3472
Ближнем Востоке	ближний Восток	LOC	LOC_841
Вермонта	вермонт	LOC	LOC_1737
ДРСМД	дрсмд	ORG	ORG_5233
Делавэр	Делавэр	LOC	LOC_3342
Джилл Трейси Якобс	Джилл Трейси Якобс	PER	PER_5318
Джо Байден	Джо Байден	PER	PER_76
Договора по	договор по	PRO	PRO_1452
Дональд Трамп	Дональд Трамп	PER	PER_70
Дональда Трампа	Дональд Трамп	PER	PER_70
Европе	Европа	LOC	LOC_49
Индианы	индиан	LOC	LOC_336
Индии	Индия	LOC	LOC_336
Ирак	Ирак	LOC	LOC_177
Калифорнии	Калифорния	LOC	LOC_102
Калифорния	Калифорния	LOC	LOC_102
Камала Харрис	камал Харрис	PER	PER_1984
Китаем	Китай	LOC	LOC_56
Китай	Китай	LOC	LOC_56
Колина Пауэлла	Колин Пауэлл	PER	PER_5322
Ливию	Ливия	LOC	LOC_108
Майкл Пенс	Майкл Пенс	PER	PER_3847
Мелании Трамп	мелание Трамп	PER	PER_1738
Москвой	Москва	LOC	LOC_316
Москвы	Москва	LOC	LOC_316
Мэн	Мэн	LOC	LOC_3318
НАТО	НАТО	ORG	ORG_864
Наоми	Наоми	PER	PER_4380
Небраска	Небраска	LOC	LOC_104
Небраске	небраска	LOC	LOC_104
Нелия	нелий	PER	PER_4379
Нью-Гэмпшир	Нью-Гэмпшир	LOC	LOC_3454
Нью-Йорке	Нью-Йорк	LOC	LOC_2256
Персидском заливе	персидский залив	LOC	LOC_5317
Россией	Россия	LOC	LOC_95
России	Россия	LOC	LOC_95
Россию	Россия	LOC	LOC_95
СНВ-3	снв - 3	ORG	ORG_4801
США	США	LOC	LOC_69
Сан-Франциско	сан-франциско	LOC	LOC_2698
Сиракузский университет	сиракузский университет	ORG	ORG_3692
Словении	Словения	LOC	LOC_831
Талибан	Талибан	ORG	ORG_4531
Техасе	Техас	LOC	LOC_1022
Трамп	Трамп	PER	PER_977
Трампа	Трамп	PER	PER_70
Университет Делавэра	университет Делавэр	ORG	ORG_3691
Федеральная избирательная комиссия США	федеральный избирательный комиссия США	ORG	ORG_3830
Федеральный округ Колумбия	федеральный округ Колумбия	LOC	LOC_517
Флориде	Флорида	LOC	LOC_894
Фреда Трампа	Фреда Трамп	PER	PER_70
Хантер	Хантер	PER	PER_5161
Эшли	Эшли	PER	PER_3596
Юридической школы Университета Индианы	юридический школа Университет Индиан	ORG	ORG_4534
Ямайки	Ямайки	LOC	LOC_4437
афроамериканкой	афроамериканка	PER	PER_3432
демократов	демократ	PER	PER_2172
демократы	демократ	PER	PER_2172
комитет по международным отношениям	комитет по международный отношение	ORG	ORG_3695
коронавируса	коронавирус	EVT	EVT_3
небу	небо	PRO	PRO_5315
открытому	открытый	EVT	EVT_5314
палате представителей конгресса	палата представитель конгресс	ORG	ORG_4061
республиканца	республиканец	PER	PER_1985
республиканцы	республиканец	ORG	ORG_2775
судебный комитет	судебный комитет	ORG	ORG_4153
