ru-41
CNN	CNN	ORG	ORG_383
Байден	Байден	PER	PER_3577
Вашингтоне	Вашингтон	LOC	LOC_183
Демократической	демократический	ORG	ORG_3320
Джо Байдена	Джо Байден	PER	PER_76
Дональда Трампа	Дональд Трамп	PER	PER_70
Коллегии выборщиков	коллегия выборщик	ORG	ORG_3309
Коллегию выборщиков	коллегия выборщик	ORG	ORG_3309
Колумбия	Колумбия	LOC	LOC_517
Конгресс США	Конгресс США	ORG	ORG_4061
Конгресса	Конгресс	ORG	ORG_3350
Конгрессе	Конгресс	ORG	ORG_3350
Конституция США	Конституция США	PRO	PRO_43
Мэн	Мэн	LOC	LOC_3318
Небраска	Небраска	LOC	LOC_104
Палатой Представителей	палата представитель	ORG	ORG_3333
Республиканской партиями	республиканский партия	ORG	ORG_3908
США	США	LOC	LOC_69
Триумф Байдена	триумф Байден	PER	PER_5587
