ru-61
ABC News	ABC News	PRO	PRO_3458
CNN	CNN	ORG	ORG_383
Instagram	Instagram	PRO	PRO_301
New York Times	New York Times	PRO	PRO_51
OBOZREVATEL	OBOZREVATEL	ORG	ORG_2752
Proud Boys	Proud Boys	ORG	ORG_4009
QAnon	QAnon	ORG	ORG_3420
Reuters	Reuters	ORG	ORG_153
Twitter	Twitter	PRO	PRO_71
USA Today	USA Today	PRO	PRO_4866
YouTube	ютьюб	PRO	PRO_2278
Александром Лукашенко	Александр Лукашенко	PER	PER_1973
Ангела Меркель	Ангела Меркель	PER	PER_117
Анкара	анкара	LOC	LOC_2658
Байден	Байден	PER	PER_3577
Байдена	Байден	PER	PER_3577
Беларуси	Беларуси	LOC	LOC_1
Белого дома	белый дом	LOC	LOC_72
Белый дом	белый дом	LOC	LOC_72
Борис Джонсон	Борис Джонсон	PER	PER_52
Вашингтон	Вашингтон	LOC	LOC_183
Вашингтона	Вашингтон	LOC	LOC_183
Вашингтоне	Вашингтон	LOC	LOC_183
Вашингтоном	Вашингтон	LOC	LOC_183
Великобритании	Великобритания	LOC	LOC_6
Виргиния	Виргиния	LOC	LOC_3851
Владимира	Владимир	PER	PER_2244
Германии	Германия	LOC	LOC_27
Давид Сассоли	Давид Сассоли	PER	PER_1453
Джейк Анджели	джейк Анджели	PER	PER_4872
Джо Байдена	Джо Байден	PER	PER_76
Джозефа Байдена	Джозеф Байден	PER	PER_76
Джорджии	Джорджия	LOC	LOC_2174
Дмитрий Кулеба	Дмитрий Кулеба	PER	PER_2331
Дональд Трамп	Дональд Трамп	PER	PER_70
Дональда Трампа	Дональд Трамп	PER	PER_70
ЕС	ес	ORG	ORG_5
Европарламента	европарламент	ORG	ORG_129
Евросовета	евросовет	ORG	ORG_5
Йенс Столтенберг	Йенс Столтенберг	PER	PER_4194
Канады	Канада	LOC	LOC_78
Капитолийского холма	капитолийский холм	LOC	LOC_3645
Капитолийском холме	капитолийский холм	LOC	LOC_3645
Капитолия	капитолия	LOC	LOC_4667
Капитолия США	капитолия США	ORG	ORG_4865
Конгресс	Конгресс	ORG	ORG_3350
Конгресс США	Конгресс США	ORG	ORG_4061
Конгресса	Конгресс	ORG	ORG_3350
Конгресса США	Конгресс США	ORG	ORG_4061
Конгрессу	Конгресс	ORG	ORG_3350
Конституции США	Конституция США	PRO	PRO_43
Кулеба	кулеба	PER	PER_4868
МИД Турции	мид Турция	ORG	ORG_4819
МИД ФРГ	мид ФРГ	ORG	ORG_4819
Майк Пенс	Майк Пенс	PER	PER_3847
Майка Пенса	Майк Пенс	PER	PER_3847
Меркель	Меркель	PER	PER_117
Мюриел Баузер	мюриел Баузер	PER	PER_4199
Мюриэл Баузер	Мюриэл Баузер	PER	PER_4199
НАТО	НАТО	ORG	ORG_864
Национального комитета Демократической партии	национальный комитет демократический партия	ORG	ORG_3718
Национального комитета Республиканской партии	национальный комитет республиканский партия	ORG	ORG_3718
Национальной гвардии	национальный гвардия	ORG	ORG_4726
Ненси Пелоси	ненся Пелось	PER	PER_3442
Нэнси Пелоси	Нэнси Пелось	PER	PER_3442
Палаты представителей	Палата представитель	ORG	ORG_3333
Палаты представителей США	Палата представитель США	ORG	ORG_4061
Пелоси	пелось	PER	PER_4871
Пенса	пенс	PER	PER_1461
Пенсильвании	пенсильвание	LOC	LOC_2427
Пенсильвания	Пенсильвание	LOC	LOC_101
Пенсу	пенс	PER	PER_1461
Пентагоне	Пентагон	LOC	LOC_3360
Путина	Путин	PER	PER_315
Республиканского национального комитета	республиканский национальный комитет	ORG	ORG_3718
России	Россия	LOC	LOC_95
США	США	LOC	LOC_69
Сенат США	Сенат США	ORG	ORG_3345
Сената	сенат	ORG	ORG_1012
Соединенные Штаты	Соединить Штат	LOC	LOC_69
Трамп	Трамп	PER	PER_977
Трампа	Трамп	PER	PER_70
Трампу	трампа	PER	PER_977
Украины	Украина	LOC	LOC_318
Франсуа-Филипп Шампань	франсуа-филипп Шампань	PER	PER_4869
Хейко Маас	хейко Маас	PER	PER_3602
Чак Шумер	чак Шумер	PER	PER_1665
Чед Вулф	Чед Вулф	PER	PER_4870
Шарль Мишель	Шарль Мишель	PER	PER_1333
