ru-70
CNN Forecast	CNN Forecast	ORG	ORG_383
Fivethirtyeight	Fivethirtyeight	ORG	ORG_3366
Fivethirtyeight.com	Fivethirtabight.t.m	PRO	PRO_5096
Fox News	Fox News	PRO	PRO_3308
MSNBC	MSNBC	PRO	PRO_3533
NYT	nyt	PRO	PRO_277
Politico	Politico	PRO	PRO_543
RealClearPolitics	RealClearPolitics	ORG	ORG_3365
Vox	Vox	ORG	ORG_2574
Клинтон	Клинтон	PER	PER_3473
Конгресс	Конгресс	ORG	ORG_3350
Обамой	Обама	PER	PER_1706
Палате представителей	палата представитель	ORG	ORG_3333
Сook Political Report	Сook Political Report	ORG	ORG_5104
США	США	LOC	LOC_69
Сенате	Сенат	ORG	ORG_1012
Трамп	Трамп	PER	PER_977
Трампа	Трамп	PER	PER_70
Харри Энтен	Харри Энтен	PER	PER_4746
Хиллари	Хиллари	PER	PER_4879
палаты Конгресс	палата Конгресс	ORG	ORG_4657
президентская	президентский	ORG	ORG_5103
президентских выборов 2020	президентский выборы 2020	EVT	EVT_4818
республиканцев	республиканец	PER	PER_1985
