ru-135
AP	AP	ORG	ORG_451
Fox News	Fox News	PRO	PRO_3308
OBOZREVATEL	OBOZREVATEL	ORG	ORG_2752
Аризоны	Аризона	LOC	LOC_1748
Байден	Байден	PER	PER_3577
Байдена	Байден	PER	PER_3577
Байдену	Байден	PER	PER_2995
Вашингтон	Вашингтон	LOC	LOC_183
Вермонт	Вермонт	LOC	LOC_1737
Верховного суда	верховный суд	ORG	ORG_5356
Верховный суд	верховный суд	ORG	ORG_5356
Гавайев	Гавайев	LOC	LOC_3558
Гавайи	Гавайи	LOC	LOC_3558
Демократической партии	демократический партия	ORG	ORG_584
Джо Байдена	Джо Байден	PER	PER_76
Джо Байдену	Джо Байден	PER	PER_76
Джорджии	Джорджия	PER	PER_2171
Дональд Трамп	Дональд Трамп	PER	PER_70
Дональда Трампа	Дональд Трамп	PER	PER_70
Калифорнии	Калифорния	LOC	LOC_102
Камале Харрис	Камала Харрис	PER	PER_1984
Колумбия	Колумбия	ORG	ORG_5214
Конституции США	Конституция США	PRO	PRO_43
Невады	невад	LOC	LOC_1153
Орегоны	орегон	LOC	LOC_2170
Пенсильвании	пенсильвание	LOC	LOC_2427
Республиканская партия	республиканский партия	ORG	ORG_584
Республиканской партии	республиканский партия	ORG	ORG_584
США	США	LOC	LOC_69
Техаса	техас	LOC	LOC_1022
Трамп	Трамп	PER	PER_977
Трампа	Трамп	PER	PER_70
Трампу	трампа	PER	PER_977
демократу Байдену	демократ Байден	PER	PER_2172
