ru-137
CNN	CNN	ORG	ORG_383
Getty	Getty	PRO	PRO_4949
Getty Images	Getty Images	PRO	PRO_4949
NYT	nyt	PRO	PRO_277
New York Times	New York Times	PRO	PRO_51
Youtube	Youtube	PRO	PRO_2278
Америка	Америка	LOC	LOC_69
Ангела Меркель	Ангела Меркель	PER	PER_117
Антониу Гутерриш	Антониу Гутерриш	PER	PER_269
Аризона	Аризон	LOC	LOC_1748
Аризоне	Аризона	LOC	LOC_1748
Аризоной	аризоная	LOC	LOC_1748
Аризону	аризон	ORG	ORG_5207
Байден	Байден	PER	PER_3577
Байдена	Байден	PER	PER_3577
Барак Обама	Барак Обама	PER	PER_3496
Белого дома	белый дом	LOC	LOC_72
Белый дом	белый дом	LOC	LOC_72
Билла Клинтона	Билла Клинтон	PER	PER_2175
Биньямин Нетаньяху	Биньямин Нетаньях	PER	PER_5292
Вашингтона	Вашингтон	LOC	LOC_183
Вашингтоне	Вашингтон	LOC	LOC_183
Владимир Путин	Владимир Путин	PER	PER_315
Германии	Германия	LOC	LOC_27
Гринвичу	гринвич	LOC	LOC_392
Джо Байден	Джо Байден	PER	PER_76
Джо Байдена	Джо Байден	PER	PER_76
Джорджией	джорджия	LOC	LOC_2174
Джорджии	Джорджия	LOC	LOC_2174
Джорджия	Джорджия	LOC	LOC_2174
Джош Хоули	Джош Хоули	PER	PER_3398
Джоша Хоули	Джош Хоули	PER	PER_3398
Дональд Трамп	Дональд Трамп	PER	PER_70
Дональда Трампа	Дональд Трамп	PER	PER_70
Дональдом Трампом	Дональд Трамп	PER	PER_70
Дэна Скавино	Дэна Скавино	PER	PER_4760
Израиля	Израиль	LOC	LOC_833
Инстаграм	инстагра	ORG	ORG_4688
Капитолийского холма	капитолийский холм	LOC	LOC_3645
Капитолийском холме	капитолийский холм	LOC	LOC_3645
Капитолия	капитолия	ORG	ORG_4639
Китай	Китай	LOC	LOC_56
Клинтон	Клинтон	PER	PER_3473
Конгресс	Конгресс	ORG	ORG_3350
Конгресс США	Конгресс США	ORG	ORG_4061
Конгресса	Конгресс	ORG	ORG_3350
Конгрессе	Конгресс	ORG	ORG_3350
Майк Пенс	Майк Пенс	PER	PER_3847
Марко Рубио	Марко Рубио	PER	PER_656
Митт Ромни	митт Ромня	PER	PER_3399
Мичиганом	мичиган	LOC	LOC_99
Мюриэл Баузер	Мюриэл Баузер	PER	PER_4199
Невадой	невада	LOC	LOC_1153
ООН	оон	ORG	ORG_268
Обама	Обама	PER	PER_3496
Палата представителей	Палата представитель	ORG	ORG_3333
Пенс	пенс	PER	PER_1461
Пенсильванией	пенсильвание	LOC	LOC_101
Путин	Путин	PER	PER_315
Пэтом Чиполлоне	пэт Чиполлон	PER	PER_5606
Республиканской партии	республиканский партия	ORG	ORG_584
Роберт Конти	Роберт Конть	PER	PER_535
Ромни	Ромня	PER	PER_3399
Россия	Россия	LOC	LOC_95
Рубио	Рубио	PER	PER_3857
США	США	LOC	LOC_69
Сан-Диего	Сан-Диего	LOC	LOC_1900
Сената	сенат	ORG	ORG_1012
Стивеном Мнучиным	Стивен Мнучин	PER	PER_1732
Твиттере	Твиттер	PRO	PRO_71
Твиттером	Твиттер	PRO	PRO_71
Тед Круз	Тед Круз	PER	PER_3395
Трамп	Трамп	PER	PER_977
Трампа	Трамп	PER	PER_70
Трампу	трампа	PER	PER_977
Фейсбуком	фейсбук	PRO	PRO_98
Флориды	флорид	LOC	LOC_894
Хоули	Хоули	PER	PER_3398
ЧС	чс	ORG	ORG_5348
президентских выборов 2020 года	президентский выборы 2020 год	EVT	EVT_4818
сенат	сенат	ORG	ORG_1012
