ru-155
AP	AP	ORG	ORG_451
Associated Press	Associated Press	ORG	ORG_2606
CrowdStrike	CrowdStrike	ORG	ORG_5439
Financial Times	Financial Times	PRO	PRO_460
Twitter	Twitter	PRO	PRO_71
Wilson Center	Wilson Center	ORG	ORG_5436
Белом доме	белый дом	LOC	LOC_72
Владимир Путин	Владимир Путин	PER	PER_315
Владимиру Зеленскому	Владимир Зеленский	PER	PER_2332
Демократической партии	демократический партия	ORG	ORG_584
Джон Кеннеди	Джон Кеннеди	PER	PER_626
Джордж Курц	Джордж Курц	PER	PER_3746
Дмитрий Алперович	Дмитрий Алперович	PER	PER_5440
Дональда Трампа	Дональд Трамп	PER	PER_70
Европу	Европа	LOC	LOC_49
Калифорнии	Калифорния	LOC	LOC_102
Киев	Киев	LOC	LOC_317
Клинтон	Клинтон	PER	PER_3473
Конгрессу	Конгресс	ORG	ORG_3350
Лещенко	Лещенко	PER	PER_5437
Манафорт	манафорт	PRO	PRO_5438
Нина Янкович	Нина Янкович	PER	PER_2280
Пол Манафорт	пол Манафорт	PER	PER_3505
Путин	Путин	PER	PER_315
Республиканской партии	республиканский партия	ORG	ORG_584
Рик Гейтс	Рик Гейтс	PER	PER_3356
Роберт Мюллер	Роберт Мюллер	PER	PER_3486
Роджер Стоун	Роджер Стоун	PER	PER_3001
России	Россия	LOC	LOC_95
Россия	Россия	LOC	LOC_95
Руди Джулиани	Руди Джулиани	PER	PER_5227
США	США	LOC	LOC_69
Сенате	Сенат	ORG	ORG_1012
Сергея Лещенко	Сергей Лещенко	PER	PER_5437
Трамп	Трамп	PER	PER_977
Трампа	Трамп	PER	PER_70
Трампу	трампа	PER	PER_977
УНИАН	униан	ORG	ORG_268
Украина	Украина	LOC	LOC_318
Украине	Украина	LOC	LOC_318
Украиной	Украина	LOC	LOC_318
Украину	Украина	LOC	LOC_318
Украины	Украина	LOC	LOC_318
ФБР	ФБР	ORG	ORG_3418
Фиона Хилл	фиона Хилл	PER	PER_5441
Хилл	Хилл	PER	PER_4879
Хиллари	Хиллари	PER	PER_4879
Хиллари Клинтон	Хиллари Клинтон	PER	PER_2175
верхней палаты Конгресса	верхний палата Конгресс	ORG	ORG_4657
демократов	демократ	PER	PER_2172
