ru-74
COVID-паспорта	COVID - паспорт	ORG	ORG_2890
rueconomics.ru	rueconomics.ru	PRO	PRO_2827
АТЭС	атэс	ORG	ORG_1611
Алексея Навального	Алексей Навальный	PER	PER_4644
Анатолий Альтштейн	Анатолий Альтштейн	PER	PER_5201
Белого дома	белый дом	LOC	LOC_72
Белый дом	белый дом	LOC	LOC_72
Вашингтон	Вашингтон	LOC	LOC_183
Вашингтона	Вашингтон	LOC	LOC_183
Вашингтоне	Вашингтон	LOC	LOC_183
Вашингтону	Вашингтон	LOC	LOC_183
Виктории Юрьевны	виктория Юрьевна	PER	PER_106
Виктория Журавлева	Виктория Журавлев	PER	PER_106
Владимир Ашурков	Владимир Ашурков	PER	PER_3270
Владимир Зеленский	Владимир Зеленский	PER	PER_2332
Владимир Путин	Владимир Путин	PER	PER_315
Владимиром Путиным	Владимир Путин	PER	PER_315
Волжского	волжский	LOC	LOC_780
Вьетнаме	Вьетнам	LOC	LOC_660
Вячеслав Володин	Вячеслав Володин	PER	PER_2332
Газпром-медиа	газпром - медиа	ORG	ORG_4852
Госдумы РФ	Госдума РФ	ORG	ORG_4847
Джо Байден	Джо Байден	PER	PER_76
Дмитрий Песков	Дмитрий Песков	PER	PER_159
Дональд Трамп	Дональд Трамп	PER	PER_70
Журавлева	Журавлев	PER	PER_993
ИМЭМО РАН	имэмо РАН	ORG	ORG_4845
Имарат Кавказ	имарат Кавказ	ORG	ORG_4850
Ингушетии	Ингушетия	LOC	LOC_4849
Конгресс США	Конгресс США	ORG	ORG_4061
Конгресса	Конгресс	ORG	ORG_3350
Конгресса США	Конгресс США	ORG	ORG_4061
Константин Сивков	Константин Сивков	PER	PER_147
Кремля	Кремль	LOC	LOC_150
Крыма	Крым	LOC	LOC_2855
Марина Афанасьева	Марина Афанасьев	PER	PER_4854
Марк Уилмор	Марк Уилмор	PER	PER_4051
Москве	Москва	LOC	LOC_316
Москвы	Москва	LOC	LOC_316
НАТО	НАТО	ORG	ORG_864
Песняры	песняр	ORG	ORG_4848
Путин	Путин	PER	PER_315
Путин-Трамп	путин-трамп	PER	PER_315
Путина	Путин	PER	PER_315
Путину	Путин	PER	PER_315
Путиным	Путин	PER	PER_315
РФ	РФ	LOC	LOC_95
Россией	Россия	LOC	LOC_95
России	Россия	LOC	LOC_95
Российской академии ракетных и артиллерийских наук	российский академия ракетный и артиллерийский наука	ORG	ORG_5200
Россия	Россия	LOC	LOC_95
Ростислав Ищенко	Ростислав Ищенко	PER	PER_4851
США	США	LOC	LOC_69
Сергей Цеков	Сергей Цеков	PER	PER_2926
Симпсоны	симпсон	PRO	PRO_5199
Сирию	Сирия	LOC	LOC_3797
Трамп	Трамп	PER	PER_977
Трампа	Трамп	PER	PER_70
Трампом	Трамп	PER	PER_977
Трампу	трампа	PER	PER_977
Триколором	триколор	ORG	ORG_4853
Украину	Украина	LOC	LOC_318
Украины	Украина	LOC	LOC_318
ФАН	фан	ORG	ORG_2963
ФСБ	фсб	ORG	ORG_3418
ЭЛ	эл	PRO	PRO_4861
Экономика	экономика	ORG	ORG_4846
демократов	демократ	PER	PER_2172
конгресс США на АТЭС	конгресс США на АТЭС	EVT	EVT_5198
республиканцев	республиканец	PER	PER_1985
