ru-84
CNN	CNN	ORG	ORG_383
Facebook	Фейсбук	PRO	PRO_98
FiveThirtyEight	FiveThirtyEight	PRO	PRO_4629
Medicaid	Medicaid	PRO	PRO_4806
NASA	НАСА	ORG	ORG_4024
NBC News	NBC News	PRO	PRO_3458
Obamacare	Obamacare	ORG	ORG_4813
Quinnipiac	Quinnipiac	ORG	ORG_3643
Reuters	Reuters	ORG	ORG_153
Telegram	Telegram	PRO	PRO_2596
The Washington Post	The Washington Post	PRO	PRO_3763
Азиатско-Тихоокеанского	азиатский - тихоокеанский	LOC	LOC_58
Айовы	айова	LOC	LOC_3825
Америке	Америка	LOC	LOC_69
Америку	Америка	LOC	LOC_69
Аризона	Аризон	LOC	LOC_1748
Аризоны	Аризона	LOC	LOC_1748
Афганистане	Афганистан	LOC	LOC_4648
Барака Обамы	Барак Обама	PER	PER_3496
Бето	бето	ORG	ORG_4814
Билл Нельсон	Билл Нельсон	PER	PER_3539
Билла Клинтона	Билла Клинтон	PER	PER_2175
Ближнем Востоке	ближний Восток	LOC	LOC_841
Вирджинии	Вирджиния	LOC	LOC_3851
Гарри Трумена	Гарри Трумен	PER	PER_4804
Данкана Хантера	данкан Хантер	PER	PER_4811
Демократическая партия	демократический партия	ORG	ORG_584
Демократической партии	демократический партия	ORG	ORG_584
Джефф Флейк	Джефф Флейк	PER	PER_4807
Джорджа Буша-младшего	Джордж Буш - младший	PER	PER_3450
Договора о ракетах средней и малой дальности 1987 г.	договор о ракета средний и малый дальность 1987 год	PRO	PRO_4812
Дональда Трампа	Дональд Трамп	PER	PER_70
Донбасса	Донбасс	LOC	LOC_2621
Дэвида Леонхардта	Дэвид Леонхардт	PER	PER_4805
ЕС	ес	ORG	ORG_5
Евросоюза	Евросоюз	ORG	ORG_5
Евросоюзом	Евросоюз	ORG	ORG_5
Западная Вирджиния	западный Вирджиния	LOC	LOC_3373
Израилем	Израиль	LOC	LOC_833
Ираке	Ирак	LOC	LOC_177
Ирана	Иран	LOC	LOC_177
Ираном	Иран	LOC	LOC_177
Ирану	иран	LOC	LOC_177
Канзаса	Канзас	LOC	LOC_3371
Киев	Киев	LOC	LOC_317
Китаем	Китай	LOC	LOC_56
Китая	Китай	LOC	LOC_56
Клинтон	Клинтон	ORG	ORG_3396
Конгресс	Конгресс	ORG	ORG_3350
Конгресс США	Конгресс США	ORG	ORG_4061
Конгресса	Конгресс	ORG	ORG_3350
Конгресса США	Конгресс США	ORG	ORG_4061
Конгрессе	Конгресс	ORG	ORG_3350
Кремль	Кремль	LOC	LOC_150
Криса Коллинса	Криса Коллинс	PER	PER_4810
Круз	Круз	PER	PER_3395
Круза	Круз	ORG	ORG_4815
Крым	Крым	LOC	LOC_2855
Линдона Джонсона	Линдон Джонсон	PER	PER_1154
Марта Максалли	март Максалли	PER	PER_3326
Мексики	Мексика	LOC	LOC_79
Мексикой	Мексика	LOC	LOC_79
Миннесоты	миннесот	LOC	LOC_100
Мюллера	Мюллер	PER	PER_4809
Невада	Невада	LOC	LOC_1153
Ненси Пелоси	ненся Пелось	PER	PER_3442
Нью-Джерси	Нью-Джерси	LOC	LOC_103
Нью-Мексико	Нью-Мексико	LOC	LOC_79
ООН	оон	ORG	ORG_268
Обамы	обама	PER	PER_1706
О’Рурк	о’рурк	PER	PER_3481
Палате представителей	палата представитель	ORG	ORG_3333
Палате представителей США	палата представитель США	ORG	ORG_4061
Палату представителей	Палата представитель	ORG	ORG_3333
Пенсильвании	пенсильвание	LOC	LOC_2427
Путина	Путин	PER	PER_315
РФ	РФ	LOC	LOC_95
Республиканского национального комитета	республиканский национальный комитет	ORG	ORG_3718
Республиканской партии	республиканский партия	ORG	ORG_584
Рик Скотт	Рик Скотт	PER	PER_3433
Рика Скотта	Рика Скотт	PER	PER_3433
Ричард Оджеда	Ричард Оджед	PER	PER_4816
Рональда Рейгана	Рональд Рейган	PER	PER_4537
России	Россия	LOC	LOC_95
Россию	Россия	LOC	LOC_95
Россия	Россия	LOC	LOC_95
США	США	LOC	LOC_69
Сенат	Сенат	ORG	ORG_1012
Сенате	Сенат	ORG	ORG_1012
Сирии	Сирия	LOC	LOC_3797
Скотт	Скотт	PER	PER_3433
Тед Круз	Тед Круз	PER	PER_3395
Тедом Крузом	Тед Круз	PER	PER_3395
Техаса	техас	LOC	LOC_1022
Техасе	Техас	LOC	LOC_1022
Трамп	Трамп	PER	PER_977
Трампа	Трамп	PER	PER_70
Трампом	Трамп	PER	PER_977
Трансатлантическое	трансатлантический	ORG	ORG_4817
Турции	Турция	LOC	LOC_138
Украине	Украина	LOC	LOC_318
Украину	Украина	LOC	LOC_318
Украины	Украина	LOC	LOC_318
Флорида	Флорида	LOC	LOC_894
Флориде	Флорида	LOC	LOC_894
Хиллари Клинтон	Хиллари Клинтон	PER	PER_2175
демократов	демократ	PER	PER_2172
демократы	демократ	PER	PER_2172
президентских выборов	президентский выборы	EVT	EVT_4818
президентства	президентство	EVT	EVT_3840
республиканцев	республиканец	PER	PER_1985
южных штатов	южный штат	LOC	LOC_1956
