ru-57
CNN	CNN	ORG	ORG_383
Facebook	Фейсбук	ORG	ORG_96
Graphika	Graphika	PRO	PRO_2494
Instagram	Instagram	PRO	PRO_301
NBC	NBC	PRO	PRO_243
USA Today	USA Today	PRO	PRO_4866
Америки	Америка	LOC	LOC_69
Байден	Байден	PER	PER_3577
Байдена	Байден	PER	PER_3577
Байденом	Байден	PER	PER_3577
Байдену	Байден	PER	PER_2995
Восточной Европе	восточный Европа	LOC	LOC_49
Демократической партии	демократический партия	ORG	ORG_584
Джо Байден	Джо Байден	PER	PER_76
Джо Байдена	Джо Байден	PER	PER_76
Дональда Трампа	Дональд Трамп	PER	PER_70
Иран	Иран	LOC	LOC_177
Ирана	Иран	LOC	LOC_177
Латинскую Америку	латинский Америка	LOC	LOC_219
Марк Цукерберг	Марк Цукерберг	PER	PER_5373
Порошенко	Порошенко	PER	PER_4747
Путин	Путин	PER	PER_315
Путина	Путин	PER	PER_315
Путину	Путин	PER	PER_315
Путиным	Путин	PER	PER_315
РИА Новости	риа новость	ORG	ORG_158
России	Россия	LOC	LOC_95
Россия	Россия	LOC	LOC_95
США	США	LOC	LOC_69
Северную Африку	северный Африка	LOC	LOC_157
Соединенные Штаты	Соединить Штат	LOC	LOC_69
Соединенным Штатам	соединить Штат	LOC	LOC_69
Соединенных Штатов	соединить Штат	LOC	LOC_69
Трамп	Трамп	PER	PER_977
Украине	Украина	LOC	LOC_318
Украины	Украина	LOC	LOC_318
Цукерберг	Цукерберг	PER	PER_5373
владимир путин	владимир путин	PER	PER_5376
дональд трамп	дональд трамп	PRO	PRO_5374
россиянами	россиянин	PER	PER_1372
