ru-194
Never	Never	ORG	ORG_5638
Америка	Америка	LOC	LOC_69
Америки	Америка	LOC	LOC_69
Америкой	Америка	ORG	ORG_5164
Байдена	Байден	PER	PER_3577
Байдена демократов	байден демократ	PER	PER_2172
Байдену	Байден	PER	PER_2995
Безоз	безоз	PER	PER_5643
Верховный Суд	верховный суд	ORG	ORG_5356
ГРЭС	ГРЭС	ORG	ORG_2591
Германия	Германия	LOC	LOC_27
Голос	голос	ORG	ORG_5636
Демократическая партия	демократический партия	ORG	ORG_584
Демократы	демократ	ORG	ORG_3320
Джангирову	Джангиров	PER	PER_908
ДиаМат	диамат	PRO	PRO_5640
Дмитрия Гайдука	Дмитрий Гайдук	PER	PER_5641
Израиля	Израиль	LOC	LOC_833
Илона нашего Маска	Илона наш маска	PER	PER_5646
КОБ	коб	ORG	ORG_2478
Кант	кант	PER	PER_551
Китая	Китай	LOC	LOC_56
Клинтон	Клинтон	LOC	LOC_4878
Кортез	кортез	PER	PER_466
Маккейн	Маккейн	PER	PER_3328
Максвелл	Максвелл	PER	PER_5187
Маск	маск	PER	PER_5250
Маска	маска	PER	PER_3167
Меланье	меланье	PER	PER_4002
Ньютона	Ньютон	PER	PER_5058
Обаму	Обама	LOC	LOC_4902
ПТУ	пту	ORG	ORG_3130
РФ	РФ	LOC	LOC_95
Республиканская партия	республиканский партия	ORG	ORG_584
России	Россия	LOC	LOC_95
СССР	ссср	LOC	LOC_95
США	США	LOC	LOC_69
Сандерса	Сандерс	PER	PER_4446
Сидеть	сидеть	ORG	ORG_5635
Теслой	теслой	LOC	LOC_5645
Техас	Техас	LOC	LOC_1022
Тойоты	тойот	ORG	ORG_5647
Тояма	Тояма	PER	PER_3685
Трамп	Трамп	PER	PER_977
Трампа	Трамп	PRO	PRO_4867
Трампистов	трампист	PER	PER_5639
Трампом	Трамп	PER	PER_977
Трампу	трампа	PER	PER_977
ФРС	ФРС	LOC	LOC_5642
Фрейду	Фрейд	PER	PER_3690
Хиллари	Хиллари	PER	PER_4879
Холивуд в атаке	холивуд в атака	PRO	PRO_5637
верховном суде	верховный суд	ORG	ORG_4880
демократами-центристами	демократ - центрист	PER	PER_2172
демократов	демократ	PER	PER_2172
мексиканцами	мексиканец	PER	PER_3548
мексиканцев	мексиканец	PER	PER_3548
мексиканцев-биороботов	мексиканец - биоробот	PER	PER_5644
