ru-144
/	/	ORG	ORG_2571
EPA	EPA	ORG	ORG_2554
Getty Images	Getty Images	PRO	PRO_4949
Politico	Politico	PRO	PRO_543
UPG	UPG	ORG	ORG_3177
Адаму Шиффу	Адам Шиффу	PER	PER_5454
Белый дом	белый дом	LOC	LOC_72
Дональда Трампа	Дональд Трамп	PER	PER_70
Интерфакс-Украина	интерфакс - Украина	ORG	ORG_2721
Калифорния	Калифорния	LOC	LOC_102
Клинтон	Клинтон	LOC	LOC_4878
Конгресс США	Конгресс США	ORG	ORG_4061
Корреспондент.net	Корреспондент.net	ORG	ORG_3176
Минюст США	Минюст США	ORG	ORG_4917
Москва	Москва	LOC	LOC_316
РФ	РФ	LOC	LOC_95
Россией	Россия	LOC	LOC_95
России	Россия	LOC	LOC_95
Россия	Россия	LOC	LOC_95
США	США	LOC	LOC_69
Специальный комитет по разведке Конгресса США	специальный комитет по разведка Конгресс США	ORG	ORG_4767
Трампа	Трамп	PER	PER_70
Трампу	трампа	PER	PER_977
Украины	Украина	LOC	LOC_318
президентские	президентский	EVT	EVT_4818
президентские выборы 2016 года	президентский выборы 2016 год	EVT	EVT_5435
