ru-160
Fox News	Fox News	PRO	PRO_3308
Байдена	Байден	PER	PER_3577
Вадим	вадим	PER	PER_5119
Вашингтон	Вашингтон	LOC	LOC_183
Висконсина	Висконсин	LOC	LOC_527
Гретчен Уитмер	Гретчен Уитмер	PER	PER_1749
Джо Байдена	Джо Байден	PER	PER_76
Джорджем Бушем	Джорджем Буш	PER	PER_3450
Джорджии	Джорджия	LOC	LOC_2174
Калифорния	Калифорния	LOC	LOC_102
Капитолия	капитолия	ORG	ORG_4639
Коллегии	коллегия	ORG	ORG_4695
Коллегии выборщиков	коллегия выборщик	ORG	ORG_3309
Коллегию Выборщиков	коллегия Выборщиков	ORG	ORG_4761
Коллегия выборщиков	коллегия выборщик	ORG	ORG_3309
Конгресс	Конгресс	ORG	ORG_3350
Конгресса	Конгресс	ORG	ORG_3350
Майку Пенсу	майка Пенс	PER	PER_3847
Миллер	Миллер	PER	PER_5118
Мичигана	мичиган	LOC	LOC_99
Нью-Йорк	Нью-Йорк	LOC	LOC_2256
Округа Колумбия	округ Колумбия	LOC	LOC_517
Палаты представителей	Палата представитель	ORG	ORG_3333
Пенсильвании	пенсильвание	LOC	LOC_2427
США	США	LOC	LOC_69
Сената	сенат	ORG	ORG_1012
Стивен Миллер	Стивен Миллер	PER	PER_5118
Техас	Техас	LOC	LOC_1022
Трамп	Трамп	PER	PER_977
Трампа	Трамп	PER	PER_70
Уильям Барр	Уильям Барр	PER	PER_3354
Флорида	Флорида	LOC	LOC_894
Хиллари Клинтон	Хиллари Клинтон	PER	PER_2175
демократы	демократ	PER	PER_2172
конгрессменов	конгрессмен	PER	PER_3378
план Трампа	план Трамп	PRO	PRO_4867
президентской гонки 2020 года	президентский гонка 2020 год	EVT	EVT_4818
федерального правительства	федеральный правительство	ORG	ORG_4756
