ru-131
Neuralink	neuralink	ORG	ORG_4859
SpaceХ	SpaceХ	ORG	ORG_4858
Tesla	Tesla	ORG	ORG_4857
rueconomics.ru	rueconomics.ru	PRO	PRO_2827
Александр Домрин	Александр Домрин	PER	PER_4785
Алексея Навального	Алексей Навальный	PER	PER_4644
Америка	Америка	LOC	LOC_69
Аризоне	Аризона	LOC	LOC_1748
Байден	Байден	PER	PER_3577
Байдена	Байден	PER	PER_3577
Борис Пивовар	Борис Пивовар	PER	PER_30
Буша	Буш	PER	PER_1707
Вашингтон	Вашингтон	LOC	LOC_183
Вашингтона	Вашингтон	LOC	LOC_183
Виктории Нуланд	Виктория Нуланд	PER	PER_4919
Виргинии	Виргиния	LOC	LOC_3851
Владимир Ашурков	Владимир Ашурков	PER	PER_3270
Владимир Зеленский	Владимир Зеленский	PER	PER_2332
Владимир Путин	Владимир Путин	PER	PER_315
Волжского	волжский	LOC	LOC_780
Выборы президента США	выборы президент США	EVT	EVT_3873
Вячеслав Володин	Вячеслав Володин	PER	PER_2332
Газпром-медиа	газпром - медиа	ORG	ORG_4852
Гором	гором	PER	PER_3449
Госдумы РФ	Госдума РФ	ORG	ORG_4847
ДРСМД	дрсмд	ORG	ORG_5233
Джо Байден	Джо Байден	PER	PER_76
Договора по открытому небу	договор по открытый небо	PRO	PRO_4028
Домрин	домрин	PER	PER_5230
Дональд Трамп	Дональд Трамп	PER	PER_70
Илон Маск	Илон Маск	PER	PER_3026
Имарат Кавказ	имарат Кавказ	ORG	ORG_4850
Ингушетии	Ингушетия	LOC	LOC_4849
Института отраслевого менеджмента РАНХиГС	институт отраслевой менеджмент РАНХиГС	ORG	ORG_4860
Крыма	Крым	LOC	LOC_2855
Майдане	майдан	LOC	LOC_5235
Майкла Макфола	Майкла Макфол	PER	PER_3328
Макфол	макфол	PER	PER_5234
Марин Афанасьева	Марин Афанасьев	PER	PER_4854
Марс	Марс	LOC	LOC_4057
Мексикой	Мексика	LOC	LOC_79
Москвы	Москва	LOC	LOC_316
НАТО	НАТО	ORG	ORG_864
НИУ ВШЭ	НИУ ВШЭ	ORG	ORG_5231
Нуланд	Нуланд	PER	PER_4925
Обаме	Обам	ORG	ORG_4098
Палата представителей	Палата представитель	ORG	ORG_3333
Палату представителей	Палата представитель	ORG	ORG_3333
Палаты представителей	Палата представитель	ORG	ORG_3333
Патриот	патриот	ORG	ORG_951
Пенсильвании	пенсильвание	LOC	LOC_2427
Песняры	песняр	ORG	ORG_4848
РФ	РФ	LOC	LOC_95
Россией	Россия	LOC	LOC_95
России	Россия	LOC	LOC_95
Россия	Россия	LOC	LOC_95
Ростислав Ищенко	Ростислав Ищенко	PER	PER_4851
США	США	LOC	LOC_69
Сенат	Сенат	ORG	ORG_1012
Сергей Цеков	Сергей Цеков	PER	PER_2926
Техасе	Техас	LOC	LOC_1022
Трамп	Трамп	PER	PER_977
Трампу	трампа	PER	PER_977
Триколором	триколор	ORG	ORG_4853
Украине	Украина	LOC	LOC_318
Украину	Украина	LOC	LOC_318
Украины	Украина	LOC	LOC_318
ФСБ	фсб	ORG	ORG_3418
Федеральное агентство новостей	федеральный агентство новость	ORG	ORG_5232
Флорида	Флорида	LOC	LOC_894
Флориде	Флорида	LOC	LOC_894
ЭЛ	эл	PRO	PRO_4861
Экономика сегодня	экономика сегодня	ORG	ORG_4846
Южной Каролине	Южный Каролин	LOC	LOC_168
демократов	демократ	PER	PER_2172
демократы	демократ	PER	PER_2172
министерство инвестиций	министерство инвестиция	ORG	ORG_4855
президентских	президентский	EVT	EVT_4818
промышленности и науки Московской области	промышленность и наука московский область	ORG	ORG_4856
республиканцев	республиканец	PER	PER_1985
