ru-147
Burisma	Burisma	ORG	ORG_3620
Fox News	Fox News	PRO	PRO_3308
NBC News	NBC News	PRO	PRO_3458
New York	New York	ORG	ORG_2782
New York Post	New York Post	PRO	PRO_51
Post	Post	PRO	PRO_5225
RT	RT	ORG	ORG_5228
Sunday Morning Futures	Sunday Morning Futures	PRO	PRO_5223
The Hill	The Hill	PRO	PRO_4628
rt.com	rt.com	PRO	PRO_2827
Байден	Байден	PER	PER_3577
Байдена	Байден	PER	PER_3577
Байдена-младшего	Байден - младший	PER	PER_3782
Байденом	Байден	PER	PER_3577
Байденом-старшим	байден - старший	PER	PER_3782
Байдену	Байден	PER	PER_2995
Белый дом	белый дом	LOC	LOC_72
Боровая улица	боровой улица	LOC	LOC_1038
Вадима Пожарского	Вадим Пожарский	PER	PER_5224
Васильев	Васильев	PER	PER_4918
Вашингтон	Вашингтон	LOC	LOC_183
Виктор Шокин	Виктор Шокин	PER	PER_1220
Виктора Шокина	Виктор Шокин	PER	PER_1220
Владимир Васильев	Владимир Васильев	PER	PER_4918
Владимира Васильева	Владимир Васильев	PER	PER_4918
Делавэр	Делавэр	LOC	LOC_3342
Демпартии	демпартия	ORG	ORG_4656
Джо Байден	Джо Байден	PER	PER_76
Джо Байдена	Джо Байден	PER	PER_76
Джонсон	Джонсон	PER	PER_1154
Дональд Трамп	Дональд Трамп	PER	PER_70
Дональда Трампа	Дональд Трамп	PER	PER_70
Института США и Канады РАН	институт США и Канада РАН	ORG	ORG_4903
Киев	Киев	LOC	LOC_317
Киеве	Киев	LOC	LOC_317
Китае	Китай	LOC	LOC_56
Кристоферу Рэю	Кристофер Рэю	PER	PER_3453
МГУ	мгу	ORG	ORG_3130
Минюста	Минюст	ORG	ORG_4917
Москва	Москва	LOC	LOC_316
Республиканской партии	республиканский партия	ORG	ORG_584
Роберту Костелло	Роберт Костелло	PER	PER_5226
Рон Джонсон	Рон Джонсон	PER	PER_1154
Роскомнадзором	роскомнадзор	ORG	ORG_3044
России	Россия	LOC	LOC_95
Рудольф Джулиани	Рудольф Джулиани	PER	PER_5227
Рудольфа Джулиани	Рудольф Джулиани	PER	PER_5227
США	США	LOC	LOC_69
Симоньян М. С.	симоньян М. С.	PER	PER_5229
Совета по международным отношениям	Совет по международный отношение	ORG	ORG_2101
Соединённых Штатах	соединить Штат	LOC	LOC_69
Соединённых Штатов	соединить Штат	LOC	LOC_69
Трампа	Трамп	PER	PER_70
Украина	Украина	LOC	LOC_318
Украине	Украина	LOC	LOC_318
Украиной	Украина	LOC	LOC_318
Украины	Украина	LOC	LOC_318
ФБР	ФБР	ORG	ORG_3418
Федеральное бюро расследований	федеральный бюро расследование	ORG	ORG_4204
Фонда изучения США имени Франклина Рузвельта	Фонд изучение США имя Франклин Рузвельт	ORG	ORG_4956
Хантер	Хантер	PER	PER_5161
Хантер Байден	Хантер Байден	PER	PER_3618
Хантера Байдена	Хантер Байден	PRO	PRO_5222
Хантеру Байдену	Хантер Байден	PER	PER_5161
Хиллари Клинтон	Хиллари Клинтон	PER	PER_2175
Шокин	шокин	PER	PER_4702
Юрий Рогулёв	Юрий Рогулёв	PER	PER_4958
Юрия Рогулёва	Юрий Рогулев	PER	PER_4958
верхней палаты конгресса США	верхний палата конгресс США	ORG	ORG_4061
демократов	демократ	PER	PER_2172
демократы	демократ	PER	PER_2172
комитета по национальной безопасности	комитет по национальный безопасность	ORG	ORG_4124
конгрессменов-республиканцев	конгрессмен - республиканец	PER	PER_1985
республиканцев	республиканец	PER	PER_1985
