ru-2
CNN	CNN	PRO	PRO_243
FiveThirtyEight	FiveThirtyEight	ORG	ORG_3366
Gallup	Gallup	ORG	ORG_5582
The New Yorker	The New Yorker	PRO	PRO_51
Twitter	Twitter	PRO	PRO_71
USA Today	USA Today	PRO	PRO_4866
Айдахо	Айдахо	LOC	LOC_522
Айове	Айова	LOC	LOC_3370
Актуальные комментарии	актуальный комментарий	PRO	PRO_5586
Алабаме	Алабама	LOC	LOC_3330
Америка	Америка	LOC	LOC_69
Аризоне	Аризона	LOC	LOC_1748
Арканзасе	арканзас	LOC	LOC_3375
Байден	Байден	PER	PER_3577
Байдена	Байден	PER	PER_3577
Белом доме	белый дом	LOC	LOC_72
Белому дому	белый дом	LOC	LOC_72
Брукс	Брукс	EVT	EVT_4972
Вайоминге	вайоминг	LOC	LOC_3372
Вашингтон	Вашингтон	LOC	LOC_183
Вермонт	Вермонт	LOC	LOC_1737
Верховный суд	верховный суд	ORG	ORG_5356
Вирджиния	Вирджиния	LOC	LOC_3851
Висконсин	Висконсин	LOC	LOC_527
Гавайи	Гавайи	LOC	LOC_3558
Делавэр	Делавэр	LOC	LOC_3342
Денвере	Денвер	LOC	LOC_5585
Джо Байден	Джо Байден	PER	PER_76
Джорджу Бушу	Джордж Буш	PER	PER_3450
Дональда Трампа	Дональд Трамп	PER	PER_70
Западной Вирджинии	Западный Вирджиния	LOC	LOC_3373
Иллинойс	Иллинойс	LOC	LOC_1249
Индиане	Индиан	LOC	LOC_336
Калифорния	Калифорния	LOC	LOC_102
Канзасе	Канзас	LOC	LOC_3371
Капитолия Аризоны	капитолия Аризона	ORG	ORG_5583
Кентукки	Кентукка	LOC	LOC_4613
Колорадо	Колорадо	LOC	LOC_521
Конгресс	Конгресс	ORG	ORG_3350
Коннектикут	Коннектикут	LOC	LOC_4613
Кэти Боквар	Кэти Боквар	PER	PER_3482
Луизиане	Луизиан	LOC	LOC_1663
Манхэттене	Манхэттен	LOC	LOC_4029
Марикопа	марикопа	LOC	LOC_3776
Массачусетс	Массачусетс	LOC	LOC_550
Миннесота	Миннесот	LOC	LOC_100
Миссисипи	Миссисипи	LOC	LOC_4559
Миссури	Миссури	LOC	LOC_519
Мичиган	Мичиган	LOC	LOC_99
Монтане	монтан	LOC	LOC_4132
Мэн	Мэн	LOC	LOC_3318
Мэриленд	Мэриленд	LOC	LOC_4745
Национальная гвардия	национальный гвардия	ORG	ORG_5134
Небраска	Небраска	LOC	LOC_104
Небраски	Небраска	PER	PER_5581
Неваде	Невада	LOC	LOC_1153
Нью-Гэмпшир	Нью-Гэмпшир	LOC	LOC_3454
Нью-Джерси	Нью-Джерси	LOC	LOC_103
Нью-Йорк	Нью-Йорк	LOC	LOC_2256
Нью-Йорка	Нью-Йорк	LOC	LOC_2256
Нью-Мексико	Нью-Мексико	LOC	LOC_79
Огайо	Огайо	LOC	LOC_1736
Оклахоме	оклахое	LOC	LOC_4742
Орегон	Орегон	LOC	LOC_2170
Пенсильвании	пенсильвание	LOC	LOC_2427
Портленде	Портленд	LOC	LOC_3769
Республиканской партии	республиканский партия	ORG	ORG_584
Род-Айленд	род-айленд	LOC	LOC_3376
США	США	LOC	LOC_69
Северной Дакоте	Северный Дакота	LOC	LOC_523
Соединенные Штаты Америки	Соединить Штат Америка	LOC	LOC_69
Теннесси	Теннесси	LOC	LOC_3374
Техасе	Техас	LOC	LOC_1022
Трамп	Трамп	PER	PER_977
Трампа	Трамп	PER	PER_70
Трампу	трампа	PER	PER_977
Фениксе	феникс	LOC	LOC_3627
Флориде	Флорида	LOC	LOC_894
Хиллари Клинтон	Хиллари Клинтон	PER	PER_2175
Южной Дакоте	Южный Дакота	LOC	LOC_523
Южной Каролине	Южный Каролин	LOC	LOC_168
Юте	ют	LOC	LOC_524
демократы	демократ	PER	PER_2172
избирательного центра округа Марикопа	избирательный центр округ Марикоп	ORG	ORG_5584
округ Колумбия	округ Колумбия	LOC	LOC_517
