ru-180
Forbes	Форбс	ORG	ORG_1068
RT	RT	ORG	ORG_5228
The New York Times	The New York Times	PRO	PRO_51
Twitter	Twitter	PRO	PRO_71
rt.com	rt.com	PRO	PRO_2827
Байдена	Байден	PER	PER_3577
Белого дома	белый дом	LOC	LOC_72
Белом доме	белый дом	LOC	LOC_72
Белый дом	белый дом	LOC	LOC_72
Боровая улица	боровой улица	LOC	LOC_5247
Верховного суда	верховный суд	ORG	ORG_5356
Верховном суде	верховный суд	ORG	ORG_5356
Верховный суд	верховный суд	ORG	ORG_5356
Верховный суд США	верховный суд США	ORG	ORG_3345
Висконсин	Висконсин	LOC	LOC_527
Висконсине	висконсина	LOC	LOC_527
Владимир Васильев	Владимир Васильев	PER	PER_4918
Демократической партии	демократический партия	ORG	ORG_584
Джо Байден	Джо Байден	PER	PER_76
Джо Байдена	Джо Байден	PER	PER_76
Джо Байдену	Джо Байден	PER	PER_76
Джона Ф. Кеннеди	Джон Ф. Кеннеди	PER	PER_626
Джорджии	Джорджия	LOC	LOC_2174
Джорджия	Джорджия	LOC	LOC_2174
Дональд Трамп	Дональд Трамп	PER	PER_70
Института США и Канады РАН	институт США и Канада РАН	ORG	ORG_4903
Кен Пакстон	Кен Пакстон	PER	PER_3704
Конституции США	Конституция США	PRO	PRO_43
Конституцию	Конституция	PRO	PRO_43
Круз	Круз	PER	PER_3395
Миссури	Миссури	LOC	LOC_519
Михаил Синельников-Оришак	Михаил Синельников - Оришак	PER	PER_5623
Мичиган	Мичиган	LOC	LOC_99
Мичигане	Мичиган	LOC	LOC_99
Москва	Москва	LOC	LOC_316
Национального комитета Республиканской партии	национальный комитет республиканский партия	ORG	ORG_3718
Нэнси Пелоси	Нэнси Пелось	PER	PER_3442
Огайо	Огайо	LOC	LOC_1736
Пенсильвании	пенсильвание	LOC	LOC_2427
Пенсильвания	Пенсильвание	LOC	LOC_101
Республиканской партии	республиканский партия	ORG	ORG_584
Ричард Никсон	Ричард Никсон	PER	PER_3974
Роскомнадзором	роскомнадзор	ORG	ORG_3044
США	США	LOC	LOC_69
Симоньян М. С.	симоньян М. С.	PER	PER_5229
Соединённых Штатов	соединить Штат	LOC	LOC_69
Соединённых штатах	соединить штат	LOC	LOC_4164
Теду Крузу	Тед Круз	PER	PER_3395
Техас	Техас	LOC	LOC_1022
Техаса	техас	LOC	LOC_1022
Техасу	техас	LOC	LOC_1022
Трамп	Трамп	PER	PER_977
Трампа	Трамп	PER	PER_70
Трампу	трампа	LOC	LOC_3316
Управлению общих служб США	управление общий служба США	ORG	ORG_3312
Флориде	Флорида	LOC	LOC_894
Эриком Шмиттом	Эрик Шмитт	PER	PER_5621
палаты	палата	ORG	ORG_5622
палаты представителей США	палата представитель США	ORG	ORG_4061
