ru-109
Amy Gardner	Amy Gardner	PER	PER_5565
Beth Reinhard	Beth Reinhard	PER	PER_5566
Daniel Depetris	Daniel Depetris	PER	PER_5568
David Graham	David Graham	PER	PER_4108
Hal Brands	Hal Brands	PER	PER_5575
Issie Lapowsky	Issie Lapowsky	PER	PER_5576
Janet Hook	Janet Hook	PER	PER_1150
Michael Hirsch	Michael Hirsch	PER	PER_1333
Stephen Collinson	Stephen Collinson	PER	PER_4163
Wired	Wired	PRO	PRO_4230
Америка	Америка	LOC	LOC_69
Америку	Америка	LOC	LOC_69
Америкэн консерватив	Америкэн консерватив	ORG	ORG_5569
Атлантик	атлантик	PRO	PRO_4386
Атланты	атлант	LOC	LOC_3785
Барака Обамы	Барак Обама	PER	PER_3496
Белого дома	белый дом	LOC	LOC_72
Белом доме	белый дом	LOC	LOC_72
Бет Рейнард	Бет Рейнард	PER	PER_5566
Билла	Билла	PER	PER_1083
Блумберга	блумберг	ORG	ORG_121
Бронксе	Бронкс	LOC	LOC_4033
Брэндс	брэндс	PER	PER_5574
Вашингтон пост	Вашингтон пост	LOC	LOC_183
Вашингтоне	Вашингтон	LOC	LOC_183
Владимир Путин	Владимир Путин	PER	PER_315
Гвиннетт	гвиннуть	LOC	LOC_5567
Грэм	Грэм	PER	PER_4108
Гуглу	гугла	PRO	PRO_2150
Демократическая палата представителей	демократический палата представитель	ORG	ORG_3890
Демократической партии	демократический партия	ORG	ORG_584
Демократы	демократ	PER	PER_2172
Депетрис	депетрис	PER	PER_5570
Дженет Хук	Дженет Хук	PER	PER_309
Джон	Джон	PER	PER_3622
Джона	Джон	PER	PER_3622
Дональда Трампа	Дональд Трамп	PER	PER_70
Дональду Трампу	дональда Трампа	PER	PER_70
Дэвид Грэм	Дэвид Грэм	PER	PER_4108
Дэниэл Депетрис	Дэниэл Депетрис	PER	PER_5568
Земли	земля	LOC	LOC_795
ИноСМИ	иносмь	ORG	ORG_4799
Иран	Иран	LOC	LOC_177
Ираном	Иран	LOC	LOC_177
Исси Лаповски	Исси Лаповский	PER	PER_5576
Йемене	Йемен	LOC	LOC_4437
Калифорнии	Калифорния	LOC	LOC_102
Капитолийском холме	капитолийский холм	LOC	LOC_3645
Квинсе	квинс	LOC	LOC_4030
Китая	Китай	LOC	LOC_56
Коллинсон	коллинсон	PER	PER_3323
Конгресс	Конгресс	ORG	ORG_3350
Майкл Хирш	Майкл Хирш	PER	PER_1333
Москвой	Москва	LOC	LOC_316
Небраски	Небраска	LOC	LOC_104
Нью-Йорк таймс	Нью-Йорк таймс	PRO	PRO_51
Нью-Йорка	Нью-Йорк	LOC	LOC_2256
Нэнси Пелоси	Нэнси Пелось	PER	PER_3442
Окасио-Кортес	окасио - Кортес	PER	PER_3335
Пабло	Пабло	PER	PER_5579
Палата представителей	Палата представитель	ORG	ORG_3333
Палате представителей	палата представитель	ORG	ORG_3333
Палате представителей демократы	палата представитель демократ	ORG	ORG_3890
Палату представителей	Палата представитель	ORG	ORG_3333
Палаты представителей	Палата представитель	ORG	ORG_3333
Парижскому соглашению	парижский соглашение	PRO	PRO_3669
Педро	Педро	PER	PER_2444
Пентагона	Пентагон	ORG	ORG_1659
Путина	Путин	PER	PER_315
Путину	Путин	PER	PER_315
РИА Новости	риа новость	ORG	ORG_158
РСМД	рсмд	ORG	ORG_5233
Республиканский сенат	республиканский сенат	ORG	ORG_3908
Россией	Россия	LOC	LOC_95
России	Россия	LOC	LOC_95
Российской Федерации	российский Федерация	LOC	LOC_95
Россию	Россия	LOC	LOC_95
Россия	Россия	LOC	LOC_95
СНВ	снв	ORG	ORG_2939
США	США	LOC	LOC_69
Сан-Франциско	сан-франциско	LOC	LOC_2698
Саудовской Аравией	Саудовский Аравия	LOC	LOC_81
Саудовской Аравии	Саудовский Аравия	LOC	LOC_81
Сенат	Сенат	ORG	ORG_1012
Сенате	Сенат	ORG	ORG_1012
Си Цзиньпин	Си Цзиньпин	PER	PER_1329
Си-эн-эн	Си - энлогн -эн	ORG	ORG_3702
Сирии	Сирия	LOC	LOC_3797
Сомали	Сомали	LOC	LOC_4111
Стену	стена	PER	PER_4658
Стивен Коллинсон	Стивен Коллинсон	PER	PER_4163
Твиттеру	Твиттер	PRO	PRO_71
Трамп	Трамп	PER	PER_977
Трампа	Трамп	PER	PER_70
Трампом	Трамп	PER	PER_977
Трампу	трампа	PER	PER_977
Уайерд	уайерд	ORG	ORG_5577
Украине	Украина	LOC	LOC_318
Уолл-Стрит джорнэл	уолл-стрит джорнэл	ORG	ORG_5571
Фейсбуку	фейсбука	PRO	PRO_98
Форин полиси	форин полисить	ORG	ORG_5572
Хазин	Хазин	PER	PER_5580
Хирш	Хирш	PER	PER_363
Хирша	хирша	PER	PER_363
Хэл Брэндс	Хэл Брэндс	PER	PER_5574
Эми Гарднер	Эмя Гарднер	PER	PER_5565
афроамериканцами	афроамериканец	PER	PER_3432
демократам	демократ	PER	PER_2172
демократов	демократ	ORG	ORG_3320
о доступном	о доступный	PRO	PRO_5573
президентских выборов 2020 года	президентский выборы 2020 год	EVT	EVT_4818
республиканцами	республиканец	PER	PER_1985
республиканцев	республиканец	PER	PER_1985
федеральный закон о приватности	федеральный закон о приватность	PRO	PRO_5578
