ru-85
Associated Press	Associated Press	ORG	ORG_2606
Betfair	Betfair	ORG	ORG_3709
CNN	CNN	ORG	ORG_383
Fox News	Fox News	PRO	PRO_3308
Fox News.В	Fox News.В	PRO	PRO_3308
Haber Turk	Haber Turk	PRO	PRO_5282
RealClearPolitics	RealClearPolitics	ORG	ORG_3365
Reute	Reute	ORG	ORG_5288
Twitter	Twitter	PRO	PRO_71
Адольф Гитлер	Адольф Гитлер	PER	PER_4893
Адольфа Гитлера	Адольф Гитлер	PER	PER_4893
Александр Вучич	Александр Вучич	PER	PER_2354
Америка	Америка	LOC	LOC_69
Американский штат Миннесота	американский штат Миннесот	ORG	ORG_5194
Америке	Америка	LOC	LOC_69
Америки	Америка	LOC	LOC_69
Аризона	Аризон	LOC	LOC_1748
Аризоне	Аризона	LOC	LOC_1748
Аризоны	Аризона	LOC	LOC_1748
Атланте	Атланта	LOC	LOC_3785
Байден	Байден	PER	PER_3577
Байдена	Байден	PER	PER_3577
Байдену	Байден	PER	PER_2995
Белого дома	белый дом	LOC	LOC_72
Биньямин Нетаньяху	Биньямин Нетаньях	PER	PER_5292
Британец	британец	PER	PER_450
Брэд Раффенспергер	Брэд Раффенспергер	PER	PER_3349
Брэд Рэффенспергер	Брэд Рэффенспергер	PER	PER_3349
Бут	Бут	PER	PER_5260
ВОЗ	ВОЗ	ORG	ORG_86
Вашингтон-сквер	Вашингтон - сквер	LOC	LOC_183
Вашингтоне	Вашингтон	LOC	LOC_183
Вашингтоном	Вашингтон	LOC	LOC_183
Виктор Бут	Виктор Бут	PER	PER_5259
Висконсин	Висконсин	LOC	LOC_527
Висконсина	Висконсин	LOC	LOC_527
Висконсине	висконсина	LOC	LOC_527
Владимир Зеленский	Владимир Зеленский	PER	PER_2332
Владимир Путин	Владимир Путин	PER	PER_315
Всемирной организации здравоохранения	всемирный организация здравоохранение	ORG	ORG_133
Вучич	вучич	PER	PER_5289
Германии	Германия	LOC	LOC_27
Горбачёв	Горбачёв	PER	PER_4456
Давид Сассоли	Давид Сассоли	PER	PER_1453
Действие и солидарность	действие и солидарность	ORG	ORG_447
Демократи	демократь	ORG	ORG_3320
Демократической партии	демократический партия	ORG	ORG_584
Демократической партии США	демократический партия США	ORG	ORG_584
Джо	Джо	PER	PER_3622
Джо Баденом	Джо Баден	PER	PER_76
Джо Байде …	Джо Байде …	PER	PER_76
Джо Байден	Джо Байден	PER	PER_76
Джо Байдена	Джо Байден	PER	PER_76
Джо Байдену	Джо Байден	PER	PER_76
Джозеф Байден	Джозеф Байден	PER	PER_76
Джозефа Байдена	Джозеф Байден	PER	PER_76
Джозефу Байдену	Джозеф Байден	PER	PER_2173
Джорджии	Джорджия	LOC	LOC_2174
Джорджия	Джорджия	LOC	LOC_2174
Дональд Трамп	Дональд Трамп	PER	PER_70
Дональда	Дональд	PER	PER_3783
Дональда Трампа	Дональд Трамп	PER	PER_70
Еdison research	Еdison research	ORG	ORG_5111
Европе	Европа	LOC	LOC_49
Европейского парламента	Европейский парламент	ORG	ORG_129
Зеленский	Зеленский	PER	PER_2713
Израиля	Израиль	LOC	LOC_833
Интерфакс	интерфакс	ORG	ORG_710
КНР	КНР	LOC	LOC_56
Калифорния	Калифорния	LOC	LOC_102
Капитолийского холма	капитолийский холм	LOC	LOC_3645
Киевом	Киев	LOC	LOC_317
Китай	Китай	LOC	LOC_56
Китая	Китай	LOC	LOC_56
Клинтон	Клинтон	LOC	LOC_4878
Конгресс США	Конгресс США	ORG	ORG_4061
Косачев	Косачев	PER	PER_1710
Костромской област	костромский област	LOC	LOC_5285
Кремля	Кремль	LOC	LOC_150
Майя Санду	майя Санду	PER	PER_5281
Миннесота	Миннесот	LOC	LOC_100
Михаил Горбачёв	Михаил Горбачёв	PER	PER_4770
Мичиган	Мичиган	LOC	LOC_99
Мичигане	Мичиган	LOC	LOC_99
Намибии	Намибия	LOC	LOC_5286
Нетаньяху	Нетаньях	PER	PER_5292
Нью-Йорк	Нью-Йорк	LOC	LOC_2256
Нью-Йорке	Нью-Йорк	LOC	LOC_2256
Огайо	Огайо	LOC	LOC_1736
Палата представителей Конгресса США	Палата представитель Конгресс США	ORG	ORG_4061
Памфилова	Памфилов	PER	PER_5284
Парижское соглашение по климату	парижский соглашение по климат	PRO	PRO_3669
Пенсильван	пенсильван	LOC	LOC_2427
Пенсильвании	пенсильвание	LOC	LOC_2427
Путин	Путин	PER	PER_315
РИА Новости	риа новость	ORG	ORG_158
РФ	РФ	LOC	LOC_95
Реджеп Тайип Эрдоган	Реджеп Тайип Эрдоган	PER	PER_139
Рейтер	Рейтер	ORG	ORG_153
Республиканской партии	республиканский партия	ORG	ORG_584
России	Россия	LOC	LOC_95
СССР	ссср	LOC	LOC_95
США	США	LOC	LOC_69
Сенат	Сенат	ORG	ORG_1012
Сербии	Сербия	LOC	LOC_1
Си Цзиньпин	Си Цзиньпин	PER	PER_1329
Соединенных Штатов	соединить Штат	LOC	LOC_69
Счетная комиссия штата Мичиган	счетный комиссия штат Мичиган	ORG	ORG_4127
ТАСС	ТАСС	ORG	ORG_494
Тедрос Аданом Гебрейесус	тедрос Адан Гебрейесус	PER	PER_218
Том Вулф	Том Вулф	PER	PER_3818
Трамп	Трамп	PER	PER_977
Трампа	Трамп	PER	PER_70
Турции	Турция	LOC	LOC_138
Уунона	уунон	PER	PER_5287
Харрис	Харрис	PER	PER_363
Центризбиркома	Центризбирком	ORG	ORG_3309
Центристская партия	центристский партия	ORG	ORG_5291
Цукерберг	Цукерберг	PER	PER_3451
Штат	штат	LOC	LOC_5283
Штат Висконсин	штат Висконсин	ORG	ORG_2524
Элла Памфилова	Элла Памфилов	PER	PER_5284
Эрдоган	Эрдоган	PER	PER_139
Эстонии	Эстония	LOC	LOC_2134
Эстония	Эстония	LOC	LOC_2134
Юри Ратас	Юри Ратас	PER	PER_5290
демократов	демократ	ORG	ORG_3320
столице Соединенных штатов Америки	столица соединить штат Америка	LOC	LOC_69
твиттере	твиттер	PRO	PRO_71
…	…	PER	PER_5293
