ru-95
Neuralink	neuralink	ORG	ORG_4859
SpaceХ	SpaceХ	ORG	ORG_4858
Tesla	Tesla	ORG	ORG_4857
rueconomics.ru	rueconomics.ru	PRO	PRO_2827
Алексея Навального	Алексей Навальный	PER	PER_4644
Белом доме	белый дом	LOC	LOC_72
Борис Пивовар	Борис Пивовар	PER	PER_30
Вашингтон	Вашингтон	LOC	LOC_183
Владимир Ашурков	Владимир Ашурков	PER	PER_3270
Владимир Зеленский	Владимир Зеленский	PER	PER_2332
Владимир Путин	Владимир Путин	PER	PER_315
Волжского	волжский	LOC	LOC_780
Вячеслав Володин	Вячеслав Володин	PER	PER_2332
Газпром-медиа	газпром - медиа	ORG	ORG_4852
Госдумы РФ	Госдума РФ	ORG	ORG_4847
Девин Нюнес	Девин Нюнес	PER	PER_5275
Джо Байден	Джо Байден	PER	PER_76
Дональдом Трампом	Дональд Трамп	PER	PER_70
Илон Маск	Илон Маск	PER	PER_3026
Имарат Кавказ	имарат Кавказ	ORG	ORG_4850
Ингушетии	Ингушетия	LOC	LOC_4849
Института отраслевого менеджмента РАНХиГС	институт отраслевой менеджмент РАНХиГС	ORG	ORG_4860
Конгресс США	Конгресс США	ORG	ORG_4061
Конгресс Соединенных Штатов	Конгресс соединить Штат	ORG	ORG_4061
Кремле	Кремль	LOC	LOC_150
Крыма	Крым	LOC	LOC_2855
Марин Афанасьева	Марин Афанасьев	PER	PER_4854
НАТО	НАТО	ORG	ORG_864
Песняры	песняр	ORG	ORG_4848
РИА Новости	риа новость	ORG	ORG_158
РФ	РФ	LOC	LOC_95
Россией	Россия	LOC	LOC_95
России	Россия	LOC	LOC_95
Россия	Россия	LOC	LOC_95
Ростислав Ищенко	Ростислав Ищенко	PER	PER_4851
США	США	LOC	LOC_69
Сергей Цеков	Сергей Цеков	PER	PER_2926
Триколором	триколор	ORG	ORG_4853
Украину	Украина	LOC	LOC_318
Украины	Украина	LOC	LOC_318
ФБР	ФБР	ORG	ORG_3418
ФСБ	фсб	ORG	ORG_3418
ЦРУ	цру	ORG	ORG_4704
Штатах	Штат	LOC	LOC_69
ЭЛ	эл	PRO	PRO_4861
Экономика сегодня	экономика сегодня	ORG	ORG_4846
министерство инвестиций	министерство инвестиция	ORG	ORG_4855
палаты представителей	палата представитель	ORG	ORG_3333
промышленности и науки Московской области	промышленность и наука московский область	ORG	ORG_4856
