ru-14
BBC	БИ-БИ-СИ	ORG	ORG_382
Байдана	байдана	PER	PER_3577
Байден	Байден	PER	PER_3577
Белого дома	белый дом	LOC	LOC_72
Белом доме	белый дом	LOC	LOC_72
Вашингтон	Вашингтон	LOC	LOC_183
Владимир Путин	Владимир Путин	PER	PER_315
Владимиру Путину	Владимир Путин	PER	PER_315
Госдуму	Госдума	ORG	ORG_2472
ДНД	днд	ORG	ORG_46
Джен Псаки	Джен Псаки	PER	PER_4641
Джо Байден	Джо Байден	PER	PER_76
Джозефа Байдена	Джозеф Байден	PER	PER_76
Договор о стратегических наступательных вооружениях	договор о стратегический наступательный вооружение	EVT	EVT_5106
Договора	договор	PRO	PRO_1452
Кремле	Кремль	LOC	LOC_150
Кремль	Кремль	LOC	LOC_150
Кремля	Кремль	LOC	LOC_150
Москва	Москва	LOC	LOC_316
Навального	Навальный	PER	PER_4779
Навальном	навальн	LOC	LOC_4649
Псаки	псака	PER	PER_3303
Путин	Путин	PER	PER_315
Путина	Путин	PER	PER_315
Путину	Путин	PER	PER_315
Путиным	Путин	PER	PER_315
Путиным-версии	Путин - версия	PER	PER_5105
Путиным-версии...	Путин - версия . . .	PER	PER_5105
Россией	Россия	LOC	LOC_95
России	Россия	LOC	LOC_95
Россия	Россия	LOC	LOC_95
СНВ	снв	EVT	EVT_5107
США	США	LOC	LOC_69
Украине	Украина	LOC	LOC_318
Украины	Украина	LOC	LOC_318
Франс пресс	Франс пресс	ORG	ORG_391
отравлению	отравление	EVT	EVT_5108
