ru-121
OBOZREVATEL	OBOZREVATEL	ORG	ORG_2752
Америка	Америка	LOC	LOC_69
Америке	Америка	LOC	LOC_69
Байден	Байден	PER	PER_3577
Байдена	Байден	PER	PER_3577
Байденом	Байден	PER	PER_3577
Вашингтон	Вашингтон	LOC	LOC_183
Вашингтоне	Вашингтон	LOC	LOC_183
Демократическая	демократический	ORG	ORG_3320
Демократической партии	демократический партия	ORG	ORG_584
Джо Байден	Джо Байден	PER	PER_76
Дональд Трамп	Дональд Трамп	PER	PER_70
Елена	Елена	PER	PER_2590
Залмаева	залмаев	PER	PER_1591
Киеве	Киев	LOC	LOC_317
Михаил	Михаил	PER	PER_5650
Никсоне	никсон	PER	PER_5339
Нью-Йорке	Нью-Йорк	LOC	LOC_2256
Питер Залмаев	Питер Залмаев	PER	PER_5651
Республиканская	республиканский	ORG	ORG_2775
Республиканской партии	республиканский партия	ORG	ORG_584
Ричард Никсон	Ричард Никсон	PER	PER_3974
США	США	LOC	LOC_69
Трамп	Трамп	PER	PER_977
Трампа	Трамп	PER	PER_70
Флорида	Флорида	LOC	LOC_894
Штатах	Штат	LOC	LOC_69
Штаты	Штат	LOC	LOC_5283
демократы	демократ	PER	PER_2172
