ru-171
Electoral College	Electoral College	ORG	ORG_3309
Facebook	Фейсбук	PRO	PRO_98
ForumDaily New York	ForumDaily New York	PRO	PRO_51
ForumDaily Woman	ForumDaily Woman	PRO	PRO_4840
Shutterstock	Shutterstock	PRO	PRO_4832
АиФ	аиф	ORG	ORG_4886
Аляска	Аляск	LOC	LOC_518
Америку	Америка	LOC	LOC_69
Белого дома	белый дом	LOC	LOC_72
Белом доме	белый дом	LOC	LOC_72
Буш	Буш	PER	PER_1707
Бушу	Буш	PER	PER_1707
Вайоминг	Вайоминг	LOC	LOC_3372
Вайоминге	вайоминг	LOC	LOC_3372
Вашингтон	Вашингтон	LOC	LOC_183
Вермонт	Вермонт	LOC	LOC_1737
Вирджиния	Вирджиния	LOC	LOC_3851
Владимира Путина	Владимир Путин	PER	PER_315
Голос Америки	голос Америка	ORG	ORG_4718
Гэри Джонсон	Гари Джонсон	PER	PER_52
Демократической	демократический	ORG	ORG_3320
Джо Байден	Джо Байден	PER	PER_76
Джорджа Вашингтона	Джордж Вашингтон	PER	PER_4398
Джорджу Бушу-младшему	Джордж Буш - младший	PER	PER_3450
Дональд Трамп	Дональд Трамп	PER	PER_70
Дональду Трампу	дональда Трампа	PER	PER_70
Европы	Европа	LOC	LOC_49
Звездных войн	звездной война	EVT	EVT_4876
Зеленой	зеленый	ORG	ORG_760
Институт Коллегии выборщиков	институт Коллегия выборщик	ORG	ORG_4761
Исследовательской службы Конгресса США	исследовательский служба Конгресс США	ORG	ORG_4767
Йоду	йод	PER	PER_4875
Калифорнии	Калифорния	LOC	LOC_102
Калифорния	Калифорния	LOC	LOC_102
Коллегии	коллегия	ORG	ORG_4695
Коллегии выборщиков	коллегия выборщик	ORG	ORG_3309
Коллегии выборщиков от Флориды	коллегия выборщик от Флорида	ORG	ORG_4766
Коллегия выборщиков	коллегия выборщик	ORG	ORG_3309
Конгресс	Конгресс	ORG	ORG_3350
Конгресс США	Конгресс США	ORG	ORG_4061
Конгресса	Конгресс	ORG	ORG_3350
Конституции	Конституция	PRO	PRO_43
Конституции США	Конституция США	PRO	PRO_43
Конституционной	конституционный	ORG	ORG_4874
Либертарианской	либертарианский	ORG	ORG_109
Медуза	медуза	PER	PER_3037
Монтана	монтан	LOC	LOC_100
Мэн	Мэн	LOC	LOC_3318
Небраска	Небраска	LOC	LOC_104
Нью-Йорк	Нью-Йорк	LOC	LOC_2256
Нью-Йорка	Нью-Йорк	LOC	LOC_2256
Нью-Йорке	Нью-Йорк	LOC	LOC_2256
Нью-Мексико	Нью-Мексико	LOC	LOC_79
Палата представителей	Палата представитель	ORG	ORG_3333
Пятой авеню	пятый авень	LOC	LOC_4842
Республиканской	республиканский	ORG	ORG_2775
Республиканской партиями	республиканский партия	ORG	ORG_3908
Римского Папы	римский папа	PER	PER_4763
США	США	LOC	LOC_69
США 2010 года	США 2010 год	EVT	EVT_4764
Священной Римской империи	священный римский империя	LOC	LOC_4762
Северная Дакота	Северный Дакота	LOC	LOC_523
Сенат	Сенат	ORG	ORG_1012
Сената	сенат	ORG	ORG_1012
Соединенных Штатов	соединить Штат	LOC	LOC_69
Соломон…	соломон …	LOC	LOC_4843
Техаса	техас	LOC	LOC_1022
Федерального округа Колумбия	федеральный округ Колумбия	LOC	LOC_517
Финляндии	Финляндия	LOC	LOC_15
Флорида	Флорида	LOC	LOC_894
Флориды	флорид	LOC	LOC_894
Хиллари Клинтон	Хиллари Клинтон	PER	PER_2175
Центрального парка	центральный парк	LOC	LOC_4841
Чака Норриса	Чака Норрис	PER	PER_4877
Эл Гор	эл Гор	PER	PER_3449
калифорнийцев	калифорниец	PER	PER_4765
