ru-79
GSA	1уц	ORG	ORG_3313
Reuters	Reuters	ORG	ORG_153
The Partnership for Public Service	The Partnership for Public Service	ORG	ORG_5351
Администрация общих служб	администрация общий служба	ORG	ORG_3738
Альбертом Гором	Альберт Гором	PER	PER_5126
Аризоне	Аризона	LOC	LOC_1748
Байден	Байден	LOC	LOC_3557
Байдена	Байден	PER	PER_3577
Байдену	Байден	PER	PER_2995
Барак Обама	Барак Обама	PER	PER_3496
Белого дома	белый дом	LOC	LOC_72
Билл Клинтон	Билл Клинтон	PER	PER_2175
Буша	Буш	LOC	LOC_3573
Бушу	Буш	PER	PER_1707
Верховный суд	верховный суд	ORG	ORG_3345
Джо Байден	Джо Байден	PER	PER_76
Джо Байдена	Джо Байден	PER	PER_76
Джо Байдену	Джо Байден	PER	PER_76
Джордж Буш-младший	Джордж Буш младший	PER	PER_3450
Джордж Буш-старший	Джордж Буш старший	PER	PER_3450
Джорджем Бушем-младшим	Джорджем Буш - младший	PER	PER_3450
Джорджии	Джорджия	LOC	LOC_2174
Дональд Трамп	Дональд Трамп	PER	PER_70
Дональда Трампа	Дональд Трамп	PER	PER_70
Мичигане	Мичиган	LOC	LOC_99
Обама	Обама	PER	PER_3496
Пенсильвании	пенсильвание	LOC	LOC_2427
РБК	рбк	ORG	ORG_2721
Республиканская партия	республиканский партия	ORG	ORG_584
США	США	LOC	LOC_69
Северной Каролине	Северный Каролин	LOC	LOC_168
Совет по координации транзита	совет по координация транзит	ORG	ORG_5352
Трамп	Трамп	PER	PER_977
Трампа	Трамп	ORG	ORG_4653
Трампу	трампа	PER	PER_977
Флорида	Флорида	LOC	LOC_894
демократа	демократ	ORG	ORG_3320
