ru-164
GettyImages	GettyImages	PRO	PRO_4949
NY Times	NY Times	PRO	PRO_51
Open World	Open World	PRO	PRO_985
RBC.UA	RBC.UA	PRO	PRO_2552
Tinder	Tinder	ORG	ORG_4952
Андрей Добрянский	Андрей Добрянский	PER	PER_3023
Бараком Обамой	Барак Обама	PER	PER_3496
Библиотекой Конгресса США	библиотека Конгресс США	ORG	ORG_4061
Верховный суд США	верховный суд США	ORG	ORG_3345
Демократическая партия США	демократический партия США	ORG	ORG_584
Демократической	демократический	ORG	ORG_3320
Джина	джина	PER	PER_4950
Джорджия	Джорджия	LOC	LOC_2174
Дональд Трамп	Дональд Трамп	PER	PER_70
Дональда Трампа	Дональд Трамп	PER	PER_70
Клинтон	Клинтон	LOC	LOC_4878
Конгресс	Конгресс	ORG	ORG_3350
Конгресс США	Конгресс США	ORG	ORG_4061
Конгресса	Конгресс	ORG	ORG_3350
Кремлем	Кремль	LOC	LOC_150
Маунт-Киско	маунт-киско	LOC	LOC_4951
Монтана	монтан	LOC	LOC_100
Нью-Йорк	Нью-Йорк	LOC	LOC_2256
Нью-Йорке	Нью-Йорк	LOC	LOC_2256
Палата представителей	Палата представитель	ORG	ORG_3333
Палате представителей	палата представитель	ORG	ORG_3333
Палатой представителей	палата представитель	ORG	ORG_3333
Палату представителей	Палата представитель	ORG	ORG_3333
РБК-Украина	рбк-украина	ORG	ORG_2721
Республиканской партии	республиканский партия	ORG	ORG_584
Россией	Россия	LOC	LOC_95
США	США	LOC	LOC_69
Сенат	Сенат	ORG	ORG_1012
Сената	сенат	ORG	ORG_1012
Трамп	Трамп	PER	PER_977
Трампа	Трамп	PER	PER_70
Трампом	Трамп	PER	PER_977
Украине	Украина	LOC	LOC_318
Украинского конгрессового комитета США	украинский конгрессовый комитет США	ORG	ORG_4061
Украины	Украина	LOC	LOC_318
Флориде	Флорида	LOC	LOC_894
Хиллари Клинтон	Хиллари Клинтон	PER	PER_2175
ЦИК	ЦИК	ORG	ORG_3803
американского парламента	американский парламент	ORG	ORG_4061
американцы-демократы	американец - демократ	PER	PER_4106
демократов	демократ	PER	PER_2172
демократы	демократ	PER	PER_2172
нижней палате	нижний палата	ORG	ORG_4657
нижней палате Конгресса	нижний палата Конгресс	ORG	ORG_4657
