ru-179
RussiaRu.net	RussiaRu.net	PRO	PRO_2827
Алеев/ТАСС	алеев/тасс	ORG	ORG_5159
Америка	Америка	LOC	LOC_69
Америки	Америка	LOC	LOC_69
Анна Каренина	Анна Каренин	PRO	PRO_5147
Байден	Байден	PER	PER_3577
Байдена	Байден	PER	PER_3577
Байденов	байденов	PER	PER_1246
Байдену	Байден	PER	PER_2995
Белый дом	белый дом	LOC	LOC_72
Белым домом	белый дом	LOC	LOC_72
Бессмертный полк России	Бессмертный полк Россия	ORG	ORG_5151
Богучаны	богучан	LOC	LOC_5152
Борис Николаевич	Борис Николаевич	PER	PER_2719
Борьки-пьяницы	борька - пьяница	PRO	PRO_5138
ВЗГЛЯД	взгляд	ORG	ORG_730
Василия Ланового	Василий Лановаго	PER	PER_5146
Вашингтоном	Вашингтон	LOC	LOC_183
Верховного суда США	верховный суд США	ORG	ORG_3345
Война и мир	война и мир	PRO	PRO_4092
Грэм	Грэм	PER	PER_4108
Дагестана	Дагестан	LOC	LOC_3273
Демократическую партию	демократический партия	ORG	ORG_584
Джимми Картера	Джимми Картер	PER	PER_3310
Джо Байден	Джо Байден	PER	PER_76
Джона Маккейна	Джон Маккейн	PER	PER_3780
Джорджии	Джорджия	LOC	LOC_2174
Джорджию	джорджий	LOC	LOC_2174
Джорджия	Джорджия	LOC	LOC_2174
Дина Юнусова	дина Юнусов	PER	PER_5144
Дмитрий Бавырин	Дмитрий Бавырин	PER	PER_3257
Дни Турбиных	день Турбин	PRO	PRO_5148
Дональда Трампа	Дональд Трамп	PER	PER_70
Ельцина	Ельцин	PER	PER_5137
Зарема Бутаева	зарема Бутаев	PER	PER_5157
КФУ	кфу	ORG	ORG_5143
Казани	Казань	LOC	LOC_5141
Камалы Харрис	Камала Харрис	PER	PER_1984
Картер	Картер	PER	PER_4536
Колумбия	Колумбия	LOC	LOC_517
Красноярском крае	Красноярский край	LOC	LOC_5153
Лановой	Ланова	PER	PER_5150
Латинской Америки	Латинский Америка	LOC	LOC_219
Линдси Грэм	Линдси Грэм	PER	PER_3329
Марка Рютте	Марк Рютте	PER	PER_5139
Ми-8АМТ	Ми - 8АМТ	PRO	PRO_5154
Минкультуры Якутии	минкультура Якутия	ORG	ORG_5156
Мисс Россия	мисса Россия	EVT	EVT_5145
Мисс Татарстан – 2021	мисса Татарстан – 2021	EVT	EVT_5142
Москвой	Москва	LOC	LOC_316
Нидерландах	нидерланд	LOC	LOC_190
Полосатый рейс	полосатый рейс	PRO	PRO_5149
Польша	Польша	LOC	LOC_107
Пуэрто-Рико	Пуэрто-Рико	LOC	LOC_5160
России	Россия	LOC	LOC_95
Россия	Россия	LOC	LOC_95
Рютте	рютт	PER	PER_5140
СССР	ссср	LOC	LOC_95
США	США	LOC	LOC_69
Сенат	Сенат	ORG	ORG_1012
Сенат США	Сенат США	ORG	ORG_3345
Сенатом	сенат	ORG	ORG_1012
Соединенные Штаты	Соединить Штат	LOC	LOC_69
Техаса	техас	LOC	LOC_1022
Трамп	Трамп	PER	PER_977
Трампа	Трамп	PER	PER_70
Турция	Турция	LOC	LOC_138
Федерального агентства по печати и массовым коммуникациям	федеральный агентство по печать и массовый коммуникация	ORG	ORG_5158
Хантеру	хантер	PER	PER_5161
Юга	юг	LOC	LOC_533
Южная Каролина	Южный Каролин	LOC	LOC_168
Якутии	Якутия	LOC	LOC_5155
гражданской войны	гражданский война	EVT	EVT_3455
консерваторов	консерватор	PER	PER_3361
консерваторы	консерватор	PER	PER_3361
республиканским Конгрессом	республиканский Конгресс	ORG	ORG_3908
республиканцев	республиканец	PER	PER_1985
