ru-27
-	-	PER	PER_3286
FiveThirtyEight	FiveThirtyEight	ORG	ORG_3366
Obamacare	Obamacare	ORG	ORG_4813
Pew Research Center	Pew Research Center	ORG	ORG_1708
RBC.UA	RBC.UA	PRO	PRO_2552
Америка	Америка	LOC	LOC_69
Америке	Америка	LOC	LOC_69
Барак Обама	Барак Обама	PER	PER_3496
Бараком Обамой	Барак Обама	PER	PER_3496
Белого дома	белый дом	LOC	LOC_72
Бретта	бретт	PER	PER_3530
Буэнос-Айресе	буэнос -Айрес	LOC	LOC_2997
Верховного суда	верховный суд	ORG	ORG_3345
Владимира Путина	Владимир Путин	PER	PER_315
Владимиром Путиным	Владимир Путин	PER	PER_315
Джорджии	Джорджия	LOC	LOC_2174
Дональд Трамп	Дональд Трамп	PER	PER_70
Дональда Трампа	Дональд Трамп	PER	PER_70
Индиана	Индиан	LOC	LOC_336
Кавано	кавано	LOC	LOC_4881
Конгресс	Конгресс	ORG	ORG_3350
Конгресс США	Конгресс США	ORG	ORG_4061
Конгресса	Конгресс	ORG	ORG_3350
Конгрессе	Конгресс	ORG	ORG_3350
Кристин Блази Форд	Кристин Блази Форд	PER	PER_4882
Мексикой	Мексика	LOC	LOC_79
Мексику	Мексика	LOC	LOC_79
Миссури	Миссури	LOC	LOC_519
Москвой	Москва	LOC	LOC_316
Огайо	Огайо	LOC	LOC_1736
Палата представителей	Палата представитель	ORG	ORG_3333
Палате представителей	палата представитель	ORG	ORG_3333
Палату представителей	Палата представитель	ORG	ORG_3333
Палаты представителей	Палата представитель	ORG	ORG_3333
Париже	Париж	LOC	LOC_22
Пентагон	Пентагон	LOC	LOC_3360
Питтсбурге	Питтсбург	LOC	LOC_2297
Пола Раяна	Пол Раяна	PER	PER_3697
Путина	Путин	PER	PER_315
Путину	Путин	PER	PER_315
Пятой авеню	пятый авень	LOC	LOC_4842
РБК-Украина	рбк-украина	ORG	ORG_2721
РФ	РФ	LOC	LOC_95
Республиканской партии	республиканский партия	ORG	ORG_584
России	Россия	LOC	LOC_95
США	США	LOC	LOC_69
Сайока	сайока	PER	PER_113
Северного потока	Северный поток	PRO	PRO_3550
Северный поток	северный поток	PRO	PRO_3550
Сената	сенат	ORG	ORG_1012
Сенате	Сенат	ORG	ORG_1012
Трамп	Трамп	PER	PER_977
Трампа	Трамп	PER	PER_70
Трампе	трампа	PER	PER_977
Трампом	Трамп	PER	PER_977
Трампу	трампа	PER	PER_977
Украину	Украина	LOC	LOC_318
Украины	Украина	LOC	LOC_318
Флориде	Флорида	LOC	LOC_894
Форд	Форд	ORG	ORG_2130
Цезарь Сайок	Цезарь Сайок	PER	PER_4883
Центральной Америки	центральный Америка	LOC	LOC_26
выборах 2016 года	выборы 2016 год	EVT	EVT_4818
демократов	демократ	PER	PER_2172
демократы	демократ	PER	PER_2172
палаты Конгресса	палата Конгресс	ORG	ORG_4657
президентских выборах	президентский выборы	EVT	EVT_4818
республиканцев	республиканец	PER	PER_1985
республиканцы	республиканец	PER	PER_1985
чужак	чужак	PER	PER_4884
