ru-182
COVID-19	COVID - 19	EVT	EVT_233
Don't Mess with Texas	Don't Mess with Texas	PRO	PRO_5541
Fox News	Fox News	PRO	PRO_3308
The Epoch Times	The Epoch Times	PRO	PRO_4169
Twitter	Twitter	PRO	PRO_71
Америку	Америка	LOC	LOC_69
Байден	Байден	PER	PER_3577
Байдену	Байден	PER	PER_2995
Белого дома	белый дом	LOC	LOC_72
Белом	белый	ORG	ORG_5545
Белом доме	белый дом	LOC	LOC_72
Британии	Британия	LOC	LOC_6
Вашингтоне	Вашингтон	LOC	LOC_183
Венесуэлы	Венесуэла	LOC	LOC_2163
Верховного главнокомандующего	верховный главнокомандующий	ORG	ORG_5543
Верховного суда	верховный суд	ORG	ORG_5356
Верховном суде	верховный суд	ORG	ORG_5356
Верховный суд	верховный суд	ORG	ORG_5356
Верховный суд США	верховный суд США	ORG	ORG_3345
Вест-Пойнт	вест-пойнт	LOC	LOC_5542
Джон Рэтклифф	Джон Рэтклифф	PER	PER_3503
Джорджии	Джорджия	LOC	LOC_2174
Доминион	доминион	ORG	ORG_3985
Дональд Трамп	Дональд Трамп	PER	PER_70
Дональда Трампа	Дональд Трамп	PER	PER_70
Закона о восстании 1807 года	Закон о восстание 1807 год	PRO	PRO_5135
Кибер-Перл-Харбор	кибер-перл-харбор	LOC	LOC_5544
Китаем	Китай	LOC	LOC_56
Китая	Китай	LOC	LOC_56
Конгресса	Конгресс	ORG	ORG_3350
Конгресса Америка	Конгресс Америка	ORG	ORG_4061
Конгрессе	Конгресс	ORG	ORG_3350
Конституции	Конституция	PRO	PRO_43
Конституцию США	Конституция США	PRO	PRO_43
Майкл Флинн	Майкл Флинн	PER	PER_3892
Нацгвардии	нацгвардия	ORG	ORG_4726
Национальной разведки	национальный разведка	ORG	ORG_5134
Пауэлл	Пауэлл	PER	PER_4705
Пентагоне	Пентагон	LOC	LOC_3360
России	Россия	LOC	LOC_95
Рэтклифф	рэтклифф	PER	PER_5451
Рэтклиффа	рэтклифф	ORG	ORG_5547
США	США	LOC	LOC_69
Сенат США	Сенат США	ORG	ORG_3345
Сената	сенат	ORG	ORG_1012
Сенате от Джорджии	Сенат от Джорджия	ORG	ORG_5546
Сидни Пауэлл	Сидня Пауэлл	PER	PER_3657
Техаса	техас	LOC	LOC_1022
Техаса-де	техас - де	LOC	LOC_1022
Техасом	техас	LOC	LOC_1022
Трамп	Трамп	PER	PER_977
Трампа	Трамп	PER	PER_70
Трампе	трампа	PER	PER_977
Трампом	Трамп	PER	PER_977
Трампу	трампа	PER	PER_977
ФРГ	ФРГ	LOC	LOC_27
Флинн	Флинн	PER	PER_3508
Франкфурте-на-Майне	Франкфурте-на-майн	LOC	LOC_29
ЦРУ	цру	ORG	ORG_4704
Царьград	царьград	LOC	LOC_4829
Яндекс.Дзен	яндекс. дзен	PRO	PRO_4830
верхнюю палату парламента США	верхний палата парламент США	ORG	ORG_4061
президентским выборам в	президентский выборы в	EVT	EVT_4818
федерального правительства	федеральный правительство	ORG	ORG_4756
федеральный суд	федеральный суд	ORG	ORG_4880
