ru-71
Black Lives Matter	Black Lives Matter	ORG	ORG_3421
CNN	CNN	ORG	ORG_383
Fox News	Fox News	PRO	PRO_3308
www.aif.ru	www.aif.ru	PRO	PRO_3265
Авраама Линкольна	Авраам Линкольн	PER	PER_3621
АиФ	аиф	ORG	ORG_4886
АиФ.ru	аиф.ru	PRO	PRO_2827
Байден	Байден	PER	PER_3577
Байдена	Байден	PER	PER_3577
Байдену	Байден	PER	PER_2995
Бараке Обаме	барак Обам	LOC	LOC_4902
Валерий Гарбузов	Валерий Гарбузов	PER	PER_222
Виктора Шокина	Виктор Шокин	PER	PER_1220
Демократ	демократ	ORG	ORG_3320
Джо	Джо	PER	PER_3622
Джо Байдена	Джо Байден	PER	PER_76
Дональда Трампа	Дональд Трамп	PER	PER_70
Института США и Канады РАН	институт США и Канада РАН	ORG	ORG_4903
Иран	Иран	LOC	LOC_177
Китай	Китай	LOC	LOC_56
Крым	Крым	LOC	LOC_2855
Лужкова	Лужков	PER	PER_4901
Москвы	Москва	LOC	LOC_316
Пенсильвании	пенсильвание	LOC	LOC_2427
Пенсильвания	Пенсильвание	LOC	LOC_101
Путина	Путин	PER	PER_315
России	Россия	LOC	LOC_95
Россию	Россия	LOC	LOC_95
Россия	Россия	LOC	LOC_95
США	США	LOC	LOC_69
Техас	Техас	LOC	LOC_1022
Техасе	Техас	LOC	LOC_1022
Трамп	Трамп	PER	PER_977
Трампа	Трамп	PER	PER_70
Трампом	Трамп	PER	PER_977
Украине	Украина	LOC	LOC_318
Украины	Украина	LOC	LOC_318
Хиллари Клинтон	Хиллари Клинтон	PER	PER_2175
