ru-166
-	-	ORG	ORG_353
Telegram	Telegram	PRO	PRO_2596
ZN.UA	ZN. UA	PRO	PRO_2552
Айдахо	Айдахо	LOC	LOC_522
Алабаме	Алабама	LOC	LOC_3330
Альберта Гора	Альберт Гор	PER	PER_5126
Аризоне	Аризона	LOC	LOC_1748
Арканзас	Арканзас	LOC	LOC_3375
Ассошиэйтед Пресс	ассошить Пресс	ORG	ORG_2606
Билл Янклоу	Билл Янклоу	PER	PER_5130
Билла Клинтона	Билла Клинтон	PER	PER_2175
Биллу Клинтону	Билл Клинтон	PER	PER_2175
Бушей	бушей	PER	PER_1707
Вайоминге	вайоминг	LOC	LOC_3372
Висконсине	висконсина	LOC	LOC_527
Грей Дэвис	Грей Дэвис	PER	PER_428
Демократической партии	демократический партия	ORG	ORG_584
Джим Ходжес	Джим Ходжес	PER	PER_4468
Джордж Патаки	Джордж Патака	PER	PER_1298
Джорджа Буша	Джордж Буш	PER	PER_3450
Джорджа Буша-младшего	Джордж Буш - младший	PER	PER_3450
Джорджии	Джорджия	LOC	LOC_2174
Джэб Буш	Джэб Буш	PER	PER_3450
Джэба Буша	джэба Буш	PER	PER_3450
Дон Сандкуист	Дон Сандкуист	PER	PER_5129
Дэном Лундгреном	Дэн Лундгрен	PER	PER_5128
Калифорнии	Калифорния	LOC	LOC_102
Калифорния	Калифорния	LOC	LOC_102
Клинтона	Клинтон	PER	PER_3473
Клинтона Хилари	Клинтон Хиллари	PER	PER_2175
Конгресс	Конгресс	ORG	ORG_3350
Конгресса	Конгресс	ORG	ORG_3350
Конгрессе США	Конгресс США	ORG	ORG_4061
Коннектикуте	коннектикут	LOC	LOC_4613
Моники Левински	моника Левински	PER	PER_5131
Мотор Січ	мотор Січ	ORG	ORG_5095
Мэриленде	Мэриленд	LOC	LOC_4745
Нельсону	Нельсон	PER	PER_3539
Нью-Йорк	Нью-Йорк	LOC	LOC_2256
Нью-Йорка	Нью-Йорк	LOC	LOC_2256
Нью-Мексико	Нью-Мексико	LOC	LOC_79
Огайо	Огайо	LOC	LOC_1736
Палате представителей республиканцы	палата представитель республиканец	ORG	ORG_3908
Пенсильвании	пенсильвание	LOC	LOC_2427
Республиканской партии	республиканский партия	ORG	ORG_584
Род-Айленде	род-айленда	LOC	LOC_3376
Рокфеллерам	рокфеллер	PER	PER_3503
США	США	ORG	ORG_120
Сенате	Сенат	ORG	ORG_1012
Соединенных Штатов	соединить Штат	LOC	LOC_69
Теннесси	Теннесси	LOC	LOC_3374
Техас	Техас	LOC	LOC_1022
Техаса	техас	LOC	LOC_1022
Том Ридж	Том Ридж	PER	PER_4022
Уинтропу	уинтроп	PER	PER_5127
Украина	Украина	LOC	LOC_318
Украины	Украина	LOC	LOC_318
Флорида	Флорида	LOC	LOC_894
Флуд	флуд	EVT	EVT_3218
Южной Дакоты	Южный Дакота	LOC	LOC_523
Южной Каролине	Южный Каролин	LOC	LOC_168
американским демократам	американский демократ	PER	PER_2172
демократами	демократ	PER	PER_2172
демократов	демократ	PER	PER_2172
палаты представителей	палата представитель	ORG	ORG_3333
республиканцами	республиканец	PER	PER_1985
республиканцев	республиканец	PER	PER_1985
ругань	ругань	EVT	EVT_3217
