ru-15
Facebook	Фейсбук	PRO	PRO_98
Twitter	Twitter	PRO	PRO_71
Аризоне	Аризона	LOC	LOC_1748
Байден	Байден	PER	PER_3577
Байдена	Байден	PER	PER_3577
ВАШИНГТОН	вашингтон	LOC	LOC_3436
ВВС	ввс	PRO	PRO_2662
ВВС США	ввс США	PRO	PRO_2662
Вашингтона	Вашингтон	LOC	LOC_183
Висконсину	висконсина	LOC	LOC_527
Джо Байдена	Джо Байден	PER	PER_76
Джорджии	Джорджия	LOC	LOC_2174
Дональд Трамп	Дональд Трамп	PER	PER_70
Дональда Трампа	Дональд Трамп	PER	PER_70
Дэн Скавино	Дэн Скавино	PER	PER_4760
Дэн Скавино.Самого	Дэн Скавино . сам	PER	PER_4760
Конгресс США	Конгресс США	ORG	ORG_4061
Майк Пенс	Майк Пенс	PER	PER_3847
Майка Пенса	Майк Пенс	PER	PER_3847
Мичигане	Мичиган	LOC	LOC_99
Национальную гвардию	национальный гвардия	ORG	ORG_4726
Неваде	Невада	LOC	LOC_1153
Пенс	пенс	PER	PER_1461
Пенсильвании	пенсильвание	LOC	LOC_2427
РИА Новости	риа новость	ORG	ORG_158
США	США	LOC	LOC_69
Трамп	Трамп	PER	PER_977
Трампа	Трамп	PER	PER_70
палаты представителей	палата представитель	ORG	ORG_3333
сената	сенат	ORG	ORG_1012
