ru-133
DIW	DIW	ORG	ORG_4824
Daily Sabah	Daily Sabah	PRO	PRO_4827
Der Spiegel	Der Spiegel	PRO	PRO_2277
Fox News	Fox News	PRO	PRO_3308
Haaretz	Haaretz	ORG	ORG_4820
Handelsblatt	Handelsblatt	PRO	PRO_3656
Tages-Anzeiger	Tages -Anzeiger	PRO	PRO_2218
The Guardian	The Guardian	PRO	PRO_2594
Белого дома	белый дом	LOC	LOC_72
Белом доме	белый дом	LOC	LOC_72
Грегга Рэ	грегг Рэ	PER	PER_3777
Демократы	демократ	PER	PER_2172
Джемаля Хашкаджи	джемаль Хашкаджи	PER	PER_4821
Дональда Трампа	Дональд Трамп	PER	PER_70
Дональду Трампу	дональда Трампа	PER	PER_70
Европы	Европа	LOC	LOC_49
Йемене	Йемен	LOC	LOC_4437
Йонатан Фридланд	Йонатан Фридланд	PER	PER_4828
Конгресс	Конгресс	ORG	ORG_3350
Конгресса	Конгресс	ORG	ORG_3350
Конгресса США	Конгресс США	ORG	ORG_4061
Конгрессе	Конгресс	ORG	ORG_3350
Конец Трампа	конец Трамп	EVT	EVT_4676
МИД Германии	мид Германия	ORG	ORG_4819
Маас	Маас	PER	PER_2668
Марсель Фратцшер	Марсель Фратцшер	PER	PER_4825
Москвы	Москва	LOC	LOC_316
Немецкого института экономических исследований	немецкий институт экономический исследование	ORG	ORG_3125
Обамы	обама	PER	PER_1706
Палата представителей	Палата представитель	ORG	ORG_3333
Палате представителей	палата представитель	ORG	ORG_3333
Палате представителей США	палата представитель США	ORG	ORG_4061
Палате представителей демократы	палата представитель демократ	ORG	ORG_3890
Палате представителей у демократов	палата представитель у демократ	ORG	ORG_3890
Палату представителей	Палата представитель	ORG	ORG_3333
Палаты представителей	Палата представитель	ORG	ORG_3333
Пекина	Пекин	LOC	LOC_234
Россией	Россия	LOC	LOC_95
России	Россия	LOC	LOC_95
Россию	Россия	LOC	LOC_95
США	США	LOC	LOC_69
Саудовской Аравии	Саудовский Аравия	LOC	LOC_81
Саудовскую Аравию	Саудовский Аравия	LOC	LOC_81
Сенат	Сенат	ORG	ORG_1012
Твиттере	Твиттер	PRO	PRO_71
Трамп	Трамп	PER	PER_977
Трампа	Трамп	EVT	EVT_4676
Трампу	трампа	PER	PER_977
Украине	Украина	LOC	LOC_318
Хайко Маас	хайко Маас	PER	PER_3602
Царьград	царьград	LOC	LOC_4829
Штатах	Штат	LOC	LOC_69
Эр-Рияда	эр-рияд	ORG	ORG_4823
Яндекс.Дзен	яндекс. дзен	PRO	PRO_4830
демократов	демократ	ORG	ORG_3320
представителей	представитель	ORG	ORG_4822
республиканцев	республиканец	ORG	ORG_2775
твит	твит	PRO	PRO_1218
