ru-93
Fox News	Fox News	PRO	PRO_3308
OAN	OAN	ORG	ORG_4097
TIP	TIP	ORG	ORG_5506
Transition Integrity Project	Transition Integrity Project	PRO	PRO_5500
Американский народ	американский народ	PER	PER_64
Байден	Байден	PER	PER_3577
Байдена	Байден	PER	PER_3577
Белого дома	белый дом	LOC	LOC_72
Белом доме	белый дом	LOC	LOC_72
Белый дом	белый дом	LOC	LOC_72
Билл Кристол	Билл Кристол	PER	PER_5502
Билла	Билла	ORG	ORG_5504
Буш против Гора	Буш против Гор	EVT	EVT_5102
В.Овчинский	В. Овчинский	PER	PER_5497
Верховный суд	верховный суд	ORG	ORG_5356
Висконсина	Висконсин	LOC	LOC_527
Владимир Овчинский	Владимир Овчинский	PER	PER_5497
Генеральным прокурором США	генеральный прокурор США	ORG	ORG_5274
Демократической партии	демократический партия	ORG	ORG_584
Дженнифер Гранхольм	Дженнифер Гранхольм	PER	PER_5060
Джо Байдена	Джо Байден	PER	PER_76
Джон Подеста	Джон Подеста	PER	PER_4211
Джорджа Сороса	Джордж Сорос	PER	PER_3746
Днем	день	EVT	EVT_5507
Днем инаугурации	день инаугурация	EVT	EVT_3404
Дню	День	EVT	EVT_5507
Дональда Трампа	Дональд Трамп	PER	PER_70
Донна Бразил	Донна Бразил	PER	PER_5505
Закон о восстаниии	закон о восстание	PRO	PRO_5347
Кентукки	Кентукка	LOC	LOC_4613
Клинтона	Клинтон	LOC	LOC_4878
Конгрессе	Конгресс	ORG	ORG_3350
Майкл Стил	Майкл Стил	PER	PER_3384
Министерство юстиции	министерство юстиция	ORG	ORG_4555
Мичигана	мичиган	LOC	LOC_99
Национальной гвардии	национальный гвардия	ORG	ORG_4726
Новой Зеландии	новый Зеландия	LOC	LOC_2137
Нэнси Пелоси	Нэнси Пелось	PER	PER_3442
Объединенный комитет начальников штабов	объединить комитет начальник штаб	ORG	ORG_5508
Палате представителей	палата представитель	ORG	ORG_3333
Палаты представителей	Палата представитель	ORG	ORG_3333
Пенс	пенс	PER	PER_1461
Пентагоне	Пентагон	LOC	LOC_3360
Проекта	проект	PRO	PRO_3512
Республиканского национального комитета	республиканский национальный комитет	ORG	ORG_3718
Республиканской партии	республиканский партия	ORG	ORG_584
Роза Брукс	роза Брукс	PER	PER_5501
США	США	LOC	LOC_69
Секретная служба	секретный служба	ORG	ORG_4719
Соединенных Штатах	соединить Штат	LOC	LOC_69
Твиттере	Твиттер	PRO	PRO_71
Трамп	Трамп	PER	PER_977
Трампа	Трамп	PER	PER_70
Трампу	трампа	PER	PER_977
Трей Грейсон	трей Грейсон	PER	PER_5503
Уильям П. Барр	Уильям П. Барр	PER	PER_3354
Хиллари Клинтон	Хиллари Клинтон	PER	PER_2175
Эла	Эла	PER	PER_2899
выборы 1876 года	выборы 1876 год	EVT	EVT_5509
демократов	демократ	ORG	ORG_3320
нью-йоркцев	нью - йоркец	PER	PER_1735
периода	период	PRO	PRO_5499
президентских выборов 2020 года	президентский выборы 2020 год	EVT	EVT_4818
целостности переходного	целостность переходный	EVT	EVT_5498
