ru-73
Байден	Байден	PER	PER_3577
ВАШИНГТОН	вашингтон	LOC	LOC_3436
ВВС США	ввс США	ORG	ORG_4946
Вашингтона	Вашингтон	LOC	LOC_183
Вашингтоне	Вашингтон	LOC	LOC_183
Гаврилова А.В.	Гаврилов А. В.	PER	PER_3107
Джо Байден	Джо Байден	PER	PER_76
Дональду Трампу	дональда Трампа	PER	PER_70
Дональду Трампу.Отвечая	Дональд Трампусотвеч	PER	PER_70
Ильхан Омар	Ильхан Омар	PER	PER_3338
РИА Новости	риа новость	ORG	ORG_158
Роберт Конти	Роберт Конть	PER	PER_535
США	США	LOC	LOC_69
Трамп	Трамп	PER	PER_977
Трампа	Трамп	PER	PER_70
Трампу	трампа	PER	PER_977
палаты представителей	палата представитель	ORG	ORG_3333
палаты представителей демократ	палата представитель демократ	ORG	ORG_3890
сенаторов-демократов	сенатор - демократ	PER	PER_3378
