ru-44
Buzzfeed	Buzzfeed	PRO	PRO_3452
Hill	Hill	PRO	PRO_4628
New York Times	New York Times	PRO	PRO_51
USA Really	USA Really	ORG	ORG_120
Агентства интернет-исследований	Агентство интернет - исследование	ORG	ORG_1608
Александр Малькевич	Александр Малькевич	PER	PER_4269
Белого дома	белый дом	LOC	LOC_72
Би-би-си	Би - би-с	ORG	ORG_2909
Вашингтон	Вашингтон	LOC	LOC_183
Владимиру Путину	Владимир Путин	PER	PER_315
Дэниел Коутс	Дэниел Коутс	PER	PER_5236
Евгения Пригожина	Евгений Пригожин	PER	PER_5238
Елену Хусяйнову	елена Хусяйнов	PER	PER_5237
Инстаграме	инстаграм	ORG	ORG_4688
Иран	Иран	LOC	LOC_177
Китай	Китай	LOC	LOC_56
Конкорд менеджмент и консалтинг	Конкорд менеджмент и консалтинг	ORG	ORG_5244
Коутс	коутс	PER	PER_5092
Коутса	коутс	PER	PER_5092
Минфин США	Минфин США	ORG	ORG_5243
Минюст США	Минюст США	ORG	ORG_4917
Национальной разведки США	национальный разведка США	ORG	ORG_5134
Невские	невский	ORG	ORG_5242
Пригожин	Пригожин	PER	PER_5239
Пригожина	Пригожин	PER	PER_5239
Пригожину	пригожина	PER	PER_5239
Рейтер	Рейтер	ORG	ORG_153
России	Россия	LOC	LOC_95
Россия	Россия	LOC	LOC_95
США	США	LOC	LOC_69
Сергей Горяшко	Сергей Горяшко	PER	PER_1607
Сестрорецкий районный суд Петербурга	сестрорецкий районный суд Петербург	ORG	ORG_5240
Трампу	трампа	PER	PER_977
Федеральное агентство новостей	федеральный агентство новость	ORG	ORG_5232
Фейсбуке	Фейсбук	PRO	PRO_98
Хусяйнова	Хусяйнов	PER	PER_5237
Хусяйновой	Хусяйнова	PER	PER_5241
Хусяйнову	Хусяйнов	PER	PER_5241
министерство внутренней безопасности	министерство внутренний безопасность	ORG	ORG_161
минфин	минфин	ORG	ORG_2740
президентские выборы 2016 года	президентский выборы 2016 год	EVT	EVT_4818
президентскими выборами 2016 года	президентский выборы 2016 год	EVT	EVT_4975
