ru-123
2020 года	2020 год	EVT	EVT_2110
Atlantic council of the United States	Atlantic council of the United States	ORG	ORG_5444
Axios	Axios	PRO	PRO_3465
CISA	CISA	ORG	ORG_3435
rt.com	rt.com	PRO	PRO_2827
Агентства кибербезопасности	Агентство кибербезопасность	ORG	ORG_4122
Агентства кибербезопасности и инфраструктурной безопасности	Агентство кибербезопасность и инфраструктурный безопасность	ORG	ORG_3434
Агентство кибербезопасности	Агентство кибербезопасность	ORG	ORG_3434
Агентство кибербезопасности и инфраструктурной безопасности	Агентство кибербезопасность и инфраструктурный безопасность	ORG	ORG_3434
Агентство по кибербезопасности и обеспечению защиты инфраструктуры	Агентство по кибербезопасность и обеспечение защита инфраструктура	ORG	ORG_3434
Атлантический совет	атлантический совет	ORG	ORG_5444
Атлантического совета	атлантический совет	ORG	ORG_5444
Белого дома	белый дом	LOC	LOC_72
Блохин	Блохин	PER	PER_3508
Блохина	Блохин	PER	PER_3508
Боровая улица	боровой улица	LOC	LOC_5247
Вашингтон	Вашингтон	LOC	LOC_183
Владимир Путин	Владимир Путин	PER	PER_315
Генеральной прокуратуры	генеральный прокуратура	ORG	ORG_5274
Демпартии	демпартия	ORG	ORG_4656
Джо Байден	Джо Байден	PER	PER_76
Джо Байдена	Джо Байден	PER	PER_76
Дмитрий Песков	Дмитрий Песков	PER	PER_159
Дональд Трамп	Дональд Трамп	PER	PER_70
Дональда Трампа	Дональд Трамп	PER	PER_70
Дональду Трампу	дональда Трампа	PER	PER_70
Константин Блохин	Константин Блохин	PER	PER_5455
Кремль	Кремль	LOC	LOC_150
Кремлём	кремлем	LOC	LOC_150
МВБ	мвб	ORG	ORG_2419
Мадисон	Мадисон	LOC	LOC_4835
Малек Дудаков	Малек Дудаков	PER	PER_5540
Малека Дудакова	Малека Дудаков	PER	PER_5540
Министерства внутренней безопасности	Министерство внутренний безопасность	ORG	ORG_161
Москва	Москва	LOC	LOC_316
Москву	Москва	LOC	LOC_316
Москвы	Москва	LOC	LOC_316
Национального центра контрразведки и безопасности США	национальный центр контрразведка и безопасность США	ORG	ORG_151
Национальной разведки США	национальный разведка США	ORG	ORG_5134
Нацразведки США	нацразведка США	ORG	ORG_4719
Нэнси Пелоси	Нэнси Пелось	PER	PER_3442
РФ	РФ	LOC	LOC_95
Республиканской партии	республиканский партия	ORG	ORG_584
Республиканскую партию	республиканский партия	ORG	ORG_584
Роберт О'Брайен	Роберт О'Брайен	PER	PER_5255
Роскомнадзором	роскомнадзор	ORG	ORG_3044
России	Россия	LOC	LOC_95
Россию	Россия	LOC	LOC_95
Россия	Россия	LOC	LOC_95
СBS	СBS	PRO	PRO_5445
США	США	LOC	LOC_69
Симоньян М. С.	симоньян М. С.	PER	PER_5229
Соединённых Штатах	соединить Штат	LOC	LOC_69
Трамп	Трамп	PER	PER_977
Трампа	Трамп	PER	PER_70
Трампу	трампа	PER	PER_977
Уильям Эванина	Уильям Эванин	PER	PER_3707
ФБР	ФБР	ORG	ORG_3418
Федерального бюро расследований	федеральный бюро расследование	ORG	ORG_4204
Федеральное бюро расследований	федеральный бюро расследование	ORG	ORG_4204
Федеральном бюро расследований	федеральный бюро расследование	ORG	ORG_4204
Хиллари Клинтон	Хиллари Клинтон	PER	PER_2175
Центра исследования проблем безопасности РАН	Центр исследование проблема безопасность РАН	ORG	ORG_5258
Чед Вулф	Чед Вулф	PER	PER_4870
Шиффа	шиффа	PER	PER_1086
Эванина	эванина	PER	PER_5539
демократов	демократ	PER	PER_2172
палаты представителей США	палата представитель США	ORG	ORG_4061
правительством РФ	правительство РФ	ORG	ORG_4847
президентские выборы 2020 года	президентский выборы 2020 год	EVT	EVT_4818
президентские выборы 2020 года в	президентский выборы 2020 год в	EVT	EVT_4818
республиканцев	республиканец	PER	PER_1985
