ru-154
Nabuleaks	Nabuleaks	ORG	ORG_4862
Only News	Only News	ORG	ORG_3186
stana.ua	stana.ua	PRO	PRO_2552
Андрея Деркача	Андрей Деркач	PER	PER_3271
Байдена	Байден	PER	PER_3577
В.А. Фронин	В. А. Фронин	PER	PER_4864
Вашингтоне	Вашингтон	LOC	LOC_183
Верховной рады	верховной рад	ORG	ORG_4863
Демократической партии США	демократический партия США	ORG	ORG_584
Деркача	деркача	PER	PER_4784
Джо Байдена	Джо Байден	PER	PER_76
Петра Порошенко	Петр Порошенко	PER	PER_4747
Роскомнадзоре	роскомнадзор	ORG	ORG_3044
Российской газеты	российский газета	PRO	PRO_445
США	США	LOC	LOC_69
Украине	Украина	LOC	LOC_318
Украины	Украина	LOC	LOC_318
ЭЛ	эл	PRO	PRO_4861
министерства финансов США	министерство финансы США	ORG	ORG_4756
