ru-191
Facebook	Фейсбук	ORG	ORG_96
Google	Гугл	ORG	ORG_1597
Neuralink	neuralink	ORG	ORG_4859
Obamacare	Obamacare	ORG	ORG_4813
SpaceХ	SpaceХ	ORG	ORG_4858
Tesla	Tesla	ORG	ORG_4857
Twitter	Twitter	PRO	PRO_71
rueconomics.ru	rueconomics.ru	PRO	PRO_2827
Алексея Навального	Алексей Навальный	PER	PER_4644
Борис Пивовар	Борис Пивовар	PER	PER_30
Вашингтона	Вашингтон	LOC	LOC_183
Верховного суда РФ	верховный суд РФ	ORG	ORG_3345
Виктории Юрьевны	виктория Юрьевна	PER	PER_106
Виктория Журавлева	Виктория Журавлев	PER	PER_106
Владимир Ашурков	Владимир Ашурков	PER	PER_3270
Владимир Зеленский	Владимир Зеленский	PER	PER_2332
Владимир Путин	Владимир Путин	PER	PER_315
Волжского	волжский	LOC	LOC_780
Вячеслав Володин	Вячеслав Володин	PER	PER_2332
Газпром-медиа	газпром - медиа	ORG	ORG_4852
Госдумы РФ	Госдума РФ	ORG	ORG_4847
Джо Байден	Джо Байден	PER	PER_76
Дональд Трамп	Дональд Трамп	PER	PER_70
Журавлева	Журавлев	PER	PER_993
ИГ1	иг1	ORG	ORG_4844
ИМЭМО РАН	имэмо РАН	ORG	ORG_4845
Илон Маск	Илон Маск	PER	PER_3026
Имарат Кавказ	имарат Кавказ	ORG	ORG_4850
Ингушетии	Ингушетия	LOC	LOC_4849
Института отраслевого менеджмента РАНХиГС	институт отраслевой менеджмент РАНХиГС	ORG	ORG_4860
Клинтон	Клинтон	ORG	ORG_3396
Конгресс США	Конгресс США	ORG	ORG_4061
Конгресса США	Конгресс США	ORG	ORG_4061
Конгрессе	Конгресс	ORG	ORG_3350
Крыма	Крым	LOC	LOC_2855
Марин Афанасьева	Марин Афанасьев	PER	PER_4854
Москва	Москва	LOC	LOC_316
НАТО	НАТО	ORG	ORG_864
Песняры	песняр	ORG	ORG_4848
РФ	РФ	LOC	LOC_95
Россией	Россия	LOC	LOC_95
России	Россия	LOC	LOC_95
Россия	Россия	LOC	LOC_95
Ростислав Ищенко	Ростислав Ищенко	PER	PER_4851
США	США	LOC	LOC_69
Сергей Цеков	Сергей Цеков	PER	PER_2926
Соединенных Штатах	соединить Штат	LOC	LOC_69
Соединенных Штатов	соединить Штат	LOC	LOC_69
Трамп	Трамп	PER	PER_977
Трампа	Трамп	ORG	ORG_4653
Триколором	триколор	ORG	ORG_4853
Украину	Украина	LOC	LOC_318
Украины	Украина	LOC	LOC_318
ФСБ	фсб	ORG	ORG_3418
Хиллари Клинтон	Хиллари Клинтон	PER	PER_2175
ЭЛ	эл	PRO	PRO_4861
Экономика сегодня	экономика сегодня	ORG	ORG_4846
американский Конгресс	американский Конгресс	ORG	ORG_4061
министерство инвестиций	министерство инвестиция	ORG	ORG_4855
промышленности и науки Московской области	промышленность и наука московский область	ORG	ORG_4856
