ru-5
Аризона	Аризон	LOC	LOC_1748
Аризоне	Аризона	LOC	LOC_1748
Аризону	аризон	LOC	LOC_1748
Байден	Байден	PER	PER_3577
Байдена	Байден	PER	PER_3577
Байдену	Байден	PER	PER_2995
Берни Сандерс	Берни Сандерс	PER	PER_3472
Берни Сандерса	Берни Сандерс	PER	PER_3472
Висконсин	Висконсин	LOC	LOC_527
Висконсине	висконсина	LOC	LOC_527
Джо Байден	Джо Байден	PER	PER_76
Калифорнии	Калифорния	LOC	LOC_102
Калифорния	Калифорния	LOC	LOC_102
Мичиган	Мичиган	LOC	LOC_99
Мичигане	Мичиган	LOC	LOC_99
Пенсильвании	пенсильвание	LOC	LOC_2427
Пенсильванию	пенсильвание	LOC	LOC_101
Пенсильвания	Пенсильвание	LOC	LOC_101
США	США	LOC	LOC_69
Сандерс	Сандерс	PER	PER_4446
Сандерса	Сандерс	PER	PER_4446
Северная Каролина	Северный Каролин	LOC	LOC_168
Северной Каролине	Северный Каролин	LOC	LOC_168
Северную Каролину	северный Каролин	LOC	LOC_168
Северные штаты	северный штат	LOC	LOC_1956
Техас	Техас	LOC	LOC_1022
Трамп	Трамп	PER	PER_977
Трампа	Трамп	PER	PER_70
Уоррен	Уоррен	PER	PER_281
Флорида	Флорида	LOC	LOC_894
Флориде	Флорида	LOC	LOC_894
Флориду	Флорида	LOC	LOC_894
Элизабет Уоррен	Элизабет Уоррен	PER	PER_3475
демократов	демократ	PER	PER_2172
