ru-183
http://fantasyguilde.com	Mttp://basl8easl9lulsd	PRO	PRO_5098
Белый дом	белый дом	LOC	LOC_72
Буш	Буш	PER	PER_1707
Буша	Буш	PER	PER_1707
Бушем	Буш	LOC	LOC_3573
Бушу	Буш	PER	PER_1707
Вайоминг	Вайоминг	LOC	LOC_3372
Вашингтон	Вашингтон	LOC	LOC_183
Верховного суда	верховный суд	ORG	ORG_3345
Верховного суда США	верховный суд США	ORG	ORG_3345
Верховного суда штата Флорида	верховный суд штат Флорида	ORG	ORG_3462
Верховный суд США	верховный суд США	ORG	ORG_3345
Вешняков	вешняк	PER	PER_2874
Владимир Абаринов	Владимир Абаринов	PER	PER_2864
Гор против Буша	Гор против Буш	EVT	EVT_5102
Гора	гора	PER	PER_4708
Демократической партий США	демократический партия США	ORG	ORG_3320
Джон Эдвардс	Джон Эдвардс	PER	PER_5099
Джону Керри	Джон Керри	PER	PER_4650
Джордж Буш	Джордж Буш	PER	PER_3450
Джорджу Бушу	Джордж Буш	PER	PER_3450
Западной Вирджинии	Западный Вирджиния	LOC	LOC_3373
Керри	Керри	PER	PER_4099
Коллегии	коллегия	ORG	ORG_4695
Колорадо	Колорадо	LOC	LOC_521
Колумбия	Колумбия	LOC	LOC_517
Конгресса	Конгресс	ORG	ORG_3350
Конституции	Конституция	PRO	PRO_43
Мэн	Мэн	LOC	LOC_3318
Мэна	мэна	LOC	LOC_3318
Небраски	Небраска	LOC	LOC_104
Огайо	Огайо	LOC	LOC_1736
Палате представителей Конгресса	палата представитель Конгресс	ORG	ORG_4061
Ренквист	ренквист	PER	PER_5101
Республиканской	республиканский	ORG	ORG_2775
США	США	LOC	LOC_69
Сенате	Сенат	ORG	ORG_1012
Уильям Ренквист	Уильям Ренквист	PER	PER_5100
Флорида	Флорида	LOC	LOC_894
ЦИК	ЦИК	ORG	ORG_3803
ЦИК РФ	ЦИК РФ	ORG	ORG_4847
Эдвардс	Эдвардс	PER	PER_5099
Эл Гор	эл Гор	PER	PER_3449
консерватор	консерватор	PER	PER_3361
консерваторами	консерватор	PER	PER_3361
