ru-64
Electoral College	Electoral College	ORG	ORG_3309
Plan	Plan	PRO	PRO_5477
eJournalUSA	eJournalUSA	ORG	ORG_5485
Аароном Бэрром	Аарон Бэрр	PER	PER_4003
Авраам Линкольн	Авраам Линкольн	PER	PER_3621
Адамс	Адамс	PER	PER_3061
Адамса	Адамс	PER	PER_3061
Аляска	Аляск	LOC	LOC_518
Б.	Б .	PER	PER_5479
Бараку Обаме	Барак Обам	PER	PER_3496
Бейкер Р.,	Бейкер Р. ,	PER	PER_5482
Буш-младший	Буш - младший	PER	PER_5367
Вайоминг	Вайоминг	LOC	LOC_3372
Вашингтон	Вашингтон	LOC	LOC_183
Вермонт	Вермонт	LOC	LOC_1737
Всемирная история	всемирный история	PRO	PRO_5486
Вудро Вильсон	Вудро Вильсон	PER	PER_5310
Гавайи	Гавайи	LOC	LOC_3558
Гаррисон	Гаррисон	PER	PER_3961
Гражданская война в США	гражданский война в США	EVT	EVT_3455
Делавэр	Делавэр	LOC	LOC_3342
Делавэра	делавэр	LOC	LOC_3342
Демократической	демократический	ORG	ORG_3320
Дж	Дж	PER	PER_2167
Джейми Раскина	Джейми Раскин	PER	PER_5480
Джон К. Адамс	Джон К. Адамс	PER	PER_3061
Джону Маккейну	Джон Маккейн	PER	PER_3780
Джордж Буш-младший	Джордж Буш младший	PER	PER_3450
Иллинойс	Иллинойс	LOC	LOC_1249
КОЛЛЕГИЯ	коллегия	LOC	LOC_4285
Калифорнию	Калифорний	LOC	LOC_102
Калифорния	Калифорния	LOC	LOC_102
Коллегии	коллегия	ORG	ORG_4695
Коллегии выборщиков	коллегия выборщик	ORG	ORG_3309
Коллегия выборщиков	коллегия выборщик	ORG	ORG_3309
Колумбия	Колумбия	LOC	LOC_517
Конгресс	Конгресс	ORG	ORG_3350
Конгрессе	Конгресс	ORG	ORG_3350
Конституции США	Конституция США	PRO	PRO_43
Континент	континент	ORG	ORG_5484
Либертарианская партия	либертарианский партия	ORG	ORG_109
Луизиана	Луизиан	LOC	LOC_1663
Монтана	монтан	LOC	LOC_100
Мэн	Мэн	LOC	LOC_3318
Мэриленд	Мэриленд	LOC	LOC_4745
Небраска	Небраска	LOC	LOC_104
Небраске	небраска	LOC	LOC_104
Небраски	Небраска	LOC	LOC_104
Независимая партия	независимый партия	ORG	ORG_584
Нью-Джерси	Нью-Джерси	LOC	LOC_103
Нью-Йорк	Нью-Йорк	LOC	LOC_2256
Нью-Йорке	Нью-Йорк	LOC	LOC_2256
Нью-Мексико	Нью-Мексико	LOC	LOC_79
Палатой Представителей	палата представитель	ORG	ORG_3333
Палаты представителей	Палата представитель	ORG	ORG_3333
План Амара	план Амара	PRO	PRO_5476
Прогрессивная партия	прогрессивный партия	ORG	ORG_5202
Р.	Р.	PER	PER_5478
Раскин Д.	Раскин Д.	PER	PER_5483
Раскина	раскина	PER	PER_5481
Резерфорда Хейза	резерфорд Хейз	PER	PER_4932
Республиканской	республиканский	ORG	ORG_2775
Риме	Рим	LOC	LOC_544
Российской империи	российский империя	LOC	LOC_95
СССР	ссср	LOC	LOC_95
США	США	LOC	LOC_69
Северная Дакота	Северный Дакота	LOC	LOC_523
Северной Дакоты	Северный Дакота	LOC	LOC_523
Сенат	Сенат	ORG	ORG_1012
Соединённых Штатов	соединить Штат	LOC	LOC_69
Техас	Техас	LOC	LOC_1022
Техасе	Техас	LOC	LOC_1022
Томас Джефферсон	Томас Джефферсон	PER	PER_3955
Уильяме Тафте	уилья Тафте	PER	PER_3963
Улисса Гранта	улисс Грант	PER	PER_5204
Федеральный округ Колумбия	федеральный округ Колумбия	ORG	ORG_5214
Флориду	Флорида	LOC	LOC_894
Хейз	Хейз	PER	PER_1692
Хорас Грили	Хорас Грили	PER	PER_428
Эндрю Джексон	Эндрю Джексон	PER	PER_3958
Южная Дакота	Южный Дакота	LOC	LOC_523
Юта	Юта	LOC	LOC_524
Юте	ют	LOC	LOC_524
