ru-45
AFP	AFP	ORG	ORG_1211
Bloomberg	Bloomberg	ORG	ORG_121
CNN	CNN	ORG	ORG_383
NBC	NBC	ORG	ORG_382
Sydney Morning Herald	Sydney Morning Herald	PRO	PRO_4944
Zogby	Zogby	ORG	ORG_4945
АВС	АВС	ORG	ORG_3667
Бостоне	Бостон	LOC	LOC_1654
Буш	Буш	PER	PER_1707
Буша	Буш	LOC	LOC_3573
ВВС	ввс	ORG	ORG_4946
Вашингтон	Вашингтон	LOC	LOC_183
Висконсин	Висконсин	LOC	LOC_527
Вьетнамской войны	вьетнамский война	EVT	EVT_1455
Джо Локхарт	Джо Локхарт	PER	PER_4948
Джон Керри	Джон Керри	PER	PER_4650
Джордж Буш	Джордж Буш	PER	PER_3450
Керри	Керри	PER	PER_4099
Колумбия	Колумбия	LOC	LOC_517
Конгресса	Конгресс	ORG	ORG_3350
Конституции США	Конституция США	PRO	PRO_43
Кроуфорд	Кроуфорд	LOC	LOC_4947
Массачусетс	Массачусетс	LOC	LOC_550
Огайо	Огайо	LOC	LOC_1736
Палаты представителей Конгресса	Палата представитель Конгресс	ORG	ORG_4061
Пенисльвании	пенисльвание	LOC	LOC_2427
Пенсильвания	Пенсильвание	LOC	LOC_101
США	США	LOC	LOC_69
Сенате	Сенат	ORG	ORG_1012
Техасе	Техас	LOC	LOC_1022
Флориде	Флорида	LOC	LOC_894
Эха Москвы	Эхо Москва	ORG	ORG_4768
Южной Дакоте	Южный Дакота	LOC	LOC_523
округе Колумбия	округ Колумбия	LOC	LOC_517
