ru-9
Committee	Committee	ORG	ORG_1444
ForumDaily New York	ForumDaily New York	PRO	PRO_51
PCO	PCO	ORG	ORG_5121
Shutterstock	Shutterstock	PRO	PRO_4832
Антифа	антиф	PER	PER_5125
Антон	Антон	PER	PER_618
Антон Сахаров	Антон Сахаров	PER	PER_1176
Антона	Антон	PER	PER_618
Антона Сахарова	Антон Сахаров	PER	PER_5120
Антоном Сахаровым	Антон Сахаров	PER	PER_5120
Антону	антон	PER	PER_840
Барака Обамы	Барак Обама	PER	PER_3496
Биллом Брайантом	Билл Брайант	PER	PER_3424
Большом Яблоке	Большой яблоко	LOC	LOC_4839
Брайанта	Брайант	PER	PER_5122
Вашингтон	Вашингтон	LOC	LOC_183
Вашингтона	Вашингтон	LOC	LOC_183
Викторию Спартц	Виктория Спартц	PER	PER_5124
Висконсин	Висконсин	LOC	LOC_527
Демократической	демократический	ORG	ORG_3320
Джеем Инсли	Джей Инсли	PER	PER_3975
Джей Инсли	Джей Инсли	PER	PER_3975
Джона Маккейна	Джон Маккейн	PER	PER_3780
Джорджа Буша	Джордж Буш	PER	PER_3450
Дональд Трамп	Дональд Трамп	PER	PER_70
Дональда Трампа	Дональд Трамп	PER	PER_70
Индиана	Индиан	LOC	LOC_336
Калифорнии	Калифорния	LOC	LOC_102
Нью-Йорка	Нью-Йорк	LOC	LOC_2256
Республиканская партия штата Вашингтон	республиканский партия штат Вашингтон	ORG	ORG_4668
Республиканской партии	республиканский партия	ORG	ORG_584
Республиканской партиях	республиканский партия	ORG	ORG_3908
России	Россия	LOC	LOC_95
СССР	ссср	LOC	LOC_95
США	США	LOC	LOC_69
Сахаров	Сахаров	LOC	LOC_5123
Сиэтла	Сиэтл	LOC	LOC_1723
Соединенные Штаты	Соединить Штат	LOC	LOC_69
Трамп	Трамп	PER	PER_977
Трампа	Трамп	EVT	EVT_4676
Тэд Круз	тэд Круз	PER	PER_3395
года	год	EVT	EVT_2588
