ru-56
AP	AP	ORG	ORG_451
CISA	CISA	ORG	ORG_3435
CNN	CNN	ORG	ORG_383
Cookie	Cookie	PRO	PRO_2681
The Detroit Free Press	The Detroit Free Press	PRO	PRO_5248
The New York Times	The New York Times	PRO	PRO_51
Twitter	Twitter	PRO	PRO_71
Агентство по кибербезопасности и безопасности инфраструктуры	Агентство по кибербезопасность и безопасность инфраструктура	ORG	ORG_3434
Айове	Айова	LOC	LOC_3370
Америки	Америка	LOC	LOC_69
Аризоне	Аризона	LOC	LOC_1748
Байден	Байден	PER	PER_3577
Байдена	Байден	PER	PER_3577
Белого дома	белый дом	LOC	LOC_72
Берни Сандерс	Берни Сандерс	PER	PER_3472
Берни Сандерса	Берни Сандерс	PER	PER_3472
Вашингтон	Вашингтон	LOC	LOC_183
Вашингтоне	Вашингтон	LOC	LOC_183
Висконсине	висконсина	LOC	LOC_527
Делавэр	Делавэр	LOC	LOC_3342
Демократ	демократ	ORG	ORG_3320
Демократическая партия	демократический партия	ORG	ORG_584
Демократической партии	демократический партия	ORG	ORG_584
Джо Байден	Джо Байден	PER	PER_76
Джо Байдена	Джо Байден	PER	PER_76
Джозеф Байден	Джозеф Байден	PER	PER_76
Джозефа Байдена	Джозеф Байден	PER	PER_76
Джоном Кейсиком	Джон Кейсик	PER	PER_2294
Джорджии	Джорджия	LOC	LOC_2174
Дональд Трамп	Дональд Трамп	PER	PER_70
Дональдом Трампом	Дональд Трамп	PER	PER_70
Индиане	Индиан	LOC	LOC_336
Калифорнии	Калифорния	LOC	LOC_102
Коллегии выборщиков	коллегия выборщик	ORG	ORG_3309
Колумбия	Колумбия	LOC	LOC_517
Конгресса США	Конгресс США	ORG	ORG_4061
Конституционная партия	конституционный партия	ORG	ORG_3411
Либертарианская партия	либертарианский партия	ORG	ORG_109
Майку Пенсу	майка Пенс	PER	PER_3847
Мартин О‘Мэлли	Мартин О‘Мэлли	PER	PER_1999
Маст	маст	PER	PER_5250
Мичигане	Мичиган	LOC	LOC_99
Национальное управление архивов и документации США	национальный управление архив и документация США	ORG	ORG_5249
Неваде	Невада	LOC	LOC_1153
Партия зеленых	партия зеленый	ORG	ORG_760
Пенса	пенс	PER	PER_1461
Пенсильвании	пенсильвание	LOC	LOC_2427
Положении о защите личных данных	положение о защита личный данные	PRO	PRO_2800
Республиканской	республиканский	ORG	ORG_2775
Республиканской партии	республиканский партия	ORG	ORG_584
США	США	LOC	LOC_69
Сената Конгресса США	сенат Конгресс США	ORG	ORG_4061
Соединенных Штатов	соединить Штат	LOC	LOC_69
Тед Круз	Тед Круз	PER	PER_3395
Томаса Маста	Томас Маста	PER	PER_3358
Трамп	Трамп	PER	PER_977
Трампа	Трамп	PER	PER_70
Управления по общим вопросам администрации США	Управление по общий вопрос администрация США	ORG	ORG_3312
Хиллари Клинтон	Хиллари Клинтон	PER	PER_2175
Южной Дакоте	Южный Дакота	LOC	LOC_523
демократами	демократ	PER	PER_2172
демократов	демократ	PER	PER_2172
республиканцами	республиканец	PER	PER_1985
республиканцев	республиканец	PER	PER_1985
