ru-172
-	-	LOC	LOC_285
Bernie Sanders	Bernie Sanders	ORG	ORG_5615
Nancy Pelosi	Nancy Pelosi	PER	PER_3442
USMCA	USMCA	ORG	ORG_5614
Америку	Америка	LOC	LOC_69
Байден	Байден	PER	PER_3577
Билл Клинтон	Билл Клинтон	PER	PER_2175
Браун	Браун	PER	PER_685
Букера	букер	PER	PER_4620
Венгрии	Венгрия	LOC	LOC_3851
Верховном Совете	верховный Совет	ORG	ORG_4863
Высший Верховных Суд	высший верховный Суд	ORG	ORG_5356
Гарсетти	гарсетт	PER	PER_5551
Гиллибренд	гиллибренд	PER	PER_5550
Даллас	Даллас	LOC	LOC_5617
Демократы	демократ	ORG	ORG_3320
КГБ	кгб	ORG	ORG_2680
Клинтона	Клинтон	PER	PER_3473
Конгресса	Конгресс	ORG	ORG_3350
Конгрессе	Конгресс	ORG	ORG_3350
Константин	Константин	PER	PER_5449
Лига Плюща	Лига Плющ	ORG	ORG_4929
Мичиган-Миннесоту-Висконсин-Огайо	мичиган-Миннесот -Висконсин - Огайо	LOC	LOC_5549
Нью-Йорк	Нью-Йорк	LOC	LOC_2256
О'Рурка	о'рурка	PER	PER_3481
Обаме	Обам	ORG	ORG_4098
Обамой	Обама	PER	PER_1706
Остин	Остин	LOC	LOC_4151
О’Рурка	озрурк	PER	PER_3481
Палате	палата	ORG	ORG_4678
Палате представителей	палата представитель	ORG	ORG_3333
Палату	Палата	ORG	ORG_4678
Палаты	Палата	ORG	ORG_4678
Пенсильванию	пенсильвание	LOC	LOC_101
Рузвельт	Рузвельт	PER	PER_5308
Рузвельта	Рузвельт	PER	PER_5308
США	США	LOC	LOC_69
Сальвадор	Сальвадор	LOC	LOC_3565
Сената	сенат	ORG	ORG_1012
Сенате	Сенат	ORG	ORG_1012
Советском Союзе	советский Союз	ORG	ORG_3660
Солт Лейк Сити	солт Лейк Сити	LOC	LOC_5616
Солт-Лейке	солт-лейка	LOC	LOC_5616
Сорос	Сорос	PER	PER_5613
Стёпка Бэннон	стёпка Бэннон	PER	PER_4999
Твиттере	Твиттер	PRO	PRO_71
Трамп	Трамп	PER	PER_977
Трампа	Трамп	PER	PER_70
Трампаганду	трампаганда	PRO	PRO_4867
Трампе	трампа	PER	PER_977
Трампу	трампа	PER	PER_977
Уоррен	Уоррен	PER	PER_281
ФБР	ФБР	ORG	ORG_3418
Феникса	Феникс	LOC	LOC_3627
Флориду	Флорида	LOC	LOC_894
Фокс	Фокс	PER	PER_3502
Харрис	Харрис	PER	PER_363
Хьюстон	Хьюстон	LOC	LOC_1021
американский Конгресс	американский Конгресс	ORG	ORG_4061
демократа	демократ	ORG	ORG_3320
демократическая партия	демократический партия	ORG	ORG_584
демократическую партию	демократический партия	ORG	ORG_584
демократов	демократ	ORG	ORG_3320
кОрОвана	корован	ORG	ORG_5612
республиканцев	республиканец	PER	PER_1985
