ru-150
2012 года	2012 год	EVT	EVT_5558
CNN	CNN	ORG	ORG_383
Michael Reynolds/EPA/ТАСС	Michael Reynolds/EPA/ТАСС	PER	PER_5552
RussiaRu.net	RussiaRu.net	PRO	PRO_2827
Альберт Гор	Альберт Гор	PER	PER_5126
Андрей Манойло	Андрей Манойло	PER	PER_5562
Андрей Самохин	Андрей Самохин	PER	PER_2864
Анна Каренина	Анна Каренин	PRO	PRO_5147
Байдена	Байден	PER	PER_3577
Белого дома	белый дом	LOC	LOC_72
Белый дом	белый дом	LOC	LOC_72
Бессмертный полк России	Бессмертный полк Россия	ORG	ORG_5151
Богучаны	богучан	LOC	LOC_5152
Борис Николаевич	Борис Николаевич	PER	PER_5406
Борьки-пьяницы	борька - пьяница	PRO	PRO_5138
Буш	Буш	PER	PER_1707
ВЗГЛЯД	взгляд	ORG	ORG_730
ВЦИОМ	ВЦИОМ	ORG	ORG_39
ВЦИОМ американской демократии	ВЦИОМ американский демократия	ORG	ORG_5557
Василия Ланового	Василий Лановаго	PER	PER_5146
Вермонте	вермонт	LOC	LOC_1737
Виргинии	Виргиния	LOC	LOC_3851
Война и мир	война и мир	PRO	PRO_4092
Всероссийского центра изучения общественного мнения	всероссийский центр изучение общественный мнение	ORG	ORG_5553
Глеб Кузнецов	Глеб Кузнецов	PER	PER_5559
Григорьев	Григорьев	PER	PER_511
Дагестана	Дагестан	LOC	LOC_3273
Джо Байденом	Джо Байден	PER	PER_76
Джорджа Буша-младшего	Джордж Буш - младший	PER	PER_3450
Дина Юнусова	дина Юнусов	PER	PER_5144
Дни Турбиных	день Турбин	PRO	PRO_5148
Дональдом Трампом	Дональд Трамп	PER	PER_70
Ельцина	Ельцин	PER	PER_5137
Зарема Бутаева	зарема Бутаев	PER	PER_5157
Игорь Борисов	Игорь Борисов	PER	PER_30
КФУ	кфу	ORG	ORG_5143
Казани	Казань	LOC	LOC_5141
Колумбия	Колумбия	LOC	LOC_517
Компании развития общественных коммуникаций	компания развитие общественный коммуникация	ORG	ORG_5555
Красноярском крае	Красноярский край	LOC	LOC_5153
Лановой	Ланова	PER	PER_5150
МГУ	мгу	ORG	ORG_3130
Максим Григорьев	Максим Григорьев	PER	PER_511
Мамонов	Мамонов	PER	PER_5554
Манойло	манойло	PER	PER_5563
Марка Рютте	Марк Рютте	PER	PER_5139
Ми-8АМТ	Ми - 8АМТ	PRO	PRO_5154
Минкультуры Якутии	минкультура Якутия	ORG	ORG_5156
Мисс Россия	мисса Россия	EVT	EVT_5145
Мисс Татарстан – 2021	мисса Татарстан – 2021	EVT	EVT_5142
Михаил Мамонов	Михаил Мамонов	PER	PER_1999
Михаил Мошкин	Михаил Мошкин	PER	PER_1162
Нидерландах	нидерланд	LOC	LOC_190
Нью-Йорк	Нью-Йорк	LOC	LOC_2256
ОП	оп	ORG	ORG_400
Полосатый рейс	полосатый рейс	PRO	PRO_5149
Польша	Польша	LOC	LOC_107
России	Россия	LOC	LOC_95
Российского общественного института избирательного права	российский общественный институт избирательный право	ORG	ORG_5560
Россия	Россия	LOC	LOC_95
Россияне	россиянин	PER	PER_1372
Рютте	рютт	PER	PER_5140
СССР	ссср	LOC	LOC_95
США	США	LOC	LOC_69
Сергей Зверев	Сергей Зверев	PER	PER_2926
Совета по правам человека	Совет по право человек	ORG	ORG_5561
Соединенных Штатов	соединить Штат	LOC	LOC_69
Техасе	Техас	LOC	LOC_1022
Трамп	Трамп	PER	PER_977
Трампа	Трамп	PER	PER_70
Турция	Турция	LOC	LOC_138
ФБР	ФБР	ORG	ORG_3418
Федерального агентства по печати и массовым коммуникациям	федеральный агентство по печать и массовый коммуникация	ORG	ORG_5158
Фирдус Алиев	Фирдус Алиев	PER	PER_5564
Флорида	Флорида	LOC	LOC_894
Фонда исследования проблем демократии	Фонд исследование проблема демократия	ORG	ORG_5556
ЭИСИ	эись	ORG	ORG_414
Экспертным институтом социальных исследований	экспертный институт социальный исследование	ORG	ORG_3125
Якутии	Якутия	LOC	LOC_5155
демократов	демократ	ORG	ORG_3320
