ru-17
Emerson	Emerson	ORG	ORG_5337
New York Post	New York Post	PRO	PRO_51
New Yorker	New Yorker	PRO	PRO_51
RealClearPolitics	RealClearPolitics	PRO	PRO_3524
Артур Джонс	Артур Джонс	PER	PER_5099
Барака Обамы	Барак Обама	PER	PER_3496
Белого дома	белый дом	LOC	LOC_72
Демократической партии	демократический партия	ORG	ORG_584
Демократы	демократ	ORG	ORG_3320
Джо Байден	Джо Байден	PER	PER_76
Джон Маккейн	Джон Маккейн	PER	PER_3780
Джонс	Джонс	PER	PER_1154
Дональд Трамп	Дональд Трамп	PER	PER_70
Дональда Трампа	Дональд Трамп	PER	PER_70
Донбассе	Донбасс	LOC	LOC_2621
Иллинойс	Иллинойс	LOC	LOC_1249
Киев	Киев	LOC	LOC_317
Киева	Киев	LOC	LOC_317
Конгресс	Конгресс	ORG	ORG_3350
Конгресс США	Конгресс США	ORG	ORG_4061
Конгресса	Конгресс	ORG	ORG_3350
Конгрессе	Конгресс	ORG	ORG_3350
Конгрессом	конгресс	ORG	ORG_3350
Крыма	Крым	LOC	LOC_2855
Москвы	Москва	LOC	LOC_316
Обама	Обама	PER	PER_3496
Обамы	обама	PER	PER_1706
Палате представителей	палата представитель	ORG	ORG_3333
Палату представителей	Палата представитель	ORG	ORG_3333
Палаты представителей	Палата представитель	ORG	ORG_3333
Пола Манафорта	Пол Манафорт	PER	PER_3505
Республиканская партия	республиканский партия	ORG	ORG_584
Республиканской партии	республиканский партия	ORG	ORG_584
Россией	Россия	LOC	LOC_95
России	Россия	LOC	LOC_95
США	США	LOC	LOC_69
Сенат	Сенат	ORG	ORG_1012
Сената	сенат	ORG	ORG_1012
Сенате	Сенат	ORG	ORG_1012
Трамп	Трамп	PER	PER_977
Трампа	Трамп	PER	PER_70
Трампе	трампа	PER	PER_977
Трампу	трампа	PER	PER_977
Украине	Украина	LOC	LOC_318
Украину	Украина	LOC	LOC_318
Украины	Украина	LOC	LOC_318
Хиллари Клинтон	Хиллари Клинтон	PER	PER_2175
американцев	американец	PER	PER_64
демократами	демократ	PER	PER_2172
демократической	демократический	ORG	ORG_3320
демократов	демократ	PER	PER_2172
республиканцев	республиканец	PER	PER_1985
республиканцы	республиканец	PER	PER_1985
