ru-12
APT29	APT29	ORG	ORG_5253
Bloomberg	Bloomberg	ORG	ORG_121
CISA	CISA	ORG	ORG_3435
Cozy Bear	Cozy Bear	ORG	ORG_154
RT	RT	ORG	ORG_5228
Reuters	Reuters	ORG	ORG_153
The Washington Post	The Washington Post	PRO	PRO_3763
rt.com	rt.com	PRO	PRO_2827
Агентство кибербезопасности и инфраструктурной безопасности	Агентство кибербезопасность и инфраструктурный безопасность	ORG	ORG_3434
Агентство по кибербезопасности и обеспечению защиты инфраструктуры США	Агентство по кибербезопасность и обеспечение защита инфраструктура США	ORG	ORG_3434
Александр Асафов	Александр Асафов	PER	PER_3270
Америке	Америка	LOC	LOC_69
Байдена	Байден	PER	PER_3577
Батюк	батюк	PER	PER_5260
Белого дома	белый дом	LOC	LOC_72
Бена Шапиро	Бена Шапиро	PER	PER_5251
Блохин	Блохин	PER	PER_3508
Боровая улица	боровой улица	LOC	LOC_5247
Вашингтон	Вашингтон	LOC	LOC_183
Вашингтона	Вашингтон	LOC	LOC_183
Владимир Батюк	Владимир Батюк	PER	PER_5259
ГРУ	ГРУ	ORG	ORG_5028
Главное разведывательное управление	главный разведывательный управление	ORG	ORG_5257
Главное управление Генштаба ВС России	главный управление Генштаб ВС Россия	ORG	ORG_5256
Госдепа США	Госдеп США	ORG	ORG_4756
Демпартии	демпартия	ORG	ORG_4656
Джо Байдена	Джо Байден	PER	PER_76
Дмитрий Песков	Дмитрий Песков	PER	PER_159
Дональда Трампа	Дональд Трамп	PER	PER_70
Егора Крючкова	Егор Крючков	PER	PER_5252
Константин Блохин	Константин Блохин	PER	PER_1470
Лос-Анджелесе	Лос-Анджелес	LOC	LOC_248
Майк Помпео	Майк Помпео	PER	PER_662
Министерстве юстиции США	Министерство юстиция США	ORG	ORG_4555
Москва	Москва	LOC	LOC_316
Москву	Москва	LOC	LOC_316
Москвы	Москва	LOC	LOC_316
Песков	Песков	PER	PER_1468
Помпео	помпео	PER	PER_662
Путин	Путин	PER	PER_315
Путина	Путин	PER	PER_315
РФ	РФ	LOC	LOC_95
Республиканской партии	республиканский партия	ORG	ORG_584
Роберт О'Брайен	Роберт О'Брайен	PER	PER_5255
Роскомнадзором	роскомнадзор	ORG	ORG_3044
Россией	Россия	LOC	LOC_95
России	Россия	ORG	ORG_2663
Россию	Россия	LOC	LOC_95
Россия	Россия	LOC	LOC_95
Россиянину	Россиянин	PER	PER_1372
СВР	СВР	ORG	ORG_5254
США	США	LOC	LOC_69
Симоньян М. С.	симоньян М. С.	PER	PER_5229
Службы внешней разведки	Служба внешний разведка	ORG	ORG_1608
Совета национальной безопасности Соединённых Штатов	Совет национальный безопасность соединить Штат	ORG	ORG_3718
Соединённые Штаты	соединить Штат	LOC	LOC_69
Соединённым Штатам	соединить Штат	LOC	LOC_4164
Соединённых Штатах	соединить Штат	LOC	LOC_69
Соединённых Штатов	соединить Штат	LOC	LOC_69
Трампа	Трамп	PER	PER_70
ФБР	ФБР	ORG	ORG_3418
Центра военно-политических исследований Института США и Канады РАН	Центр военно-политический исследование Институт США и Канада РАН	ORG	ORG_4903
Центра исследования проблем безопасности РАН	Центр исследование проблема безопасность РАН	ORG	ORG_5258
американского конгресса	американский конгресс	EVT	EVT_5198
демократов	демократ	PER	PER_2172
демократы	демократ	PER	PER_2172
республиканцев	республиканец	PER	PER_1985
служба	служба	ORG	ORG_2873
