ru-99
2016 года	2016 год	EVT	EVT_4975
2020 года	2020 год	EVT	EVT_2110
Atlantic council of the United States	Atlantic council of the United States	ORG	ORG_5444
Axios	Axios	PRO	PRO_3465
Medium	Medium	PRO	PRO_5446
RT	RT	ORG	ORG_5228
rt.com	rt.com	PRO	PRO_2827
Александра Асафова	Александр Асафов	PER	PER_2279
Асафов	асаф	PER	PER_5448
Асафова	асафова	PER	PER_5448
Атлантический совет	атлантический совет	ORG	ORG_5444
Атлантического совета	атлантический совет	ORG	ORG_5444
Байдена	Байден	PER	PER_3577
Белого дома	белый дом	LOC	LOC_72
Боровая улица	боровой улица	LOC	LOC_5247
Брутер	брутер	PER	PER_5302
Вашингтон	Вашингтон	LOC	LOC_183
Вашингтона	Вашингтон	LOC	LOC_183
Владимир Брутер	Владимир Брутер	PER	PER_5259
Вулф	Вулф	PER	PER_5443
Вульф	Вульф	PER	PER_5443
Генеральной прокуратуры	генеральный прокуратура	ORG	ORG_5274
Демократической	демократический	ORG	ORG_3320
Демпартии	демпартия	ORG	ORG_4656
Джо Байден	Джо Байден	PER	PER_76
Джо Байдена	Джо Байден	PER	PER_76
Дмитрий Песков	Дмитрий Песков	PER	PER_159
Дональд Трамп	Дональд Трамп	PER	PER_70
Дональда Трампа	Дональд Трамп	PER	PER_70
Дональду Трампу	дональда Трампа	PER	PER_70
Клинтон	Клинтон	PER	PER_3473
Кремль	Кремль	LOC	LOC_150
Кремля	Кремль	LOC	LOC_150
Кремлём	кремлем	LOC	LOC_150
Крис Ван Холлен	Крис Ван Холлен	PER	PER_5447
Лас-Крусес	Лас-Крусес	LOC	LOC_5442
МВБ	мвб	ORG	ORG_2419
Марко Рубио	Марко Рубио	PER	PER_656
Международного института гуманитарно-политических исследований	международный институт гуманитарный - политический исследование	ORG	ORG_3640
Министерства внутренней безопасности	Министерство внутренний безопасность	ORG	ORG_161
Министерства внутренней безопасности США	Министерство внутренний безопасность США	ORG	ORG_161
Министерство внутренней безопасности	министерство внутренний безопасность	ORG	ORG_161
Москва	Москва	LOC	LOC_316
Москве	Москва	LOC	LOC_316
Москву	Москва	LOC	LOC_316
Москвы	Москва	LOC	LOC_316
Национального центра контрразведки и безопасности США	национальный центр контрразведка и безопасность США	ORG	ORG_151
О'Брайена	ожбрайн	PER	PER_5255
Путина	Путин	PER	PER_315
РФ	РФ	LOC	LOC_95
Республиканской партий	республиканский партия	ORG	ORG_3908
Роберт О'Брайен	Роберт О'Брайен	PER	PER_5255
Роскомнадзором	роскомнадзор	ORG	ORG_3044
России	Россия	LOC	LOC_95
Россию	Россия	LOC	LOC_95
Россия	Россия	LOC	LOC_95
СBS	СBS	PRO	PRO_5445
США	США	LOC	LOC_69
Симоньян М. С.	симоньян М. С.	PER	PER_5229
Соединённых Штатах	соединить Штат	LOC	LOC_69
Соединённых Штатов	соединить Штат	LOC	LOC_69
Трампа	Трамп	PER	PER_70
Уильям Эванина	Уильям Эванин	PER	PER_3707
Хиллари Клинтон	Хиллари Клинтон	PER	PER_2175
Чед Вулф	Чед Вулф	PER	PER_4870
Чед Вульф	Чед Вульф	PER	PER_4870
Штаты	Штат	LOC	LOC_5283
демократ	демократ	ORG	ORG_3320
демократов	демократ	ORG	ORG_3320
демократы	демократ	PER	PER_2172
