ru-156
Байден	Байден	PER	PER_3577
Байдена	Байден	PER	PER_3577
Белого дома	белый дом	LOC	LOC_72
Вашингтон	Вашингтон	LOC	LOC_183
Гавайев	Гавайев	LOC	LOC_3558
Гавайях	гавайях	LOC	LOC_3558
Джо Байдена	Джо Байден	PER	PER_76
Дональд Трамп	Дональд Трамп	PER	PER_70
Дональда Трампа	Дональд Трамп	PER	PER_70
Калифорнии	Калифорния	LOC	LOC_102
Коллегия выборщиков	коллегия выборщик	ORG	ORG_3309
Колумбия	Колумбия	LOC	LOC_517
Нью-Йорка	Нью-Йорк	LOC	LOC_2256
Палаты представителей Конгресса США	Палата представитель Конгресс США	ORG	ORG_4061
США	США	LOC	LOC_69
Сената	сенат	ORG	ORG_1012
Техаса	техас	LOC	LOC_1022
Трамп	Трамп	PER	PER_977
Флориды	флорид	LOC	LOC_894
