ru-116
2-й избирательный округ Небраски	2-й избирательный округ Небраска	ORG	ORG_5411
2-й избирательный округ штата Мэн	2-й избирательный округ штат Мэн	ORG	ORG_5417
Meduza	meduza	PRO	PRO_4873
Аляски	аляска	LOC	LOC_518
Аризона	Аризон	LOC	LOC_1748
Аризоне	Аризона	LOC	LOC_1748
Атланте	Атланта	LOC	LOC_3785
Атланты	атлант	LOC	LOC_3785
Байден	Байден	PER	PER_3577
Байдена	Байден	PER	PER_3577
Байдену	Байден	PER	PER_2995
Висконсин	Висконсин	LOC	LOC_527
Второго избирательного округа Небраски	второй избирательный округ Небраска	ORG	ORG_5411
Грин Бэй	грин Бэй	LOC	LOC_5413
Детройт	Детройт	LOC	LOC_1669
Джо Байден	Джо Байден	PER	PER_76
Джо Байдена	Джо Байден	PER	PER_76
Джорджии	Джорджия	LOC	LOC_2174
Джорджию	джорджий	LOC	LOC_2174
Джорджия	Джорджия	PER	PER_2171
Дональд Трамп	Дональд Трамп	PER	PER_70
Лас-Вегас	Лас-Вегас	LOC	LOC_4055
Лас-Вегаса	лас-вегас	LOC	LOC_4055
Милуоки	Милуоки	LOC	LOC_2498
Мичиган	Мичиган	LOC	LOC_99
Мичигане	Мичиган	LOC	LOC_99
Мэн	Мэн	LOC	LOC_3318
Мэне	мэн	LOC	LOC_3318
Небраска	Небраска	LOC	LOC_104
Небраске	небраска	LOC	LOC_104
Неваде	Невада	LOC	LOC_1153
Омаха	Омаха	LOC	LOC_5412
Пенсильвании	пенсильвание	LOC	LOC_2427
Пенсильванию	пенсильвание	LOC	LOC_101
Пенсильвания	Пенсильвание	LOC	LOC_101
Питтсбурга	Питтсбург	LOC	LOC_2297
Ржавого пояса	ржавый пояс	LOC	LOC_5416
Рино	рино	LOC	LOC_5414
Роли	роль	LOC	LOC_5415
США	США	LOC	LOC_69
Северная Каролина	Северный Каролин	LOC	LOC_168
Северной Каролине	Северный Каролин	LOC	LOC_168
Северную Каролину	северный Каролин	LOC	LOC_168
Трамп	Трамп	PER	PER_977
Трампа	Трамп	PER	PER_70
Трампу	трампа	PER	PER_977
Тусоне	тусон	LOC	LOC_4463
Уэйн	Уэйн	LOC	LOC_4128
Филадельфии	Филадельфия	LOC	LOC_3816
Хиллари Клинтон	Хиллари Клинтон	PER	PER_2175
