ru-174
ABC News	ABC News	PRO	PRO_3458
Axios	Axios	ORG	ORG_5453
CBS News	CBS News	PRO	PRO_3458
CISA	CISA	ORG	ORG_3435
NBC	NBC	PRO	PRO_243
RT	RT	ORG	ORG_5228
rt.com	rt.com	PRO	PRO_2827
Агентстве по кибербезопасности	агентство по кибербезопасность	ORG	ORG_3434
Агентство кибербезопасности и инфраструктурной безопасности	Агентство кибербезопасность и инфраструктурный безопасность	ORG	ORG_3434
Адам Шифф	Адам Шифф	PER	PER_5454
Алиреза Мирюсефи	алирез Мирюсефи	PER	PER_5452
Андрей Сидоров	Андрей Сидоров	PER	PER_3271
Байдена	Байден	PER	PER_3577
Белого дома	белый дом	LOC	LOC_72
Блохин	Блохин	PER	PER_3508
Боровая улица	боровой улица	LOC	LOC_5247
Вашингтон	Вашингтон	LOC	LOC_183
Вашингтона	Вашингтон	LOC	LOC_183
Вульф	Вульф	PER	PER_5443
Демпартии	демпартия	ORG	ORG_4656
Джо Байден	Джо Байден	PER	PER_76
Джон Рэтклифф	Джон Рэтклифф	PER	PER_3503
Дмитрий Песков	Дмитрий Песков	PER	PER_159
Дональда Трампа	Дональд Трамп	PER	PER_70
Иран	Иран	LOC	LOC_177
Ирана	Иран	LOC	LOC_177
Китай	Китай	LOC	LOC_56
Константин Блохин	Константин Блохин	PER	PER_5455
Константина Блохина	Константин Блохин	PER	PER_5455
Кремль	Кремль	LOC	LOC_150
Майк Помпео	Майк Помпео	PER	PER_662
Министерства внутренней безопасности США	Министерство внутренний безопасность США	ORG	ORG_161
Москва	Москва	LOC	LOC_316
Москве	Москва	LOC	LOC_316
Москву	Москва	LOC	LOC_316
Москвы	Москва	LOC	LOC_316
Национального центра контрразведки и безопасности США	национальный центр контрразведка и безопасность США	ORG	ORG_151
Нацразведка США	нацразведка США	ORG	ORG_4719
Нацразведки	нацразведка	ORG	ORG_4726
Нацразведки США	нацразведка США	ORG	ORG_4719
Нэнси Пелоси	Нэнси Пелось	PER	PER_3442
ООН	оон	ORG	ORG_268
РФ	РФ	LOC	LOC_95
Роберт О'Брайен	Роберт О'Брайен	PER	PER_5255
Роскомнадзором	роскомнадзор	ORG	ORG_3044
Россией	Россия	LOC	LOC_95
России	Россия	LOC	LOC_95
Россию	Россия	LOC	LOC_95
Россия	Россия	LOC	LOC_95
Рэтклиффа	рэтклифф	PER	PER_5451
СBS	СBS	ORG	ORG_251
США	США	LOC	LOC_69
Сидоров	Сидоров	PER	PER_5457
Симоньян М. С.	симоньян М. С.	PER	PER_5229
Соединённые Штаты	соединить Штат	LOC	LOC_69
Соединённых Штатах	соединить Штат	LOC	LOC_69
Соединённых Штатов	соединить Штат	LOC	LOC_69
Тегерана	Тегеран	LOC	LOC_5262
Трамп	Трамп	PER	PER_977
Трампа	Трамп	PER	PER_70
Уильям Эванина	Уильям Эванин	PER	PER_3707
ФБР	ФБР	ORG	ORG_3418
Хиллари Клинтон	Хиллари Клинтон	PER	PER_2175
Центра исследования проблем безопасности РАН	Центр исследование проблема безопасность РАН	ORG	ORG_5258
Чед Вульф	Чед Вульф	PER	PER_4870
выборов 2020 года	выборы 2020 год	EVT	EVT_4818
демократов	демократ	ORG	ORG_3320
палаты представителей Соединённых Штатов	палата представитель соединить Штат	ORG	ORG_4061
республиканцев	республиканец	PER	PER_1985
факультета мировой политики МГУ	факультет мировой политика МГУ	ORG	ORG_5456
