ru-163
Craig Unger	Craig Unger	PER	PER_5165
Daily Mail	Daily Mail	ORG	ORG_2672
Donald	Donald	PER	PER_3783
House of Bush	House of Bush	LOC	LOC_5169
House of Trump	House of Trump	LOC	LOC_5170
Jeffrey Epstein	Jeffrey Epstein	PER	PER_3871
Joy-Lud Electronics	Joy-Lud Electronics	ORG	ORG_5177
PAL	PAL	PRO	PRO_5181
Putin	Putin	PER	PER_315
Roy Cohn	Roy Cohn	PER	PER_535
Американский	американский	PRO	PRO_3510
Американский компромат	американский компромат	PRO	PRO_5167
Америку	Америка	LOC	LOC_69
Атлантик-Сити	атлантик -Сити	LOC	LOC_3785
Билла Клинтона	Билла Клинтон	PER	PER_2175
Великобритания	Великобритания	LOC	LOC_6
Гислейн	гислейн	PER	PER_5178
Гислейн Максвелл	Гислейн Максвелл	PER	PER_5187
Гранд Хаятт	гранд Хаятт	ORG	ORG_5184
Гранд Хаятт Нью-Йорк	гранд Хаятт Нью-Йорк	LOC	LOC_5176
Гранд Централ	гранд Централ	LOC	LOC_5175
Джеффри	Джеффри	PER	PER_4682
Джеффри Эпштейна	Джеффри Эпштейн	PER	PER_3871
Джеффри Эпштейном	Джеффри Эпштейн	PER	PER_3871
Джой-Луд	джой-луд	LOC	LOC_5183
Джой-Луд Электроникс	джой-луд Электроникс	ORG	ORG_5177
Джоном Кеннеди	Джон Кеннеди	PER	PER_626
Династия	династия	PRO	PRO_5191
Дом Буша	дом Буш	LOC	LOC_3573
Дом Трампа	дом Трамп	LOC	LOC_3316
Дональда Трампа	Дональд Трамп	PER	PER_70
Дональдом	Дональд	PER	PER_3783
Европе	Европа	LOC	LOC_49
Елизаветы	Елизавета	PER	PER_5189
Иване Зельничковой	Иван Зельничкова	PER	PER_4048
ИноСМИ	иносмь	ORG	ORG_4799
КГБ	кгб	ORG	ORG_2680
Кислин	кислина	PER	PER_5178
Кислина	кислина	ORG	ORG_5185
Кислиным	кислин	PER	PER_5178
Коммодор	коммодор	LOC	LOC_5172
Кони-Айленде	кони-айленд	LOC	LOC_5186
Крейг Юнгер	Крейг Юнгер	PER	PER_5165
Крейзи Эдди	крейзи Эдди	ORG	ORG_5182
Кремниевую долину	кремниевый долина	LOC	LOC_5166
Кристина Оксенберг	Кристина Оксенберг	PER	PER_5190
Кристины	кристина	PER	PER_2641
Куинса	куинс	LOC	LOC_4030
Кэтрин Оксенберг	Кэтрин Оксенберг	PER	PER_5190
Манхэттене	Манхэттен	LOC	LOC_4029
Мар-а-Лаго	мар-а-лаго	LOC	LOC_4036
Меланию	мелание	PER	PER_4002
Москве	Москва	LOC	LOC_316
Нью-Йорка	Нью-Йорк	LOC	LOC_2256
Одессе	Одесса	LOC	LOC_5179
Одессы	одесса	LOC	LOC_5179
Оксенберг	оксенберг	PER	PER_5190
Палм-Бич	Палм-Бич	LOC	LOC_4297
Парк-Авеню	парк- Авень	LOC	LOC_5174
Политбюро	Политбюро	ORG	ORG_5086
Путину	Путин	PER	PER_315
Роем Коном	Роем Кон	PER	PER_5171
Россией	Россия	LOC	LOC_95
России	Россия	LOC	LOC_95
Россию	Россия	LOC	LOC_95
Руди Джулиани	Руди Джулиани	PER	PER_1244
СССР	ссср	LOC	LOC_95
США	США	LOC	LOC_69
Советский Союз	советский Союз	LOC	LOC_95
Советского Союза	советский Союз	LOC	LOC_95
Тамир Сапир	Тамир Сапир	PER	PER_5180
Трамп	Трамп	PER	PER_977
Трампа	Трамп	PER	PER_70
Трампа Мар-а-Лаго	Трамп Мар-а-лаго	LOC	LOC_4721
Трампом	Трамп	PER	PER_977
Трампу	трампа	PER	PER_977
Украины	Украина	LOC	LOC_318
ФБР	ФБР	ORG	ORG_3418
Флорида	Флорида	LOC	LOC_894
Фото	фото	ORG	ORG_2756
ЦРУ	цру	ORG	ORG_4704
Чехословакии	Чехословакия	LOC	LOC_137
Эндрю	Эндрю	PER	PER_3495
Эпштейн	Эпштейн	PER	PER_5117
Эпштейна	Эпштейн	LOC	LOC_5192
Эпштейном	эпштейн	PER	PER_5117
Югославии	Югославия	LOC	LOC_5188
Юнгер	юнгер	PER	PER_5165
Юрий Швец	Юрий Швец	PER	PER_5040
дом Путина	дом Путин	LOC	LOC_4943
дом Сауда	дом Сауд	LOC	LOC_5168
улице	улица	LOC	LOC_5173
