ru-62
Айова	Айова	LOC	LOC_3370
Айове	Айова	LOC	LOC_3370
Альберт Гор	Альберт Гор	PER	PER_5126
Альберта Гора	Альберт Гор	LOC	LOC_5163
Америки	Америка	LOC	LOC_69
Барак Обама	Барак Обама	PER	PER_3496
Барака Обамы	Барак Обама	PER	PER_3496
Бараку Обаме	Барак Обам	PER	PER_3496
Белого дома	белый дом	LOC	LOC_72
Второй мировой войны	второй мировой война	EVT	EVT_407
Гровер Кливленд	Гровер Кливленд	PER	PER_3950
Демократическая партии	демократический партия	ORG	ORG_584
Демократической	демократический	ORG	ORG_3320
Демократической партии	демократический партия	ORG	ORG_584
Джеральдин Ферраро	Джеральдин Ферраро	PER	PER_4401
Джон Кеннеди	Джон Кеннеди	PER	PER_626
Джон Куинси Адамс	Джон Куинси Адамс	PER	PER_3957
Джон Маккейн	Джон Маккейн	PER	PER_3780
Джон Тайлер	Джон Тайлер	PER	PER_963
Джоном Маккейном	Джон Маккейн	PER	PER_3780
Джордж Вашингтон	Джордж Вашингтон	PER	PER_4398
Джорджа Вашингтона	Джордж Вашингтон	LOC	LOC_183
Джорджем Вашингтоном	Джорджем Вашингтон	PER	PER_4398
Джорджу Бушу	Джордж Буш	PER	PER_3450
Западной Вирджинии	Западный Вирджиния	LOC	LOC_3373
Колумбия	Колумбия	LOC	LOC_517
Конгресс	Конгресс	ORG	ORG_3350
Конгресса	Конгресс	ORG	ORG_3350
Конгрессе	Конгресс	ORG	ORG_3350
Мэн	Мэн	LOC	LOC_3318
Небраска	Небраска	LOC	LOC_104
Небраске	небраска	LOC	LOC_104
Небраски	Небраска	LOC	LOC_104
Нью-Гемпшире	нью-гемпшире	LOC	LOC_3454
Нью-Гэмпшир	Нью-Гэмпшир	LOC	LOC_3454
Нью-Гэмпшире	нью-гемпшир	LOC	LOC_3454
Партии вигов	партия виг	ORG	ORG_5203
Прогрессивной партии	прогрессивный партия	ORG	ORG_5202
Республиканская	республиканский	ORG	ORG_2775
Республиканской	республиканский	ORG	ORG_2775
Республиканской партии	республиканский партия	ORG	ORG_584
Рональд Рейган	Рональд Рейган	PER	PER_2710
США	США	LOC	LOC_69
Сара Пейлин	Сара Пейлин	PER	PER_3696
Соединенных Штатов	соединить Штат	LOC	LOC_69
ТАСС	ТАСС	ORG	ORG_494
Теодор Рузвельт	Теодор Рузвельт	PER	PER_3965
Теодора Рузвельта	Теодор Рузвельт	PER	PER_3965
Томас Джефферсон	Томас Джефферсон	PER	PER_3955
Уильяма Гаррисона	Уильям Гаррисон	PER	PER_4737
Улисса Гранта	улисс Грант	PER	PER_5204
Уолтером Мондейлом	Уолтер Мондейл	PER	PER_4402
Франклин Рузвельт	Франклин Рузвельт	PER	PER_3970
Хиллари Клинтон	Хиллари Клинтон	PER	PER_2175
демократы	демократ	PER	PER_2172
палата представителей	палата представитель	ORG	ORG_3333
палате представителей	палата представитель	ORG	ORG_3333
республиканцы	республиканец	PER	PER_1985
сенат	сенат	ORG	ORG_1012
