ru-35
BLM	BLM	ORG	ORG_3423
F-35	F - 35	PRO	PRO_5115
Антифа	антиф	ORG	ORG_3426
Африка	Африка	LOC	LOC_157
Байдена	Байден	PER	PER_3577
ВОЙНА	война	ORG	ORG_5116
Грузия	Грузия	LOC	LOC_2174
Замволт	замволт	PRO	PRO_5114
Индии	Индия	LOC	LOC_336
Иран	Иран	LOC	LOC_177
Китай	Китай	LOC	LOC_56
Китая	Китай	LOC	LOC_56
Ливии	Ливия	LOC	LOC_108
Р.	Р.	ORG	ORG_5113
СССР	ссср	LOC	LOC_95
США	США	LOC	LOC_69
Северная	Северный	LOC	LOC_533
Сирии	Сирия	LOC	LOC_3797
Трамп	Трамп	PER	PER_977
Трампа	Трамп	PER	PER_70
Украина	Украина	LOC	LOC_318
Федеральная резервная система	федеральный резервный система	ORG	ORG_3688
Форд	Форд	PER	PER_3971
ЦБ	цб	ORG	ORG_251
Эйнштейна	Эйнштейн	PER	PER_5117
Южная Кореи	Южный Корея	LOC	LOC_60
республиканцы	республиканец	ORG	ORG_2775
стрелковая ассоциация	стрелковый ассоциация	ORG	ORG_5112
