ru-115
CRA	CRA	ORG	ORG_5473
Manhattan Mini Storage	Manhattan Mini Storage	ORG	ORG_5474
Вашингтон	Вашингтон	LOC	LOC_183
Владимир Познер	Владимир Познер	PER	PER_5472
Гаврилова А.В.	Гаврилов А. В.	PER	PER_3107
Демократическая партия	демократический партия	ORG	ORG_584
Демократической партии	демократический партия	ORG	ORG_584
Джо Байдена	Джо Байден	PER	PER_76
Иран	Иран	LOC	LOC_177
Китай	Китай	LOC	LOC_56
Конгресс русских американцев	Конгресс русский американец	ORG	ORG_5002
Кристофер Рэй	Кристофер Рэй	PER	PER_3453
МОСКВА	МОСКВА	LOC	LOC_316
Москву	Москва	LOC	LOC_316
Наталья Сабельник	Наталья Сабельник	PER	PER_2922
Нью-Йорке	Нью-Йорк	LOC	LOC_2256
Познер	Познер	PER	PER_5471
РИА Новости	риа новость	ORG	ORG_158
России	Россия	LOC	LOC_95
Россию	Россия	LOC	LOC_95
США	США	LOC	LOC_69
Соединенных Штатов	соединить Штат	LOC	LOC_69
ФБР	ФБР	ORG	ORG_3418
джо байден	джо байден	EVT	EVT_5475
нью-йорк	нью - йорк	LOC	LOC_2256
