ru-4
AP	AP	ORG	ORG_451
CNN	CNN	ORG	ORG_383
WhatsApp	WhatsApp	PRO	PRO_2937
Аризоне	Аризона	LOC	LOC_1748
Байден	Байден	PER	PER_3577
Байдена	Байден	PER	PER_3577
Байдену	Байден	PER	PER_2995
Бараке Обаме	барак Обам	PER	PER_3496
Вашингтон	Вашингтон	LOC	LOC_183
Вашингтоне	Вашингтон	LOC	LOC_183
Висконсине	висконсина	LOC	LOC_527
Демократической партии	демократический партия	ORG	ORG_584
Джо Байден	Джо Байден	PER	PER_76
Джорджии	Джорджия	LOC	LOC_2174
Дональду Трампу	дональда Трампа	PER	PER_70
Калифорнии	Калифорния	LOC	LOC_102
Камала Харрис	камал Харрис	PER	PER_1984
Клинтон	Клинтон	LOC	LOC_4878
Конгресса	Конгресс	ORG	ORG_3350
Конгрессе	Конгресс	ORG	ORG_3350
Мичигане	Мичиган	LOC	LOC_99
Мэн	Мэн	LOC	LOC_3318
Небраска	Небраска	LOC	LOC_104
Пенсильвании	пенсильвание	LOC	LOC_2427
РБК	рбк	ORG	ORG_2721
США	США	LOC	LOC_69
Сенат	Сенат	ORG	ORG_1012
Трамп	Трамп	PER	PER_977
Трампа	Трамп	PER	PER_70
Хиллари Клинтон	Хиллари Клинтон	PER	PER_2175
округе Колумбия	округ Колумбия	LOC	LOC_517
