ru-197
Аляске	Аляска	LOC	LOC_518
Аляски	аляска	LOC	LOC_518
Америке	Америка	LOC	LOC_69
Аризона	Аризон	LOC	LOC_1748
Байден	Байден	PER	PER_3577
Байдена	Байден	LOC	LOC_3557
Белый Дом	белый Дом	LOC	LOC_72
Винсконсин	винсконсин	LOC	LOC_527
Висконсин	Висконсин	LOC	LOC_527
Гаваий	гаваий	LOC	LOC_3558
Джо Байден	Джо Байден	PER	PER_76
Джорджия	Джорджия	LOC	LOC_2174
Дональд Трамп	Дональд Трамп	PER	PER_70
Калифорнию	Калифорний	LOC	LOC_102
Мичиган	Мичиган	LOC	LOC_99
Мэн	Мэн	LOC	LOC_3318
Мэна	мэна	LOC	LOC_3318
Небраска	Небраска	LOC	LOC_104
Небраски	Небраска	LOC	LOC_104
Невада	Невада	LOC	LOC_1153
Невады	невад	LOC	LOC_1153
Пенсильвания	Пенсильвание	LOC	LOC_101
США	США	LOC	LOC_69
Северная Каролина	Северный Каролин	LOC	LOC_168
Техас	Техас	LOC	LOC_1022
Техаса	техас	LOC	LOC_1022
Трамп	Трамп	PER	PER_977
Трампа	Трамп	LOC	LOC_3316
Трампом	Трамп	PER	PER_977
Трампу	трампа	PER	PER_977
Флорида	Флорида	LOC	LOC_894
демократов	демократ	ORG	ORG_3320
