ru-72
/	/	ORG	ORG_2571
EPA	EPA	ORG	ORG_2554
Fox News	Fox News	PRO	PRO_3308
Reuters/Ipsos	Reuters / Ipsos	ORG	ORG_4601
UPG	UPG	ORG	ORG_3177
Алисса Фарах	алисс Фарах	PER	PER_5097
Белого дома	белый дом	LOC	LOC_72
Белом доме	белый дом	LOC	LOC_72
Демократической партии	демократический партия	ORG	ORG_584
Джозеф Байден	Джозеф Байден	PER	PER_76
Дональд Трамп	Дональд Трамп	PER	PER_70
Интерфакс-Украина	интерфакс - Украина	ORG	ORG_2721
Корреспондент.net	Корреспондент.net	PRO	PRO_2598
Палаты представителей	Палата представитель	ORG	ORG_3333
США	США	LOC	LOC_69
Трамп	Трамп	PER	PER_977
Трампа	Трамп	PER	PER_70
Трампу	трампа	PER	PER_977
Украины	Украина	LOC	LOC_318
Фарах	Фарах	PER	PER_3515
Хиллари Клинтон	Хиллари Клинтон	PER	PER_2175
