ru-129
GSA	1уц	ORG	ORG_3313
NYT	nyt	PRO	PRO_277
New York Times	New York Times	PRO	PRO_51
The New York Times	The New York Times	PRO	PRO_51
Twitter	Twitter	PRO	PRO_71
Демократической	демократический	ORG	ORG_3320
Демократической партии	демократический партия	ORG	ORG_584
Джо Байден	Джо Байден	PER	PER_76
Джо Байдена	Джо Байден	PER	PER_76
Джо Байдену	Джо Байден	PER	PER_76
Дональд Трамп	Дональд Трамп	PER	PER_70
Дональда Трампа	Дональд Трамп	PER	PER_70
Дональдом Трампом	Дональд Трамп	PER	PER_70
Дональду Трампу	дональда Трампа	PER	PER_70
Коллегии выборщиков	коллегия выборщик	ORG	ORG_3309
Коллегию выборщиков	коллегия выборщик	ORG	ORG_3309
Колумбия	Колумбия	LOC	LOC_517
Конгресса	Конгресс	ORG	ORG_3350
Конгрессе	Конгресс	ORG	ORG_3350
Конституция США	Конституция США	PRO	PRO_43
Майк Пенс	Майк Пенс	PER	PER_3847
Мэн	Мэн	LOC	LOC_3318
Небраска	Небраска	LOC	LOC_104
Палатой Представителей	палата представитель	ORG	ORG_3333
Пенс	пенс	PER	PER_5658
Республиканской партиями	республиканский партия	ORG	ORG_3908
США	США	LOC	LOC_69
США-2020	США - 2020	LOC	LOC_4598
Соединенных Штатов Америки	соединить Штат Америка	LOC	LOC_69
Трамп	Трамп	PER	PER_977
Трампа	Трамп	PER	PER_70
Трампу	трампа	PER	PER_977
Управлению общих служб США	управление общий служба США	ORG	ORG_3312
