ru-107
Dominion	Dominion	ORG	ORG_3985
Maxpark.com	Maxpark.com	PRO	PRO_5096
Newsland	newsland	ORG	ORG_3186
Newsland.com	Newsland.com	PRO	PRO_2598
Америка	Америка	LOC	LOC_69
Аризоны	Аризона	LOC	LOC_1748
Байден	Байден	PER	PER_3577
Байдена	Байден	PER	PER_3577
Берегах	берег	LOC	LOC_5091
Брайтон-Бич	брайтон-бич	LOC	LOC_1250
Верховный Совет	верховный Совет	ORG	ORG_4863
Восток	Восток	LOC	LOC_203
Горби	Горби	PER	PER_5088
Господь	Господь	PER	PER_1508
Детройтского автосалона	детройтский автосалон	ORG	ORG_5083
Дональд Трампович	Дональд Трампович	PER	PER_70
ЕС	ес	ORG	ORG_5
Иерусалим	Иерусалим	LOC	LOC_4044
Киеве	Киев	LOC	LOC_317
Китаем	Китай	LOC	LOC_56
Китай	Китай	LOC	LOC_56
Ковидом	ковид	PER	PER_337
Кости	кость	PER	PER_5092
Крым	Крым	LOC	LOC_2855
Крыса	крыса	PER	PER_5090
Лубянке	Лубянка	LOC	LOC_5084
Мичиган	Мичиган	LOC	LOC_99
Мичигана	мичиган	LOC	LOC_99
Мичигане	Мичиган	LOC	LOC_99
Мотор Сич	мотор Сич	ORG	ORG_5095
Наша байда	наш байда	EVT	EVT_5093
ОДИН РАЗ	один раз	ORG	ORG_5087
Политбюро-это	Политбюро - это	ORG	ORG_5086
РФ	РФ	LOC	LOC_95
России	Россия	LOC	LOC_95
Россию	Россия	LOC	LOC_95
СССР	ссср	LOC	LOC_95
США	США	LOC	LOC_69
Севастополя	Севастополь	LOC	LOC_5094
Северная Корея	Северный Корея	LOC	LOC_60
Сидни Пауэлл	Сидня Пауэлл	PER	PER_3657
Советы	совет	ORG	ORG_5085
Трамп	Трамп	PER	PER_977
Трампа	Трамп	PER	PER_70
Трампом,там	Трамп , там	PER	PER_5089
Украины	Украина	LOC	LOC_318
Уэйн	Уэйн	LOC	LOC_4128
китайцы	китаец	PER	PER_2121
суд	суд	ORG	ORG_4880
