ru-23
NYT	nyt	PRO	PRO_277
New York Times	New York Times	PRO	PRO_51
Аляске	Аляска	LOC	LOC_518
Антрим	Антрим	LOC	LOC_3616
Аризона	Аризон	LOC	LOC_1748
Аризону	аризон	ORG	ORG_5207
Байден	Байден	PER	PER_3577
Байденом	Байден	LOC	LOC_4411
Вайоминга	вайоминг	LOC	LOC_3372
Верховный суд	верховный суд	ORG	ORG_5356
Висконсин	Висконсин	LOC	LOC_527
Джо Байден	Джо Байден	PER	PER_76
Джо Байдну	Джо Байдн	PER	PER_76
Джорджия	Джорджия	PER	PER_2171
Калифорнии	Калифорния	LOC	LOC_102
Канье Уэст	Канье Уэст	PER	PER_3401
Коллегию	коллегия	ORG	ORG_4695
Коллегию выборщиков	коллегия выборщик	ORG	ORG_3309
Мичиган	Мичиган	LOC	LOC_99
Мэн	Мэн	LOC	LOC_3318
Невада	Невада	LOC	LOC_1153
Пенсильвании	пенсильвание	LOC	LOC_2427
Пенсильвания	Пенсильвание	LOC	LOC_101
России	Россия	LOC	LOC_95
США	США	LOC	LOC_69
Северная Каролина	Северный Каролин	LOC	LOC_168
Трамп	Трамп	PER	PER_977
Трампа	Трамп	PER	PER_70
Флорида	Флорида	LOC	LOC_894
Хиллари Клинтон	Хиллари Клинтон	PER	PER_2175
демократов	демократ	PER	PER_2172
демократы	демократ	PER	PER_2172
республиканец	республиканец	PER	PER_1985
республиканский штаб	республиканский штаб	ORG	ORG_31
твиттере	твиттер	PRO	PRO_71
