ru-86
Solar Winds	Solar Winds	ORG	ORG_5277
SolarWinds	SolarWinds	ORG	ORG_5277
The New York Times	The New York Times	PRO	PRO_51
Алексея Навального	Алексей Навальный	PER	PER_4644
Афганистане	Афганистан	LOC	LOC_4648
Байден	Байден	PER	PER_3577
Байдена	Байден	PER	PER_3577
Белого дома	белый дом	LOC	LOC_72
Белом доме	белый дом	LOC	LOC_72
Белый дом	белый дом	LOC	LOC_72
Белым домом	белый дом	LOC	LOC_72
Вашингтон	Вашингтон	LOC	LOC_183
Владимир Путин	Владимир Путин	PER	PER_315
Джейк Салливан	джейк Салливан	PER	PER_4020
Дональда Трампа	Дональд Трамп	PER	PER_70
Думой	Дума	PER	PER_5278
Запад	Запад	LOC	LOC_203
Западе	Запад	LOC	LOC_203
ИноСМИ	иносмь	ORG	ORG_4799
Института международных исследований имени Фримана Спольи	институт международный исследование имя Фриман Сполья	ORG	ORG_5279
КГБ	кгб	ORG	ORG_2680
Китай	Китай	LOC	LOC_56
Китайцы	китаец	PER	PER_2121
Китая	Китай	LOC	LOC_56
Кремлем	Кремль	LOC	LOC_150
Кремль	Кремль	LOC	LOC_150
Леонид Волков	Леонид Волков	PER	PER_5264
Майкл Макфол	Майкл Макфол	PER	PER_5234
Макфол	макфол	PER	PER_5234
Навального	Навальный	PER	PER_4779
Навальном	навальн	LOC	LOC_4649
Навальный	Навальный	PER	PER_4779
Одноклассниках	одноклассник	EVT	EVT_5280
Путин	Путин	PER	PER_315
Путина	Путин	PER	PER_315
Путину	Путин	PER	PER_315
Путиным	Путин	PER	PER_315
Россией	Россия	LOC	LOC_95
России	Россия	LOC	LOC_95
Россия	Россия	LOC	LOC_95
СНВ-3	снв - 3	ORG	ORG_4801
США	США	LOC	LOC_69
Соединенные Штаты	Соединить Штат	LOC	LOC_69
Стэнфордском университете	стэнфордский университет	ORG	ORG_1059
Твиттере	Твиттер	PRO	PRO_71
Трамп	Трамп	PER	PER_977
Трампа	Трамп	PER	PER_70
Трампу	трампа	PER	PER_977
ЦРУ	цру	ORG	ORG_4704
русских	русский	PER	PER_1372
