ru-36
COVID-19	COVID - 19	ORG	ORG_204
Facebook	Фейсбук	PRO	PRO_98
TikTok	Tik1ok	ORG	ORG_2568
WeChat	WeChat	ORG	ORG_5657
Америка прежде всего	Америка прежде все	PRO	PRO_3747
Арабскими Эмиратами	арабский Эмират	ORG	ORG_1042
Афганистан	Афганистан	LOC	LOC_4648
Афганистана	Афганистан	LOC	LOC_4648
Афганистане	Афганистан	LOC	LOC_4648
Африка	Африка	LOC	LOC_157
Байден	Байден	PER	PER_3577
Байдена	Байден	PER	PER_3577
Байденом	Байден	PER	PER_3577
Барака Обамы	Барак Обама	PER	PER_3496
Бахрейном	бахрейный	LOC	LOC_80
Биньямина Нетаньяху	Биньямин Нетаньях	PER	PER_5292
Владимиру Путину	Владимир Путин	PER	PER_5376
Восточном Иерусалиме	восточный Иерусалим	LOC	LOC_4044
Всемирной организации здравоохранения	всемирный организация здравоохранение	ORG	ORG_133
Гватемалой	гватемала	LOC	LOC_3564
Германии	Германия	LOC	LOC_27
Гондурасом	гондурас	LOC	LOC_3563
Гонконге	Гонконг	LOC	LOC_17
Государственный департамент	государственный департамент	ORG	ORG_946
Джо Байден	Джо Байден	PER	PER_76
Дональд Трамп	Дональд Трамп	PER	PER_70
Иерусалим	Иерусалим	LOC	LOC_4044
Израиле	Израиль	LOC	LOC_833
Израилем	Израиль	LOC	LOC_833
Израиль	Израиль	LOC	LOC_833
Израиля	Израиль	LOC	LOC_833
Иран	Иран	LOC	LOC_177
Ирана	Иран	LOC	LOC_177
Ираном	Иран	LOC	LOC_177
КНР	КНР	LOC	LOC_56
Камала Харрис	камал Харрис	PER	PER_1984
Ким Чен Ыном	Ким Чен Ыном	PER	PER_4891
Китае	Китай	LOC	LOC_56
Китай	Китай	LOC	LOC_56
Китаю	Китай	LOC	LOC_56
Китая	Китай	LOC	LOC_56
Корейского полуострова	корейский полуостров	LOC	LOC_576
Майк Пенс	Майк Пенс	PER	PER_3847
Мексики	Мексика	LOC	LOC_79
НАТО	НАТО	ORG	ORG_864
Нигерию	Нигерия	LOC	LOC_2609
Парижского соглашения по климату	парижский соглашение по климат	PRO	PRO_3669
Парижское соглашение	парижский соглашение	PRO	PRO_3669
Пекин	Пекин	LOC	LOC_234
Пенсом	пенс	PER	PER_5658
Путину	Путин	PER	PER_315
Пхеньян	Пхеньян	PER	PER_5660
Россией	Россия	LOC	LOC_95
России	Россия	LOC	LOC_95
Россия	Россия	LOC	LOC_95
США	США	LOC	LOC_69
Сальвадором	сальвадор	LOC	LOC_3565
Северная Корея	Северный Корея	LOC	LOC_60
Северной Кореи	Северный Корея	LOC	LOC_60
Си Цзиньпином	Си Цзиньпин	PER	PER_1329
Соединенные Штаты	Соединить Штат	LOC	LOC_69
Соединенных Штатов	соединить Штат	LOC	LOC_69
Сомали	Сомали	LOC	LOC_4111
Стивен Миллер	Стивен Миллер	PER	PER_5118
Судан	Судан	LOC	LOC_3304
ТТП	ттп	ORG	ORG_5661
Твиттере	Твиттер	PRO	PRO_71
Тель-Авива	Тель-Авив	LOC	LOC_5659
Трамп	Трамп	PER	PER_977
Трампа	Трамп	PER	PER_70
Трампом	Трамп	PER	PER_977
Харрис	Харрис	PER	PER_363
Центральная Америка	центральный Америка	LOC	LOC_219
выборы 2016 года	выборы 2016 год	EVT	EVT_4975
демократов	демократ	ORG	ORG_3320
