ru-187
Анти-Навальный	анти-навальный	PRO	PRO_5371
Антрим	Антрим	LOC	LOC_3616
Аризона	Аризон	LOC	LOC_1748
Ассошиэйтед Пресс	ассошить Пресс	ORG	ORG_2606
Байдена	Байден	PER	PER_3577
Байдену	Байден	PER	PER_2995
Верховный суд	верховный суд	ORG	ORG_5356
Верховный суд штата	верховный суд штат	ORG	ORG_3345
Висконсина	Висконсин	LOC	LOC_527
Висконсине	висконсина	LOC	LOC_527
Детройте	детройт	LOC	LOC_1669
Джо Байден	Джо Байден	PER	PER_76
Джорджии	Джорджия	LOC	LOC_2174
Дмитрия Босова	Дмитрий Босов	PER	PER_2719
Дональд Трамп	Дональд Трамп	PER	PER_70
Дональда Трампа	Дональд Трамп	PER	PER_70
Евгенией Павловской	Евгения Павловский	PER	PER_5238
Кларк	Кларк	PER	PER_4339
Конгресс	Конгресс	ORG	ORG_3350
Краеугольный штат	краеугольный штат	LOC	LOC_5372
Кэти Буквар	Кэти Буквар	PER	PER_3482
Лас-Вегас	Лас-Вегас	LOC	LOC_4055
Местный суд	местный суд	ORG	ORG_4880
Мичигане	Мичиган	LOC	LOC_99
Монтгомери	Монтгомери	LOC	LOC_617
Невада	Невада	LOC	LOC_1153
Неваде	Невада	LOC	LOC_1153
Невады	невад	LOC	LOC_1153
Павла Данилина	Павел Данилин	PER	PER_5368
Пенсильвании	пенсильвание	LOC	LOC_2427
Республиканской партии	республиканский партия	ORG	ORG_584
Ростех	ростех	ORG	ORG_5369
Руди Джулиани	Руди Джулиани	PER	PER_5227
Трамп	Трамп	PER	PER_977
Трампа	Трамп	PER	PER_70
Трампу	трампа	PER	PER_977
Федеральный суд	федеральный суд	ORG	ORG_3345
Филадельфии	Филадельфия	LOC	LOC_3816
Филадельфия	филадельфия	LOC	LOC_3816
анти-Джин Шарп	анти-Джин Шарп	PRO	PRO_5370
демократа	демократ	ORG	ORG_3320
