ru-52
2016 года	2016 год	EVT	EVT_4975
Corriere della Sera	Corriere della Sera	ORG	ORG_4978
EPA/UPG	EPA/UPG	ORG	ORG_2554
Facebook	Фейсбук	PRO	PRO_98
NBC News	NBC News	ORG	ORG_4979
Reuters	Reuters	ORG	ORG_153
The Oregonian	The Oregonian	ORG	ORG_4977
Twitter	Twitter	PRO	PRO_71
Worldometers	Worldometers	PRO	PRO_4983
Італії	італії	LOC	LOC_50
Айова	Айова	LOC	LOC_3370
Аризона	Аризон	LOC	LOC_1748
Арканзас	Арканзас	LOC	LOC_3375
Байден	Байден	PER	PER_3577
Бангладеш	Бангладеш	LOC	LOC_4982
Барака Обамы	Барак Обама	PER	PER_3496
Белого дома	белый дом	LOC	LOC_72
Белый дом	белый дом	LOC	LOC_72
Білого дому	болый дом	LOC	LOC_72
Білорусі	білорусі	LOC	LOC_1
Вермонт	Вермонт	LOC	LOC_1737
Верхней палате	верхний палата	ORG	ORG_4976
Верхней палаты	верхний палата	ORG	ORG_4976
Верховном суде США	верховный суд США	ORG	ORG_3345
Верховный суд	верховный суд	ORG	ORG_3345
Верховный суд США	верховный суд США	ORG	ORG_3345
Висконсин	Висконсин	LOC	LOC_527
Волкер…	волкер …	PER	PER_4984
Володимир Путін	Володимир Путін	PER	PER_315
Демократической партией	демократический партия	ORG	ORG_584
Демократичної партії США	демократично партії США	ORG	ORG_584
Держдепартаменту США	держдепартамент США	ORG	ORG_4756
Джорджия	Джорджия	LOC	LOC_2174
Джорджія	джорджай	LOC	LOC_2174
Дональд Трамп	Дональд Трамп	PER	PER_70
Дональда Трампа	Дональд Трамп	PER	PER_70
Ета	ета	EVT	EVT_4981
Коллегии выборщиков	коллегия выборщик	ORG	ORG_3309
Колорадо	Колорадо	LOC	LOC_521
Колумбия	Колумбия	LOC	LOC_517
Конгресс США	Конгресс США	ORG	ORG_4061
Конгресса	Конгресс	ORG	ORG_3350
Конгрессе	Конгресс	ORG	ORG_3350
Конгрессом	конгресс	ORG	ORG_3350
Курт Волкер	Курт Волкер	PER	PER_1092
Луизиана	Луизиан	LOC	LOC_1663
Миннесота	Миннесот	LOC	LOC_100
Мичиган	Мичиган	LOC	LOC_99
Мичигане	Мичиган	LOC	LOC_99
Мэн	Мэн	LOC	LOC_3318
Небраска	Небраска	LOC	LOC_104
Невада	Невада	LOC	LOC_1153
Нижней палате Конгресса	нижний палата Конгресс	ORG	ORG_4657
Нижнюю палату	нижний палата	ORG	ORG_4976
Нью-Гэмпшир	Нью-Гэмпшир	LOC	LOC_3454
Овальном кабинете	овальный кабинет	ORG	ORG_3729
Огайо	Огайо	LOC	LOC_1736
Орегон	Орегон	LOC	LOC_2170
Палата представителей США	Палата представитель США	ORG	ORG_4061
Палате	палата	ORG	ORG_4678
Палату представителей	Палата представитель	ORG	ORG_3333
Палаты представителей	Палата представитель	ORG	ORG_3333
Пенсильвании	пенсильвание	LOC	LOC_2427
Пенсильвания	Пенсильвание	LOC	LOC_101
Північна Кароліна	північна Каролен	LOC	LOC_168
Республиканской партии	республиканский партия	ORG	ORG_584
Республіканської партії	республіканської партії	ORG	ORG_584
Росії	росії	LOC	LOC_95
США	США	LOC	LOC_69
Сара Макбрайд	Сара Макбрайд	PER	PER_3343
Северная Каролина	Северный Каролин	LOC	LOC_168
Сенат	Сенат	ORG	ORG_1012
Сенат США	Сенат США	ORG	ORG_3345
Сенате Конгресса США	Сенат Конгресс США	ORG	ORG_4061
Сенатом	сенат	ORG	ORG_1012
Соединённых Штатах	соединить Штат	LOC	LOC_69
Техас	Техас	LOC	LOC_1022
Техасе	Техас	LOC	LOC_1022
Трамп	Трамп	PER	PER_977
Україна	україна	LOC	LOC_318
України	Украень	LOC	LOC_318
Флорида	Флорида	LOC	LOC_894
Флориде	Флорида	LOC	LOC_894
Хиллари Клинтон	Хиллари Клинтон	PER	PER_2175
Центральну Америку	центральный Америка	LOC	LOC_26
Центральній Америці	Центральн Америці	LOC	LOC_26
Южном Кавказе	Южный Кавказ	LOC	LOC_4980
демократов	демократ	PER	PER_2172
округ Колумбия	округ Колумбия	LOC	LOC_517
республиканцев	республиканец	PER	PER_1985
