ru-54
Cooley	Cooley	PER	PER_5015
David Shimer	David Shimer	PER	PER_5020
Facebook	Фейсбук	PRO	PRO_98
Joshua Tucker	Joshua Tucker	PER	PER_5016
Kathleen Hall Jamieson	Kathleen Hall Jamieson	PER	PER_5029
NYU	nyu	ORG	ORG_3130
RT	RT	PRO	PRO_5026
Renee DiResta	Renee DiResta	PER	PER_5024
Rigged	Rigged	PRO	PRO_5021
Russia Today	Russia Today	PRO	PRO_5027
Wikileaks	Wikileaks	PRO	PRO_3487
Zeve Sanderson	Zeve Sanderson	PER	PER_5019
Zoom	Zoom	ORG	ORG_1355
Агентство интернет-исследований	Агентство интернет - исследование	ORG	ORG_1608
Александер Кули	Александер Кули	PER	PER_5014
Америка	Америка	LOC	LOC_69
Америки	Америка	LOC	LOC_69
Ассоциации американских издателей	Ассоциация американский издатель	ORG	ORG_247
Вашингтон пост	Вашингтон пост	LOC	LOC_183
ГРУ	ГРУ	ORG	ORG_5028
Госдепартамент	госдепартамент	ORG	ORG_4788
Джеймисон	джеймисон	PER	PER_3209
Джо Байдену	Джо Байден	PER	PER_76
Джошуа Такер	Джошуа Такер	PER	PER_5016
Джулиана Ассанжа	Джулиан Ассанж	PER	PER_5030
Дональду Трампу	дональда Трампа	PER	PER_70
Дэвид Шаймер	Дэвид Шаймер	PER	PER_5020
Западе	Запад	LOC	LOC_203
Зив Сандерсон	Зив Сандерсон	PER	PER_5019
Инстаграм	инстагра	ORG	ORG_4688
Института Харримана	институт Харриман	ORG	ORG_5012
Институтом Харримана при Колумбийском университете	Институт Харриман при колумбийский университет	ORG	ORG_5012
Италии	Италия	LOC	LOC_50
Йельском университете	йельский университет	ORG	ORG_2640
Коминтерн	Коминтерн	ORG	ORG_5022
Конгресс	Конгресс	ORG	ORG_3350
Кремль	Кремль	LOC	LOC_150
Кремля	Кремль	LOC	LOC_150
Кули	Кули	PER	PER_3327
Кэтлин Холл Джеймисон	Кэтлин Холл Джеймисон	PER	PER_5029
Ленин	Ленин	PER	PER_4478
Нью-Йорк таймс	Нью-Йорк таймс	PRO	PRO_51
Нью-Йорке	Нью-Йорк	LOC	LOC_2256
Нью-Йоркере	Нью-Йоркер	LOC	LOC_2256
Нью-Йоркский университет	нью-йоркский университет	ORG	ORG_4032
Объединение мусульман Америки	объединение мусульманин Америка	ORG	ORG_5002
Оксфордском университете	оксфордский университет	ORG	ORG_1050
Пенсильванском университете	пенсильванский университет	ORG	ORG_3879
Пригожина	Пригожин	ORG	ORG_5025
Путин	Путин	PER	PER_315
Рене	Рене	PER	PER_3586
Рене ДиРеста	Рене Дирест	PER	PER_5024
России	Россия	LOC	LOC_95
Россия	Россия	LOC	LOC_95
Русской службы « Голоса Америки »	русский служба « голос Америка »	ORG	ORG_4718
США	США	LOC	LOC_69
Сальвадора	Сальвадор	LOC	LOC_3565
Сербии	Сербия	LOC	LOC_1
Советского Союза	советский Союз	ORG	ORG_3660
Стэнфордского университета	стэнфордский университет	ORG	ORG_1059
Такера	Такер	PER	PER_5017
Твиттере	Твиттер	PRO	PRO_71
Техаса	техас	LOC	LOC_1022
Труменом	трумен	PER	PER_5023
Фейсбуке	Фейсбук	PRO	PRO_98
Франции	Франция	LOC	LOC_20
Хиллари	Хиллари	PER	PER_4879
Хиллари Клинтон	Хиллари Клинтон	PER	PER_2175
Хьюстоне	Хьюстон	LOC	LOC_1021
ЦРУ	цру	ORG	ORG_4704
Центра Джордана	Центр Джордан	ORG	ORG_5013
Центра социальных медиа и политики	Центр социальный медиа и политика	ORG	ORG_5018
Центром Джордана по изучению России	Центр Джордан по изучение Россия	ORG	ORG_5013
Чили	Чили	LOC	LOC_3102
Шаймер	шаймер	PER	PER_4685
Шаймера	шаймер	PER	PER_4685
Японии	Япония	LOC	LOC_13
консерваторы	консерватор	PER	PER_3361
холодной войны	холодный война	EVT	EVT_407
школы коммуникаций имени Анненберга	школа коммуникация имя Анненберг	ORG	ORG_5031
