ru-151
Аризоне	Аризона	LOC	LOC_1748
Байден	Байден	PER	PER_3577
Белого дома	белый дом	LOC	LOC_72
Белом доме	белый дом	LOC	LOC_72
Брэд Раффенспергер	Брэд Раффенспергер	PER	PER_3349
Виргинии	Виргиния	LOC	LOC_3851
Висконсине	висконсина	LOC	LOC_527
Гаврилова А.В.	Гаврилов А. В.	PER	PER_3107
Джо Байден	Джо Байден	PER	PER_76
Джо Байдена	Джо Байден	PER	PER_76
Джо Байдена.Трамп	Джо Байдена. Трамп	PER	PER_76
Джорджии	Джорджия	LOC	LOC_2174
Джорджия	Джорджия	LOC	LOC_2174
Дмитрий Дробницкий	Дмитрий Дробницкий	PER	PER_2753
Дональд Трамп	Дональд Трамп	PER	PER_70
Дональдя Трампа	дональдя Трамп	PER	PER_70
Дробницкий	дробницкий	PER	PER_3116
Дробницкий.Другой	дробницкий . другой	PER	PER_4959
Канзасе	Канзас	LOC	LOC_3371
Конгресс-центра в Филадельфии	Конгресс - центр в Филадельфия	ORG	ORG_4962
Конституции	Конституция	PRO	PRO_43
Кэти Хоббс	Кэти Хоббс	PER	PER_2342
МОСКВА	МОСКВА	LOC	LOC_316
Мичиган	Мичиган	LOC	LOC_99
Мичигане	Мичиган	LOC	LOC_99
Пенсильвании	пенсильвание	LOC	LOC_2427
Пенсильвания	Пенсильвание	LOC	LOC_101
РИА Новости	риа новость	ORG	ORG_158
РИА Новости.Трамп	риа новость . Трамп	ORG	ORG_158
Ратерфорда Хейза	ратерфорд Хейз	PER	PER_4932
США	США	LOC	LOC_69
Софья Мельничук	Софья Мельничук	PER	PER_4955
Трамп	Трамп	PER	PER_977
Трампа	Трамп	PER	PER_70
Трампу	трампа	PER	PER_977
Уэйн	Уэйн	LOC	LOC_4128
Фонда изучения США имени Франклина Делано Рузвельта МГУ	Фонд изучение США имя Франклин Делано Рузвельт МГУ	ORG	ORG_4956
Юрий Рогулев	Юрий Рогулев	PER	PER_699
Юрий Рогулев.По	Юрий Рогулев . по	PER	PER_4958
второй гражданской войны	второй гражданский война	EVT	EVT_407
день тихой гавани	день тихий гавань	EVT	EVT_4963
джо	джо	PRO	PRO_4960
палаты представителей	палата представитель	ORG	ORG_3333
твиттер	твиттер	PRO	PRO_71
твиттере	твиттер	PRO	PRO_71
твиттере.Победитель	твиттер . победитель	PRO	PRO_4957
федеральный суд	федеральный суд	ORG	ORG_4880
