ru-76
BigTech	BigTech	PRO	PRO_4905
Black Lives Matter	Black Lives Matter	ORG	ORG_3421
Black Lives Matter.На	Black Lives Matter. на	ORG	ORG_3421
Facebook	Фейсбук	ORG	ORG_96
Google	Гугл	ORG	ORG_1597
IBM	ИБМ	ORG	ORG_1348
The Washington Post	The Washington Post	PRO	PRO_3763
Twitter	Twitter	PRO	PRO_71
Безоса	безос	LOC	LOC_4909
Билла Гейтса	Билла Гейтс	PER	PER_1306
Гаврилова А.В.	Гаврилов А. В.	PER	PER_3107
Гейтса	гейтс	ORG	ORG_2793
Демократической партии	демократический партия	ORG	ORG_584
Джеффу Безосу	Джеффу Безос	PER	PER_4904
Джо Байден	Джо Байден	PER	PER_76
Джо Байдена	Джо Байден	PER	PER_76
Дональд Трамп	Дональд Трамп	PER	PER_70
Дорси	Дорси	PER	PER_4906
Дублине	Дублин	LOC	LOC_4911
Закона о телекоммуникациях	Закон о телекоммуникация	PRO	PRO_4908
Нью-Йорка	Нью-Йорк	LOC	LOC_2256
Нэнси Пелоси	Нэнси Пелось	PER	PER_3442
Пичаи	пича	PER	PER_3303
РИА Новости	риа новость	ORG	ORG_158
Рокфеллера	Рокфеллер	PER	PER_3503
США	США	LOC	LOC_69
Сиэтла	Сиэтл	LOC	LOC_1723
Соединенных Штатов	соединить Штат	LOC	LOC_69
Трамп	Трамп	PER	PER_977
Трампа	Трамп	PER	PER_70
Фелькишер Беобахтер	фелькишер Беобахтер	ORG	ORG_4912
Цукерберга	Цукерберг	PER	PER_3451
Штаты	Штат	LOC	LOC_69
Японии	Япония	LOC	LOC_13
сенат США	сенат США	ORG	ORG_4061
