ru-47
Audacia	Audacia	ORG	ORG_4974
Bboen	Bboen	ORG	ORG_4970
Financial Times	Financial Times	PRO	PRO_460
Twitter	Twitter	PRO	PRO_71
bigtech	bigtech	ORG	ORG_4907
fireadder	fireadder	PRO	PRO_4966
Азиатско-Тихоокеанского региона	азиатский - тихоокеанский регион	LOC	LOC_58
Америка	Америка	LOC	LOC_69
Америку	Америка	LOC	LOC_69
Ангела Меркель	Ангела Меркель	PER	PER_117
Байден	Байден	PER	PER_3577
Байдену	Байден	PER	PER_2995
Белый дом	белый дом	LOC	LOC_72
Брексит	брексит	EVT	EVT_4972
Ван Байчжи	Ван Байчжи	PER	PER_4967
Востоке	Восток	LOC	LOC_841
Германией	Германия	LOC	LOC_27
Германии	Германия	LOC	LOC_27
Германию	Германия	LOC	LOC_27
Германия	Германия	LOC	LOC_27
Гуандуна	гуандуна	LOC	LOC_4964
Гуаньча	гуаньча	LOC	LOC_4964
Джо	Джо	PER	PER_3622
Джо Байден	Джо Байден	PER	PER_76
Джо Байдена	Джо Байден	PER	PER_76
ЕС	ес	ORG	ORG_5
Европа	Европа	LOC	LOC_49
Европе	Европа	LOC	LOC_49
Европейский Союз	европейский Союз	ORG	ORG_5
Европейского Союза	Европейский Союз	ORG	ORG_5
Европейцы	европеец	PER	PER_411
Европой	Европа	LOC	LOC_49
Европу	Европа	LOC	LOC_49
Европы	Европа	LOC	LOC_49
Евросоюзу	Евросоюз	ORG	ORG_5
Жителю Гуандуна	житель Гуандун	LOC	LOC_4971
ИноСМИ	иносмь	ORG	ORG_4799
Китай	Китай	LOC	LOC_56
Китай-АСЕАН	китай-асеан	LOC	LOC_56
Китайцы	китаец	PER	PER_2121
Китаю	Китай	LOC	LOC_56
Китая	Китай	LOC	LOC_56
Корею	Корея	LOC	LOC_60
Латинской Америки	Латинский Америка	LOC	LOC_219
Лунная поляна	лунный поляна	LOC	LOC_3305
Лунной поляне	лунный поляна	LOC	LOC_3305
Макрон	макрон	PER	PER_24
Мергель	мергель	PER	PER_4965
Меркель	Меркель	PER	PER_117
РИА Новости	риа новость	ORG	ORG_158
Россией	Россия	LOC	LOC_95
России	Россия	LOC	LOC_95
Российской Федерации	российский Федерация	LOC	LOC_95
Россию	Россия	LOC	LOC_95
Россия	Россия	LOC	LOC_95
США	США	LOC	LOC_69
Северного потока — 2	Северный поток — 2	PRO	PRO_3550
Северный поток — 2	северный поток — 2	PRO	PRO_3550
Синее море	синий море	LOC	LOC_26
Соединенное Королевство	соединить Королевство	LOC	LOC_6
Соединенные Штаты	Соединить Штат	LOC	LOC_69
Соединенным Штатам	соединить Штат	LOC	LOC_69
Соединенными Штатами	соединить Штат	LOC	LOC_69
Соединенных Штатах	соединить Штат	LOC	LOC_69
Соединенных Штатов	соединить Штат	LOC	LOC_69
Сычуане	сычуан	LOC	LOC_4969
Трамп	Трамп	PER	PER_977
Трампа	Трамп	PER	PER_70
Чунцин	Чунцин	LOC	LOC_4968
Эльзаса,Лотарингии,Восточной Пруссии	Эльзас , Лотарингия , восточный Пруссия	LOC	LOC_4973
Японией	Япония	LOC	LOC_13
китайцев	китаец	PER	PER_2121
немцы	немец	PER	PER_659
поток-2	поток - 2	PRO	PRO_3550
правительства Байдена	правительство Байден	ORG	ORG_4654
правительство Соединенных Штатов	правительство соединить Штат	ORG	ORG_4756
