ru-65
NYT	nyt	PRO	PRO_277
mob	mob	ORG	ORG_5624
Байдена	Байден	PER	PER_3577
Белоруссии	Белоруссия	LOC	LOC_1
Вашингтоне	Вашингтон	LOC	LOC_183
Виктора Ющенко	Виктор Ющенко	PER	PER_2354
Владимир Зеленский	Владимир Зеленский	PER	PER_2332
Грузии	Грузия	LOC	LOC_2174
Джозефа Байдена	Джозеф Байден	PER	PER_76
ЕС	ес	ORG	ORG_5
Зеленский	Зеленский	PER	PER_2713
Зеленского	зеленский	PER	PER_2713
Йенс Столтенберг	Йенс Столтенберг	PER	PER_4194
Капитолия	капитолия	LOC	LOC_4667
Киев	Киев	LOC	LOC_317
Конгресс США	Конгресс США	ORG	ORG_4061
Конгресса	Конгресс	ORG	ORG_3350
Меркель	Меркель	PER	PER_117
НАТО	НАТО	ORG	ORG_864
Нью-Йорк таймс	Нью-Йорк таймс	PRO	PRO_51
СССР	ссср	LOC	LOC_95
США	США	LOC	LOC_69
ТАСС	ТАСС	ORG	ORG_494
Трамп	Трамп	PER	PER_977
Трампа	Трамп	PER	PER_70
Украина	Украина	LOC	LOC_318
Украине	Украина	LOC	LOC_318
Украины	Украина	LOC	LOC_318
Уолл-стрит джорнел	Уолл - стрит джорать	ORG	ORG_5571
американского Майдана	американский Майдан	ORG	ORG_5626
бывшего	бывший	LOC	LOC_5625
