ru-11
Bloomberg	Bloomberg	ORG	ORG_121
CNN	CNN	ORG	ORG_383
Jim	Jim	PER	PER_3652
YouGov	YouGov	ORG	ORG_2476
Адольфом Гитлером	Адольф Гитлер	PER	PER_4893
Байден	Байден	PER	PER_3577
Байдена	Байден	PER	PER_3577
Байденом	Байден	PER	PER_3577
Байдену	Байден	PER	PER_2995
Барак Обама	Барак Обама	PER	PER_3496
Батуриной	Батурина	PER	PER_4890
Белого дома	белый дом	LOC	LOC_72
Белый дом	белый дом	LOC	LOC_72
Владимира] Путина	владимира] Путин	PER	PER_315
Вторую мировую войну	второй мировой война	EVT	EVT_407
Германии	Германия	LOC	LOC_27
Демпартии	демпартия	ORG	ORG_4656
Джо	Джо	PER	PER_3622
Джо Байден	Джо Байден	PER	PER_76
Джо Байдена	Джо Байден	PER	PER_76
Дональд Трамп	Дональд Трамп	PER	PER_70
Дональду Трампу	дональда Трампа	PER	PER_70
Иран	Иран	LOC	LOC_177
КНДР	КНДР	LOC	LOC_4892
КНР	КНР	LOC	LOC_56
Ким Чен Ыном	Ким Чен Ыном	PER	PER_4891
Ким Чен Ыну	Ким Чен !на	PER	PER_4891
Китае	Китай	LOC	LOC_56
Китаем	Китай	LOC	LOC_56
Китай	Китай	LOC	LOC_56
Китая	Китай	LOC	LOC_56
Кремля	Кремль	ORG	ORG_1466
Москва	Москва	LOC	LOC_316
Москве	Москва	LOC	LOC_316
Москвы	Москва	LOC	LOC_316
Нэшвилле	Нэшвилле	LOC	LOC_4887
Огайо	Огайо	LOC	LOC_1736
Оклахома	Оклахом	LOC	LOC_520
Пасхе	пасх	LOC	LOC_4888
Пенсильвания	Пенсильвание	LOC	LOC_101
Путину	Путин	PER	PER_315
России	Россия	LOC	LOC_95
Россию	Россия	LOC	LOC_95
Россия	Россия	LOC	LOC_95
Рука Кремля	рука Кремль	ORG	ORG_4889
США	США	LOC	LOC_69
Северной Корее	Северный Корея	LOC	LOC_60
Северную Корею	северный Корея	LOC	LOC_60
Теннесси	Теннесси	LOC	LOC_3374
Техас	Техас	LOC	LOC_1022
Трамп	Трамп	PER	PER_977
Трампа	Трамп	PER	PER_70
Трампом	Трамп	PER	PER_977
Украине	Украина	LOC	LOC_318
Украины	Украина	LOC	LOC_318
Хантер Байден	Хантер Байден	PER	PER_3618
демократ	демократ	PER	PER_2172
демократов	демократ	PER	PER_2172
