ru-149
Apple	Эппл	ORG	ORG_1727
Business FM	Business FM	PRO	PRO_2389
COVID-19	COVID - 19	PRO	PRO_105
Facebook	Фейсбук	PRO	PRO_98
Gab	Gab	ORG	ORG_5297
Leonardo	Leonardo	ORG	ORG_5299
Nations in Action	Nations in Action	ORG	ORG_5298
Parler	Parler	ORG	ORG_5296
Q Shaman	Q Shaman	PER	PER_5294
Twitter	Twitter	PRO	PRO_71
iOS	ios	PRO	PRO_1403
Америки	Америка	LOC	LOC_69
Андреем Ромашковым	Андрей Ромашков	PER	PER_2864
Андриса	андрис	PER	PER_3296
Госдепа США	Госдеп США	ORG	ORG_4756
Илзе Винькеле	Илзе Винькель	PER	PER_5300
Конгресс США	Конгресс США	ORG	ORG_4061
Молотова	Молотов	PER	PER_5295
Политике	политика	ORG	ORG_663
США	США	LOC	LOC_69
Трамп	Трамп	PER	PER_977
Трампа	Трамп	PER	PER_70
ФБР	ФБР	ORG	ORG_3418
Чак Норрис	чак Норрис	PER	PER_4877
Юриса Шицсов	Юриса Шицсов	PER	PER_5040
