ru-173
Burisma Holdings	Burisma Holdings	ORG	ORG_5328
Facebook	Фейсбук	PRO	PRO_98
NabuLeaks	NabuLeaks	ORG	ORG_4862
RuBaltic.Ru	RuBaltic.Ru	ORG	ORG_5246
Telegram	Telegram	PRO	PRO_2596
Александр Дубинский	Александр Дубинский	PER	PER_4785
Александр Онищенко	Александр Онищенко	PER	PER_1973
Андреем Деркачем	Андрей Деркач	PER	PER_969
Андрей Деркач	Андрей Деркач	PER	PER_969
Андрей Телиженко	Андрей Телиженко	PER	PER_5267
Антон Симоненко	Антон Симоненко	PER	PER_2867
Артема Сытника	Артем Сытник	PER	PER_5331
Байден	Байден	PER	PER_3577
Байдена	Байден	PER	PER_3577
Белого дома	белый дом	LOC	LOC_72
Вашингтон	Вашингтон	LOC	LOC_183
Вашингтона	Вашингтон	LOC	LOC_183
Верховной рады Украины	верховной рад Украина	ORG	ORG_2329
Владимир Зеленский	Владимир Зеленский	PER	PER_2332
Владимира Зеленского	Владимир Зеленский	PER	PER_2332
Демократическая партия США	демократический партия США	ORG	ORG_584
Демократической партии США	демократический партия США	ORG	ORG_584
Демпартии США	демпартия США	ORG	ORG_5305
Деркача	деркача	PER	PER_4784
Деркачу	деркача	PER	PER_4784
Джо	Джо	PER	PER_3622
Джо Байден	Джо Байден	PER	PER_76
Джо Байдена	Джо Байден	PER	PER_76
Джо Байдена Хантер	Джо Байден Хантер	PER	PER_76
Джо Байденом	Джо Байден	PER	PER_76
Дмитрий Ковальчук	Дмитрий Ковальчук	PER	PER_5326
Дональда Трампа	Дональд Трамп	PER	PER_70
Дубинский	Дубинский	PER	PER_3116
Дубинского	Дубинский	PER	PER_3116
Европы	Европа	LOC	LOC_49
Запада	Запад	LOC	LOC_203
Зеленский	Зеленский	PER	PER_2713
Зеленского	зеленский	PER	PER_2713
Игоря Коломойского	Игорь Коломойский	PER	PER_5323
Карлиса Ульманиса	карлис Ульманис	PER	PER_5333
Киева	Киев	LOC	LOC_317
Киеве	Киев	LOC	LOC_317
Киевского центра политических исследований и конфликтологии	киевский центр политический исследование и конфликтология	ORG	ORG_3936
Коломойский	коломойский	PER	PER_5323
Коломойского	Коломойский	PER	PER_5323
Конгресса	Конгресс	ORG	ORG_3350
Константин Кулик	Константин Кулик	PER	PER_5324
Латвии	Латвия	LOC	LOC_108
Латвия	Латвия	LOC	LOC_108
Литва	Литва	LOC	LOC_108
Литве	Литва	LOC	LOC_108
МИД РФ	мид РФ	ORG	ORG_2743
Мария Захарова	Мария Захарова	PER	PER_2876
Минфин США	Минфин США	ORG	ORG_5243
Минфина США	Минфин США	ORG	ORG_5243
Михаил Погребинский	Михаил Погребинский	PER	PER_5329
Михаил Подоляк	Михаил Подоляк	PER	PER_4758
Москва	Москва	LOC	LOC_316
НАБУ	набу	ORG	ORG_4791
Национального антикоррупционного бюро Украины	национальный антикоррупционный бюро Украина	ORG	ORG_5330
Петр Журавель	Петр Журавель	PER	PER_1032
Петра Порошенко	Петр Порошенко	PER	PER_4747
Порошенко	Порошенко	PER	PER_4747
Прибалтики	Прибалтика	LOC	LOC_5332
Прибалтикой	прибалтика	LOC	LOC_5332
Путин	Путин	PER	PER_315
РФ	РФ	LOC	LOC_95
Россией	Россия	LOC	LOC_95
Россия	Россия	LOC	LOC_95
Рудольф Джулиани	Рудольф Джулиани	PER	PER_5227
СССР	ссср	LOC	LOC_95
США	США	LOC	LOC_69
Слуга народа	слуга народ	ORG	ORG_2903
Слуги народа	слуга народ	ORG	ORG_2903
Смерть Кощея	смерть Кощея	EVT	EVT_5327
Трампа	Трамп	PER	PER_70
Украине	Украина	LOC	LOC_318
Украиной	Украина	LOC	LOC_318
Украины	Украина	LOC	LOC_318
Хиллари Клинтон	Хиллари Клинтон	PER	PER_2175
Эстония	Эстония	LOC	LOC_2134
демократами	демократ	PER	PER_2172
республиканцами	республиканец	PER	PER_1985
