ru-170
CNN	CNN	ORG	ORG_383
Fox News	Fox News	PRO	PRO_3308
Алабамы	Алабам	LOC	LOC_3330
Америке	Америка	LOC	LOC_69
Америки	Америка	LOC	LOC_69
Байден	Байден	PER	PER_3577
Байдена	Байден	LOC	LOC_3557
Белом доме	белый дом	LOC	LOC_72
Белый дом	белый дом	LOC	LOC_72
Брет Байер	Брет Байер	PER	PER_3530
Бруксу	брукса	LOC	LOC_4033
Быстрицкая Ю. А	Быстрицкая Ю. А	PER	PER_4750
Вами	вы	ORG	ORG_3880
Вашингтоне	Вашингтон	LOC	LOC_183
Департамента средств массовой информации и рекламы города Москвы	Департамент средства массовый информация и реклама город Москва	ORG	ORG_4751
Джо Байден	Джо Байден	PER	PER_76
Джо Байдену	Джо Байден	PER	PER_76
Дональд Трамп	Дональд Трамп	PER	PER_70
Дональда Трампа	Дональд Трамп	PER	PER_70
Капитолийском холме	капитолийский холм	LOC	LOC_3645
Китай	Китай	LOC	LOC_56
Китая	Китай	LOC	LOC_56
Конгресса	Конгресс	ORG	ORG_3350
Конгрессе	Конгресс	ORG	ORG_3350
Майк Пенс	Майк Пенс	PER	PER_3847
Майкл Флинн	Майкл Флинн	PER	PER_3892
Мо Брукс	мо Брукс	PER	PER_4240
Москву	Москва	LOC	LOC_316
Палата представителей	Палата представитель	ORG	ORG_3333
Палаты представителей Конгресса США	Палата представитель Конгресс США	ORG	ORG_4061
Палаты представителей штата Аризона	Палата представитель штат Аризон	ORG	ORG_4668
Порошенко	Порошенко	PER	PER_4747
Путин	Путин	PER	PER_315
России	Россия	LOC	LOC_95
Россия	Россия	LOC	LOC_95
Рэнд Пол	Рэнд Пол	PER	PER_3697
США	США	LOC	LOC_69
Сенатом	сенат	ORG	ORG_1012
Соединенных Штатов	соединить Штат	LOC	LOC_69
ТВ Центр	тв Центр	ORG	ORG_3042
ТВ Центр - Москва	тв Центр - Москва	PRO	PRO_4748
ТВ Центр-Москва	тв Центр-Москва	PRO	PRO_4748
Трамп	Трамп	PER	PER_977
Трампа	Трамп	PER	PER_70
Федеральной	федеральный	ORG	ORG_4749
Энтони Керн	Энтони Керн	PER	PER_4746
