ru-18
2020 года	2020 год	EVT	EVT_2110
AFP	AFP	ORG	ORG_1211
MSN	MSN	ORG	ORG_5265
Алексея Навального	Алексей Навальный	PER	PER_4644
Афганистане	Афганистан	LOC	LOC_4648
Байден	Байден	PER	PER_3577
Байдена	Байден	PER	PER_3577
Белого дома	белый дом	LOC	LOC_72
Вашингтон	Вашингтон	LOC	LOC_183
Вашингтоне	Вашингтон	LOC	LOC_183
Владимир Путин	Владимир Путин	PER	PER_315
Джен Псаки	Джен Псаки	PER	PER_4641
Джо Байден	Джо Байден	PER	PER_76
Договор	договор	PRO	PRO_1452
Договора по	договор по	PRO	PRO_1452
Кремля	Кремль	LOC	LOC_150
Навального	Навальный	PER	PER_4779
Псаки	псака	PER	PER_3303
Путиным	Путин	PER	PER_315
России	Россия	LOC	LOC_95
СНВ-3	снв - 3	PRO	PRO_4803
США	США	LOC	LOC_69
Украине	Украина	LOC	LOC_318
открытому небу	открытый небо	EVT	EVT_5314
