ru-33
/	/	LOC	LOC_2968
Bloomberg	Bloomberg	ORG	ORG_121
Transition Integrity Project	Transition Integrity Project	ORG	ORG_5460
Америке	Америка	LOC	LOC_69
Битти	Битти	PER	PER_4655
Вашингтоне	Вашингтон	LOC	LOC_183
Венесуэле	Венесуэла	LOC	LOC_2163
Виктор Янукович	Виктор янукович	PER	PER_147
Гленн Бек	Глен Бек	PER	PER_5462
Госдепартамент США	госдепартамент США	ORG	ORG_4756
Грузии	Грузия	LOC	LOC_2174
Даррен Битти	Даррен Битти	PER	PER_5459
Демократическая партия	демократический партия	ORG	ORG_584
Джином Шарпом	Джин Шарп	PER	PER_5467
Джо Байдена	Джо Байден	PER	PER_76
Дональд Трамп	Дональд Трамп	PER	PER_70
Киеве	Киев	LOC	LOC_317
Майдан	майдан	LOC	LOC_5235
Майдана	Майдан	LOC	LOC_5235
Майк Хакаби	майк Хакаби	PER	PER_5463
Международного центра ненасильственного конфликта	международный центр ненасильственный конфликт	ORG	ORG_5468
Милошевич	Милошевич	PER	PER_5461
Отпор	отпор	ORG	ORG_5465
Палатой представителей в Конгрессе	палата представитель в Конгресс	ORG	ORG_4061
Палату представителей	Палата представитель	ORG	ORG_3333
Питер Акерман	Питер Акерман	PER	PER_2010
Россией	Россия	LOC	LOC_95
США	США	LOC	LOC_69
Сербии	Сербия	LOC	LOC_1
Слободан Милошевич	Слободан Милошевич	PER	PER_5461
Срджа Попович	Срджа Попович	PER	PER_3630
Такер Карлсон	Такер Карлсон	PER	PER_3536
Тбилиси	Тбилиси	LOC	LOC_5464
Трамп	Трамп	PER	PER_977
Трампа	Трамп	PER	PER_70
УНИАН	униан	LOC	LOC_5458
Украине	Украина	LOC	LOC_318
Хиллари Клинтон	Хиллари Клинтон	PER	PER_2175
бред	бред	EVT	EVT_5469
демократа	демократ	ORG	ORG_3320
сербами	серб	PER	PER_5466
