ru-100
Amar Plan	Amar Plan	PRO	PRO_5476
John Edwards	John Edwards	PER	PER_5099
NPVIC	NPVIC	PRO	PRO_1751
National Popular Vote Interstate Compact	National Popular Vote Interstate Compact	ORG	ORG_5522
Аароном Бэрром	Аарон Бэрр	PER	PER_4003
Авраам Линкольн	Авраам Линкольн	PER	PER_3621
Авраама Линкольна	Авраам Линкольн	PER	PER_3621
Адамс	Адамс	PER	PER_3061
Адамса	Адамс	PER	PER_3061
Альберта Гора	Альберт Гор	PER	PER_5126
Аляска	Аляск	LOC	LOC_518
Аризона	Аризон	LOC	LOC_1748
Б.	Б .	PER	PER_5479
Бараку Обаме	Барак Обам	PER	PER_3496
Барбара Летт-Симмонс	Барбар Летт-Симмонс	PER	PER_5523
Бентсена	бентсен	PER	PER_5525
Буш-младший	Буш - младший	PER	PER_5367
Вайоминг	Вайоминг	LOC	LOC_3372
Вашингтон	Вашингтон	LOC	LOC_183
Вермонт	Вермонт	LOC	LOC_1737
Вирджиния	Вирджиния	LOC	LOC_3851
Висконсин	Висконсин	LOC	LOC_527
Войны за независимость	война за независимость	EVT	EVT_3455
Вудро Вильсон	Вудро Вильсон	PER	PER_5310
Гавайи	Гавайи	LOC	LOC_3558
Гаррисон	Гаррисон	PER	PER_3961
Генри Клея	Генри Клей	PER	PER_1905
Д.	Д.	PER	PER_2167
Делавэр	Делавэр	LOC	LOC_3342
Делавэра	делавэр	LOC	LOC_3342
Демократическо-республиканской партии	демократический - республиканский партия	ORG	ORG_584
Демократической	демократический	ORG	ORG_3320
Демократической партией	демократический партия	ORG	ORG_584
Демократической партии	демократический партия	ORG	ORG_584
Дж	Дж	PER	PER_2167
Джареда Инджерсолла	Джаред Инджерсолл	PER	PER_5532
Джейми Раскина	Джейми Раскин	PER	PER_5480
Джеймс С. Шерман	Джеймс С. Шерман	PER	PER_5527
Джеймса Монро	Джеймс Монро	PER	PER_5531
Джеймса Мэдисона	Джеймс Мэдисон	PER	PER_3358
Джо Либермана	Джо Либерман	PER	PER_5524
Джон К. Адамс	Джон К. Адамс	PER	PER_3061
Джона Адамса	Джон Адамс	PER	PER_3061
Джона К. Кэлхуна	Джон К. Кэлхун	PER	PER_5530
Джона Керри	Джон Керри	PER	PER_4650
Джона Куинси Адамса	Джон Куинси Адамс	PER	PER_3957
Джона Эдвардса	Джон Эдвардс	PER	PER_5099
Джонсона	Джонсон	PER	PER_1154
Джону Маккейну	Джон Маккейн	PER	PER_3780
Джордж Буш-младший	Джордж Буш младший	PER	PER_3450
Джорджа Клинтона	Джордж Клинтон	PER	PER_2175
Джорджии	Джорджия	LOC	LOC_2174
Джорджия	Джорджия	PER	PER_2171
Дональду Трампу	дональда Трампа	PER	PER_70
Дукакиса	дукакис	PER	PER_5526
Западная Вирджиния	западный Вирджиния	LOC	LOC_3373
Иллинойс	Иллинойс	LOC	LOC_1249
Калифорнии	Калифорния	LOC	LOC_102
Калифорнию	Калифорний	LOC	LOC_102
Калифорния	Калифорния	LOC	LOC_102
Клинтона	Клинтон	PER	PER_3473
Коллегии	коллегия	ORG	ORG_4695
Коллегии выборщиков	коллегия выборщик	ORG	ORG_3309
Коллегия выборщиков	коллегия выборщик	ORG	ORG_3309
Колорадо	Колорадо	LOC	LOC_521
Колумбия	Колумбия	LOC	LOC_517
Конгресс	Конгресс	ORG	ORG_3350
Конгресс Конфедерации	Конгресс Конфедерация	ORG	ORG_3350
Конгресса	Конгресс	ORG	ORG_3350
Конгресса США	Конгресс США	ORG	ORG_4061
Конгрессе	Конгресс	ORG	ORG_3350
Коннектикут	Коннектикут	LOC	LOC_4613
Конституции США	Конституция США	PRO	PRO_43
Конституционном Конвенте	конституционный Конвент	EVT	EVT_5520
Либертарианская партия	либертарианский партия	ORG	ORG_109
Маргаретт Лич	маргаретт Лич	PER	PER_362
Мартина Ван Бюрена	Мартин Ван Бюрен	PER	PER_3959
Массачусетс	Массачусетс	LOC	LOC_550
Миннесота	Миннесот	LOC	LOC_100
Мичиган	Мичиган	LOC	LOC_99
Монро	Монро	PER	PER_5531
Монтана	монтан	LOC	LOC_100
Мэдисона	Мэдисон	PER	PER_2668
Мэн	Мэн	LOC	LOC_3318
Мэриленд	Мэриленд	LOC	LOC_4745
Народной партии	народный партия	ORG	ORG_5291
Небраска	Небраска	LOC	LOC_104
Небраске	небраска	LOC	LOC_104
Небраски	Небраска	LOC	LOC_104
Невада	Невада	LOC	LOC_1153
Независимая партия	независимый партия	ORG	ORG_584
Ненадёжный выборщик	ненадёжный выборщик	PRO	PRO_5521
Николаса Батлера	Николас Батлер	PER	PER_5528
Нью Джерси	нью Джерси	LOC	LOC_103
Нью-Гэмпшир	Нью-Гэмпшир	LOC	LOC_3454
Нью-Джерси	Нью-Джерси	LOC	LOC_103
Нью-Йорк	Нью-Йорк	LOC	LOC_2256
Нью-Йорка	Нью-Йорк	LOC	LOC_2256
Нью-Йорке	Нью-Йорк	LOC	LOC_2256
Нью-Мексико	Нью-Мексико	LOC	LOC_79
Огайо	Огайо	LOC	LOC_1736
Орегон	Орегон	LOC	LOC_2170
Орегона	Орегон	LOC	LOC_2170
Палатой представителей	палата представитель	ORG	ORG_3333
Палату представителей	Палата представитель	ORG	ORG_3333
Палаты представителей	Палата представитель	ORG	ORG_3333
Пенсильвании	пенсильвание	LOC	LOC_2427
Пенсильвания	Пенсильвание	LOC	LOC_101
План Амара	план Амара	PRO	PRO_5476
Прогрессивная партия	прогрессивный партия	ORG	ORG_5202
Р.	Р.	PER	PER_5478
Республиканской	республиканский	ORG	ORG_2775
Республиканской партиями	республиканский партия	ORG	ORG_3908
Ричарда Джонсона	Ричард Джонсон	PER	PER_2710
Род-Айленд	род-айленд	LOC	LOC_3376
США	США	LOC	LOC_69
Самуэль Майлз	Самуэль Майлз	PER	PER_5534
Северная Дакота	Северный Дакота	LOC	LOC_523
Северная Каролина	Северный Каролин	LOC	LOC_168
Северной Дакоты	Северный Дакота	LOC	LOC_523
Сенат	Сенат	ORG	ORG_1012
Стивена Дугласа	Стивен Дуглас	PER	PER_5529
Техас	Техас	LOC	LOC_1022
Техасе	Техас	LOC	LOC_1022
Томас Джефферсон	Томас Джефферсон	PER	PER_3955
Томаса Джефферсона	Томас Джефферсон	PER	PER_3955
Томаса Пинкни	Томас Пинкни	PER	PER_335
Трамп	Трамп	PER	PER_977
Уильям Плумер	Уильям Плумер	PER	PER_3354
Уильяма Смита	Уильям Смит	PER	PER_4088
Уильяма Уилкинса	Уильям Уилкинс	PER	PER_5310
Уильяме Тафте	уилья Тафте	PER	PER_3963
Улисса Гранта	улисс Грант	PER	PER_5204
Федеральный округ Колумбия	федеральный округ Колумбия	ORG	ORG_5214
Флорида	Флорида	LOC	LOC_894
Флориду	Флорида	LOC	LOC_894
Хейз	Хейз	PER	PER_1692
Хиллари Клинтон	Хиллари Клинтон	PER	PER_2175
Хорас Грили	Хорас Грили	PER	PER_428
Элбриджа Герри	элбридж Герри	PER	PER_5533
Эндрю Джексон	Эндрю Джексон	PER	PER_3958
Южная Дакота	Южный Дакота	LOC	LOC_523
Юта	Юта	LOC	LOC_524
Юте	ют	LOC	LOC_524
выборщиков-демократов	выборщик - демократ	PER	PER_2172
округ Колумбия	округ Колумбия	LOC	LOC_517
федералистов	федералист	ORG	ORG_1185
