ru-42
Американский парламент	американский парламент	ORG	ORG_4061
Декларацию о независимости	декларация о независимость	PRO	PRO_3956
Джо Байден	Джо Байден	PER	PER_76
Дмитрий Песков	Дмитрий Песков	PER	PER_159
Дональда Трампа	Дональд Трамп	PER	PER_70
Кевина Маккорти	Кевин Маккорти	PER	PER_5345
Конгресс	Конгресс	ORG	ORG_3350
Конгресс США	Конгресс США	ORG	ORG_4061
Конгресса	Конгресс	ORG	ORG_3350
Конгресса США	Конгресс США	ORG	ORG_4061
Конгрессе	Конгресс	ORG	ORG_3350
Конгрессом	конгресс	ORG	ORG_3350
Конгрессу	Конгресс	ORG	ORG_3350
Конституции	Конституция	PRO	PRO_43
Конституции США	Конституция США	PRO	PRO_43
Ненси Пелоси	ненся Пелось	PER	PER_3442
Обамы	обама	PER	PER_1706
Палата представителей	Палата представитель	ORG	ORG_3333
Палате	палата	ORG	ORG_4678
Палате представителей	палата представитель	ORG	ORG_3333
Палатой представителей	палата представитель	ORG	ORG_3333
Палату	Палата	ORG	ORG_4678
Палату представителей в парламент США	Палата представитель в парламент США	ORG	ORG_4061
Палаты	Палата	ORG	ORG_4678
Палаты представителей	Палата представитель	ORG	ORG_3333
Парламент	парламент	ORG	ORG_129
Пентагон	Пентагон	LOC	LOC_3360
Первый Конгресс	первый Конгресс	EVT	EVT_3728
Пол Райан	Пол Райан	PER	PER_3697
России	Россия	LOC	LOC_95
США	США	LOC	LOC_69
Сенат	Сенат	ORG	ORG_1012
Сената	сенат	ORG	ORG_1012
Сенате	Сенат	ORG	ORG_1012
Сенатом	сенат	ORG	ORG_1012
Сенату	сената	ORG	ORG_1012
Стива Скэлиса	Стив Скэлис	PER	PER_5346
Трамп	Трамп	PER	PER_977
Трампу	трампа	PER	PER_977
Филадельфии	Филадельфия	LOC	LOC_3816
американского Конгресса	американский Конгресс	ORG	ORG_4061
демократам	демократ	PER	PER_2172
демократической партии	демократический партия	ORG	ORG_584
демократическую партию	демократический партия	ORG	ORG_584
демократов	демократ	PER	PER_2172
демократы	демократ	ORG	ORG_3320
латиноамериканцев	латиноамериканец	PER	PER_3946
республиканская партия	республиканский партия	ORG	ORG_584
республиканцам	республиканец	PER	PER_1985
республиканцев	республиканец	PER	PER_1985
федерального правительства США	федеральный правительство США	ORG	ORG_4756
