ru-87
Fox News	Fox News	PRO	PRO_3308
NPR	NPR	PRO	PRO_1751
Аризона	Аризон	LOC	LOC_1748
Байден	Байден	PER	PER_3577
Байдена	Байден	PER	PER_3577
Белым домом	белый дом	LOC	LOC_72
Билл Клинтон	Билл Клинтон	PER	PER_2175
В.А. Фронин	В. А. Фронин	PER	PER_4864
Вашингтон	Вашингтон	LOC	LOC_183
Вашингтоне	Вашингтон	LOC	LOC_183
Верховный суд	верховный суд	ORG	ORG_3345
Верховным судом США	верховный суд США	ORG	ORG_3345
Верховным судом штата Висконсин	верховный суд штат Висконсин	ORG	ORG_3459
Висконсин	Висконсин	LOC	LOC_527
Гавайях	гавайях	LOC	LOC_3558
Делавэр	Делавэр	LOC	LOC_3342
Джо Байден	Джо Байден	PER	PER_76
Джо Байдену	Джо Байден	PER	PER_76
Дональд Трамп	Дональд Трамп	PER	PER_70
Камала Харрис	камал Харрис	PER	PER_1984
Камалы Харрис	Камала Харрис	PER	PER_1984
Коллегии выборщиков	коллегия выборщик	ORG	ORG_3309
Коллегии выборщиков Калифорнии	коллегия выборщик Калифорния	ORG	ORG_4766
Коллегия выборщиков	коллегия выборщик	ORG	ORG_3309
Колумбия	Колумбия	LOC	LOC_517
Конгресса	Конгресс	ORG	ORG_3350
Конституции	Конституция	PRO	PRO_43
Лансинге	лансинг	LOC	LOC_1245
Майка Пенса	Майк Пенс	PER	PER_3847
Мичигана	мичиган	LOC	LOC_99
Нью-Йорк	Нью-Йорк	LOC	LOC_2256
Олбани	Олбань	LOC	LOC_5208
Палаты представителей	Палата представитель	ORG	ORG_3333
Республиканской партии	республиканский партия	ORG	ORG_584
Роскомнадзоре	роскомнадзор	ORG	ORG_3044
Российской газеты	российский газета	PRO	PRO_445
США	США	LOC	LOC_69
Сената	сенат	ORG	ORG_1012
Соединенных Штатах	соединить Штат	LOC	LOC_69
Соединенных Штатов	соединить Штат	LOC	LOC_69
Стивен Миллер	Стивен Миллер	PER	PER_5118
Трамп	Трамп	PER	PER_977
Трампа	Трамп	PER	PER_70
Трампу	трампа	PER	PER_977
Уилмингтона	уилмингтон	LOC	LOC_4129
Харрис	Харрис	PER	PER_363
Хиллари Клинтон	Хиллари Клинтон	PER	PER_2175
ЭЛ	эл	PRO	PRO_4861
демократов	демократ	PER	PER_2172
округом Колумбия	округ Колумбия	LOC	LOC_517
республиканцев	республиканец	PER	PER_1985
