ru-3
CRA	CRA	ORG	ORG_5473
Manhattan Mini Storage	Manhattan Mini Storage	ORG	ORG_5474
ВАШИНГТОН	вашингтон	LOC	LOC_3436
Гаврилова А.В.	Гаврилов А. В.	PER	PER_3107
Иран	Иран	LOC	LOC_177
Китай	Китай	LOC	LOC_56
Конгресс русских американцев	Конгресс русский американец	ORG	ORG_5002
Кристофер Рэй	Кристофер Рэй	PER	PER_3453
Москва	Москва	LOC	LOC_316
Наталья Сабельник	Наталья Сабельник	PER	PER_5713
Наталья Сабельник.По	Наталья Сабельник . по	PER	PER_5713
Нью-Йорке	Нью-Йорк	LOC	LOC_2256
РИА Новости	риа новость	ORG	ORG_158
России	Россия	LOC	LOC_95
Россию	Россия	LOC	LOC_95
Россия	Россия	LOC	LOC_95
США	США	LOC	LOC_69
Сабельник	сабельник	PER	PER_5714
ФБР	ФБР	ORG	ORG_3418
