ru-111
Apple	Эппл	ORG	ORG_1727
Bloomberg	Bloomberg	ORG	ORG_121
Ford Motors	Форд Motors	ORG	ORG_2130
Fox News	Fox News	PRO	PRO_3308
Foxconn Technology Group	Foxconn Technology Group	ORG	ORG_5608
RT	RT	ORG	ORG_5228
Ralph Lauren	Ralph Lauren	ORG	ORG_5610
Reuters	Reuters	ORG	ORG_153
Target Corp	Target Corp	ORG	ORG_5609
Tesla	Tesla	ORG	ORG_4857
rt.com	rt.com	PRO	PRO_2827
Алексей Маслов	Алексей Маслов	PER	PER_3188
Америке	Америка	LOC	LOC_69
Америку	Америка	LOC	LOC_69
Аргентину	Аргентина	LOC	LOC_2035
Белого дома	белый дом	LOC	LOC_72
Белый дом	белый дом	LOC	LOC_72
Боровая улица	боровой улица	LOC	LOC_5247
Бразилию	Бразилий	LOC	LOC_713
ВТО	ВТО	ORG	ORG_273
Васильев	Васильев	PER	PER_4918
Вашингтона	Вашингтон	LOC	LOC_183
Вашингтоне	Вашингтон	LOC	LOC_183
Вашингтоном	Вашингтон	LOC	LOC_183
Владимир Васильев	Владимир Васильев	PER	PER_4918
Всемирную торговую организацию	всемирный торговый организация	ORG	ORG_133
Государственного совета КНР	государственный совет КНР	ORG	ORG_5607
Демпартии	демпартия	ORG	ORG_4656
Джо Байдена	Джо Байден	PER	PER_76
Дональд Трамп	Дональд Трамп	PER	PER_70
Дональда Трампа	Дональд Трамп	PER	PER_70
Индию	Индия	LOC	LOC_336
Института Дальнего Востока РАН	институт дальний Восток РАН	ORG	ORG_5611
Института США и Канады РАН	институт США и Канада РАН	ORG	ORG_4903
КНР	КНР	LOC	LOC_56
Китаем	Китай	LOC	LOC_56
Китай	Китай	LOC	LOC_56
Китая	Китай	LOC	LOC_56
Лю Хэ	Лю Хэ	PER	PER_4683
Марк Эспер	Марк Эспер	PER	PER_3359
Маслов	Маслов	PER	PER_1721
Мидлтауне	мидлтаун	LOC	LOC_3093
Москва	Москва	LOC	LOC_316
Пекин	Пекин	LOC	LOC_234
Пекина	Пекин	LOC	LOC_234
Пекином	Пекин	LOC	LOC_234
Пекину	Пекин	LOC	LOC_234
Пенсильвании	пенсильвание	LOC	LOC_2427
Пенсильвания	Пенсильвание	LOC	LOC_101
Республиканской партии	республиканский партия	ORG	ORG_584
Роскомнадзором	роскомнадзор	ORG	ORG_3044
Россия	Россия	LOC	LOC_95
США	США	LOC	LOC_69
Симоньян М. С.	симоньян М. С.	PER	PER_5229
Соединённые Штаты	соединить Штат	LOC	LOC_69
Соединённым Штатам	соединить Штат	LOC	LOC_4164
Соединённых Штатов	соединить Штат	LOC	LOC_69
Трамп	Трамп	PER	PER_977
Трампа	Трамп	PER	PER_70
Хьюстоне	Хьюстон	LOC	LOC_1021
