ru-130
Android	Android	PRO	PRO_1404
Apple	Эппл	ORG	ORG_1727
Business FM	Business FM	PRO	PRO_2389
Castbox	Castbox	PRO	PRO_5699
Facebook	Фейсбук	PRO	PRO_98
Facebook?23:21	Фейсбук ? 23 : 21	PRO	PRO_5696
Fight like hell	Fight like hell	PRO	PRO_5694
Gab	Gab	ORG	ORG_5297
Google Podcasts	Гугл Podcasts	PRO	PRO_5698
Leonardo	Leonardo	ORG	ORG_5299
Nations in Action	Nations in Action	ORG	ORG_5298
Parler	Parler	ORG	ORG_5296
Q Shaman	Q Shaman	PER	PER_5294
Soundstream	Soundstream	PRO	PRO_5700
Twitter	Twitter	PRO	PRO_71
iOS	ios	PRO	PRO_1403
iPhone	iPhone	PRO	PRO_898
iTunes	Itunes	ORG	ORG_5697
ria.ru	ria.ru	PRO	PRO_2827
Америки	Америка	LOC	LOC_69
Анастасия ПаниотиПомогите	Анастасия Паниотипомогит	PER	PER_5701
Андреем Ромашковым	Андрей Ромашков	PER	PER_2864
Гаврилова А.В.	Гаврилов А. В.	PER	PER_3107
Госдепа	Госдеп	ORG	ORG_4788
Госдепа США	Госдеп США	ORG	ORG_4756
Конгресс США	Конгресс США	ORG	ORG_4061
Молотова	Молотов	PER	PER_5295
РИА Новости	риа новость	ORG	ORG_158
США	США	LOC	LOC_69
Трамп	Трамп	PER	PER_977
Трампа	Трамп	PER	PER_70
Трампа.12:37	трампа.12 : 37	PER	PER_5695
ФБР	ФБР	ORG	ORG_3418
Чак Норрис	чак Норрис	PER	PER_4877
Чак Норрис?3:58	чак Норрис ? 3 : 58	PER	PER_5693
