ru-142
CNN	CNN	ORG	ORG_383
Fox News	Fox News	ORG	ORG_3600
NYP	NYP	ORG	ORG_1992
New York Post	New York Post	ORG	ORG_2782
Америка	Америка	LOC	LOC_69
Байден	Байден	PER	PER_3577
Байдена	Байден	PER	PER_3577
Барак Обама	Барак Обама	PER	PER_3496
Белого дома	белый дом	LOC	LOC_72
Блохин	Блохин	PER	PER_3508
Вашингтон	Вашингтон	LOC	LOC_183
Вашингтоне	Вашингтон	LOC	LOC_183
Вашингтоном	Вашингтон	LOC	LOC_183
Владимир Путин	Владимир Путин	PER	PER_315
Госдуму	Госдума	ORG	ORG_2472
Дженнифер Псаки	Дженнифер Псаки	PER	PER_4641
Джо Байден	Джо Байден	PER	PER_76
Джо Байдена	Джо Байден	PER	PER_76
Джозеф Байден	Джозеф Байден	PER	PER_76
Дмитрий Медведев	Дмитрий Медведев	PER	PER_5548
Договора	договор	PRO	PRO_1452
Договора о стратегических наступательных вооружениях	договор о стратегический наступательный вооружение	PRO	PRO_4802
Дональдом Трампом	Дональд Трамп	PER	PER_70
Константин Блохин	Константин Блохин	PER	PER_5455
Кремле	Кремль	LOC	LOC_150
Кремля	Кремль	LOC	LOC_150
МИД	мид	ORG	ORG_47
Москва	Москва	LOC	LOC_316
Москве	Москва	LOC	LOC_316
Москвой	Москва	LOC	LOC_316
Москвы	Москва	LOC	LOC_316
Национального управления телекоммуникаций и информации США	национальный управление телекоммуникация и информация США	ORG	ORG_5535
Политика	политика	ORG	ORG_663
Путин	Путин	PER	PER_315
Путина	Путин	PER	PER_315
Путину	Путин	PER	PER_315
Путиным	Путин	PER	PER_315
РФ	РФ	LOC	LOC_95
Россией	Россия	LOC	LOC_95
России	Россия	LOC	LOC_95
Россию	Россия	LOC	LOC_95
СНВ-3	снв - 3	PRO	PRO_4803
США	США	LOC	LOC_69
Северный поток — 2	северный поток — 2	PRO	PRO_3550
Сергей Рябков	Сергей Рябков	PER	PER_2926
Соединенные Штаты	Соединить Штат	LOC	LOC_69
Украине	Украина	LOC	LOC_318
Украины	Украина	LOC	LOC_318
Центра исследований проблем безопасности РАН	Центр исследование проблема безопасность РАН	ORG	ORG_5258
республиканцев	республиканец	PER	PER_1985
республиканцы	республиканец	PER	PER_1985
