ru-24
Electoral College	Electoral College	ORG	ORG_3309
USA	USA	LOC	LOC_69
Алекс Григорьев	Алекс Григорьев	PER	PER_3188
Аляска	Аляск	LOC	LOC_518
Белого дома	белый дом	LOC	LOC_72
Буш	Буш	PER	PER_1707
Бушу	Буш	PER	PER_1707
ВАШИНГТОН	вашингтон	LOC	LOC_3436
Вайоминг	Вайоминг	LOC	LOC_3372
Вайоминге	вайоминг	LOC	LOC_3372
Вермонт	Вермонт	LOC	LOC_1737
Вирджиния	Вирджиния	LOC	LOC_3851
Демократической	демократический	ORG	ORG_3320
Джорджа Вашингтона	Джордж Вашингтон	PER	PER_4398
Джорджу Бушу-младшему	Джордж Буш - младший	PER	PER_3450
Европы	Европа	LOC	LOC_49
Институт Коллегии выборщиков	институт Коллегия выборщик	ORG	ORG_4761
Исследовательской службы Конгресса США	исследовательский служба Конгресс США	ORG	ORG_4767
Калифорнии	Калифорния	LOC	LOC_102
Калифорния	Калифорния	LOC	LOC_102
Коллегии	коллегия	ORG	ORG_4695
Коллегии выборщиков	коллегия выборщик	ORG	ORG_3309
Коллегии выборщиков от Флориды	коллегия выборщик от Флорида	ORG	ORG_4766
Коллегия выборщиков	коллегия выборщик	ORG	ORG_3309
Конгресс	Конгресс	ORG	ORG_3350
Конгресс США	Конгресс США	ORG	ORG_4061
Конгресса	Конгресс	ORG	ORG_3350
Конституции	Конституция	PRO	PRO_43
Конституции США	Конституция США	PRO	PRO_43
Монтана	монтан	LOC	LOC_100
Мэн	Мэн	LOC	LOC_3318
Небраска	Небраска	LOC	LOC_104
Нью-Йорк	Нью-Йорк	LOC	LOC_2256
Нью-Йорка	Нью-Йорк	LOC	LOC_2256
Палата представителей	Палата представитель	ORG	ORG_3333
Работа Коллегии выборщиков	работа Коллегия выборщик	ORG	ORG_3309
Республиканской партиями	республиканский партия	ORG	ORG_3908
Римского Папы	римский папа	PER	PER_4763
США	США	LOC	LOC_69
США 2010 года	США 2010 год	EVT	EVT_4764
Священной Римской империи	священный римский империя	LOC	LOC_4762
Северная Дакота	Северный Дакота	LOC	LOC_523
Сенат	Сенат	ORG	ORG_1012
Сената	сенат	ORG	ORG_1012
Соединенных Штатов	соединить Штат	LOC	LOC_69
Техаса	техас	LOC	LOC_1022
Федерального округа Колумбия	федеральный округ Колумбия	LOC	LOC_517
Финляндии	Финляндия	LOC	LOC_15
Флорида	Флорида	LOC	LOC_894
Флориды	флорид	LOC	LOC_894
Эл Гор	эл Гор	PER	PER_3449
калифорнийцев	калифорниец	PER	PER_4765
