ru-190
Burisma	Burisma	ORG	ORG_3620
MSN	MSN	ORG	ORG_5265
Nabu Leaks	Nabu Leaks	ORG	ORG_5271
Only News	Only News	PRO	PRO_5268
YouTube	ютьюб	PRO	PRO_2278
Александра Дубинского	Александр Дубинский	PER	PER_4785
Александра Онищенко	Александр Онищенко	PER	PER_1973
Андрей Ермак	Андрей Ермак	PER	PER_2864
Андрею Деркачу	Андрей Деркач	PER	PER_3271
Андрея Деркача	Андрей Деркач	PER	PER_5267
Андрея Телиженко	Андрей Телиженко	PER	PER_5267
Антона Симоненко	Антон Симоненко	PER	PER_2867
Байденом	Байден	PER	PER_3577
Белого дома	белый дом	LOC	LOC_72
Вашингтон	Вашингтон	LOC	LOC_183
Вашингтона	Вашингтон	LOC	LOC_183
Вашингтоне	Вашингтон	LOC	LOC_183
Вашингтоном	Вашингтон	LOC	LOC_183
Верховной рады	верховной рад	ORG	ORG_4863
Виктора Шокина	Виктор Шокин	PER	PER_1220
ГБР	гбр	ORG	ORG_2591
Государственное бюро расследований Украины	государственный бюро расследование Украина	ORG	ORG_1826
Демократической	демократический	ORG	ORG_3320
Демократической партии США	демократический партия США	ORG	ORG_584
Демпартии	демпартия	ORG	ORG_4656
Деркач	деркач	PER	PER_4784
Деркачу	деркача	LOC	LOC_5272
Джо Байдена	Джо Байден	PER	PER_76
Дмитрия Ковальчука	Дмитрий Ковальчук	PER	PER_221
Дональда Трампа	Дональд Трамп	PER	PER_70
Дубинского	Дубинский	PER	PER_3116
Ермак	Ермак	PER	PER_4787
Журавель	журавель	PER	PER_5270
Киев	Киев	LOC	LOC_317
Константина Кулика	Константин Кулик	PER	PER_4810
Кристиной Квин	Кристина Квин	PER	PER_5266
Международного валютного фонда	международный валютный фонд	ORG	ORG_340
Минфин США	Минфин США	ORG	ORG_5243
Онищенко	Онищенко	PER	PER_2697
Петра Журавеля	Петр Журавель	PER	PER_1032
Петром Порошенко	Петр Порошенко	PER	PER_4747
Печерский районный суд Киева	печерский районный суд Киев	ORG	ORG_5273
Республиканской	республиканский	ORG	ORG_2775
Россией	Россия	LOC	LOC_95
США	США	LOC	LOC_69
Скептик	скептик	PRO	PRO_5269
Слуга народа	слуга народ	ORG	ORG_2903
Украине	Украина	LOC	LOC_318
Украины	Украина	LOC	LOC_318
Хантер Байден	Хантер Байден	PER	PER_3618
Хантера Байдена	Хантер Байден	PER	PER_3618
Эра-медиа	эра - медиа	ORG	ORG_4436
генпрокурора	генпрокурор	ORG	ORG_5274
