ru-106
BLM	BLM	ORG	ORG_3423
Crossfire Hurricane	Crossfire Hurricane	PRO	PRO_4914
Mi6	Mi6	ORG	ORG_4916
Newsmax	Newsmax	PRO	PRO_303
Reuters	Reuters	ORG	ORG_153
Washington Post	Washington Post	PRO	PRO_3763
Александрия	александрия	PER	PER_4926
Америка	Америка	LOC	LOC_69
Байден	Байден	PER	PER_3577
Байдена	Байден	PER	PER_3577
Байденом	Байден	PER	PER_3577
Барака Обамы	Барак Обама	PER	PER_3496
Белого дома	белый дом	LOC	LOC_72
Белый дом	белый дом	LOC	LOC_72
Берни Сандерс	Берни Сандерс	PER	PER_3472
Билла Клинтона	Билла Клинтон	PER	PER_2175
Бонни Дженкинс	Бонни Дженкинс	PER	PER_4922
Брайана Маккеона	Брайан Маккеон	PER	PER_4921
Васильев	Васильев	PER	PER_4918
Венди Шерман	венди Шерман	PER	PER_4920
Викторию Нуланд	Виктория Нуланд	PER	PER_4919
Владимира Васильева	Владимир Васильев	PER	PER_4474
Госдепе	госдеп	ORG	ORG_4788
Грин	Грин	PER	PER_4701
Грэм	Грэм	PER	PER_4108
Грэма	Грэм	PER	PER_4108
Демократической партии	демократический партия	ORG	ORG_584
Джозефа Байдена	Джозеф Байден	PER	PER_76
Джорджии	Джорджия	LOC	LOC_2174
Дональду Трампу	дональда Трампа	PER	PER_70
Евразии	Евразия	LOC	LOC_4924
Европы	Европа	LOC	LOC_49
Института США и Канады РАН	институт США и Канада РАН	ORG	ORG_4903
Капитолия	капитолия	LOC	LOC_4667
Конгресса	Конгресс	ORG	ORG_3350
Кристофером Стилом	Кристофер Стил	PER	PER_547
Линдси Грэм	Линдси Грэм	PER	PER_3329
Минюста	Минюст	ORG	ORG_4917
Москва	Москва	LOC	LOC_316
НГ	нг	ORG	ORG_1071
Нуланд	Нуланд	LOC	LOC_4923
Нэнси Пелоси	Нэнси Пелось	PER	PER_3442
Обаме	Обам	ORG	ORG_4098
Обамы	обама	PER	PER_1706
Окасио-Кортес	окасио - Кортес	PER	PER_3335
Палаты представителей	Палата представитель	ORG	ORG_3333
Палаты представителей Марджори	Палата представитель Марджори	ORG	ORG_4927
РФ	РФ	LOC	LOC_95
Республиканской партии	республиканский партия	ORG	ORG_584
Роберта Мюллера	Роберт Мюллер	PER	PER_3486
Россией	Россия	LOC	LOC_95
России	Россия	LOC	LOC_95
США	США	LOC	LOC_69
Сандерс	Сандерс	PER	PER_4446
Сенат	Сенат	ORG	ORG_1012
Сенате	Сенат	ORG	ORG_1012
Стила	стил	PER	PER_4658
Тейлор Грин	Тейлор Грин	PER	PER_3341
Трамп	Трамп	PER	PER_977
Трампа	Трамп	PER	PER_70
Трампом	Трамп	PER	PER_977
Трампу	трампа	PER	PER_977
ФБР	ФБР	ORG	ORG_3418
Хантера Байдена	Хантер Байден	PER	PER_3618
бюджетным комитетом Сената	бюджетный комитет Сенат	ORG	ORG_4153
демократов	демократ	PER	PER_2172
демократы	демократ	ORG	ORG_3320
республиканцев	республиканец	PER	PER_1985
