ru-38
Election Assistance Comission	Election Assistance Comission	ORG	ORG_3309
New York Sun	New York Sun	PRO	PRO_51
Provisional ballot	Provisional ballot	PRO	PRO_5490
Voting Rights Act	Voting Rights Act	PRO	PRO_5492
Алабама	Алабам	LOC	LOC_3330
Александр Кынев	Александр Кынев	PER	PER_3683
Альберт Гор	Альберт Гор	PER	PER_5126
Аляска	Аляск	LOC	LOC_518
Америка	Америка	LOC	LOC_69
Аризона	Аризон	LOC	LOC_1748
Ахил Рида Амара	ахил Рида Амара	PER	PER_5494
Вашингтон	Вашингтон	LOC	LOC_183
Вашингтоне	Вашингтон	LOC	LOC_183
Верховным судом США	верховный суд США	ORG	ORG_3345
Викрама Амара	викрама Амара	PER	PER_5495
Виргиния	Виргиния	LOC	LOC_3851
Вирджинии	Вирджиния	LOC	LOC_3851
Гражданской войны	гражданский война	EVT	EVT_3455
Грант	грант	PER	PER_5204
Джонсона	Джонсон	PER	PER_1154
Джорджия	Джорджия	LOC	LOC_2174
Джорджу Бушу-младшему	Джордж Буш - младший	PER	PER_3450
Дональдом Трампом	Дональд Трамп	PER	PER_70
Иллинойсе	Иллинойсе	LOC	LOC_1249
КГИ	кги	ORG	ORG_5489
Калери	калерь	LOC	LOC_1836
Калифорния	Калифорния	LOC	LOC_102
Кеннеди	Кеннеди	PER	PER_626
Коллегии выборщиков	коллегия выборщик	ORG	ORG_3309
Колорадо	Колорадо	LOC	LOC_521
Колумбия	Колумбия	LOC	LOC_517
Конституции	Конституция	PRO	PRO_43
Конституции США	Конституция США	PRO	PRO_43
Луизиана	Луизиан	LOC	LOC_1663
Луизиану	луизиан	LOC	LOC_1663
Миссисипи	Миссисипи	LOC	LOC_4559
Мэн	Мэн	LOC	LOC_3318
Мэриленде	Мэриленд	LOC	LOC_4745
НКО	НКО	ORG	ORG_5491
Национальным конвентом	национальный конвент	ORG	ORG_754
Небраска	Небраска	LOC	LOC_104
Нью-Гэмпшире	нью-гемпшир	LOC	LOC_3454
Нью-Йорк	Нью-Йорк	LOC	LOC_2256
Орегон	Орегон	LOC	LOC_2170
Орегоне	Орегона	LOC	LOC_2170
Палата представителей	Палата представитель	ORG	ORG_3333
Палату представителей	Палата представитель	ORG	ORG_3333
Палаты представителей	Палата представитель	ORG	ORG_3333
Ратерфорда Хейса	ратерфорд Хейс	PER	PER_4932
Ричарду Джонсону	Ричард Джонсон	PER	PER_2710
России	Россия	LOC	LOC_95
США	США	LOC	LOC_69
Северной Каролине	Северный Каролин	LOC	LOC_168
Сенате	Сенат	ORG	ORG_1012
Сухой закон	сухой закон	PRO	PRO_5493
Сэмюэл Тилден	Сэмюэл Тилден	PER	PER_4930
Сэмюэла Тилдена	Сэмюэл Тилден	PER	PER_4930
Техас	Техас	LOC	LOC_1022
Техасе	Техас	LOC	LOC_1022
Тилден	тилден	PER	PER_5307
Тилдена	тилден	PER	PER_5307
Тилденом	тилден	PER	PER_5307
Тэги	тэга	PER	PER_5496
У.Гранта	У. Грант	PER	PER_5204
Федеральная избирательная комиссия	федеральный избирательный комиссия	ORG	ORG_3830
Флориде	Флорида	LOC	LOC_894
Флориду	Флорида	LOC	LOC_894
Хейс	Хейс	PER	PER_1692
Хейса	хейс	PER	PER_1692
Хейсом	хейс	PER	PER_1692
Хиллари Клинтон	Хиллари Клинтон	ORG	ORG_3396
Центризбиркома	Центризбирком	ORG	ORG_3309
Южная Каролина	Южный Каролин	LOC	LOC_168
Южную Каролину	Южный Каролин	LOC	LOC_168
афроамериканцев	афро-американец	PER	PER_3432
демократов	демократ	ORG	ORG_3320
закон об избирательных правах 1965 года	закон о избирательный право 1965 год	PRO	PRO_5109
законодательное собрание	законодательный собрание	ORG	ORG_4153
мексиканцев	мексиканец	PER	PER_3548
округе Колумбия	округ Колумбия	LOC	LOC_517
президентских выборов	президентский выборы	EVT	EVT_4818
федеральным правительством	федеральный правительство	ORG	ORG_4756
