ru-78
CBS News	CBS News	ORG	ORG_4979
CNN	CNN	ORG	ORG_383
Twitter	Twitter	PRO	PRO_71
YouTube	ютьюб	PRO	PRO_2278
Америки	Америка	LOC	LOC_69
Аризона	Аризон	LOC	LOC_1748
Байден	Байден	PER	PER_3577
Байдена	Байден	PER	PER_3577
Байдену	Байден	PER	PER_2995
Барр	Барр	PER	PER_5302
Барра	барра	PER	PER_5302
Белого дома	белый дом	LOC	LOC_72
Билл	Билл	PER	PER_1083
Владимир Путин	Владимир Путин	PER	PER_315
Демократ	демократ	ORG	ORG_3320
Демократической партии	демократический партия	ORG	ORG_584
Джефф Розен	Джефф Розен	PER	PER_3784
Джозеф Байден	Джозеф Байден	PER	PER_76
Джорджем Бушем-старшим	Джорджем Буш - старший	PER	PER_3450
Джорджия	Джорджия	LOC	LOC_2174
Дональд Трамп	Дональд Трамп	PER	PER_70
Дональда Трампа	Дональд Трамп	PER	PER_70
Кейли Макинэни	Кейли Макинэни	PER	PER_3461
Майкл] Пенс	Майкл ] Пенс	PER	PER_5409
Минюст	Минюст	ORG	ORG_4917
Минюста	Минюст	ORG	ORG_4917
Мичиган	Мичиган	LOC	LOC_99
Пенсильвания	Пенсильвание	LOC	LOC_101
Путин	Путин	PER	PER_315
Рождеством	рождество	EVT	EVT_418
России	Россия	LOC	LOC_95
Россия	Россия	LOC	LOC_95
США	США	LOC	LOC_69
Сирии	Сирия	LOC	LOC_3797
Трамп	Трамп	PER	PER_977
Трампа	Трамп	PER	PER_70
Уильяма Барра	Уильям Барра	PER	PER_3354
арабская весна	арабский весна	EVT	EVT_5410
демократа	демократ	ORG	ORG_3320
палату представителей	палата представитель	ORG	ORG_3333
палаты Конгресса США	палата Конгресс США	ORG	ORG_4061
