ru-169
NIDS/NATO Multimedia Library	NIDS/NATO Multimedia Library	PRO	PRO_4752
NYT	nyt	ORG	ORG_4753
Siena College	Siena College	ORG	ORG_4754
The New York Times	The New York Times	PRO	PRO_51
Аризоне	Аризона	LOC	LOC_1748
Аризоны	Аризона	LOC	LOC_1748
Байден	Байден	PER	PER_3577
Байдена	Байден	PER	PER_3577
Висконсина	Висконсин	LOC	LOC_527
Висконсине	висконсина	LOC	LOC_527
Демократической партии	демократический партия	ORG	ORG_584
Джо Байдена	Джо Байден	PER	PER_76
Дональд Трамп	Дональд Трамп	PER	PER_70
Дональда Трампа	Дональд Трамп	PER	PER_70
Ильи Гращенкова	Илья Гращенков	PER	PER_4755
Пенсильвании	пенсильвание	LOC	LOC_2427
РБК	рбк	ORG	ORG_2721
США	США	LOC	LOC_69
Трампа	Трамп	PER	PER_70
Флориде	Флорида	LOC	LOC_894
Флориды	флорид	LOC	LOC_894
Хиллари Клинтон	Хиллари Клинтон	PER	PER_2175
