ru-55
C-SPAN	C-SPAN	ORG	ORG_5689
REUTERS	REUTERS	ORG	ORG_2593
Telegram	Telegram	PRO	PRO_2596
Youtube	Youtube	PRO	PRO_2278
Афганистане	Афганистан	LOC	LOC_4648
Байден	Байден	PER	PER_3577
Байдена	Байден	PER	PER_3577
Байденом	Байден	PER	PER_3577
Байдену	Байден	PER	PER_2995
Барака Обамы	Барак Обама	PER	PER_3496
Владимира Путина	Владимир Путин	PER	PER_5376
Демократической партии	демократический партия	ORG	ORG_584
Джо Байден	Джо Байден	PER	PER_76
Дональд Трамп	Дональд Трамп	PER	PER_70
Дональда Трампа	Дональд Трамп	PER	PER_70
Иран	Иран	LOC	LOC_177
Китае	Китай	LOC	LOC_56
Китай	Китай	LOC	LOC_56
Китая	Китай	LOC	LOC_56
Москве	Москва	LOC	LOC_316
Москвы	Москва	LOC	LOC_316
НАТО	НАТО	ORG	ORG_864
Нэшвилле	Нэшвилле	LOC	LOC_4887
Путина	Путин	PER	PER_315
Путину	Путин	PER	PER_315
РФ	РФ	LOC	LOC_95
России	Россия	LOC	LOC_95
Российской Федерации	российский Федерация	LOC	LOC_95
Россию	Россия	LOC	LOC_95
Россия	Россия	LOC	LOC_95
США	США	LOC	LOC_69
Соединенных Штатов Америки	соединить Штат Америка	LOC	LOC_69
Трамп	Трамп	PER	PER_977
Трампа	Трамп	PER	PER_70
Трампом	Трамп	PER	PER_977
УНИАН	униан	ORG	ORG_268
Украине	Украина	LOC	LOC_318
Украины	Украина	LOC	LOC_318
Хантер Байден	Хантер Байден	PER	PER_3618
демократов	демократ	ORG	ORG_3320
республиканцев	республиканец	ORG	ORG_2775
