ru-69
Federal Election Commission	Federal Election Commission	ORG	ORG_3830
Алабама	Алабам	LOC	LOC_3330
Барак Обама	Барак Обама	PER	PER_3496
Барака Обаму	Барак Обама	PER	PER_3496
Вашингтон	Вашингтон	LOC	LOC_183
Вашингтоне	Вашингтон	LOC	LOC_183
День выборов	день выборы	EVT	EVT_5487
Дню выборов	День выборы	EVT	EVT_5487
Дональд Трамп	Дональд Трамп	PER	PER_70
Калифорния	Калифорния	LOC	LOC_102
Клинтон	Клинтон	LOC	LOC_4878
Колорадо	Колорадо	LOC	LOC_521
Колумбия	Колумбия	LOC	LOC_517
Миннесота	Миннесот	LOC	LOC_100
Мэриленде	Мэриленд	LOC	LOC_4745
Орегон	Орегон	LOC	LOC_2170
Орегоне	Орегона	LOC	LOC_2170
Республиканской партии	республиканский партия	ORG	ORG_584
США	США	LOC	LOC_69
Северная Каролина	Северный Каролин	LOC	LOC_168
Северной Каролины	Северный Каролина	LOC	LOC_168
Соединенные Штаты	Соединить Штат	LOC	LOC_69
Трампа	Трамп	PER	PER_70
Украине	Украина	LOC	LOC_318
Франсуа Фарже	Франсуа Фаржа	PER	PER_5488
Франции	Франция	LOC	LOC_20
Хиллари Клинтон	Хиллари Клинтон	PER	PER_2175
Чикаго	Чикаго	LOC	LOC_1595
Южной Дакоте	Южный Дакота	LOC	LOC_523
гражданской войны	гражданский война	EVT	EVT_3455
округ Колумбия	округ Колумбия	LOC	LOC_517
округе Колумбия	округ Колумбия	LOC	LOC_517
