ru-153
Associated Press	Associated Press	ORG	ORG_2606
The Florida Channel	The Florida Channel	PRO	PRO_5209
The New York Times	The New York Times	PRO	PRO_51
The Washington Post	The Washington Post	PRO	PRO_3763
Аризоне	Аризона	LOC	LOC_1748
Аризоны	Аризона	LOC	LOC_1748
Байден	Байден	PER	PER_3577
Байдена	Байден	PER	PER_3577
Байденом	Байден	PER	PER_3577
Байдену	Байден	PER	PER_2995
Билл Клинтон	Билл Клинтон	PER	PER_2175
ВАШИНГТОН	вашингтон	LOC	LOC_3436
Вермонт	Вермонт	LOC	LOC_1737
Вермонта	вермонт	LOC	LOC_1737
Верховном суде США	верховный суд США	ORG	ORG_3345
Верховный суд Висконсина	верховный суд Висконсин	ORG	ORG_3459
Висконсин	Висконсин	LOC	LOC_527
Висконсина	Висконсин	LOC	LOC_527
Висконсине	висконсина	LOC	LOC_527
Демократической партии	демократический партия	ORG	ORG_584
Джозеф Байден	Джозеф Байден	PER	PER_76
Джозефа Байдена	Джозеф Байден	PER	PER_76
Джозефу Байдену	Джозеф Байден	PER	PER_2173
Джорджии	Джорджия	LOC	LOC_2174
Джорджия	Джорджия	LOC	LOC_2174
Дональд Трамп	Дональд Трамп	PER	PER_70
Дональда Трампа	Дональд Трамп	PER	PER_70
Индиана	Индиан	LOC	LOC_336
Камале Харрис	Камала Харрис	PER	PER_1984
Камалу Харрис	камал Харрис	PER	PER_1984
Кирилла	Кирилл	PER	PER_5205
Колумбия	Колумбия	PRO	PRO_5206
Мичиган	Мичиган	LOC	LOC_99
Мичигане	Мичиган	LOC	LOC_99
Неваде	Невада	LOC	LOC_1153
Невады	невад	LOC	LOC_1153
Нью-Гэмпшир	Нью-Гэмпшир	LOC	LOC_3454
Нью-Йорк	Нью-Йорк	LOC	LOC_2256
Нью-Йорке	Нью-Йорк	LOC	LOC_2256
Нэнси Миллз	Нэнси Миллз	PER	PER_3442
Олбани	Олбань	LOC	LOC_5208
Пенсильвании	пенсильвание	LOC	LOC_2427
Пенсильвания	Пенсильвание	LOC	LOC_101
Рон Десантис	Рон Десантис	PER	PER_5210
СNN	сон	PRO	PRO_3663
США	США	LOC	LOC_69
Теннесси	Теннесси	LOC	LOC_3374
Техаса	техас	LOC	LOC_1022
Трамп	Трамп	PER	PER_977
Трампа	Трамп	PER	PER_70
Трампом	Трамп	PER	PER_977
Флориды	флорид	LOC	LOC_894
Хиллари Клинтон	Хиллари Клинтон	PER	PER_2175
окружной суд Невады	окружной суд Невада	ORG	ORG_4991
