ru-88
Edison Research	Edison Research	ORG	ORG_5111
Fox News	Fox News	PRO	PRO_3308
Vanity Fair	Vanity Fair	PRO	PRO_4298
Аляска	Аляск	LOC	LOC_518
Аризона	Аризон	LOC	LOC_1748
Аризоной	аризоная	LOC	LOC_1748
Аризону	аризон	LOC	LOC_1748
Аризоны	Аризона	LOC	LOC_1748
Атланту	атлант	LOC	LOC_3367
Атланты	атлант	LOC	LOC_3785
Байден	Байден	PER	PER_3577
Байдена	Байден	PER	PER_3577
Байдену	Байден	PER	PER_2995
Барак Обама	Барак Обама	PER	PER_3496
Бараком Обамой	Барак Обама	PER	PER_3496
Белого дома	белый дом	LOC	LOC_72
Билл Клинтон	Билл Клинтон	PER	PER_2175
Висконсин	Висконсин	LOC	LOC_527
Висконсином	висконсин	LOC	LOC_527
Газета.Ru	Газета.Ru	PRO	PRO_5261
Грин-Бей	Грин-Бей	LOC	LOC_5413
Демократической	демократический	ORG	ORG_3320
Демократической партии	демократический партия	ORG	ORG_584
Демократу	демократ	ORG	ORG_3320
Детройт	Детройт	LOC	LOC_1669
Детройте	детройт	LOC	LOC_1669
Джо	Джо	LOC	LOC_5618
Джо Байден	Джо Байден	PER	PER_76
Джо Байдена	Джо Байден	PER	PER_76
Джо Байденом	Джо Байден	PER	PER_76
Джорджии	Джорджия	LOC	LOC_2174
Джорджия	Джорджия	LOC	LOC_2174
Дональд Трамп	Дональд Трамп	PER	PER_70
Дональдом Трампом	Дональд Трамп	PER	PER_70
Западе	Запад	LOC	LOC_203
Кирстен Синема	Кирстен Синем	PER	PER_5620
Мексики	Мексика	LOC	LOC_79
Мердока	мердок	PER	PER_4173
Милуоки	Милуоки	LOC	LOC_2498
Мичиган	Мичиган	LOC	LOC_99
Мичигана	мичиган	LOC	LOC_99
Мэдисоне	мэдисон	LOC	LOC_4835
Невада	Невада	LOC	LOC_1153
Неваде	Невада	LOC	LOC_1153
Невады	невад	LOC	LOC_1153
Пенсильвании	пенсильвание	LOC	LOC_2427
Пенсильвания	Пенсильвание	LOC	LOC_101
Республиканской партии	республиканский партия	ORG	ORG_584
Руперту Мердоку	Руперт Мердок	PER	PER_5619
США	США	LOC	LOC_69
Северная Каролина	Северный Каролин	LOC	LOC_168
Северной Каролине	Северный Каролин	LOC	LOC_168
Скрантон	скрантон	LOC	LOC_4147
Стив Сайсолак	Стив Сайсолак	PER	PER_5346
Трамп	Трамп	PER	PER_977
Трампа	Трамп	PER	PER_70
Трампу	трампа	PER	PER_977
Филадельфии	Филадельфия	LOC	LOC_3816
Флинте	флинт	LOC	LOC_4596
Флориде	Флорида	LOC	LOC_894
Хиллари Клинтон	Хиллари Клинтон	PER	PER_2175
латиноамериканцев	латиноамериканец	PER	PER_3946
палате представителей	палата представитель	ORG	ORG_3333
