ru-31
Алабама	Алабам	LOC	LOC_3330
Америки	Америка	LOC	LOC_69
Верховного суда	верховный суд	ORG	ORG_5356
Верховный суд США	верховный суд США	ORG	ORG_3345
Института Гэллапа	институт Гэллап	ORG	ORG_1110
Калифорния	Калифорния	LOC	LOC_102
Коллегии выборщиков	коллегия выборщик	ORG	ORG_3309
Нью-Йорк	Нью-Йорк	LOC	LOC_2256
Росса Перо	Росс Перо	PER	PER_5212
России	Россия	LOC	LOC_95
США	США	LOC	LOC_69
Теодора Рузвельта	Теодор Рузвельт	PER	PER_3965
Техас	Техас	LOC	LOC_1022
Техасе	Техас	LOC	LOC_1022
Трамп	Трамп	PER	PER_977
Трампа	Трамп	PER	PER_70
Хиллари Клинтон	Хиллари Клинтон	PER	PER_2175
Царьград	царьград	LOC	LOC_4829
Штатах	Штат	LOC	LOC_69
Яндекс.Дзен	яндекс. дзен	PRO	PRO_4830
демократов	демократ	PER	PER_2172
демократы	демократ	ORG	ORG_3320
округ Колумбия	округ Колумбия	LOC	LOC_517
республиканцев	республиканец	PER	PER_1985
