sl-0
Američanom	Američan	PER	PER_64
Andrew Cuomo	Andrew Cuomo	PER	PER_1662
Anthony Fauci	Anthony Fauca	PER	PER_169
Arizoni	Arizoni	LOC	LOC_1748
Belo hišo	bel hiša	LOC	LOC_72
Faucijem	Faucijem	PER	PER_1746
Gretchen Whitmer	Gretchen Whitmer	PER	PER_1749
Južna Dakota	južen Dakot	LOC	LOC_523
Louisiani	Louisiani	LOC	LOC_1663
Michigana	Michigan	LOC	LOC_99
Michiganu	Michigan	LOC	LOC_99
Ministrstvo za zdravje ZDA	ministrstvo za zdravje ZDA	ORG	ORG_35
Minnesoti	Minnesoti	LOC	LOC_1747
New York	New York	LOC	LOC_103
Newyorčanov	Newyorčan	PER	PER_1735
Pensilvaniji	Pensilvanija	LOC	LOC_101
Trump	Trump	PER	PER_977
Univerza Minnesote	univerza Minnesota	ORG	ORG_842
ZDA	ZDA	LOC	LOC_69
ameriškega nacionalnega inštituta za zdravje	ameriški nacionalen inštitut za zdravje	ORG	ORG_1626
covida-19	Covid - 19	PRO	PRO_105
univerze Johnsa Hopkinsa	univerza Johns Hopkins	ORG	ORG_75
