sl-101
Aleš Rozman	Aleš Rozman	PER	PER_2090
Evropi	Evropa	LOC	LOC_49
Evropska agencija za zdravila	evropski agencija za zdravilo	ORG	ORG_82
Francije	Francija	LOC	LOC_20
Franciji	Francija	LOC	LOC_20
Golniku	Golnik	LOC	LOC_2091
ISIS	ISIS	ORG	ORG_2089
Janez Tomažič	Janez Tomažič	PER	PER_1486
Japonska	Japonska	LOC	LOC_13
Japonskem	Japonsko	LOC	LOC_13
Javni agenciji RS za zdravila in medicinske pripomočke	javen agencija RS za zdravilo in medicinski pripomoček	ORG	ORG_2087
Kitajskem	Kitajsko	LOC	LOC_56
Klinike Golnik	klinika Golnik	ORG	ORG_1395
Ljubljani	Ljubljana	LOC	LOC_1265
Maribor	Maribor	LOC	LOC_1879
Novartis	Novartis	ORG	ORG_597
Rusiji	Rusija	LOC	LOC_95
STA	biti	ORG	ORG_953
Sloveniji	Slovenija	LOC	LOC_831
Tomažič	Tomažič	PER	PER_1486
Tomažiča	Tomažič	PER	PER_1486
UKC	UKC	ORG	ORG_1385
UKC Maribor	UKC Maribor	ORG	ORG_1740
Univerzitetnem kliničnem centru	univerziteten kliničen center	ORG	ORG_625
Zavoda za transfuzijo krvi	zavod za transfuzija kri	ORG	ORG_2092
agencije za zdravila	agencija za zdravilo	ORG	ORG_82
covida-19	Covid - 19	PRO	PRO_105
covidom-19	covid - 19	EVT	EVT_233
lopinavir/ritonavir	lopinavir / ritonavir	PRO	PRO_2088
strokovnjaki	strokovnjak	ORG	ORG_2093
