sl-111
Albanija	Albanija	LOC	LOC_1
Atenah	Atene	LOC	LOC_587
Atene	Atene	LOC	LOC_587
Avstralija	Avstralij	LOC	LOC_19
Avstrija	Avstrija	LOC	LOC_19
Bolgarija	Bolgarij	LOC	LOC_1
COVID	COVId	PRO	PRO_105
Ciper	Ciper	LOC	LOC_2135
Cipru	Cipru	LOC	LOC_2135
Danska	Danska	LOC	LOC_1651
EU	EU	ORG	ORG_5
Estonija	Estonija	LOC	LOC_2134
Finska	Finska	LOC	LOC_2134
Grčiji	Grčija	LOC	LOC_205
Grčijo	Grčija	LOC	LOC_205
Hrvaška	hrvaški	LOC	LOC_1674
Izrael	Izrael	LOC	LOC_833
Japonska	Japonska	LOC	LOC_13
Južna Koreja	južen Korej	LOC	LOC_60
Kitajska	Kitajska	LOC	LOC_56
Latvija	Latvija	LOC	LOC_108
Libanon	Libanon	LOC	LOC_2136
Litva	Litva	LOC	LOC_108
Ljubljani	Ljubljana	LOC	LOC_1265
Madžarska	Madžarska	LOC	LOC_1432
Malta	Malta	LOC	LOC_420
Nemčija	Nemčija	LOC	LOC_27
Nemčije	Nemčija	LOC	LOC_27
Norveška	Norveška	LOC	LOC_12
Nova Zelandija	nov Zelandija	LOC	LOC_2137
Romunija	Romunija	LOC	LOC_0
Severna Makedonija	severen Makedonija	LOC	LOC_394
Slovaška	Slovaška	LOC	LOC_831
Slovenija	Slovenija	LOC	LOC_831
Slovenije	Slovenija	LOC	LOC_831
Sloveniji	Slovenija	LOC	LOC_831
Solunu	Solun	LOC	LOC_588
Srbija	Srbija	LOC	LOC_1
Velike Britanije	velik Britanija	LOC	LOC_6
dpa	dpa	ORG	ORG_1286
Češka	Češka	LOC	LOC_137
Črna Gora	črn Gora	LOC	LOC_1615
Švica	Švica	LOC	LOC_1311
