sl-147
Aedes	Aedes	ORG	ORG_1772
BioMED MBA	Biomed MBA	PRO	PRO_1760
BioValley Investments Partner	BioValley Investments Partner	ORG	ORG_1770
Blaž Triglav	Blaž Triglav	PER	PER_1765
Brandenburg Medical School	Brandenburg Medical School	ORG	ORG_1764
COVID-19	COVId - 19	PRO	PRO_105
Charité	Charité	ORG	ORG_1532
Evropo	Evropa	LOC	LOC_49
Fortress Investment group	fortress investment group	ORG	ORG_1771
Giovanni Loser	Giovanni Loser	PER	PER_1769
Izraelu	Izrael	LOC	LOC_833
Levi Shapiro	lev Shapiro	PER	PER_1758
Mediately	Mediately	ORG	ORG_1766
Mediatelyjeva	Mediatelyjev	ORG	ORG_1767
Mediatelyjevih	Mediatelyjev	ORG	ORG_1767
MeetUp	meetup	ORG	ORG_1756
Nana Bit-Avragim	Nana Bit - Avragim	PER	PER_1762
Nemčiji	Nemčija	LOC	LOC_27
Pirelli Group	Pirelli Group	ORG	ORG_1774
Register	register	PRO	PRO_1768
Rinascente	Rinascenta	ORG	ORG_1773
Singularity University	Singularity University	ORG	ORG_1763
Veliki Britaniji	velik Britanija	LOC	LOC_6
ZDA	ZDA	LOC	LOC_69
Zoom	zoom	PRO	PRO_1775
koronavirus	koronavirus	PRO	PRO_4
mHealth Israel	mhealth Israel	ORG	ORG_1759
osrednji	osrednji	LOC	LOC_188
univerzi Hebrew University	univerza Hebrew University	ORG	ORG_1761
vzhodni Evropi	vzhoden Evropa	LOC	LOC_49
Švici	Švica	LOC	LOC_1311
