sl-130
AFP	AFP	ORG	ORG_1211
Bela hiše	bel hiša	LOC	LOC_72
Bele hiše	bel hiša	LOC	LOC_72
Biden	Biden	PER	PER_76
Bidna	biden	PER	PER_1246
CNN	CNN	ORG	ORG_383
Donald Trump	Donald Trump	PER	PER_70
Donalda Trumpa	Donalda Trumpa	PER	PER_70
Joe Biden	Joe Biden	PER	PER_76
Kamala Harris	Kamal Harris	PER	PER_1984
Mark Meadows	Mark Meadows	PER	PER_1981
Marku Meadowsu	Marko Meadows	PER	PER_1981
Meadows	Meadows	PER	PER_1982
Melanii Trump	Melania Trump	PER	PER_1738
Reuters	Reuters	ORG	ORG_153
STA	biti	ORG	ORG_953
Trump	Trump	PER	PER_977
Trumpu	Trump	PER	PER_977
Univerze Johna Hopkinsa	univerza John Hopkins	ORG	ORG_75
Washington Posta	Washington Posta	ORG	ORG_1983
ZDA	ZDA	LOC	LOC_69
republikancev	republikanec	PER	PER_1985
