sl-171
Celja	Celja	LOC	LOC_1287
Celje	Celje	ORG	ORG_1215
Civilne zaščite Zahodno Štajerske	civilen zaščita zahodno Štajerska	ORG	ORG_1556
Domu ob Savinji	dom ob Savinja	LOC	LOC_1558
Domu svetega Jožefa	dom svet Jožefa	LOC	LOC_1557
Drago Martinšek	Drago Martinšek	PER	PER_1179
Franc Vidnišar	Franc Vidnišar	PER	PER_1554
Franc Vindišar	Franc Vindišar	PER	PER_1554
GCC	GCC	LOC	LOC_1566
Gimnaziji Center Celje	gimnazija center Celje	ORG	ORG_1565
Gozdnikar	Gozdnikar	PER	PER_1567
MC	MC	LOC	LOC_1564
Martinšek	Martinšek	PER	PER_1103
Mestni občini Celje	mesten občina Celje	LOC	LOC_1394
Mestni občini Velenje	mesten občina Velenje	LOC	LOC_1560
Mladinskega centra	mladinski center	LOC	LOC_1561
Mladinskem centru Celje	mladinski center Celje	LOC	LOC_1561
NIJZ	NIJZ	ORG	ORG_1294
Rdečega križa	rdeč križ	PRO	PRO_1563
Regijskega regijskega štaba	regijski regijski štab	ORG	ORG_1555
SB Celje	SB Celje	ORG	ORG_1215
Savinjski statistični regiji	savinjski statističen regija	LOC	LOC_1553
Splošni bolnišnici Celje	splošen bolnišnica Celje	ORG	ORG_1396
Teodor Gozdnikar	Teodor Gozdnikar	PER	PER_1559
Velenju	Velenje	LOC	LOC_1560
Vindišar	Vindišar	PER	PER_1554
ZD Laško	ZD Laško	ORG	ORG_1562
