sl-105
Amazon	Amazon	ORG	ORG_1362
Ameriški center za nadzor nad boleznimi	ameriški center za nadzor nad bolezen	ORG	ORG_509
Belgija	Belgija	LOC	LOC_1
CDC	CDC	ORG	ORG_275
Covid-19	Covid - 19	PRO	PRO_105
Donald Trump	Donald Trump	PER	PER_70
FedEx	fedex	ORG	ORG_1347
Instacart	Instacart	ORG	ORG_1456
Italija	Italija	LOC	LOC_50
Mayo v Minnesoti	Mayo v Minnesoti	LOC	LOC_1460
Mike Pence	Mike Pence	PER	PER_662
New York	New York	LOC	LOC_103
Pence	Pence	PER	PER_1461
Penceu	Pence	PER	PER_1461
Target	target	ORG	ORG_1458
Trump	Trump	PER	PER_977
Trumpa	Trumpa	PER	PER_977
Trumpov	Trumpov	PER	PER_977
Trumpove	Trumpov	PER	PER_977
Univerza Washington	univerza Washington	ORG	ORG_842
Walmart	Walmart	ORG	ORG_1349
Whole Foods	Whole foods	ORG	ORG_1457
ZDA	ZDA	LOC	LOC_69
klinike	klinika	ORG	ORG_1459
vietnamska vojna	vietnamski vojna	EVT	EVT_407
vietnamski vojni	vietnamski vojna	EVT	EVT_1455
Španija	Španija	LOC	LOC_10
Švica	Švica	LOC	LOC_1311
