sl-188
19	19	PRO	PRO_405
Biserka Ilin	Biserka Ilin	PER	PER_1238
Biserke Ilin	biserka Ilin	PER	PER_1238
DRŽI	držati	LOC	LOC_1237
Dejan Židan	Dejan Židan	PER	PER_1242
EU	EU	ORG	ORG_5
Evropska komisija	evropski komisija	ORG	ORG_129
Evropski agenciji za zdravila	evropski agencija za zdravilo	ORG	ORG_82
Gantar	Gantar	PER	PER_1236
Gantarja	Gantar	PER	PER_1236
Maja Kostanjšek	Maja Kostanjšek	PER	PER_1239
Ministrstvo za zdravje	ministrstvo za zdravje	ORG	ORG_35
Ministrstvo za zdravje odgovarja	ministrstvo za zdravje odgovarjati	ORG	ORG_35
NLZOH	NlzOh	ORG	ORG_1240
PCR-testi	PCR - test	ORG	ORG_175
SD	SD	ORG	ORG_1243
Sloveniji	Slovenija	LOC	LOC_831
Vlada RS	vlada RS	ORG	ORG_946
WHO	who	ORG	ORG_86
covida 19	covid 19	PRO	PRO_105
Židan	Židan	PER	PER_1242
