sl-129
Adamsova	Adamsov	PER	PER_1138
Britanka	Britanka	PER	PER_450
Charlesov	Charlesov	PER	PER_2246
Daily Mail	Daily mailo	PRO	PRO_896
Dianin	Dianin	PER	PER_2245
Donald Trump	Donald Trump	PER	PER_70
Harry	Harry	PER	PER_363
Harryja	Harry	PER	PER_363
Jessica Adams	Jessica Adams	PER	PER_2240
Kitajskem	Kitajsko	LOC	LOC_56
Londonu	London	LOC	LOC_23
Meghan	Meghan	PER	PER_2243
Meghan Markle	Meghan Markle	PER	PER_2243
Tasmaniji	Tasmanija	LOC	LOC_2241
Vuhanu	Vuhan	LOC	LOC_1131
Williama	William	PER	PER_2244
ZDA	ZDA	LOC	LOC_69
bo탑i훾	bo탑i훾	EVT	EVT_418
covid-19	covid - 19	PRO	PRO_105
