sl-112
Aarogya Setu	Aarogya Set	PRO	PRO_1837
Aerobiosys Innovations	Aerobiosys Innovations	ORG	ORG_1844
AgVa Healthcare	AgVa Healthcare	ORG	ORG_1845
Airlens minus Corona	Airlens minus Corona	PRO	PRO_1853
Apple	Apple	ORG	ORG_1727
Aqoza	Aqoza	ORG	ORG_1850
Aqoza technologies	Aqoza technologies	ORG	ORG_1848
Asimov Robotics	Asim Robotics	ORG	ORG_1835
Bluetooth	Bluetooth	PRO	PRO_1572
BreakCorona	Breakcoron	ORG	ORG_1861
COVID-19	COVId - 19	PRO	PRO_105
Coronasafe-Network	Coronasafe - Network	PRO	PRO_1862
Corono Shield	Corono Shield	PRO	PRO_1855
Droom	Droom	ORG	ORG_1854
GPS	GPS	PRO	PRO_1584
GoK-Kerala Direct	GoK - Keral Direct	PRO	PRO_1846
Google	Google	ORG	ORG_1597
Gurugramu	Gurugram	LOC	LOC_1856
Haryana	Haryan	LOC	LOC_1857
IIT	IIT	ORG	ORG_1842
IIT Hyderabad	Iit Hyderabad	ORG	ORG_1842
Indija	Indija	LOC	LOC_336
Indije	Indija	LOC	LOC_336
Indiji	Indija	LOC	LOC_336
Indijskem tehnološkem inštitutu	indijski tehnološki inštitut	ORG	ORG_807
Kanpur	Kanpur	LOC	LOC_1843
Kerala	Keral	LOC	LOC_1836
Kerali	Kerali	LOC	LOC_1836
KlinicApp	Klinicapp	ORG	ORG_1839
Marut Dronetech	Marut Dronetech	PER	PER_1858
Nipah	Nipah	EVT	EVT_1852
Nocca Robotics	Nocca Robotics	ORG	ORG_1841
PerSapien	PerSapien	ORG	ORG_1849
Platforme za crowdsourcing	platforma za crowdsourcing	ORG	ORG_1859
Practo	Practo	ORG	ORG_1840
QKopy	QKopy	ORG	ORG_1847
Startup	startup	ORG	ORG_1838
virusa	virus	EVT	EVT_1851
zveza indijskih gospodarskih in industrijskih zbornic	zveza indijski gospodarski in industrijski zbornica	ORG	ORG_1860
