sl-114
Afriko	Afriko	LOC	LOC_157
Covid-19	Covid - 19	PRO	PRO_105
Dejana Židana	Dejan Židan	PER	PER_1242
Dravograd	Dravograd	ORG	ORG_1489
Evropi	Evropa	LOC	LOC_49
Heta Asset Resolution	heta asset resolution	ORG	ORG_1495
Istanbula	Istanbula	LOC	LOC_1502
Kartepe	Kartepa	ORG	ORG_1498
Koroškem	Koroško	LOC	LOC_1492
Luke Koper	Luka Koper	PER	PER_1493
Miador	Miador	ORG	ORG_1501
Nemčije	Nemčija	LOC	LOC_27
Otiškem Vrhu	otiški vrh	LOC	LOC_1490
Otiški Vrh	otiški vrh	LOC	LOC_1490
Piteşti	Piteşti	LOC	LOC_1497
Preventa Globala	Preventa Global	ORG	ORG_1500
Romuniji	Romunija	LOC	LOC_0
Sloveniji	Slovenija	LOC	LOC_831
Slovenijo	Slovenija	LOC	LOC_831
Slovenski državni gozdovi	slovenski državen gozd	ORG	ORG_1499
Turki	Turek	LOC	LOC_138
Turčiji	Turčija	LOC	LOC_138
Yidizlar Yatirim Holding	Yidizlar Yatirim holding	ORG	ORG_1488
Yildiz Entegre	Yildiz Entegre	ORG	ORG_1494
Yildizlar Yatirim Holding	Yildizlar Yatirim holding	ORG	ORG_1488
Združenih državah Amerike	združen država Amerika	LOC	LOC_69
covida-19	Covid - 19	EVT	EVT_233
ministrstvo za gospodarski razvoj in tehnologijo	ministrstvo za gospodarski razvoj in tehnologija	ORG	ORG_1491
ministrstvu za gospodarski razvoj in tehnologijo	ministrstvo za gospodarski razvoj in tehnologija	ORG	ORG_1491
