sl-191
Andoro	Andoro	LOC	LOC_2000
Anglije	Anglija	LOC	LOC_6
Aragonija	Aragonija	LOC	LOC_200
Avstralijo	Avstralija	LOC	LOC_19
Bahame	Bahame	LOC	LOC_2001
Balkanu	Balkan	LOC	LOC_1953
Belgijo	Belgija	LOC	LOC_1
BiH	Bih	LOC	LOC_1880
Bolgarije	Bolgarija	LOC	LOC_1
Bolgarijo	Bolgarija	LOC	LOC_1
Evropi	Evropa	LOC	LOC_49
Franciji	Francija	LOC	LOC_20
Hongkongu	Hongkong	LOC	LOC_17
Hrastniku	Hrastnik	LOC	LOC_1291
Hrvaškem	Hrvaško	LOC	LOC_1674
Ilirski Bistrici	ilirski Bistrica	LOC	LOC_1995
Indijo	Indija	LOC	LOC_336
Institutu Jožef Stefan	Institut Jožef Stefan	ORG	ORG_1604
Italija	Italija	LOC	LOC_50
Izvir Vrtca Rogaška Slatina	izvir Vrtca Rogaška Slatina	ORG	ORG_1996
Kanado	Kanada	LOC	LOC_78
Katalonija	Katalonija	LOC	LOC_199
Kitajskem	Kitajsko	LOC	LOC_56
Lillu	Lill	LOC	LOC_2003
Ljubljani	Ljubljana	LOC	LOC_1265
Majda Plavčak	Majda Plavčak	PER	PER_1997
Maroko	Maroka	LOC	LOC_385
Martin Mikolič	Martin Mikolič	PER	PER_1999
Navarra	Navarra	LOC	LOC_2002
Nemčija	Nemčija	LOC	LOC_27
Ribnici	Ribnica	LOC	LOC_1994
Rogatca	Rogatec	LOC	LOC_1998
Rogaški Slatini	rogaški Slatina	LOC	LOC_1993
Romunije	Romunija	LOC	LOC_0
Romunijo	Romunija	LOC	LOC_0
Severne Makedonije	severen Makedonija	LOC	LOC_394
Skupnost socialnih zavodov	skupnost socialen zavodov	ORG	ORG_1431
Sloveniji	Slovenija	LOC	LOC_831
Splošne bolnišnice Novo mesto	splošen bolnišnica nov mesto	ORG	ORG_1870
Srbije	Srbija	LOC	LOC_831
Univerzitetnem rehabilitacijskem inštitutu Soča	univerziteten rehabilitacijski inštitut Soča	ORG	ORG_1230
Univerzitetni klinični center Maribor	univerziteten kliničen center Maribor	ORG	ORG_1968
Veliki Britaniji	velik Britanija	LOC	LOC_6
Zdravstvenega doma Ljubljana	zdravstven dom Ljubljana	ORG	ORG_1257
covida-19	Covid - 19	EVT	EVT_233
Španijo	Španija	LOC	LOC_10
