sl-12
AFP	AFP	ORG	ORG_1211
Andrew Pollard	Andrew Pollard	PER	PER_1213
AstraZeneca	astrazenec	ORG	ORG_89
AstraZenece	astrazenec	ORG	ORG_89
BioNTech	Biontech	ORG	ORG_68
Braziliji	Brazilija	LOC	LOC_713
Japonskem	Japonsko	LOC	LOC_13
Južni Afriki	južen Afrika	LOC	LOC_157
Keniji	Kenija	LOC	LOC_1214
Latinski Ameriki	latinski Amerika	LOC	LOC_219
Moderna	moderna	ORG	ORG_87
Oxfordske univerze	oxfordski univerza	ORG	ORG_1050
Oxfordsko univerzo	oxfordski univerza	ORG	ORG_1050
Pascal Soriot	Pascal Soriot	PER	PER_1212
Pfizer	Pfizer	ORG	ORG_67
Rusiji	Rusija	LOC	LOC_95
Svetovni zdravstveni organizaciji	svetoven zdravstven organizacija	ORG	ORG_133
Veliki Britaniji	velik Britanija	LOC	LOC_6
ZDA	ZDA	LOC	LOC_69
covidu-19	Covid - 19	EVT	EVT_233
univerza Oxford	univerza Oxford	ORG	ORG_1050
