sl-10
Bregant	Bregant	PER	PER_1950
EPP	EPP	ORG	ORG_474
EU	EU	ORG	ORG_5
Estonija	Estonija	LOC	LOC_2134
Evropa	Evropa	LOC	LOC_49
Evropi	Evropa	LOC	LOC_49
Evropskega raziskovalnega sveta	evropski raziskovalen svet	ORG	ORG_314
Evropski parlament	evropski parlament	ORG	ORG_129
Franc Bogovič	Franc Bogovič	PER	PER_321
Francija	Francija	LOC	LOC_20
Gregor Anderluh	Gregor Anderluh	PER	PER_2214
Instituta	institut	ORG	ORG_1108
Jerala	Jeral	LOC	LOC_2209
Jožef	Jožef	PER	PER_2210
Kemijskega inštituta	kemijski inštitut	ORG	ORG_1601
Kemijski inštitut	kemijski inštitut	ORG	ORG_1601
Kitajska	Kitajska	LOC	LOC_56
Klemen Grošelj	Klemen Grošelj	PER	PER_2212
Kliničnega oddelka za hematologijo	kliničen oddelek za hematologija	ORG	ORG_1947
Ljubljana	Ljubljana	ORG	ORG_1257
Marie Curie	Maria Curie	PRO	PRO_2215
Obzorje Evropa	obzorje Evropa	ORG	ORG_112
Pisarna Evropskega parlamenta	pisarna evropski parlament	ORG	ORG_129
Renew	renew	PER	PER_2213
Romana Jerale	Roman Jerale	PER	PER_1600
Samo Zver	samo Zver	PER	PER_1948
Slovenija	Slovenija	LOC	LOC_831
Sloveniji	Slovenija	LOC	LOC_831
Stefan Jadran Lenarčič	Stefan Jadran Lenarčič	PER	PER_2211
Tina Bregant	Tina Bregant	PER	PER_1946
UKC	UKC	LOC	LOC_1388
ZDA	ZDA	LOC	LOC_69
covid-19	covid - 19	EVT	EVT_233
