sl-108
Alex Azar	Alex Azar	PER	PER_2079
Gamaleja	Gamalej	ORG	ORG_1371
Izraelu	Izrael	LOC	LOC_833
Logarjeva	Logarjev	PER	PER_2081
Mateje Logar	Mateja Logar	PER	PER_2080
Mihail Muraško	Mihail Muraška	PER	PER_797
Moskvo	Moskvo	LOC	LOC_316
Muraško	muraški	PER	PER_930
Nemčiji	Nemčija	LOC	LOC_27
Reuters	Reuters	ORG	ORG_153
Rusija	Rusija	LOC	LOC_95
Rusije	Rusija	LOC	LOC_95
Sloveniji	Slovenija	LOC	LOC_831
Svetovna zdravstvena organizacija	svetoven zdravstven organizacija	ORG	ORG_133
Svetovne zdravstvene organizacije	svetoven zdravstven organizacija	ORG	ORG_133
Tass	Tass	ORG	ORG_1467
WHO	who	ORG	ORG_86
ZDA	ZDA	LOC	LOC_69
covid-19	covid - 19	PRO	PRO_105
covida-19	Covid - 19	EVT	EVT_233
