sl-166
4G	4G	PRO	PRO_1358
5G	5G	PRO	PRO_1358
AR	ar	ORG	ORG_1356
AWS Big Data	aws big data	ORG	ORG_1362
Amazon AWS	amazon aws	ORG	ORG_1362
Apache Airflow	Apache airflow	PRO	PRO_1366
Covid-19	Covid - 19	PRO	PRO_105
Django	Django	PER	PER_1361
Docker	docker	PER	PER_1360
ESP32	esp32	PRO	PRO_1368
ElevenPaths	ElevenPaths	ORG	ORG_1346
FedEx	fedex	ORG	ORG_1347
Gatsby.js	gatsby.js	PRO	PRO_1363
Hooks	Hooks	PER	PER_1364
IBM	IBM	ORG	ORG_1348
Internet of Things	internet of things	ORG	ORG_1344
IoT	iot	ORG	ORG_1343
IoT platform	iot platforem	PRO	PRO_1345
IoT-ja	iot- ja	PRO	PRO_1345
Kvantno računalništvo	kvanten računalništvo	ORG	ORG_1369
Mastercard	mastercard	ORG	ORG_1350
Microsoft Azure Architecture	Microsoft Azure Architecture	ORG	ORG_1365
Pokemon	Pokemon	PRO	PRO_1353
PwC-ja	pvceti ja	ORG	ORG_1342
Python	Python	ORG	ORG_1359
Slack	Slack	ORG	ORG_1354
Snapchat	snapchat	PRO	PRO_1352
SwiftUI	SwiftUI	ORG	ORG_1367
VR	VR	ORG	ORG_1357
Walmart	Walmart	ORG	ORG_1349
XR	xr	PRO	PRO_1351
Zoom	zoom	ORG	ORG_1355
