sl-184
767	767	PRO	PRO_2029
Airbus	Airbus	ORG	ORG_2023
Alexandre de Juniac	Alexandre de Juniac	PER	PER_2028
Američani	Američan	PER	PER_64
Boeing	Boeing	ORG	ORG_2024
CDC	CDC	ORG	ORG_275
David Powell	David Powell	PER	PER_2027
Embraer	Embraer	ORG	ORG_2025
Evropi	Evropa	LOC	LOC_49
HEPA	hep	PRO	PRO_128
IATA	iata	ORG	ORG_2026
IATE	IATE	ORG	ORG_1842
Joe Pope	Joe Pope	PER	PER_2032
Mednarodno združenje letalskih prevoznikov	mednaroden združenje letalski prevoznik	ORG	ORG_2026
Poveljstvo ameriške vojske za transport	poveljstvo ameriški vojska za transport	ORG	ORG_1724
Powell	Powell	PER	PER_2027
Tajska	tajski	LOC	LOC_538
United Airlines	United Airlines	ORG	ORG_2030
ZDA	ZDA	LOC	LOC_69
boeing 767	boeing 767	PRO	PRO_2029
covid-19	covid - 19	PRO	PRO_105
letali 777	letalo 777	PRO	PRO_2031
združenja IATA	združenje IATA	ORG	ORG_2026
