sl-117
ATP	ATP	ORG	ORG_1797
Adria Tour	Adria Tour	EVT	EVT_1795
Aleksander Zverev	Aleksander Zverev	PER	PER_323
Andrej Plenković	Andrej Plenković	PER	PER_1816
Avstrijec	Avstrijec	PER	PER_1802
Banjaluke	Banjaluka	LOC	LOC_1800
Beograd	Beograd	LOC	LOC_1798
Beogradu	Beograd	LOC	LOC_1798
Bolgar	Bolgar	PER	PER_1808
Bolgara	Bolgara	LOC	LOC_1804
Bolgarom	Bolgar	PER	PER_1808
Bolgarove	Bolgarov	PER	PER_1808
Borna Ćorić	boren Ćorić	PER	PER_1451
Božidar Longin	Božidar Longin	PER	PER_1819
Božinović	Božinović	PER	PER_1226
Branko Dukić	Branko Dukić	PER	PER_969
Christian Groh	Christian Groh	PER	PER_575
Davor Božinović	Davor Božinović	PER	PER_321
Dimitrov	Dimitrov	PER	PER_1111
Dimitrova	Dimitrov	PER	PER_1809
Dominic Thiem	Dominic Thiem	PER	PER_1803
Goran Ivanišević	Goran Ivanišević	PER	PER_1813
Grigor Dimitrov	Grigor Dimitrov	PER	PER_1111
Grigorja Dimitrova	Grigor Dimitrov	PER	PER_1111
Hrvatu Borni Ćoriću	Hrvat boren Ćorić	PER	PER_1807
Hrvaška	hrvaški	LOC	LOC_1674
Hrvaškem	Hrvaško	LOC	LOC_1674
Hrvaško	Hrvaška	LOC	LOC_1674
Ivaniševićem	Ivaniševićem	PER	PER_1813
Jelena Đoković	Jelena Đoković	PER	PER_1796
KK Zadar	KK Zadar	ORG	ORG_1820
Karlo Uljarević	Karlo Uljarević	PER	PER_1821
Karlovac	Karlovac	LOC	LOC_872
Karlovca	Karlovce	LOC	LOC_872
Karlovcu	Karlovc	LOC	LOC_872
Marco Panichi	Marco Panichi	PER	PER_1810
Marinom Čilićem	Marin Čilićem	PER	PER_1817
Nici	Nici	LOC	LOC_1812
Nico	Nica	LOC	LOC_1806
Nikola Janković	Nikola Janković	PER	PER_1451
Novak Đoković	Novak Đoković	PER	PER_1796
Novaka Đokovića	Novak Toković	PER	PER_1796
Olimpije	Olimpija	ORG	ORG_1684
Partizana	Partizan	ORG	ORG_1815
Rus	Rus	PER	PER_1372
Sarajeva	Sarajeva	LOC	LOC_1801
Saša Arsenovič	Sašo Arsenovič	PER	PER_1822
Teniški klub	teniški klub	ORG	ORG_1823
Thiem	Thiem	PER	PER_1805
Zadru	Zader	LOC	LOC_1799
Zverev	zverev	PER	PER_1814
teniškem klubu Karlovac	teniški klub Karlovac	ORG	ORG_1824
twitterju	twitter	PRO	PRO_71
zadrske županije	zadrski županija	ORG	ORG_1818
Črni gori	črn gora	LOC	LOC_1615
Đoković	Đoković	PER	PER_1796
Đokovića	Toković	PER	PER_1796
Đokovićem	Tokovićem	PER	PER_1796
