sl-124
Bistrica ob Sotli	Bistrica ob Sotli	LOC	LOC_1412
Bloke	blok	LOC	LOC_1423
Celje	Celje	LOC	LOC_1394
Cerkvenjak	Cerkvenjak	LOC	LOC_1418
Dobje	Dobje	LOC	LOC_1414
Dobrovnik	Dobrovnik	LOC	LOC_1425
Domžale	Domžale	LOC	LOC_906
Hodoš	Hodoš	LOC	LOC_1427
Jezersko	jezerski	LOC	LOC_881
Juršinci	Juršinci	LOC	LOC_1424
Kobilje	Kobilje	LOC	LOC_1428
Kostel	Kostel	LOC	LOC_1426
Kranj	Kranj	LOC	LOC_1409
Kuzmi	Kuzem	LOC	LOC_1407
Ljubljana	Ljubljana	LOC	LOC_1265
Ljubljani	Ljubljana	LOC	LOC_1265
Loški Potok	loški potok	LOC	LOC_1420
Maribor	Maribor	LOC	LOC_1393
Odrancih	odranec	LOC	LOC_1408
Osilnica	Osilnica	LOC	LOC_1429
Razkrižje	Razkrižje	LOC	LOC_1421
Ribnica na Pohorju	Ribnica na Pohorje	LOC	LOC_1417
SKUPAJ	skupaj	ORG	ORG_792
Sl	sl	LOC	LOC_1411
Solčava	Solčava	LOC	LOC_1229
Središče ob Dravi	središče ob Dravi	LOC	LOC_1419
Sv. Jurij	Sv . Jurij	LOC	LOC_357
Trnovska vas	trnovski ti	LOC	LOC_1416
Zavrč	Zavrč	LOC	LOC_1415
goricah	gorica	LOC	LOC_1413
Škofja Loka	Škofji Loka	LOC	LOC_1410
Žetale	Žetale	LOC	LOC_1422
