sl-159
Andor Deli	andor del	PER	PER_1445
Annalisa Tardino	Annalis Tardino	PER	PER_1448
Beata Kempa	Beata Kempa	PER	PER_1449
Bruslju	Bruselj	LOC	LOC_1373
Christophe Hansen	Christophe Hansen	PER	PER_1443
David Sassoli	David Sassoli	PER	PER_1453
ECR	ECR	ORG	ORG_628
EPP	EPP	ORG	ORG_474
EPP/Fidesz	EPP / Fidesz	ORG	ORG_1437
EU	EU	ORG	ORG_5
Evropske komisije	evropski komisija	ORG	ORG_129
Evropskem parlamentu	evropski parlament	ORG	ORG_129
Evropski konservativci in reformisti	evropski konservativec in reformist	ORG	ORG_1450
Evropski parlament	evropski parlament	ORG	ORG_129
Evropsko komisijo	evropski komisija	ORG	ORG_129
Evropsko ljudsko stranko	evropski ljudsko stranka	ORG	ORG_1436
Fidesz	Fidesz	ORG	ORG_1437
Fidesza	Fidesza	ORG	ORG_1437
GUE/NGL	GUE / NGL	ORG	ORG_1441
Gwendoline Delbos-Corfield	Gwendoline Delbos - Corfield	PER	PER_1442
ID	id	ORG	ORG_1447
Identiteta in demokracija	identiteta in demokracija	ORG	ORG_1446
Iratxe Garcia Perez	Iratxa Garcia Perez	PER	PER_1434
Judit Varga	Judit Varga	PER	PER_1454
Komisijo	komisija	ORG	ORG_1444
Madžarska	Madžarska	LOC	LOC_1432
Madžarskem	Madžarsko	LOC	LOC_1432
Madžarski	Madžarska	LOC	LOC_1432
Madžarsko	Madžarska	LOC	LOC_1432
Malin Björk	Malin Björk	PER	PER_1440
Nikolina Brnjac	Nikolin Brnjac	PER	PER_1451
Orbana	Orbana	PER	PER_1435
Orbanovo	Orbanov	PER	PER_1435
Orbanu	Orban	PER	PER_1435
Poljska	Poljska	LOC	LOC_107
Ramona Strugariu	Ramon Strugariu	PER	PER_1439
Renew	renew	ORG	ORG_1438
S&D	s& D	ORG	ORG_531
Svet	svet	ORG	ORG_1303
Svet EU	svet EU	ORG	ORG_5
Sveta EU	svet EU	ORG	ORG_5
Svetu EU	svet EU	ORG	ORG_5
Vera Jourova	vera Jourov	PER	PER_746
Viktor Orban	Viktor Orban	PER	PER_1435
covid-19	covid - 19	PRO	PRO_105
liberalcev	liberalec	ORG	ORG_1185
pogodbe	pogodba	PRO	PRO_1452
socialistov in demokratov	socialist in demokrat	ORG	ORG_1433
