sl-128
COVID-19	COVId - 19	PRO	PRO_105
Domu upokojencev	dom upokojenec	LOC	LOC_1872
Društvo spletnih trgovcev	društvo spleten trgovec	ORG	ORG_1876
Kopru	Koper	LOC	LOC_1875
Kuzma	Kuzma	LOC	LOC_1407
Ljubljana	Ljubljana	LOC	LOC_1265
Ljubljani	Ljubljana	LOC	LOC_1265
Luče	Luča	LOC	LOC_1871
Maribor	Maribor	LOC	LOC_1393
Mariboru	Maribor	LOC	LOC_1879
NIJZ	NIJZ	ORG	ORG_1294
Nacionalnega inštituta za javno zdravje	nacionalen inštitut za javen zdravje	ORG	ORG_1626
PS 24/7	PS 24/ 7	ORG	ORG_1874
PS Paketomatov	PS Paketomatov	ORG	ORG_1873
Pošta Slovenije	pošta Slovenija	ORG	ORG_1867
Pošte Slovenije	pošta Slovenija	ORG	ORG_1867
Rakičan	Rakičan	LOC	LOC_1639
Slovenije	Slovenija	LOC	LOC_831
Sloveniji	Slovenija	LOC	LOC_831
Solčava	Solčava	LOC	LOC_1229
Splošne bolnišnice Murska Sobota	splošen bolnišnica murski Sobota	ORG	ORG_1870
Univerzitetnem kliničnem centru Ljubljana	univerziteten kliničen center Ljubljana	ORG	ORG_1257
Univerzitetnem kliničnem centru Maribor	univerziteten kliničen center Maribor	ORG	ORG_1739
pošta	pošta	PRO	PRO_1868
poštni logistični center Ljubljana	pošten logističen center Ljubljana	LOC	LOC_1878
poštni logistični center Maribor	pošten logističen center Maribor	LOC	LOC_1878
