sl-18
AFP	AFP	ORG	ORG_1211
Alexandrom De Croojem	Alexandro de Crooje	PER	PER_586
Belgija	Belgija	LOC	LOC_1
Belgiji	Belgija	LOC	LOC_1
BioNTech	Biontech	ORG	ORG_68
Christie Morreale	Christie Morreale	PER	PER_1755
EU	EU	ORG	ORG_5
Ema	Ema	ORG	ORG_83
Emmanuel Macron	Emmanuel Macron	PER	PER_24
Evropska agencija za zdravila	evropski agencija za zdravilo	ORG	ORG_82
Evropska komisija	evropski komisija	ORG	ORG_1444
Evropskega gospodarskega prostora	evropski gospodarski prostor	LOC	LOC_2251
Hugo de Jonge	Hugo de Jonge	PER	PER_2248
Moderna	moderna	ORG	ORG_87
Nizozemska	nizozemski	LOC	LOC_190
Nizozemskem	nizozemski	LOC	LOC_190
Parizu	Pariz	LOC	LOC_22
Pfizer	Pfizer	ORG	ORG_67
RTBF	RTBF	PRO	PRO_2249
Twitterju	Twitter	PRO	PRO_71
Valonija	Valonija	LOC	LOC_1560
covidu-19	Covid - 19	PRO	PRO_105
de Jonge	de Jonge	PER	PER_1511
dpa	dpa	ORG	ORG_1286
