sl-186
Charlize Theron	Charlize Theron	PER	PER_1786
Covid-19	Covid - 19	PRO	PRO_105
Disney	Disney	ORG	ORG_266
Enola	Enola	PER	PER_1787
HBO	HBO	ORG	ORG_1790
HBO Go	hbo go	PRO	PRO_1781
Hargreaves Lansdown	Hargreaves Lansdown	ORG	ORG_1792
Holmes	Holmes	PRO	PRO_1788
Netflix	netflix	ORG	ORG_258
Netflixom	netflix	ORG	ORG_258
Netflixov	netflix	ORG	ORG_258
Netflixova	Netflixov	ORG	ORG_258
Netflixovih	netflixov	ORG	ORG_258
PP Foresight	PP Foresight	ORG	ORG_1784
Paolo Pescatore	Paolo Pescatore	PER	PER_1783
Project Power	project power	PRO	PRO_1789
Sophie Lund-Yates	Sophie Lund - Yates	PER	PER_1791
The Old Guard	the old guard	PRO	PRO_1785
Voyo	Voya	ORG	ORG_1782
ZDA	ZDA	LOC	LOC_69
