sl-169
Agencije za raziskovanje	agencija za raziskovanje	ORG	ORG_1608
Agenciji za medicinske vede	agencija za medicinski veda	ORG	ORG_1606
Avstrije	Avstrija	LOC	LOC_19
Bolgarije	Bolgarija	LOC	LOC_1
Borut Štrukelj	Borut Štrukelj	PER	PER_1599
Bosne in Hercegovine	Bosna in Hercegovine	LOC	LOC_393
COVID-19	COVId - 19	EVT	EVT_233
Centra odličnosti za biosenzoriko , instrumentacijo in procesno kontrolo v Ajdovščini	center odličnost za biosenzorika , instrumentacija in procesen kontrola v Ajdovščina	ORG	ORG_1602
Cobik	Cobik	ORG	ORG_1603
EU	EU	ORG	ORG_5
Fakultete za farmacijo Univerze v Ljubljani	fakulteta za farmacija univerza v Ljubljana	ORG	ORG_1378
Gregor Serš	Gregor Serš	PER	PER_1607
Hrvaške	Hrvaška	LOC	LOC_137
IMA	imeti	EVT	EVT_1613
Institutu Jožefa Stefana	Institut Jožefa Stefan	ORG	ORG_1604
International Medis Awards	International Medis Awards	EVT	EVT_1612
Kemijskega inštituta	kemijski inštitut	ORG	ORG_1601
Madžarske	Madžarska	LOC	LOC_1432
Matija Tomš ič	Matija Tomš ič	PER	PER_1609
Matije Tomšiča	Matija Tomšič	PER	PER_1609
Matjaža Peterke	Matjaž Peterka	PER	PER_830
Medis	Medis	ORG	ORG_1614
OECD	OECD	ORG	ORG_1611
Roman Jerala	Roman Jeral	PER	PER_1600
STA klubu	biti klub	ORG	ORG_1598
Severne Makedonije	severen Makedonija	LOC	LOC_394
Slovenija	Slovenija	LOC	LOC_831
Slovenije	Slovenija	LOC	LOC_831
Sloveniji	Slovenija	LOC	LOC_831
Srbije	Srbija	LOC	LOC_831
Tomšič	Tomšič	PER	PER_1610
UKC Ljubljana	UKC Ljubljana	ORG	ORG_1257
jugovzhodne Evrope	jugovzhoden Evropa	LOC	LOC_49
koronavirus	koronavirus	PRO	PRO_4
mednarodna strokovna	mednaroden strokoven	ORG	ORG_1616
srednje	srednje	LOC	LOC_188
znanstvenoraziskovalnega sveta	znanstvenoraziskovalen svet	ORG	ORG_1605
Črne gore	črn gora	LOC	LOC_1615
