sl-17
AFP	AFP	ORG	ORG_1211
Američanov	Američan	PER	PER_64
Ameriškem uradu za hrano in zdravila	ameriški urad za hrana in zdravilo	ORG	ORG_65
Amsterdamu	Amsterdam	LOC	LOC_1888
AstraZeneca	astrazenec	ORG	ORG_89
Bele hiše za razvoj in distribucijo	bel hiša za razvoj in distribucija	ORG	ORG_1889
BioNTech	Biontech	ORG	ORG_68
BioNTecha	Biontech	ORG	ORG_68
Britancem	Britanec	PER	PER_450
Britanska agencija za zdravila in medicinske izdelke	britanski agencija za zdravilo in medicinski izdelek	ORG	ORG_82
EU	EU	ORG	ORG_5
Ema	Ema	ORG	ORG_83
EpiVacCorona	Epivaccoron	ORG	ORG_1892
Evrope	Evropa	LOC	LOC_49
Evropska agencija za zdravila	evropski agencija za zdravilo	ORG	ORG_82
Evropska komisija	evropski komisija	ORG	ORG_1444
Evropska unija	evropski unija	ORG	ORG_5
FDA	FDA	ORG	ORG_66
Hancock	Hancock	PER	PER_229
June Raine	June Raine	PER	PER_1886
Kitajskem	Kitajsko	LOC	LOC_56
MHRA	MHRA	ORG	ORG_1885
Matt Hancock	Matt Hancock	PER	PER_228
Moderna	moderna	ORG	ORG_87
Modernino	Modernin	ORG	ORG_87
Moncef Slaoui	Moncef Slaoui	LOC	LOC_1890
Otoku	otok	LOC	LOC_1754
Pfizer	Pfizer	ORG	ORG_67
Pfizer/BioNTech	Pfizer / Biontech	ORG	ORG_67
Pfizerja	Pfizer	ORG	ORG_67
Rainova	Rainov	PER	PER_1887
Rusiji	Rusija	LOC	LOC_95
Rusko	ruski	LOC	LOC_95
Sinopharm	Sinopharm	ORG	ORG_870
Sinovac Biotech	Sinovac Biotech	ORG	ORG_671
Slaoui	Slaoui	PER	PER_1891
Slovenijo	Slovenija	LOC	LOC_831
Sputnik V	sputnik V	PRO	PRO_929
Svetovalni odbor za cepivo Pfizerja	svetovalen odbor za cepivo Pfizer	ORG	ORG_67
Vladimir Putin	Vladimir Putin	PER	PER_315
Wang Tao	Wang tao	PER	PER_1893
ZDA	ZDA	LOC	LOC_69
Združeno kraljestvo	združen kraljestvo	LOC	LOC_6
brexita	brexita	EVT	EVT_747
covidu-19	Covid - 19	PRO	PRO_105
oxfordska univerza	oxfordski univerza	ORG	ORG_1050
