sl-143
ATP	ATP	ORG	ORG_1797
Andrej Plenković	Andrej Plenković	PER	PER_1816
Avstrijec	Avstrijec	PER	PER_1802
Banja Luke	Banja Luka	LOC	LOC_1800
Beogradu	Beograd	LOC	LOC_1798
Bolgar	Bolgar	PER	PER_1808
Bolgara	Bolgara	LOC	LOC_1804
Bolgarom	Bolgar	PER	PER_1808
Bolgarove	Bolgarov	PER	PER_1808
Borna Ćorić	boren Ćorić	PER	PER_1807
Božinović	Božinović	PER	PER_1226
Christian Groh	Christian Groh	PER	PER_575
Davor Božinović	Davor Božinović	PER	PER_321
Dimitrov	Dimitrov	PER	PER_1809
Dimitrovov	Dimitrovov	PER	PER_1809
Dominic Thiem	Dominic Thiem	PER	PER_1803
Goranom Ivaniševićem	Goran Ivaniševićem	PER	PER_1813
Grigorja Dimitrova	Grigor Dimitrov	PER	PER_1809
Hrvatu Borni Ćoriću	Hrvat boren Ćorić	PER	PER_1807
Hrvaška	hrvaški	LOC	LOC_1674
Hrvaškem	Hrvaško	LOC	LOC_1674
Hrvaško	Hrvaška	LOC	LOC_1674
Karlovca	Karlovce	LOC	LOC_872
Karlovcu	Karlovc	LOC	LOC_872
Marco Panichi	Marco Panichi	PER	PER_1810
Marinom Čilićem	Marin Čilićem	PER	PER_1817
Nici	Nici	LOC	LOC_1812
Nico	Nica	LOC	LOC_1806
Novak Đoković	Novak Đoković	PER	PER_1796
Novaka Đokovića	Novak Toković	PER	PER_1796
Sarajeva	Sarajeva	LOC	LOC_1801
Saša Arsenović	Sašo Arsenović	PER	PER_1822
Teniškega kluba Karlovac	teniški klub Karlovac	ORG	ORG_1824
Teniškem klubu Karlovac	teniški klub Karlovac	ORG	ORG_1824
Teniški klub	teniški klub	ORG	ORG_1823
Thiem	Thiem	PER	PER_1805
Zadru	Zader	LOC	LOC_1799
Čilić	Čilić	PER	PER_2253
Črni Gori	črn Gori	LOC	LOC_1615
Đoković	Đoković	PER	PER_1796
Đokovićem	Tokovićem	PER	PER_1796
Đokovićev	Đokovićev	PER	PER_1796
