sl-119
Afriki	Afrika	LOC	LOC_157
Aziji	Azija	LOC	LOC_55
BBC	BBC	ORG	ORG_382
Brighton	Brighton	LOC	LOC_1250
Britanci	Britanci	PER	PER_450
Donald Trump	Donald Trump	PER	PER_70
Evropi	Evropa	LOC	LOC_49
Južni Ameriki	južen Amerika	LOC	LOC_219
Martin Liewelyn	Martin Liewelyn	PER	PER_1103
Nicholas White	Nicholas White	PER	PER_147
Oxfordu	Oxford	LOC	LOC_892
Sussex	Sussex	LOC	LOC_1251
Svetovna zdravstvena organizacija	svetoven zdravstven organizacija	ORG	ORG_133
Trump	Trump	PER	PER_977
Veliki Britaniji	velik Britanija	LOC	LOC_6
WHO	who	ORG	ORG_86
bolnišnici John Radclife	bolnišnica John Radclife	ORG	ORG_1252
covid-19	covid - 19	PRO	PRO_105
medicinske šole Brighton in Sussex	medicinski šola Brighton in Sussex	ORG	ORG_1253
oxfordske univerze	oxfordski univerza	ORG	ORG_1050
