sl-142
Bojana Beović	Bojan Beović	PER	PER_1226
Dijaškem domu	dijaški dom	LOC	LOC_2072
Gantar	Gantar	PER	PER_1236
Igor Kadunc	Igor Kadunc	PER	PER_2070
Igorju Kaduncu	Igor Kadunec	PER	PER_2070
Karla Krajnik	Karla Krajnik	PER	PER_1136
Kopru	Koper	LOC	LOC_1875
Ljubljani	Ljubljana	LOC	LOC_1265
Manici Ambrožič	Manica Ambrožič	PER	PER_2071
Marjan Šarec	Marjan Šarec	PER	PER_1951
Ministrstvu za zdravje	ministrstvo za zdravje	ORG	ORG_35
NIJZ	NIJZ	ORG	ORG_1294
Nacionalnega inštituta za javno zdravje	nacionalen inštitut za javen zdravje	ORG	ORG_1626
Osnovne šole Cvetka Golarja	osnoven šola Cvetka Golar	ORG	ORG_2069
RTV Slovenija	RTV Slovenija	ORG	ORG_2068
Slovenija	Slovenija	LOC	LOC_831
Sloveniji	Slovenija	LOC	LOC_831
Slovenijo	Slovenija	LOC	LOC_831
Tomaž Gantar	Tomaž Gantar	PER	PER_1337
covid-19	covid - 19	PRO	PRO_105
