sl-198
Bele hiše	bel hiša	ORG	ORG_1705
Beli hiši	bel hiša	LOC	LOC_72
Bes	bes	PRO	PRO_1704
Biden	Biden	PER	PER_76
Boba Woodwarda	Boba Woodward	PER	PER_1703
Bobu Woodwardu	Bobu Woodward	PER	PER_1703
Bushu	Busho	PER	PER_1707
CNN	CNN	ORG	ORG_383
Cia	Cia	PER	PER_1709
Donald Trump	Donald Trump	PER	PER_70
Donaldu Trumpu	Donald Trump	PER	PER_70
Joe Biden	Joe Biden	PER	PER_76
Kim	Kim	PER	PER_819
Kim Jong Un	Kim Jong un	PER	PER_563
Obami	oba	PER	PER_1706
Pew Research centra	Pew Research center	ORG	ORG_1708
Severne Koreje	severen Koreja	LOC	LOC_60
Singapurju	Singapur	LOC	LOC_18
Trump	Trump	PER	PER_977
Trumpa	Trumpa	PER	PER_977
Trumpovega	Trumpov	PER	PER_977
Trumpovih	Trumpov	PER	PER_977
Trumpovo	Trumpov	PER	PER_977
Trumpu	Trump	PER	PER_977
Woodward	Woodward	PER	PER_1703
Woodwarda	Woodward	PER	PER_1703
Woodwardu	Woodward	PER	PER_1703
ZDA	ZDA	LOC	LOC_69
medicinske	medicinski	ORG	ORG_1614
univerze Columbia	univerza Columbia	ORG	ORG_1272
