sl-102
Aleksandru Vučiću	Aleksander Vučić	PER	PER_1954
Avstrijo	Avstrija	LOC	LOC_19
Centra za nadzor in preprečevanje	center za nadzor in preprečevanje	ORG	ORG_110
Covid-19	Covid - 19	PRO	PRO_105
Cyril Ramaphosa	Cyril Ramaphos	PER	PER_2184
EU	EU	ORG	ORG_5
Ehsova	Ehsov	PER	PER_2181
Evropi	Evropa	LOC	LOC_49
IG Demokratie	IG Demokratie	ORG	ORG_2180
Iranu	Iran	LOC	LOC_177
Izraelu	Izrael	LOC	LOC_833
Južni Afriki	južen Afrika	LOC	LOC_157
Južni Koreji	južen Koreja	LOC	LOC_60
Kitajsko	Kitajska	LOC	LOC_56
Koronavirus	Koronavirus	PRO	PRO_4
Madžarska	Madžarska	LOC	LOC_1432
Nemčiji	Nemčija	LOC	LOC_27
Peruju	Peru	LOC	LOC_528
Svetovne zdravstvene organizacije	svetoven zdravstven organizacija	ORG	ORG_133
Tajvanu	Tajvan	LOC	LOC_538
Tamara Ehs	Tamara Ehs	PER	PER_2178
Vera Jourova	vera Jourov	PER	PER_746
WHO	who	ORG	ORG_86
Wolfganga Schäubla	Wolfgang Schäubl	PER	PER_2183
Wuhanu	Wuhan	LOC	LOC_1131
ZDA	ZDA	LOC	LOC_69
bundestaga	bundestaga	ORG	ORG_2182
covida-19	Covid - 19	PRO	PRO_105
evropske komisije	evropski komisija	ORG	ORG_129
združenju za promocijo demokratične kulture	združenje za promocija demokratičen kultura	ORG	ORG_2179
Španija	Španija	LOC	LOC_10
