sl-177
Alojz Kovšca	Alojz Kovšca	PER	PER_2189
Andrej Jurič	Andrej Jurič	PER	PER_1320
Bogom	bog	PER	PER_1508
Bonifacij IV	Bonifacij IV	PER	PER_2199
Borut Pahor	Borut Pahor	PER	PER_1482
Božja	božji	EVT	EVT_2206
COVID-19	COVId - 19	EVT	EVT_233
Cerkev	cerkev	ORG	ORG_2196
Cerkve	cerkev	ORG	ORG_2196
DS	DS	ORG	ORG_1325
DZ	DZ	ORG	ORG_1325
Devici Mariji	Devica Marija	PER	PER_2201
Galije	Galija	LOC	LOC_2197
Generalštaba Slovenske vojske	generalštaba slovenski vojska	ORG	ORG_1676
Gorca	Gorca	LOC	LOC_1413
Gregor III .	Gregor III .	PER	PER_2202
Igor Zorčič	Igor Zorčič	PER	PER_1545
Janez Janša	Janez Janša	PER	PER_2013
Katoliški cerkvi	katoliški cerkev	LOC	LOC_2195
Kongresnem trgu v Ljubljani	kongresen trg v Ljubljana	LOC	LOC_2188
Kopru	Koper	LOC	LOC_1875
Kristusovih	Kristusov	PER	PER_2207
Kristusu	Kristus	PER	PER_2207
Lipi sprave	lip sprava	EVT	EVT_2192
Ljubljani	Ljubljana	LOC	LOC_1265
Materi	mati	PER	PER_2205
Mestni občini Maribor	mesten občina Maribor	LOC	LOC_1393
NOB	NOB	ORG	ORG_2191
Odrešeniku	odrešenik	PER	PER_2204
Pantheon	Pantheon	LOC	LOC_2200
Papež Gregor IV	papež Gregor IV	PER	PER_2202
Pobrežje	Pobrežje	LOC	LOC_2194
Razvanje	Razvanje	LOC	LOC_1421
Rimu	Rim	LOC	LOC_544
Robert Glavaš	Robert Glavaš	PER	PER_2190
Slovenske škofovske konference	slovenski škofovski konferenca	ORG	ORG_1375
Stanislav Zore	Stanislav Zore	PER	PER_1376
SŠK	SŠK	ORG	ORG_877
Vzhodu	vzhod	LOC	LOC_203
nebeški Cerkvi	nebeški cerkev	ORG	ORG_2208
prve svetovne vojne	prvi svetoven vojna	EVT	EVT_407
sv. Petru	sv . Peter	LOC	LOC_2203
vzhodne Cerkve	vzhoden Cerkve	ORG	ORG_2198
Žal	žal	LOC	LOC_2193
