sl-1
Allbirds	Allbirds	ORG	ORG_1731
Amazon	Amazon	ORG	ORG_1362
American Airlines	American Airlines	ORG	ORG_397
Američani	Američan	PER	PER_64
Američanom	Američan	PER	PER_64
Andrew Cuomo	Andrew Cuomo	PER	PER_1662
Anthony Fauci	Anthony Fauca	PER	PER_169
Apple	Apple	ORG	ORG_1727
Avstraliji	Avstralija	LOC	LOC_19
Bill DeBlasio	Bill DeBlasio	PER	PER_1658
CDC	CDC	ORG	ORG_275
Center za nadzor nad nalezljivimi boleznimi	center za nadzor nad nalezljiv bolezen	ORG	ORG_534
DeBlasio	DeBlasio	PER	PER_1734
Delta	delta	ORG	ORG_397
Evropo	Evropa	LOC	LOC_49
Glossier	Glossier	ORG	ORG_1730
Irsko	irski	LOC	LOC_196
Japonskem	Japonsko	LOC	LOC_13
Južna Karolina	južen Karolin	LOC	LOC_168
Južni Koreji	južen Koreja	LOC	LOC_60
Kalifornija	Kalifornija	LOC	LOC_102
Kanadi	Kanada	LOC	LOC_78
Kitajskem	Kitajsko	LOC	LOC_56
Koronavirus	Koronavirus	PRO	PRO_4
Melanie Trump	Melanie Trump	PER	PER_1738
Ministrstvo za transport ZDA	ministrstvo za transport ZDA	ORG	ORG_1724
Moderna	moderna	ORG	ORG_87
Nacionalnega inštituta za zdravje	nacionalen inštitut za zdravje	ORG	ORG_1626
New York	New York	LOC	LOC_103
New Yorka	New York	LOC	LOC_103
New Yorku	New York	LOC	LOC_103
Newyorčan	Newyorčan	PER	PER_1735
Nike	Nike	ORG	ORG_1725
Novi Zelandiji	nov Zelandija	LOC	LOC_190
Ohiu	Ohiu	LOC	LOC_1736
Patagonia	Patagonio	ORG	ORG_1726
Seattlu	Seattle	LOC	LOC_1723
Steven Mnuchin	Steven Mnuchin	PER	PER_1732
Trump	Trump	PER	PER_977
United	United	ORG	ORG_1733
Urban Outfitters	Urban Outfitters	ORG	ORG_1729
Veliko Britanijo	velik Britanija	LOC	LOC_6
Vermont	Vermont	LOC	LOC_1737
Warby Parker	Warby Parker	ORG	ORG_1728
ZDA	ZDA	LOC	LOC_69
koronavirusom	koronavirus	ORG	ORG_978
zahodni Evropi	zahoden Evropa	LOC	LOC_49
