sl-215
COVID-19	COVId - 19	PRO	PRO_105
Dušana Barage	Dušan Barage	PER	PER_1260
Enota za biološka zdravila	enota za biološki zdravilo	ORG	ORG_1266
Jablanovičeva	Jablanovičev	PER	PER_1261
KVČB	kvčb	ORG	ORG_1255
Koželj	Koželj	PER	PER_1264
Kronična	kroničen	PRO	PRO_1254
Ljubljani	Ljubljana	LOC	LOC_1265
Mateje Saje	Mateja Saje	ORG	ORG_1259
Matic Koželj	Matic Koželj	PER	PER_1256
Matica Koželja	matica Koželja	ORG	ORG_1263
Medicina in ljudje	medicina in človek	ORG	ORG_1258
Nataše Smrekar#Nataša Smrekar	Nataša Smrekar tnatašati Smrekar	PER	PER_1267
Pravnoinformacijskega centra nevladnih organizacij – PIC	pravnoinformacijski center nevladen organizacija – PIC	ORG	ORG_1262
SARS-CoV-2	SARS - cov - 2	PRO	PRO_88
Sanja Jablanovič	sanjati Jablanovič	PER	PER_1261
Sanje Jablanovič	sanje Jablanovič	PER	PER_1261
Sloveniji	Slovenija	LOC	LOC_831
UKC Ljubljana	UKC Ljubljana	ORG	ORG_1257
Viva	Vivo	PRO	PRO_1171
ZZZS	ZZZS	ORG	ORG_1217
zakonu o	zakon o	PRO	PRO_1270
