sl-200
Agencija za javno zdravje PHE	agencija za javen zdravje PHE	ORG	ORG_2233
Angliji	Anglija	LOC	LOC_6
BBC	BBC	ORG	ORG_382
Barnet	Barnet	LOC	LOC_2226
Barnetu	Barne	LOC	LOC_2226
Boris Johnson	Boris Johnson	PER	PER_52
Borough resilience forum	Borough resilienci forum	ORG	ORG_2235
Britanci	Britanci	PER	PER_450
CMO	cmo	ORG	ORG_2234
COVID-19	COVId - 19	EVT	EVT_233
Chris Witty	Chris Witty	PER	PER_2231
Evropi	Evropa	LOC	LOC_49
Italije	Italija	LOC	LOC_50
Italiji	Italija	LOC	LOC_50
Janet Djomba	Janet Djomba	PER	PER_1150
London	London	LOC	LOC_23
Londona	London	LOC	LOC_23
Londonu	London	LOC	LOC_23
Ministrstva za zdravje	ministrstvo za zdravje	ORG	ORG_35
NHS	nhs	ORG	ORG_1155
NIJZ	NIJZ	ORG	ORG_1294
Nacionalnem inštitutu za javno zdravje	nacionalen inštitut za javen zdravje	ORG	ORG_1626
Otoku	otok	LOC	LOC_1754
PHE	phe	ORG	ORG_2228
Patric Vallance	Patric Vallance	PER	PER_2232
Public Health England	public health England	ORG	ORG_2227
SUGAR SMART Barnet	sugar smart Barnet	PRO	PRO_2229
Sloveniji	Slovenija	LOC	LOC_831
Slovenijo	Slovenija	LOC	LOC_831
Veliko Britanijo	velik Britanija	LOC	LOC_6
Združenem kraljestvu	združen kraljestvo	LOC	LOC_6
koronavirus	koronavirus	PRO	PRO_4
ljubljanski Medicinski fakulteti	ljubljanski medicinski fakulteta	ORG	ORG_1378
ministrstvo za zdravje	ministrstvo za zdravje	ORG	ORG_35
regijskega oddelka za varovanje zdravja	regijski oddelek za varovanje zdravje	ORG	ORG_2230
vladna agencija za javno zdravje	vladen agencija za javen zdravje	ORG	ORG_1626
