sl-210
Bill Gates	Bill Gates	PER	PER_1306
Bloomberg	Bloomberg	ORG	ORG_121
EU	EU	ORG	ORG_5
Evrope	Evropa	LOC	LOC_49
Evropi	Evropa	LOC	LOC_49
IMF	IMF	ORG	ORG_340
Irsko	irski	LOC	LOC_196
Joseph Stiglitz	Joseph Stiglitz	PER	PER_1316
Kapital	kapital	PRO	PRO_1315
Konference Združenih narodov o trgovini in razvoju	konferenca združen narod o trgovina in razvoj	EVT	EVT_1305
Luksemburgu	Luksemburg	LOC	LOC_419
Malto	Malto	LOC	LOC_420
Manifestu za demokratizacijo Evrope	Manifest za demokratizacija Evropa	PRO	PRO_1314
Martin Luther King	Martin Luther King	PER	PER_1318
Mednarodni denarni sklad	mednaroden denaren sklad	ORG	ORG_57
Nemčije	Nemčija	LOC	LOC_27
Nizozemske	nizozemski	LOC	LOC_190
Nizozemskem	nizozemski	LOC	LOC_190
Oxfam	oxfam	ORG	ORG_1312
Panamskih dokumentih	panamski dokument	PRO	PRO_1310
Piketty	Piketty	PER	PER_1313
TJN	TJN	ORG	ORG_1309
Tax Justice Network	tax Justice Network	ORG	ORG_1308
Thomas Piketty	Thomas Piketty	PER	PER_1313
UNICAD	unicad	ORG	ORG_1304
Združenem kraljestvu	združen kraljestvo	LOC	LOC_6
Zemljanov	zemljan	LOC	LOC_1307
evropske komisije	evropski komisija	ORG	ORG_129
zahodni Evropi	zahoden Evropa	LOC	LOC_49
Švici	Švica	LOC	LOC_1311
