sl-214
Aleksander Čeferin	Aleksander Čeferin	PER	PER_2019
Angliji	Anglija	LOC	LOC_6
Avstriji	Avstrija	LOC	LOC_19
Brdu pri Kranju	Brd pri Kranj	LOC	LOC_1409
Evropi	Evropa	LOC	LOC_49
Evropska nogometne zveza	evropski nogometen zveza	ORG	ORG_2018
Hrvaškem	Hrvaško	LOC	LOC_1674
Italiji	Italija	LOC	LOC_50
Janez Janša	Janez Janša	PER	PER_2013
Janša	Janša	PER	PER_2013
Marko Por	Marko por	PER	PER_664
Münchnu	München	LOC	LOC_1941
Nemčiji	Nemčija	LOC	LOC_27
Nizozemska	nizozemski	LOC	LOC_190
Oktoberfest	Oktoberfest	EVT	EVT_2020
Pokljuki	Pokljuka	LOC	LOC_2017
Sloveniji	Slovenija	LOC	LOC_831
Teniški zvezi Slovenije	teniški zveza Slovenija	ORG	ORG_2021
decembrsko svetovno prvenstvo v smučarskih poletih	decembrski svetoven prvenstvo v smučarski polet	EVT	EVT_2014
dolini pod Poncami	dolina pod Ponca	LOC	LOC_2015
nogometna	nogometen	ORG	ORG_2018
nogometne lige	nogometen liga	ORG	ORG_2018
svetovno prvenstvo v biatlonu	svetoven prvenstvo v biatlon	EVT	EVT_2016
Češkem	Češkem	LOC	LOC_137
Španiji	Španija	LOC	LOC_10
