sl-212
Cesti proletarskih brigad 21	cesta proletarski brigad 21	ORG	ORG_2085
Civilne zaščite	civilen zaščita	ORG	ORG_499
Covid-19	Covid - 19	ORG	ORG_204
Gasilske brigade Maribor	gasilski brigada Maribor	ORG	ORG_1740
Jernej Završnik	Jernej Završnik	PER	PER_1744
Maribora	Maribor	LOC	LOC_1879
Mariboru	Maribor	LOC	LOC_1879
Mestne občine Maribor	mesten občina Maribor	ORG	ORG_1740
Mestni občini Maribor	mesten občina Maribor	ORG	ORG_1740
NIJZ	NIJZ	ORG	ORG_1294
Nacionalnega inštituta za javno zdravje	nacionalen inštitut za javen zdravje	ORG	ORG_1626
Območnega združenja Rdečega križa Maribor	območen združenje rdeč križ Maribor	ORG	ORG_2083
Območno obrtno zbornico Maribor	območen obrten zbornica Maribor	ORG	ORG_1740
Policijske uprave Maribor	policijski uprava Maribor	ORG	ORG_1740
Rdečega križa Maribor	rdeč križ Maribor	ORG	ORG_2083
Saša Arsenovič	Sašo Arsenovič	PER	PER_1822
Slovensko vojsko	slovenski vojska	ORG	ORG_1676
Svet	svet	ORG	ORG_1303
Svet za obvladovanje širjenja	svet za obvladovanje širjenje	ORG	ORG_2082
UKC Maribor	UKC Maribor	ORG	ORG_1740
Univerzitetni klinični center Maribor	univerziteten kliničen center Maribor	ORG	ORG_1968
Upravne enote Maribor	upraven enota Maribor	ORG	ORG_1740
Upravni enoti Maribor	upraven enota Maribor	ORG	ORG_1740
Vojko Flis	Vojko Flis	PER	PER_2086
ZD Maribor	ZD Maribor	ORG	ORG_1740
Zdravstveni dom Maribor	zdravstven dom Maribor	ORG	ORG_1739
Zoran Simonovič	Zoran Simonovič	PER	PER_802
enote Maribor	enota Maribor	ORG	ORG_1740
občine	občina	ORG	ORG_554
Štajersko gospodarsko zbornico	Štajerska gospodarski zbornica	ORG	ORG_2084
