sl-205
Abe	Abe	PER	PER_2103
Abeja	Abeja	PER	PER_2103
Bach	Bach	PER	PER_2105
Bachom	Bach	PER	PER_2105
Blaž Perko	Blaž Perko	PER	PER_2113
Covid	Covid	PRO	PRO_403
Japonska	Japonska	LOC	LOC_13
Joširo Mori	Joširo Mori	PER	PER_2106
Juriko Koike	Juriko Koike	PER	PER_2107
Kyodo News	Kyoda news	ORG	ORG_2104
MOK	mok	ORG	ORG_693
Mednarodnega olimpijskega komiteja	mednaroden olimpijski komite	ORG	ORG_2101
OI	OI	EVT	EVT_2099
OI 2021	OI 2021	EVT	EVT_2109
OKS	OKS	ORG	ORG_2112
Olimpijskem komiteju Slovenije	olimpijski komite Slovenija	ORG	ORG_2101
Olimpijski komite	olimpijski komite	ORG	ORG_1684
STA	biti	ORG	ORG_953
Seiko Hašimoto	seika hašiti	PER	PER_2108
Thomasu Bachu	Thomas Bach	PER	PER_2102
Tokia	Tokia	LOC	LOC_2100
Tokio	Tokia	LOC	LOC_2100
Tokio 2020	Tokia 2020	EVT	EVT_2110
Tokiu	Tokio	LOC	LOC_2100
Šinzo Abe	Šinzo Abe	PER	PER_2098
