sl-230
Američani	Američan	PER	PER_64
Bidnovo	Bidnov	PER	PER_1246
Brian Kemp	Brian Kemp	PER	PER_1247
Donald Trump	Donald Trump	PER	PER_70
Florida	Florid	LOC	LOC_894
Gavin Newsom	Gavin News	PER	PER_1248
Georgii	Georgii	LOC	LOC_357
Giuliani	Giuliani	PER	PER_1244
Giulianija	Giulianija	PER	PER_1244
Illinois	Illinois	LOC	LOC_1249
Joeja Bidna	Joeja Bidno	PER	PER_76
Kaliforniji	Kalifornija	LOC	LOC_102
Lansingu	Lansing	LOC	LOC_1245
Michiganu	Michigan	LOC	LOC_99
New York	New York	LOC	LOC_103
New Yorka	New York	LOC	LOC_103
Rudy Giuliani	Rudy Giuliani	PER	PER_1244
Teksas	Teksas	LOC	LOC_1022
Trump	Trump	PER	PER_977
Trumpa	Trumpa	PER	PER_977
Trumpov	Trumpov	PER	PER_977
Washingtonu	Washington	LOC	LOC_183
ZDA	ZDA	LOC	LOC_69
covida-19	Covid - 19	EVT	EVT_233
