sl-21
AFP	AFP	ORG	ORG_1211
Albert Bourla	Albert Bourla	PER	PER_1283
BBC	BBC	ORG	ORG_382
BioNTech	Biontech	ORG	ORG_68
BioNTechu	Biontech	ORG	ORG_68
Borut Štrukelj	Borut Štrukelj	PER	PER_1599
EU	EU	ORG	ORG_5
Ema	Ema	ORG	ORG_83
EpiVacCorona	Epivaccoron	ORG	ORG_1892
Evropski agenciji za zdravila	evropski agencija za zdravilo	ORG	ORG_82
FDA	FDA	ORG	ORG_66
MHRA	MHRA	ORG	ORG_1885
Moskva	Moskva	LOC	LOC_316
Pfizer	Pfizer	ORG	ORG_67
Pfizer-BioNTech	Pfizer - Biontech	ORG	ORG_67
Pfizerja	Pfizer	ORG	ORG_67
Pfizerju	Pfizer	ORG	ORG_67
Putin	Putin	PER	PER_315
Rusija	Rusija	LOC	LOC_95
Rusiji	Rusija	LOC	LOC_95
Sputnik V	sputnik V	PRO	PRO_929
Tatjano Golikovo	Tatjano Golikovo	PER	PER_796
Ugur Sahin	Ugur Sahin	PER	PER_300
Velika Britanija	velik Britanija	LOC	LOC_6
Veliki Britaniji	velik Britanija	LOC	LOC_6
Veliko Britanijo	velik Britanija	LOC	LOC_6
Vladimir Putin	Vladimir Putin	PER	PER_315
Združenem kraljestvu	združen kraljestvo	LOC	LOC_6
agencije za zdravila in zdravstvene izdelke	agencija za zdravilo in zdravstven izdelek	ORG	ORG_2087
ameriškem uradu za hrano in zdravila	ameriški urad za hrana in zdravilo	ORG	ORG_65
covid-19	covid - 19	EVT	EVT_233
covidu-19	Covid - 19	EVT	EVT_233
univerze Johnsa Hopkinsa	univerza Johns Hopkins	ORG	ORG_75
za farmacijo	za farmacija	ORG	ORG_2236
zdravstvenega centra ruskega obrambnega	zdravstven center ruski obramben	ORG	ORG_2237
