sl-203
Boris Johnson	Boris Johnson	PER	PER_52
Britancev	Britanec	PER	PER_450
Britanski politi훾ni vrh	britanski politi훾en vrh	ORG	ORG_1779
Covid-19	Covid - 19	PRO	PRO_105
Evropi	Evropa	LOC	LOC_49
Italije	Italija	LOC	LOC_50
Johnsona	Johnson	PER	PER_1154
Ju탑ne Koreje	ju탑en Koreja	LOC	LOC_60
Kitajske	Kitajska	LOC	LOC_56
Leicester Royal Infirmary	Leicester Royal Infirmary	ORG	ORG_1778
Leicester Square	Leicester Square	LOC	LOC_1780
Leicestru	Leicestro	LOC	LOC_1777
Minca Mramor	Minca Mramor	PER	PER_1776
Slovenci	Slovenec	PER	PER_716
Sloveniji	Slovenija	LOC	LOC_831
VB	VB	ORG	ORG_1357
Velika Britanija	velik Britanija	LOC	LOC_6
Velike Britanije	velik Britanija	LOC	LOC_6
Veliki Britaniji	velik Britanija	LOC	LOC_6
WHO	who	ORG	ORG_86
koronavirusa	koronavirus	EVT	EVT_3
