sl-201
DHL	DHL	ORG	ORG_1918
Evropi	Evropa	LOC	LOC_49
Frankfurt am Main	Frankfurt am Main	LOC	LOC_29
Hongkong	Hongkong	LOC	LOC_17
Iran	Iran	LOC	LOC_177
Kopru	Koper	LOC	LOC_1875
Landt	Landt	PER	PER_2221
Landtov	Landtov	ORG	ORG_2224
Ljubljani	Ljubljana	LOC	LOC_1265
Mariboru	Maribor	LOC	LOC_1879
Olfert Landt	Olfert Landt	PER	PER_2219
Seegene	Seegene	ORG	ORG_1079
Svetovni	svetoven	ORG	ORG_1303
TIB Molbiol Syntheselabor GmbH	TIB Molbiol Syntheselabor GmbH	ORG	ORG_2217
Tagesspiegel	Tagesspiegel	PRO	PRO_2218
TiB MolBiol	tib Molbiol	ORG	ORG_2216
UPS	UPS	ORG	ORG_2223
inštitut za mikrobiologijo in imunologijo ljubljanske medicinske fakultete	inštitut za mikrobiologija in imunologija ljubljanski medicinski fakulteta	ORG	ORG_708
klinika Golnik	klinika Golnik	ORG	ORG_1395
mercedesom	mercedes	PRO	PRO_2222
univerzi v Berlinu	univerza v Berlin	ORG	ORG_2220
