sl-227
Andreja Kofol Seliger	Andreja Kofol Seliger	PER	PER_2154
Anja Koren Jeverica	Anja Koren Jeverica	PER	PER_2152
Apple store	apple store	ORG	ORG_1727
Google Play	google play	PRO	PRO_2150
Kofol Seligerjeva	Kofol Seligerjev	PER	PER_2154
MASK Air	mask air	ORG	ORG_2149
Mihaela Zidarn	Mihael Zidarn	PER	PER_2147
NLZOH	NlzOh	ORG	ORG_1240
Nacionalnem laboratoriju za zdravje , okolje in hrano	nacionalen laboratorij za zdravje , okolje in hrana	ORG	ORG_1626
Primorju	Primorje	LOC	LOC_2156
Primorskem	Primorsko	LOC	LOC_2156
Skupine za aerobiologijo	skupina za aerobiologija	ORG	ORG_2155
Sloveniji	Slovenija	LOC	LOC_831
Slovensko tiskovno agencijo	slovenski tiskoven agencija	ORG	ORG_2151
Tina Vesel	Tina vesel	PER	PER_2153
Univerzitetnega klini훾nega centra	univerziteten klini훾en center	ORG	ORG_625
Zidarnova	zidarnov	PER	PER_2148
covid-19	covid - 19	EVT	EVT_233
klinike za plju훾ne bolezni in alergijo Golnik	klinika za plju훾en bolezen in alergija Golnik	ORG	ORG_1395
