sl-27
Andrew Pollard	Andrew Pollard	PER	PER_1213
AstraZeneca	astrazenec	ORG	ORG_89
Braziliji	Brazilija	LOC	LOC_713
CEPI	cepiti	ORG	ORG_1082
ChAdOx1 nCoV-19	Chadox1 ncov - 19	PRO	PRO_569
Evropsko vključujočo zvezo za cepiva	evropski vključujoč zveza za cepiv	ORG	ORG_1587
Gamaleja	Gamalej	PER	PER_1591
IVA	IVA	ORG	ORG_1588
Indijskim serumskim inštitutom	indijski serumski inštitut	ORG	ORG_807
Inštitutu Jenner Univerze v Oxfordu	inštitut Jenner univerza v Oxford	ORG	ORG_1585
Južni Afriki	južen Afrika	LOC	LOC_157
Koalicijo za epidemiološko pripravljenost	koalicija za epidemiološki pripravljenost	ORG	ORG_1589
Oxforda	Oxford	ORG	ORG_1050
Pollard	Pollard	PER	PER_1213
Rusi	Rus	PER	PER_1372
Rusije	Rusija	LOC	LOC_95
Rusiji	Rusija	LOC	LOC_95
The Lancet	the lancet	PRO	PRO_846
Turčiji	Turčija	LOC	LOC_138
Univerza v Oxfordu	univerza v Oxford	ORG	ORG_1050
Univerze v Oxfordu	univerza v Oxford	ORG	ORG_1050
Univerzi v Oxfordu	univerza v Oxford	ORG	ORG_1050
Veliko Britanijo	velik Britanija	LOC	LOC_6
ZDA	ZDA	LOC	LOC_69
Združenih arabskih emiratih	združen arabski emirat	LOC	LOC_81
britanskega veleposlaništva v Ljubljani	britanski veleposlaništvo v Ljubljana	ORG	ORG_1586
raziskovalni inštitut za epidemiologijo in mikrobiologijo	raziskovalen inštitut za epidemiologija in mikrobiologija	ORG	ORG_708
zvezo Gavi	zveza Gava	ORG	ORG_1590
