sl-202
Civilna zaščita	civilen zaščita	ORG	ORG_224
Civilne zaščite	civilen zaščita	ORG	ORG_499
Covid-19	Covid - 19	PRO	PRO_105
Hrvatih	Hrvat	PER	PER_1569
Hrvaškem	Hrvaško	LOC	LOC_1674
Italijani	Italijan	PER	PER_552
Italije	Italija	LOC	LOC_50
Italiji	Italija	LOC	LOC_50
Italijo	Italija	LOC	LOC_50
Janez Janša	Janez Janša	PER	PER_2013
Kitajcem	Kitajec	PER	PER_2121
Kitajci	Kitajec	PER	PER_2121
Kitajska	Kitajska	LOC	LOC_56
Kitajske	Kitajska	LOC	LOC_56
Kitajski	Kitajska	LOC	LOC_56
Ljubljana	Ljubljana	LOC	LOC_1265
Matej Tonin	Matej Tonin	PER	PER_1483
Metliki	Metlika	LOC	LOC_2247
Ministrstvo za zdravje	ministrstvo za zdravje	ORG	ORG_35
Slovenci	Slovenec	PER	PER_716
Slovenije	Slovenija	LOC	LOC_831
Sloveniji	Slovenija	LOC	LOC_831
Srečko Šestan	Srečko Šestan	PER	PER_1975
Srečkom Šestanom	Srečk Šestan	PER	PER_1975
Svet za nacionalno varnost	svet za nacionalen varnost	ORG	ORG_161
