sl-220
Berlinu	Berlin	LOC	LOC_504
Better	better	ORG	ORG_1529
Better platformi	better platform	PRO	PRO_1541
COVID 19	COVId 19	PRO	PRO_105
COVID-19	COVId - 19	EVT	EVT_233
Calgariju	Calgarij	LOC	LOC_1546
CapGemini	CapGemini	ORG	ORG_1549
Charité	Charité	ORG	ORG_1532
Dassault system	dassault system	ORG	ORG_1550
Franciji	Francija	LOC	LOC_20
GrandEst	Grandest	PRO	PRO_1551
Göttingen	Göttingen	LOC	LOC_1536
Hannover	Hannover	LOC	LOC_1537
Heidelberg	Heidelberg	LOC	LOC_1534
HiGHmed	hi ghmed	ORG	ORG_1530
HiGHmed-u	Hi GHmed - u	ORG	ORG_1530
HiGHmedu	Hi Ghmed	ORG	ORG_1530
Mednarodna fundacija	mednaroden fundacija	ORG	ORG_1543
Moskvi	Moskva	LOC	LOC_316
Nemčije	Nemčija	LOC	LOC_27
Nemčiji	Nemčija	LOC	LOC_27
Newsweek	Newsweek	PRO	PRO_1533
OpenEHR	openehr	ORG	ORG_1544
STA	biti	ORG	ORG_953
Sardiniji	Sardinija	LOC	LOC_1547
SmICS	Smics	PRO	PRO_1539
Smart Infection Control System	Smart infection control system	PRO	PRO_1540
Somerset	Somerset	LOC	LOC_1552
Stefan Becker	Stefan Becker	PER	PER_1538
Strasbourg-u	Strasbourg - u	LOC	LOC_1548
Tomaž Gornik	Tomaž Gornik	PER	PER_1545
pandemije COVID-19	pandemija covid - 19	EVT	EVT_233
