sl-206
Aleša Hojsa	Aleša Hojsa	PER	PER_1484
Avstriji	Avstrija	LOC	LOC_19
Blaž Mrevlje	Blaž Mrevlje	PER	PER_2141
Blaž Zgaga	Blaž Zgaga	PER	PER_2146
Breznik	Breznik	PER	PER_2142
Breznika	Breznik	PER	PER_2142
Državni zbor	državen zbor	ORG	ORG_754
Franc Breznik	Franc Breznik	PER	PER_2142
Franca Kanglerja	Franc Kangler	PER	PER_2144
GPS	GPS	PRO	PRO_1584
Janeza Janše	Janez Janše	PER	PER_2013
Janševe	Janšev	PER	PER_2013
Janševih	Janšev	PER	PER_2013
LMŠ	LMŠ	ORG	ORG_1335
Levica	levica	ORG	ORG_761
Levice	levica	ORG	ORG_761
Mladina	mladina	ORG	ORG_2145
Mrevlje	Mrevlje	PER	PER_2143
Nova24TV	nova24tv	PRO	PRO_484
Republike Slovenije	republika Slovenija	LOC	LOC_831
SAB	sab	ORG	ORG_696
SARS-CoV-2	SARS - cov - 2	PRO	PRO_88
SD	SD	ORG	ORG_1243
Slovenije	Slovenija	LOC	LOC_831
Sloveniji	Slovenija	LOC	LOC_831
Slovenijo	Slovenija	LOC	LOC_831
Slovenska policija	slovenski policija	ORG	ORG_1676
Slovenske vojske	slovenski vojska	ORG	ORG_1676
Slovenski vojski	slovenski vojska	ORG	ORG_1676
Slovensko južno mejo	slovenski južen meja	LOC	LOC_1392
Vinkom Gorenakom	Vink Gorenak	PER	PER_1322
Zakona o obrambi	zakon o obramba	PRO	PRO_2140
covid-19	covid - 19	PRO	PRO_105
slovenska vojska?!	slovenski vojska ? !	ORG	ORG_1676
slovenskih policistov	slovenski policist	PER	PER_1673
Šarčevi	Šarčev	PER	PER_1469
