sl-225
AFP	AFP	ORG	ORG_1211
Christopherja Murraya	Christopher Murray	PER	PER_1755
Covid-19	Covid - 19	PRO	PRO_105
Evropa	Evropa	LOC	LOC_49
Evropi	Evropa	LOC	LOC_49
Francija	Francija	LOC	LOC_20
Franciji	Francija	LOC	LOC_20
IHME	Ihme	ORG	ORG_829
Italiji	Italija	LOC	LOC_50
Kitajskem	Kitajsko	LOC	LOC_56
Murray	Murray	PER	PER_1755
Otoku	otok	LOC	LOC_1754
Sloveniji	Slovenija	LOC	LOC_831
Slovenijo	Slovenija	LOC	LOC_831
Svetovne zdravstvene organizacije	svetoven zdravstven organizacija	ORG	ORG_133
Veliki Britaniji	velik Britanija	LOC	LOC_6
WHO	who	ORG	ORG_86
ZDA	ZDA	LOC	LOC_69
ameriškega Inštituta za zdravstveno meroslovje in ocenjevanje	ameriški inštitut za zdravstven meroslovje in ocenjevanje	ORG	ORG_1753
covida-19	Covid - 19	EVT	EVT_233
covidu-19	Covid - 19	PRO	PRO_105
vzhodni Aziji	vzhoden Azija	LOC	LOC_55
Španija	Španija	LOC	LOC_10
Španiji	Španija	LOC	LOC_10
