sl-217
Alenke Bratušek	Alenka Bratušek	PER	PER_1505
Bogu	Bog	PER	PER_1508
Bruselj	Bruselj	LOC	LOC_1373
COVID-19	COVId - 19	EVT	EVT_233
Državnem zboru	državen zbor	ORG	ORG_754
Evropi	Evropa	LOC	LOC_49
Evropske komisije	evropski komisija	ORG	ORG_1444
Facebooku	Facebook	PRO	PRO_98
Italiji	Italija	LOC	LOC_50
Kitajske	Kitajska	LOC	LOC_56
Kitajskem	Kitajsko	LOC	LOC_56
Levice	levica	ORG	ORG_761
Liste	list	ORG	ORG_1503
Marjana	Marjan	PER	PER_347
Slovenija	Slovenija	LOC	LOC_831
Sloveniji	Slovenija	LOC	LOC_831
Socialnih demokratov	socialen demokrat	ORG	ORG_1433
Stranke	stranka	ORG	ORG_1181
Twitterju	Twitter	PRO	PRO_71
Usmeritve v	usmeritev v	PRO	PRO_1506
ZDA	ZDA	LOC	LOC_69
zvezi z varstvom podatkov za aplikacije	zveza z varstvo podatek za aplikacija	ORG	ORG_1507
Šarca	Šarca	ORG	ORG_1504
Španiji	Španija	LOC	LOC_10
