sl-3
Aleksandru Vulinu	Aleksander Vulin	PER	PER_1954
Angele Merkel	Angele Merkel	PER	PER_117
Antonia Guterresa	Antonio Guterres	PER	PER_269
Balkanu	Balkan	LOC	LOC_1953
Bosne in Hercegovine	Bosna in Hercegovine	LOC	LOC_393
Brazilijo	Brazilija	LOC	LOC_713
Charlize Theron	Charlize Theron	PER	PER_1786
Chennai	Chennai	LOC	LOC_1958
Chris Rock	Chris rock	PER	PER_1964
Coldplay	Coldplay	PER	PER_1961
Dwayne Johnson	Dwayne Johnson	PER	PER_1154
EIB	EIB	ORG	ORG_414
EU	EU	ORG	ORG_5
Emmanuela Macrona	Emmanuel Macron	PER	PER_24
Evropo	Evropa	LOC	LOC_49
Evropska investicijska banka	evropski investicijski banka	ORG	ORG_112
Evropska komisija	evropski komisija	ORG	ORG_1444
Evropske komisije	evropski komisija	ORG	ORG_1444
Floridi	Floridi	LOC	LOC_894
Forest Whitaker	Forest Whitaker	PER	PER_1965
Global Citizen	Global Citizen	ORG	ORG_1959
Hrvaškem	Hrvaško	LOC	LOC_1674
Indija	Indija	LOC	LOC_336
Indiji	Indija	LOC	LOC_336
Justin Bieber	Justin Bieber	PER	PER_1962
Maji Gojković	Maja Gojković	PER	PER_1955
Merklova	merklov	PER	PER_1793
Milan Krek	Milan Krek	PER	PER_1627
Miley Cyrus	Miley Cyrus	PER	PER_1963
Mumbai	Mumbai	LOC	LOC_1054
NIJZ	NIJZ	ORG	ORG_1294
Nacionalnega inštituta za javno zdravje	nacionalen inštitut za javen zdravje	ORG	ORG_1626
Nemčija	Nemčija	LOC	LOC_27
Nemčiji	Nemčija	LOC	LOC_27
New Delhi	New Delhi	LOC	LOC_1957
Radio Slovenija	radio Slovenija	PRO	PRO_1952
Rusijo	Rusija	LOC	LOC_95
Salma Hayek	Salma Hayek	PER	PER_1966
Severne Makedonije	severen Makedonija	LOC	LOC_394
Shakira	Shakira	PER	PER_1960
Sloveniji	Slovenija	LOC	LOC_831
Slovenijo	Slovenija	LOC	LOC_831
Srbije	Srbija	LOC	LOC_831
Srbiji	Srbija	LOC	LOC_831
Teksasu	Teksas	LOC	LOC_1022
Ursula von der Leyen	Ursula von der Leyen	PER	PER_45
ZDA	ZDA	LOC	LOC_69
ZN	ZN	ORG	ORG_1330
covid-19	covid - 19	EVT	EVT_233
južnih	južen	LOC	LOC_533
nacionalni štab civilne zaščite	nacionalen štab civilen zaščita	ORG	ORG_499
univerze Johnsa Hopkinsa	univerza Johns Hopkins	ORG	ORG_75
zahodnih zveznih državah	zahoden zvezen država	LOC	LOC_1956
