sl-34
AstraZeneca	astrazenec	ORG	ORG_89
Bruselj	Bruselj	LOC	LOC_1373
Bruslju	Bruselj	LOC	LOC_1373
CureVac	Curevac	ORG	ORG_470
EU	EU	ORG	ORG_5
Evropska komisija	evropski komisija	ORG	ORG_1444
Evropske komisije	evropski komisija	ORG	ORG_1444
Francije	Francija	LOC	LOC_20
Italije	Italija	LOC	LOC_50
Johnson & Johnson	Johnson & Johnson	ORG	ORG_675
Komisija	komisija	ORG	ORG_1444
Moderna	moderna	ORG	ORG_87
Nemčije	Nemčija	LOC	LOC_27
Nizozemske	nizozemski	LOC	LOC_190
Sanofi-GSK	Sanofa - GSK	ORG	ORG_93
Stela Kiriakides	Stela Kiriakides	PER	PER_1722
Ursula von der Leyen	Ursula von der Leyen	PER	PER_45
covidu-19	Covid - 19	PRO	PRO_105
univerza v Oxfordu	univerza v Oxford	ORG	ORG_1050
