sl-42
Albert Bourla	Albert Bourla	PER	PER_1283
Ameriško upravo za hrano in zdravila	ameriški uprava za hrana in zdravilo	ORG	ORG_65
AstraZeneca	astrazenec	ORG	ORG_89
BioNTech	Biontech	ORG	ORG_68
BioNTecha	Biontech	ORG	ORG_68
CNN	CNN	ORG	ORG_383
CoronaVac	Coronavac	ORG	ORG_2122
Donalda Trumpa	Donalda Trumpa	PER	PER_70
EU	EU	ORG	ORG_5
Evropo	Evropa	LOC	LOC_49
Ford	Ford	ORG	ORG_2130
Ganymed Pharmaceuticals	Ganymed Pharmaceuticals	ORG	ORG_2127
Iskenderunu	iskenderun	LOC	LOC_2128
Kitajci	Kitajec	PER	PER_2121
Kitajskem	Kitajsko	LOC	LOC_56
Köln	Köln	LOC	LOC_2129
MIG AG	MIG AG	ORG	ORG_2133
Mainzu	Mainz	LOC	LOC_2126
Matthias Kromayer	Matthias Kromayer	PER	PER_2132
Matthias Theobald	Matthias theobati	PER	PER_2131
Nasdaq	nasdaq	ORG	ORG_1594
Nemcev	Nemec	PER	PER_659
Nemčiji	Nemčija	LOC	LOC_27
Nemčijo	Nemčija	LOC	LOC_27
Oxforda	Oxford	LOC	LOC_892
Pfizer	Pfizer	ORG	ORG_67
Pfizerjem	Pfizer	ORG	ORG_67
Reuters	Reuters	ORG	ORG_153
Reutersa	Reuters	ORG	ORG_153
Rusi	Rus	PER	PER_1372
Sahin	Sahin	PER	PER_2124
Sahina	Sahina	PER	PER_2124
Sputnik 5	sputnik 5	PRO	PRO_929
Türecijeva	Türecijev	PER	PER_2125
Türecijevo	Türecijev	PER	PER_2125
Ugur Sahin	Ugur Sahin	PER	PER_300
Univerzi v Mainzu	univerza v Mainz	ORG	ORG_842
Veterana	veterana	PER	PER_2123
Vuhanu	Vuhan	LOC	LOC_1131
Welt am Sonntag	Welt am Sonntag	PRO	PRO_1191
covida-19	Covid - 19	EVT	EVT_233
covidu-19	Covid - 19	PRO	PRO_105
Özlem Türeci	Özlem Türeci	PER	PER_2120
