sl-49
Američanov	Američan	PER	PER_64
Avstraliji	Avstralija	LOC	LOC_19
Brazilija	Brazilij	LOC	LOC_713
Britanci	Britanci	PER	PER_450
Evropi	Evropa	LOC	LOC_49
Filipinih	filipin	LOC	LOC_15
Hongkongu	Hongkong	LOC	LOC_17
Hubei	Hubei	LOC	LOC_1231
Imperial College London	Imperial College London	ORG	ORG_640
Japonske	Japonska	LOC	LOC_13
Kitajska	Kitajska	LOC	LOC_56
Kitajske	Kitajska	LOC	LOC_56
Kitajskem	Kitajsko	LOC	LOC_56
Kitajsko	Kitajska	LOC	LOC_56
Robin Shattock	Robin Shattock	PER	PER_1233
Shattock	Shattock	PER	PER_1234
Sky News	Sky news	PRO	PRO_1235
Wuhana	Wuhan	LOC	LOC_1131
Wuhanu	Wuhan	LOC	LOC_1131
ZDA	ZDA	LOC	LOC_69
severovzhodni provinci Heilongjiang	severovzhoden provinec Heilongjiang	LOC	LOC_1232
vzhodni provinci Zhejiang	vzhoden provinec Zhejiang	LOC	LOC_1232
