sl-44
+	+	ORG	ORG_1477
Accenture	Accenture	ORG	ORG_1479
Angela Merkel	Angel Merkel	PER	PER_117
Berlin	Berlin	LOC	LOC_504
BioNTech	Biontech	ORG	ORG_68
DW	dw	PRO	PRO_334
Deutsche Welle	Deutsche Welle	PRO	PRO_491
Evropska komisija	evropski komisija	ORG	ORG_1444
Jensa Spahna	Jensa Spahn	PER	PER_682
Klaus Cichutek	Klaus Cichutek	PER	PER_1107
Kühne	Kühne	ORG	ORG_1476
Nagel	nagel	ORG	ORG_1478
Nemci	Nemec	PER	PER_64
Nemčije	Nemčija	LOC	LOC_27
Nemčiji	Nemčija	LOC	LOC_27
Paula Ehrlicha	Paula Ehrlich	PER	PER_1109
Pfizer	Pfizer	ORG	ORG_67
Trans-o-flex	Trans - o - flex	ORG	ORG_1475
Welt am Sonntag	Welt am Sonntag	PRO	PRO_1191
Wolfgang Albeck	Wolfgang Albeck	PER	PER_1474
božiča	božič	EVT	EVT_418
covidu-19	Covid - 19	PRO	PRO_105
