sl-40
Angela Merkel	Angel Merkel	PER	PER_117
Antonio Guterres	Antonio Guterres	PER	PER_269
Argentina	Argentina	LOC	LOC_200
Avstralija	Avstralij	LOC	LOC_19
Brazilija	Brazilij	LOC	LOC_713
Covax	Covax	ORG	ORG_1331
Evropska unija	evropski unija	ORG	ORG_5
Evropske komisije	evropski komisija	ORG	ORG_1444
Francija	Francija	LOC	LOC_20
G20	G20	ORG	ORG_1326
Gavi	Gava	ORG	ORG_1081
Giuseppeju Conteju	Giuseppej Contej	PER	PER_546
Indija	Indija	LOC	LOC_336
Indonezija	Indonezija	LOC	LOC_336
Italija	Italija	LOC	LOC_50
Japonska	Japonska	LOC	LOC_13
Južna Afrika	južen Afrika	LOC	LOC_745
Južna Koreja	južen Korej	LOC	LOC_60
Kanada	Kanada	LOC	LOC_78
Kitajska	Kitajska	LOC	LOC_56
Mehika	Mehik	LOC	LOC_79
Merklova	merklov	PER	PER_1793
Nemčija	Nemčija	LOC	LOC_27
Recep Tayyip Erdogan	Recep Tayyip Erdogan	PER	PER_139
Rusija	Rusija	LOC	LOC_95
Salman	Salman	PER	PER_1327
Salmana	Salmana	PER	PER_1327
Savdska Arabija	savdski Arabija	LOC	LOC_81
Sputnik	sputnik	PRO	PRO_929
Turčija	Turčija	LOC	LOC_138
Ursula von der Leyen	Ursula von der Leyen	PER	PER_45
Velika Britanija	velik Britanija	LOC	LOC_6
Vladimir Putin	Vladimir Putin	PER	PER_315
Xi Jinping	Xi Jinping	PER	PER_1329
ZDA	ZDA	LOC	LOC_69
ZN	ZN	ORG	ORG_1330
covida-19	Covid - 19	EVT	EVT_233
covidu-19	Covid - 19	PRO	PRO_105
dpa	dpa	ORG	ORG_1286
