sl-47
AstraZeneca	astrazenec	ORG	ORG_89
Bahrajnu	Bahrajen	LOC	LOC_80
BioNTech	Biontech	ORG	ORG_68
BioNTecha	Biontech	ORG	ORG_68
DW	dw	PRO	PRO_334
Deutsche Welle	Deutsche Welle	PRO	PRO_491
EU	EU	ORG	ORG_5
Ema	Ema	ORG	ORG_83
Emi	Emi	ORG	ORG_83
Evropska agencija za zdravila	evropski agencija za zdravilo	ORG	ORG_82
Moderna	moderna	ORG	ORG_87
Pfizer	Pfizer	ORG	ORG_67
Pfizerja	Pfizer	ORG	ORG_67
Slovenijo	Slovenija	LOC	LOC_831
Wall Street Journal	Wall street Journal	PRO	PRO_97
Wall Street Journala	Wall Street Journal	PRO	PRO_97
ZDA	ZDA	LOC	LOC_69
Združenem kraljestvu	združen kraljestvo	LOC	LOC_6
oxfordska univerza	oxfordski univerza	ORG	ORG_1050
