sl-41
Amazon	Amazon	ORG	ORG_1362
Ameri훾ani	Ameri훾an	PER	PER_64
Avstrija	Avstrija	LOC	LOC_19
BioNTech	Biontech	ORG	ORG_68
Chicagu	Chicag	LOC	LOC_1595
Christine Lagarde	Christine Lagarda	PER	PER_1596
ECB	ECB	ORG	ORG_414
EU	EU	ORG	ORG_5
Evropi	Evropa	LOC	LOC_49
Facebook	Facebook	ORG	ORG_96
Francija	Francija	LOC	LOC_20
Google	Google	ORG	ORG_1597
Joe Biden	Joe Biden	PER	PER_76
Kitajska	Kitajska	LOC	LOC_56
Nasdaq	nasdaq	ORG	ORG_1594
Nem훾ija	Nem훾ija	LOC	LOC_27
New Yorku	New York	LOC	LOC_103
Pfizer	Pfizer	ORG	ORG_67
S&P 500	S&P 500	PRO	PRO_1593
ZDA	ZDA	LOC	LOC_69
covida-19	Covid - 19	EVT	EVT_233
covidu-19	Covid - 19	EVT	EVT_233
evropski monetarni uniji	evropski monetaren unija	ORG	ORG_112
