sl-50
Berlinu	Berlin	LOC	LOC_504
Bärbel Bas	Bärbel Bas	PER	PER_2012
CDU	CDU	ORG	ORG_2011
Cepi	cepiti	ORG	ORG_2009
Christofa Hetticha	Christof Hettich	PER	PER_2005
CureVac	Curevac	ORG	ORG_470
CureVacu	Curevac	PRO	PRO_476
Dietmar Hopp	Dietmar Hopp	PER	PER_2008
Donald Trump	Donald Trump	PER	PER_70
Evropi	Evropa	LOC	LOC_49
Evropske unije	evropski unija	ORG	ORG_5
Hettich	Hettich	PER	PER_2007
Hopp BioTech	Hopp Biotech	ORG	ORG_2004
Mannheimer Morgen	Mannheimer Morgen	PRO	PRO_2006
Nemčija	Nemčija	LOC	LOC_27
Nemčije	Nemčija	LOC	LOC_27
Nemčiji	Nemčija	LOC	LOC_27
Peter Altmaier	Peter Altmaier	PER	PER_2010
SPD	SPD	ORG	ORG_1029
Svetovne zdravstvene organizacije	svetoven zdravstven organizacija	ORG	ORG_133
Tübingenu	Tübingen	LOC	LOC_475
ZDA	ZDA	LOC	LOC_69
demokratov	demokrat	ORG	ORG_1433
