120
Alergii i Chorób Zakaźnych	alergia i choroba zakaźny	ORG	ORG_2421
Andrzej Dobrowolski	Andrzej Dobrowolski	PER	PER_2428
Anthony Fauci	Anthona Fauta	PER	PER_169
CDC	CDC	ORG	ORG_275
CNBC	CNBC	PRO	PRO_243
Centra Kontroli i Zapobiegania Chorobom	centrum kontrola i zapobiegać choroba	ORG	ORG_560
Covid-19	covid - 19	EVT	EVT_233
Donald Trump	Donald Trump	PER	PER_70
Donalda Trumpa	Donald Trump	PER	PER_70
Fauci	Fauta	PER	PER_2423
Krajowego Instytutu ds .	krajowy instytut do spraw .	ORG	ORG_2420
Michael Pratt	Michael Pratt	PER	PER_2425
NBC	NBC	PRO	PRO_243
NIAID	NIAID	ORG	ORG_2422
Nowego Jorku	Nowy Jork	LOC	LOC_2256
Paula Offita	Paul Offita	PER	PER_2426
Pensylwanii	Pensylwania	LOC	LOC_2427
Pratt	Pratt	PER	PER_2425
Stanach Zjednoczonych	Stany Zjednoczone	LOC	LOC_69
USA	USA	LOC	LOC_69
Warp Speed	Warp Speed	PRO	PRO_2424
