14
0	0	ORG	ORG_2258
Agencji Rezerw Materiałowych	agencja rezerwa materiałowy	ORG	ORG_2261
COVID-19	covid - 19	PRO	PRO_105
Centrum Medyczne	centrum medyczny	ORG	ORG_2323
Edward Miszczak	Edward Miszczak	PER	PER_2266
Gaciong	Gaciong	PER	PER_2376
Karolina Gałecka	Karolina Gałecka	PER	PER_770
Krystyna Janda	Krystyna Janda	PER	PER_2263
Krzysztof Materna	Krzysztof Materna	PER	PER_2265
Leszek Miller	Leszek Miller	PER	PER_2262
Maria Seweryn	Maria Seweryn	PER	PER_347
Michał Kuczmierowski	Michał Kuczmierowski	PER	PER_1999
NFZ	NFZ	ORG	ORG_2260
Narodowego Funduszu Zdrowia	narodowy fundusz zdrowie	ORG	ORG_1156
PAP	PAP	ORG	ORG_451
Rafał Trzaskowski	Rafał Trzaskowski	PER	PER_2375
SLD	SLD	ORG	ORG_877
Sonia Otfinowska	Sonia Otfinowska	PER	PER_2377
TVN	TVN	PRO	PRO_148
Trzaskowski	Trzaskowski	PER	PER_2375
Twitterze	twitter	PRO	PRO_71
WUM	WUM	ORG	ORG_39
Warszawski Uniwersytet Medyczny	warszawski uniwersytet medyczny	ORG	ORG_2259
Warszawskim Uniwersytetem Medycznym	warszawski uniwersytet medyczny	ORG	ORG_2259
Warszawy	Warszawa	LOC	LOC_2300
Wiktor Zborowski	Wiktor Zborowski	PER	PER_2264
Zbigniew Gaciong	Zbigniew Gaciong	PER	PER_2270
