274
Berlin	Berlin	LOC	LOC_504
BioNTech	BioNTech	ORG	ORG_68
Brukseli	Bruksela	LOC	LOC_1373
Chiny	china	LOC	LOC_56
Europie	Europa	LOC	LOC_49
Francją	Francja	LOC	LOC_20
Frankfurter Allgemeine Zeitung	Frankfurter Allgemeine Zeitung	PRO	PRO_2358
Izrael	Izrael	LOC	LOC_833
Jens Spahn	Jens Spahn	PER	PER_682
Klub poselski	klub poselski	ORG	ORG_1823
Komisji Stałych Szczepień	komisja stały szczepień	ORG	ORG_512
Magdeburga	Magdeburg	LOC	LOC_2473
Mertensa	Mertens	PER	PER_2474
Neue Osnabruecker Zeitung	Neue Osnabruecker Zeitung	PRO	PRO_2471
Niderlandami	Niderlandy	LOC	LOC_190
Niemczech	Niemcy	LOC	LOC_27
Niemców	Niemiec	PER	PER_659
Niemiec	Niemcy	LOC	LOC_27
Nordbayerischer Kurier	Nordbayerischer kurier	PRO	PRO_2475
Prasa Niemiecka	prasa niemiecki	ORG	ORG_2469
Querdenker	Querdenker	ORG	ORG_2477
RKI	RKI	ORG	ORG_800
Reutlinger General-Anzeiger	Reutlinger General - Anzeiger	PRO	PRO_2470
SPD	SPD	ORG	ORG_1029
SPD w Bundestagu	SPD w Bundestag	ORG	ORG_758
Thomasa Mertensa	Thomas Mertens	PER	PER_2474
UE	UE	ORG	ORG_5
USA	USA	LOC	LOC_69
Ugur Sahin	Ugur Sahin	PER	PER_300
Volksstimme	Volkstimme	ORG	ORG_2472
Wielka Brytania	wielki Brytania	LOC	LOC_6
Włochami	Włochy	LOC	LOC_50
Yougov	Yougov	ORG	ORG_2476
