204
Charkowa	Charków	LOC	LOC_2330
Chinach	Chiny	LOC	LOC_56
Dmytro Kułeba	Dmytro Kułeb	PER	PER_2331
Kijów	Kij	LOC	LOC_317
Laszko	Laszko	PER	PER_2327
Polska	Polska	LOC	LOC_107
Rady Najwyższej Ukrainy	rada wysoki Ukraina	ORG	ORG_2329
Rosji	Rosja	LOC	LOC_95
Sinovac Biotech	Sinovac Biotech	ORG	ORG_671
Sputnik-V	sputnik - wolt	PRO	PRO_929
Sputnika	Sputnik	PRO	PRO_929
Szwajcarię	Szwajcaria	LOC	LOC_12
UE	UE	ORG	ORG_5
USA	USA	LOC	LOC_69
Ukraina	Ukraina	LOC	LOC_318
Ukrainie	Ukraina	LOC	LOC_318
Ukrainy	Ukraina	LOC	LOC_318
Ukrainę	Ukraina	LOC	LOC_318
Ukraińska Prawda	ukraiński prawda	PRO	PRO_2328
Wielką Brytanię	Wielki Brytania	LOC	LOC_6
Wiktor Laszko	Wiktor Laszko	PER	PER_2326
Wiktor Medwedczuk	Wiktor Medwedczuk	PER	PER_2266
Wołodymyra Zełenskiego	wołodymyra Zełenski	PER	PER_2332
Władimirem Putinem	Władimir Putin	PER	PER_315
ministerstwo ochrony zdrowia	ministerstwo ochrona zdrowie	ORG	ORG_35
