72
Arnaud Fontanet	Arnaud Fontanet	PER	PER_2416
AstraZeneca	Astrazenek	ORG	ORG_89
BFM TV	BFM TV	PRO	PRO_148
Covid-19	covid - 19	PRO	PRO_105
Dominique Le Guludec	Dominique Le Guludec	PER	PER_2414
France Info	Franka Info	PRO	PRO_2415
Francja	Francja	LOC	LOC_20
Francji	Francja	LOC	LOC_20
HAS	HAS	ORG	ORG_2413
Kanadzie	Kanada	LOC	LOC_78
Moderna	Moderna	ORG	ORG_87
Moderny	Moderny	PRO	PRO_2281
Niemczech	Niemcy	LOC	LOC_27
Reuters	Reuters	ORG	ORG_153
UE	UE	ORG	ORG_5
USA	USA	LOC	LOC_69
Unii Europejskiej	unia europejski	ORG	ORG_5
Uniwersytet Oksfordzki	uniwersytet oksfordzki	ORG	ORG_1050
Wielkiej Brytanii	Wielki Brytania	LOC	LOC_6
agencja Reutera	agencja Reuter	ORG	ORG_2417
