175
Adam Niedzielski	Adam Niedzielski	PER	PER_2267
Agencji Rezerw Materiałowych	agencja rezerwa materiałowy	ORG	ORG_2261
COVID-19	covid - 19	PRO	PRO_105
Damięcka	Damięcka	PER	PER_1664
Facebooku	facebook	PRO	PRO_98
Instagramie	Instagram	PRO	PRO_301
Kościół	kościół	ORG	ORG_2196
Krystyna Janda	Krystyna Janda	PER	PER_2263
Krzysztof Materna	Krzysztof Materna	PER	PER_2265
Leszka Millera	Leszek Miller	PER	PER_2262
MZ	MZ	ORG	ORG_1628
Magda Umer	Magda Umer	PER	PER_2324
Maria Seweryn	Maria Seweryn	PER	PER_347
Matylda Damięcka	Matyld Damięcka	PRO	PRO_2431
Narodowego Funduszu Zdrowia	narodowy fundusz zdrowie	ORG	ORG_1156
Niedzielski	Niedzielski	PER	PER_2267
Polaka	Polak	PER	PER_2321
Polsat News	Polsat news	PRO	PRO_2302
Polsce	Polska	LOC	LOC_107
SLD	SLD	ORG	ORG_877
WUM	WUM	ORG	ORG_39
Warszawski Uniwersytet Medyczny	warszawski uniwersytet medyczny	ORG	ORG_2259
Warszawskiego Uniwersytetu Medycznego	warszawski uniwersytet medyczny	ORG	ORG_2259
Wiktor Zborowski	Wiktor Zborowski	PER	PER_2264
Zbigniew Gaciong	Zbigniew Gaciong	PER	PER_2270
