38
Amerykanów	Amerykanin	PER	PER_64
Argentynie	Argentyna	LOC	LOC_2035
Bahrajn	Bahrajn	LOC	LOC_80
Białorusi	Białoruś	LOC	LOC_1
Bloomberga	Bloomberg	ORG	ORG_121
Brazylia	Brazylia	LOC	LOC_713
Brytyjkę	brytyjka	PER	PER_450
COVID-19	covid - 19	PRO	PRO_105
Chin	Chiny	LOC	LOC_2298
Chinach	Chiny	LOC	LOC_56
Chiny	china	LOC	LOC_56
Europie Zachodniej	Europa Zachodni	LOC	LOC_203
Indie	Inda	LOC	LOC_336
Izrael	Izrael	LOC	LOC_833
Michał Dworczyk	Michał Dworczyk	PER	PER_1999
Moskwie	Moskwa	LOC	LOC_316
Petersburgu	Petersburg	LOC	LOC_2297
Pfizer/BioNTech	Pfizer / BioNTech	PRO	PRO_2287
Pfizera	Pfizer	PRO	PRO_2287
Polsce	Polska	LOC	LOC_107
Radiem Zet	radio Zet	PRO	PRO_2296
Rosja	Rosja	LOC	LOC_95
Rosji	Rosja	LOC	LOC_95
Sinopharm	Sinopharm	ORG	ORG_870
Sinovac	Sinovac	ORG	ORG_2299
Sputnik V	sputnik wolt	PRO	PRO_929
Stany Zjednoczone	Stany Zjednoczone	LOC	LOC_69
USA	USA	LOC	LOC_69
Wenezuela	Wenezuel	LOC	LOC_2163
Wielka Brytania	wielki Brytania	LOC	LOC_6
