30
Andrzej Kruczkiewicz	Andrzej Kruczkiewicz	PER	PER_2354
Andrzeja Kruczkiewicza	Andrzej Kruczkiewicz	PER	PER_2354
COVID-19	covid - 19	EVT	EVT_233
Kruczkiewicz	Kruczkiewicz	PER	PER_2379
Kruczkiewicza	Kruczkiewicz	PER	PER_2379
Krzysztof Sobolewski	Krzysztof Sobolewski	PER	PER_2399
Norbert Krajczy	Norbert Krajczy	PER	PER_2460
Norberta Krajczego	Norbert Krajcze	PER	PER_2460
Nysie	Nys	LOC	LOC_2459
PiS	PiS	ORG	ORG_2406
Polska	Polska	LOC	LOC_107
Solidarna	solidarny	ORG	ORG_2456
Solidarna Polska	solidarny Polska	ORG	ORG_2458
Solidarnej Polski	solidarny Polska	ORG	ORG_2458
Tomasz Pajączek	Tomasz Pajączek	PER	PER_1486
Tomasz Staniek	Tomasz Staniek	PER	PER_2457
Twitterze	twitter	PRO	PRO_71
ZOZ	ZOZ	ORG	ORG_1217
Zjednoczonej Prawicy	zjednoczyć prawica	LOC	LOC_2345
nyskim	nyski	LOC	LOC_2459
