123
Adam Niedzielski	Adam Niedzielski	PER	PER_2267
Agencja Rezerw Materiałowych	agencja rezerwa materiałowy	ORG	ORG_2261
Agencji Rezerw Materiałowych	agencja rezerwa materiałowy	ORG	ORG_2261
CM WUM	CM WUM	ORG	ORG_2545
COVID-19	covid - 19	EVT	EVT_233
Centrum Medyczne Warszawskiego Uniwersytetu Medycznego	centrum medyczny warszawski uniwersytet medyczny	ORG	ORG_2259
DPS-ów	DPS	ORG	ORG_2374
Dziennika Gazety Prawnej	dziennik gazeta prawny	PRO	PRO_939
Krystyny Jandy	Krystyna Jandy	PER	PER_2263
Leszka Millera	Leszek Miller	PER	PER_2262
MOPS-ów	MOPS	ORG	ORG_2374
Marty Wojtach	Marta Wojty	PER	PER_2543
Mazowieckiego Oddziału Narodowego Funduszu Zdrowia	mazowiecki oddział narodowy fundusz zdrowie	ORG	ORG_2544
NFZ	NFZ	PRO	PRO_2271
Naczelnej Izby Lekarskiej	naczelny izba lekarski	ORG	ORG_2541
Niedzielskiego	Niedzielski	PER	PER_2540
Onet	Onet	PER	PER_2539
Onetowi	Onetaw	PER	PER_2539
Onetu	Onet	PER	PER_2539
PAP	PAP	ORG	ORG_451
Pfizer-BioNTech	Pfizer - BioNTech	ORG	ORG_67
Piotr Müller	Piotr Müller	PER	PER_2542
Polsce	Polska	LOC	LOC_107
Polski	Polska	LOC	LOC_107
SWOICH	swój	ORG	ORG_2538
Twitterze	twitter	PRO	PRO_71
Uczelni	uczelnia	ORG	ORG_2546
Uniwersytetem	uniwersytet	ORG	ORG_1763
WUM	WUM	ORG	ORG_39
Warszawie	Warszawa	LOC	LOC_2300
Warszawski Uniwersytet Medyczny	warszawski uniwersytet medyczny	ORG	ORG_2259
Warszawskiego Uniwersytetu Medycznego	warszawski uniwersytet medyczny	ORG	ORG_2259
