35
Anglii	Anglia	LOC	LOC_6
BBC	BBC	PRO	PRO_148
Bartłomiej Niedziński	Bartłom Niedziński	PER	PER_2487
BioNTech	BioNTech	ORG	ORG_68
Brytania	Brytania	LOC	LOC_6
Covid-19	covid - 19	PRO	PRO_105
Europie	Europa	LOC	LOC_49
Hancock	Hancock	PER	PER_229
ITV	ITV	PRO	PRO_148
John Bell	John Bell	PER	PER_2486
Londynu	Londyn	LOC	LOC_23
Matta Hancocka	Matta Hancocka	PER	PER_228
Pfizer	Pfizer	ORG	ORG_67
RPA	RPA	LOC	LOC_2336
Robert Peston	Robert Peston	PER	PER_2485
Twitterze	twitter	PRO	PRO_71
Uniwersytecie Oksfordzkim	uniwersytet oksfordzki	ORG	ORG_1050
Uniwersytet Oksfordzki i AstraZenecę	uniwersytet oksfordzki i Astrazeneca	ORG	ORG_1050
W.	w .	LOC	LOC_2484
Wielkiej Brytanii	Wielki Brytania	LOC	LOC_6
