60
Bawarii	Bawaria	LOC	LOC_2528
Berlin	Berlin	LOC	LOC_504
BioNTech	BioNTech	PRO	PRO_298
BioNTech/Pfizer	BioNTech / Pfizer	ORG	ORG_452
Brukseli	Bruksela	LOC	LOC_1373
Die Welt	Die Welt	PRO	PRO_985
Duńczycy	Duńczyk	PER	PER_1649
EU	EU	ORG	ORG_5
Europejskiej Agencji Leków	europejski agencja lek	ORG	ORG_82
Europie	Europa	LOC	LOC_49
Europę	Europa	LOC	LOC_49
Francuzów	Francuz	PER	PER_279
Frankfurter Allgemeine Zeitung	Frankfurter Allgemeine Zeitung	PRO	PRO_2358
Izrael	Izrael	LOC	LOC_833
Izraelu	Izrael	LOC	LOC_833
Jens Spahn	Jens Spahn	PER	PER_682
Komisja Europejska	komisja europejski	ORG	ORG_129
Markus Soeder	Markus Soeder	PER	PER_2529
Merkel	Merkel	PER	PER_117
Mitteldeutsche Zeitung	mitteldeutschy Zeitung	PRO	PRO_2526
Münchner Merkur	Münchner Merkur	PRO	PRO_2359
Neukoelln	Neukoelln	LOC	LOC_2356
Niemcy	Niemiec	LOC	LOC_27
Niemczech	Niemcy	LOC	LOC_27
Niemiec	Niemcy	LOC	LOC_27
Rendsburg-Eckernfoerde	Rendsburg - Eckernfoerde	LOC	LOC_2357
Spahn	Spahn	PER	PER_2527
Süddeutsche Zeitung	Süddeutsche Zeitung	PRO	PRO_2526
UE	UE	ORG	ORG_5
