17
Berlin	Berlin	LOC	LOC_504
BioNTech/Pfizer	BioNTech / Pfizer	ORG	ORG_452
Brukseli	Bruksela	LOC	LOC_1373
Deutsche Welle	Deutsche Welle	PRO	PRO_491
Die Welt	Die Welt	PRO	PRO_985
Duńczycy	Duńczyk	PER	PER_1649
Europie	Europa	LOC	LOC_49
Europę	Europa	LOC	LOC_49
Francuzów	Francuz	PER	PER_279
Frankfurter Allgemeine Zeitung	Frankfurter Allgemeine Zeitung	PRO	PRO_2358
Izraelu	Izrael	LOC	LOC_833
Jens Spahn	Jens Spahn	PER	PER_682
Merkel	Merkel	PER	PER_117
Münchner Merkur	Münchner Merkur	PRO	PRO_2359
Neukoelln	Neukoelln	LOC	LOC_2356
Niemcy	Niemiec	LOC	LOC_27
Niemczech	Niemcy	LOC	LOC_27
Niemiec	Niemcy	LOC	LOC_27
Rendsburg-Eckernfoerde	Rendsburg - Eckernfoerde	LOC	LOC_2357
UE	UE	ORG	ORG_5
