32
Andrzej Seweryn	Andrzej Seweryn	PER	PER_2295
Anna Cieślak	Anna Cieślak	PER	PER_2280
Edward Miszczak	Edward Miszczak	PER	PER_2266
Facebooku	facebook	PRO	PRO_98
Krystyna Janda	Krystyna Janda	PER	PER_2263
Krzysztof Materna	Krzysztof Materna	PER	PER_2265
Leszek Miller	Leszek Miller	PER	PER_2262
Magda Umer	Magda Umer	PER	PER_2324
Maja Herman	Maj Herman	PER	PER_2361
Maria Seweryn	Maria Seweryn	PER	PER_347
Mariusz Walter	Mariusz Walter	PER	PER_2360
Michał Bajor	Michał Bajor	PER	PER_2325
NFZ	NFZ	PRO	PRO_2271
TVN	TVN	PRO	PRO_148
WUM	WUM	ORG	ORG_39
Warszawskiego Uniwersytetu Medycznego	warszawski uniwersytet medyczny	ORG	ORG_2259
Warszawskim Uniwersytecie Medycznym	warszawski uniwersytet medyczny	ORG	ORG_2259
Warszawskim Uniwersytetem Medycznym	warszawski uniwersytet medyczny	ORG	ORG_2259
Wiktor Zborowski	Wiktor Zborowski	PER	PER_2264
