365
Agencji Rezerw Materiałowych	agencja rezerwa materiałowy	ORG	ORG_2261
Andrzej Seweryn	Andrzej Seweryn	PER	PER_2295
COVID-19	covid - 19	PRO	PRO_105
Grodzkim	Grodzki	LOC	LOC_2481
Jandy	Jandy	PER	PER_2479
KO	KO	ORG	ORG_2478
Karczewski	Karczewski	PER	PER_2375
Kraska	Kraska	PER	PER_2158
Krystyna Janda	Krystyna Janda	PER	PER_2263
Krystyny Jandy	Krystyna Jandy	PER	PER_2263
Krzysztof Materna	Krzysztof Materna	PER	PER_2265
Leszek Miller	Leszek Miller	PER	PER_2262
Maria Seweryn	Maria Seweryn	PER	PER_347
Mateusz Morawiecki	Mateusz Morawiecki	PER	PER_2268
Ministerstwo Zdrowia	ministerstwo zdrowie	ORG	ORG_35
PSL	PSL	ORG	ORG_2482
Polsat News	Polsat news	PRO	PRO_2302
Seweryna	Seweryna	PER	PER_2480
Stanisław Karczewski	Stanisław Karczewski	PER	PER_2448
WUM	WUM	ORG	ORG_39
Warszawski Uniwersytet Medyczny	warszawski uniwersytet medyczny	ORG	ORG_2259
Warszawskiego Uniwersytetu Medycznego	warszawski uniwersytet medyczny	ORG	ORG_2259
Wiktor Zborowski	Wiktor Zborowski	PER	PER_2264
Władysławem Kosiniakiem-Kamyszem	Władysław Kosiniak - Kamysz	PER	PER_2483
wPolityce.pl	wPolityce.pl	PRO	PRO_2346
