186
0	0	ORG	ORG_2258
Adam Niedzielski	Adam Niedzielski	PER	PER_2267
Agencji Rezerw Materiałowych	agencja rezerwa materiałowy	ORG	ORG_2261
COVID-19	covid - 19	PRO	PRO_105
Centrum Medyczne	centrum medyczny	ORG	ORG_346
Edward Miszczak	Edward Miszczak	PER	PER_2266
GORĄCY	gorący	LOC	LOC_857
Kraska	Kraska	PER	PER_2158
Krystyna Janda	Krystyna Janda	PER	PER_2263
Krzysztof Materna	Krzysztof Materna	PER	PER_2265
Leszka Millera	Leszek Miller	PER	PER_2262
MZ	MZ	ORG	ORG_1628
Maria Seweryn	Maria Seweryn	PER	PER_347
Mateusz Morawiecki	Mateusz Morawiecki	PER	PER_2268
NFZ	NFZ	ORG	ORG_2260
Narodowego Funduszu Zdrowia	narodowy fundusz zdrowie	ORG	ORG_1156
Narodowemu Programowi Szczepień	narodowy program szczepień	PRO	PRO_2269
Polsce	Polska	LOC	LOC_107
Polskim Radiu 24	polski radio 24	PRO	PRO_2257
SLD	SLD	ORG	ORG_877
TVN	TVN	PRO	PRO_148
WUM	WUM	ORG	ORG_39
Warszawski Uniwersytet Medyczny	warszawski uniwersytet medyczny	ORG	ORG_2259
Warszawskiego Uniwersytetu Medycznego	warszawski uniwersytet medyczny	ORG	ORG_2259
Warszawskim Uniwersytecie Medycznym	warszawski uniwersytet medyczny	ORG	ORG_2259
Wiktor Zborowski	Wiktor Zborowski	PER	PER_2264
Zbigniew Gaciong	Zbigniew Gaciong	PER	PER_2270
