126
Amerykanie	Amerykanin	PER	PER_64
Argentynie	Argentyna	LOC	LOC_2035
AstraZeneca	Astrazenek	PRO	PRO_676
Brazylii	Brazylia	LOC	LOC_713
Brytyjczycy	Brytyjczyk	PER	PER_450
COVID-19	covid - 19	EVT	EVT_233
CureVac	CureVac	ORG	ORG_470
EMA	EMA	ORG	ORG_416
Europejskiej Agencji Leków	europejski agencja lek	ORG	ORG_82
Europie	Europa	LOC	LOC_49
Het Nieuwsblad	hetafna Nieuwsblad	PRO	PRO_939
Japonii	Japonia	LOC	LOC_13
Johnson&Johnson	Johnson & Johnson	ORG	ORG_675
KE	KE	ORG	ORG_1370
Kenii	Kenia	LOC	LOC_1214
Komisję Europejską	komisja europejski	ORG	ORG_129
Koronawirus	Koronawirus	ORG	ORG_2333
Moderna	Moderna	ORG	ORG_87
Niemczech	Niemcy	LOC	LOC_27
Noel Wathion	Noel Wathion	PER	PER_2334
Oksfordu	Oksford	LOC	LOC_892
Pfizer-BioNTech	Pfizer - BioNTech	ORG	ORG_67
RPA	RPA	LOC	LOC_2336
Rosji	Rosja	LOC	LOC_95
Rzymem	Rzym	LOC	LOC_544
Rzymie	Rzym	LOC	LOC_544
SARS-CoV-2	Sars-CoV	PRO	PRO_88
Sanofi	Sanofi	ORG	ORG_93
Szwecji	Szwecja	LOC	LOC_12
UE	UE	ORG	ORG_5
USA	USA	LOC	LOC_69
Unii Europejskiej	unia europejski	ORG	ORG_5
Uniwersytetem Oksfordzkim	uniwersytet oksfordzki	ORG	ORG_1050
Uniwersytetu Oksfordzkiego	uniwersytet oksfordzki	ORG	ORG_1050
Wathion	Wathion	PER	PER_2335
Wielka Brytania	wielki Brytania	LOC	LOC_6
Wielkiej Brytanii	Wielki Brytania	LOC	LOC_6
Włochy	Włochy	LOC	LOC_50
Włoszech	Włochy	LOC	LOC_50
laboratorium IRBM w Pomezii	laboratorium IRBM w Pomezia	ORG	ORG_2337
