160
Aleksandra Sawa	Aleksander Sawa	PER	PER_2279
Anna Wójcicka	Anna Wójcick	PER	PER_2280
AstraZeneca	Astrazenek	ORG	ORG_89
CBOS	CBOS	PRO	PRO_2283
COVID-19	covid - 19	EVT	EVT_233
EMA	EMA	ORG	ORG_416
Johnson&Johnson	Johnson & Johnson	ORG	ORG_675
Krzysztof Simon	Krzysztof Simon	PER	PER_2286
Moderna	Moderna	PRO	PRO_2281
NFZ	NFZ	ORG	ORG_2260
Narodowego Programu Szczepień	narodowy program szczepień	ORG	ORG_1048
Narodowy Program Szczepień	narodowy program szczepień	PRO	PRO_2269
Oxford/AstraZeneca	Oxford / Astrazenek	ORG	ORG_453
Pfizer	Pfizer	ORG	ORG_67
Polaków	Polak	PER	PER_913
Polsce	Polska	LOC	LOC_107
Polskiego Towarzystwa Epidemiologów i Lekarzy Chorób Zakaźnych	polski towarzystwo Epidemiolog i lekarz choroba zakaźny	ORG	ORG_2285
Robert Flisiak	Robert Flisiak	PER	PER_2284
SARS	SARS	EVT	EVT_1096
SARS-CoV-2	Sars-CoV	PRO	PRO_88
Unii Europejskiej	unia europejski	ORG	ORG_5
YouTube’a	YouTube	PRO	PRO_2278
ZIKA	ZIKA	ORG	ORG_2282
Światowa Organizacja Zdrowia	światowy organizacja zdrowie	ORG	ORG_133
