338
Donalda Trumpa	Donald Trump	PER	PER_70
Europa	Europa	LOC	LOC_49
Gazety Polskiej	gazeta polski	PRO	PRO_2445
III RP	III RP	LOC	LOC_2449
Janda	Janda	PER	PER_2013
Jarosław Kaczyński	Jarosław Kaczyński	PER	PER_2448
KOD	kod	ORG	ORG_2443
Konfederacja	konfederacja	ORG	ORG_2450
Konfederacji	konfederacja	ORG	ORG_2450
Kryśki Jandy	Kryśki Jandy	PER	PER_2447
Lisiewicz	Lisiewicz	PER	PER_2442
Morawiecki	Morawiecki	PER	PER_2268
Niemcy	Niemiec	LOC	LOC_27
Niezależna.pl	Niezależna.pl	PRO	PRO_2346
PS	psaudonies	ORG	ORG_1873
PiS	PiS	ORG	ORG_2406
Piotr	Piotr	PER	PER_2444
Polaków	Polak	PER	PER_913
Polsacie	Polsat	LOC	LOC_2446
Polsce	Polska	LOC	LOC_107
Rafała Trzaskowskiego	Rafał Trzaskowski	PER	PER_2438
Sejmie	sejm	ORG	ORG_1012
Stanach Zjednoczonych	Stany Zjednoczone	LOC	LOC_69
Szczepan	Szczepan	PER	PER_684
Szczepan Lisiewicz	Szczepan Lisiewicz	PER	PER_2442
Trump	Trump	PER	PER_977
Trumpa	Trump	PER	PER_977
Warszawski Uniwersytet Medyczny	warszawski uniwersytet medyczny	ORG	ORG_2259
Wiktor Zborowski	Wiktor Zborowski	PER	PER_2264
