15
Astra Zeneca	Astra Zeneca	PRO	PRO_676
BioNTechu	Biontech	PRO	PRO_298
COVID-19	covid - 19	PRO	PRO_105
ChAdOx1	ChAdOx1	PRO	PRO_2500
CureVac	CureVac	ORG	ORG_470
Jedynce	Jedynka	PRO	PRO_2499
Johnson&Johnson	Johnson & Johnson	ORG	ORG_675
Katarzyną Gójską	Katarzyna Gójska	PER	PER_796
Krzysztof Kucharczyk	Krzysztof Kucharczyk	PER	PER_1107
Kucharczyk	Kucharczyk	PER	PER_2379
Moderny	Moderny	PRO	PRO_2281
Narodowym Programie Szczepień	narodowy program szczepień	PRO	PRO_2269
Pfizer&BioNTech	Pfizer & BioNTech	PRO	PRO_2287
Pfizera	Pfizer	PRO	PRO_2287
Polsce	Polska	LOC	LOC_107
Polski	Polska	LOC	LOC_107
Polski Związek Higieny	polski związek higiena	ORG	ORG_2390
Uniwersytet Oksfordzki	uniwersytet oksfordzki	ORG	ORG_1050
Wielka Brytania	wielki Brytania	LOC	LOC_6
mRNA	mRNA	PRO	PRO_2394
