184
Adam Niedzielski	Adam Niedzielski	PER	PER_2267
Agencji Rezerw Materiałowych	agencja rezerwa materiałowy	ORG	ORG_2261
Bejda	Bejd	PER	PER_2491
Centrum Medyczne	centrum medyczny	ORG	ORG_2323
Edward Miszczak	Edward Miszczak	PER	PER_2266
KPRM	KPRM	ORG	ORG_2301
Krystyna Janda	Krystyna Janda	PER	PER_2263
Krzysztof Materna	Krzysztof Materna	PER	PER_2265
Leszek Miller	Leszek Miller	PER	PER_2262
Leszka Millera	Leszek Miller	PER	PER_2262
Maria Seweryn	Maria Seweryn	PER	PER_347
Mateusz Morawiecki	Mateusz Morawiecki	PER	PER_2268
Michał Dworczyk	Michał Dworczyk	PER	PER_1999
NFZ	NFZ	PRO	PRO_2271
Narodowego Funduszu Zdrowia	narodowy fundusz zdrowie	ORG	ORG_1156
Narodowemu Programowi Szczepień	narodowy program szczepień	PRO	PRO_2269
PAP	PAP	ORG	ORG_451
PSL	PSL	ORG	ORG_2482
Paweł Bejda	Paweł Bejd	PER	PER_2490
PiS	PiS	ORG	ORG_2406
Polsce	Polska	LOC	LOC_107
SLD	SLD	ORG	ORG_877
TVN	TVN	PRO	PRO_148
WUM	WUM	ORG	ORG_39
Warszawski Uniwersytet Medyczny	warszawski uniwersytet medyczny	ORG	ORG_2259
Warszawskiego Uniwersytetu Medycznego	warszawski uniwersytet medyczny	ORG	ORG_2259
Wiktor Zborowski	Wiktor Zborowski	PER	PER_2264
Zbigniew Gaciong	Zbigniew Gaciong	PER	PER_2270
covid-19	covid - 19	EVT	EVT_233
