134
Beaty Lubeckiej	Beata Lubecka	PER	PER_2400
Beatę Lubecką	Beata Lubecka	PER	PER_2400
Bronisław Komorowski	Bronisław Komorowski	PER	PER_2399
Bronisława Komorowskiego	Bronisław Komorowski	PER	PER_2399
Czarną Hańczą	czarny Hańcza	LOC	LOC_2401
Duda	Duda	PER	PER_2314
Dudy	Duda	PER	PER_2314
Francji	Francja	LOC	LOC_20
Gościa	gość	PER	PER_798
Gość Radia ZET	gość radio zet	PRO	PRO_2296
Hołownia	Hołownia	PER	PER_2403
Komorowski	Komorowski	PER	PER_2399
Lubecką	lubecki	PER	PER_2400
Macierewicza	Macierewicz	PER	PER_2410
PO	PO	ORG	ORG_2405
Paryż	Paryż	LOC	LOC_22
PiS	PiS	ORG	ORG_2406
Platformy	platforma	ORG	ORG_2408
Platformy Obywatelskiej	platforma obywatelski	ORG	ORG_2407
Polaków	Polak	PER	PER_913
Polsce	Polska	LOC	LOC_107
Polska	Polska	LOC	LOC_107
Radia ZET	radio zet	PRO	PRO_2296
Sylwestra	sylwester	LOC	LOC_2402
Szymona Hołowni	Szymon Hołownia	PER	PER_2340
Trumpa	Trump	PER	PER_977
UE	UE	ORG	ORG_5
WSI	WSI	ORG	ORG_2409
Zjednoczoną Prawicę	zjednoczyć prawica	ORG	ORG_2404
Święta	święto	EVT	EVT_418
