124
Andrzej Duda	Andrzej Duda	PER	PER_2315
Andrzeja Dudy	Andrzej Duda	PER	PER_2315
Covid-19	covid - 19	PRO	PRO_105
Duda	Duda	PER	PER_2314
Dudy	Duda	PER	PER_2314
Europa	Europa	LOC	LOC_49
Kancelarii Prezydenta	kancelaria prezydent	ORG	ORG_2317
Narodowym Programie Szczepień	narodowy program szczepień	PRO	PRO_2269
Państwu	państwo	LOC	LOC_2318
Polacy	Polak	PER	PER_913
Polakom	Polak	PER	PER_2321
Polaków	Polak	PER	PER_913
Polek	Polek	PER	PER_913
Polski	Polska	LOC	LOC_107
Polskę	Polska	LOC	LOC_107
Rodacy	rodak	LOC	LOC_2319
Rodakom	rodak	PER	PER_2320
TVP	TVP	PRO	PRO_2316
Unii Europejskiej	unia europejski	ORG	ORG_5
