uk-10326
Business Standart	Business Standart	ORG	ORG_2611
COVAX	COVAX	PRO	PRO_2384
COVID-19	COVID - 19	ORG	ORG_204
Facebook	Facebook	PRO	PRO_98
Patreon	Patreon	ORG	ORG_2616
Patron	Patron	PER	PER_2617
Sinovac	Sinovac	ORG	ORG_2299
Telegram	Telegram	PRO	PRO_2596
Twitter	Twitter	PRO	PRO_71
Індія	Індія	LOC	LOC_336
Аданом Гебреєсус	Адан Гебреєсус	PER	PER_218
Арсен Жумаділов	Арсен жумаділити	PER	PER_2615
ВООЗ	ВООЗ	ORG	ORG_86
Гебреєсус	Гебреєсус	PER	PER_220
Делі	Делі	LOC	LOC_2610
Дмитро Лиховій	Дмитро Лиховій	PER	PER_2623
Донбасі	Донбас	LOC	LOC_2621
Донеччині	Донеччина	LOC	LOC_2619
ЛДНР	ЛДНР	ORG	ORG_2620
Лекхім	лекхім	ORG	ORG_2613
МОЗ	МОЗ	ORG	ORG_86
Маріанджела Сімао	Маріанджела Сімао	PER	PER_2429
Медичні закупівлі України	медичний закупівля Україна	ORG	ORG_2614
Новинарню	новинарний	PRO	PRO_2622
РФ	РФ	LOC	LOC_95
Росією	Росія	LOC	LOC_95
Служби безпеки України	служба безпека Україна	ORG	ORG_2618
Сімао	сімао	PER	PER_2612
Тедрос	Тедрос	ORG	ORG_2603
Україна	Україна	LOC	LOC_318
України	Україна	LOC	LOC_318
Україну	Україна	LOC	LOC_318
Україні	Україна	LOC	LOC_318
Укрінформ	Укрінформ	ORG	ORG_2580
