uk-10311
Astrazeneka	Astrazeneka	ORG	ORG_89
Covid-19	Covid - 19	ORG	ORG_204
Covid-вакцини	Covid - вакцина	ORG	ORG_2579
ICTV	ICTV	ORG	ORG_2572
Moderna	Moderna	ORG	ORG_87
Pfizer	Pfizer	ORG	ORG_67
Sinovac	Sinovac	ORG	ORG_2299
VoxCheck	VoxCheck	ORG	ORG_2574
Інституту молекулярної біології та генетики НАН України	інститут молекулярний біологія та генетика НАН Україна	ORG	ORG_839
Аспірину	аспірина	EVT	EVT_2576
Зеновій Ткачук	зеновий Ткачук	PER	PER_2577
Світлана Сліпченко	Світлан Сліпченко	PER	PER_2575
Сліпченко	Сліпченко	PER	PER_2575
Спутнік V	спутнік V	PRO	PRO_94
Ткачук	Ткачук	PER	PER_2578
Ткачука	Ткачука	PER	PER_2578
Україна	Україна	LOC	LOC_318
Україні	Україна	LOC	LOC_318
Фактам	факт	ORG	ORG_2573
Центру з контролю та профілактики захворювань у США	Центр з контроль та профілактика захворювання у США	ORG	ORG_2551
