uk-10001
Sputnik V	Sputnik V	PRO	PRO_929
ЄС	ЄС	LOC	LOC_49
Європі	Європа	LOC	LOC_49
Євросоюзу	Євросоюз	LOC	LOC_49
Євросоюзі	Євросоюз	LOC	LOC_49
Інтерфакс	Інтерфакс	ORG	ORG_710
Брюсселі	Брюссель	LOC	LOC_1373
Будапешт	Будапешт	LOC	LOC_2297
Білорусь	Білорусь	LOC	LOC_1
Всесвітньої організації охорони здоров'я	всесвітній організація охорона здоров’я	ORG	ORG_133
Гамалії	Гамалія	ORG	ORG_1371
Кирило Дмитрієв	Кирило Дмитрієв	PER	PER_1111
Ковакс	Ковакс	PRO	PRO_2582
МОЗ РФ	МОЗ РФ	ORG	ORG_2743
Національний інститут фармакології і харчування Угорщини	національний інститут фармакологія і харчування Угорщина	ORG	ORG_170
Національним дослідницьким центром епідеміології та мікробіології	національний дослідницький центр епідеміологія та мікробіологія	ORG	ORG_708
Російського фонду прямих інвестицій	російський фонд прямий інвестиція	ORG	ORG_2734
Росією	Росія	LOC	LOC_95
Росії	Росія	LOC	LOC_95
Стелла Киріакідес	Стелло Киріакідес	PER	PER_1722
Угорщина	Угорщина	LOC	LOC_1
Угорщини	Угорщина	LOC	LOC_1432
Угорщині	Угорщина	LOC	LOC_1432
