uk-10331
BioNTech	BioNTech	ORG	ORG_68
Hadassah	Hadassah	ORG	ORG_2726
Pfizer	Pfizer	ORG	ORG_67
Pfizer-BioNTech	Pfizer-BioNTech	ORG	ORG_67
YNet	YNet	ORG	ORG_2730
Ізраїль	Ізраїль	LOC	LOC_833
Ізраїлю	Ізраїль	LOC	LOC_833
Бродський	Бродський	PER	PER_2715
Бродського	Бродський	PER	PER_2715
Голдамана	Голдаман	LOC	LOC_2731
Голдман	Голдман	PER	PER_2729
Голдману	Голдман	PER	PER_2729
Денис Шмигаль	Денис Шмигаль	PER	PER_2643
Йоель Едельштейн	Йоель Едельштейн	PER	PER_2727
МОЗ	МОЗ	ORG	ORG_86
Москві	Москва	LOC	LOC_316
ОЕСР	ОЕСР	ORG	ORG_441
Палестини	Палестина	LOC	LOC_2728
РБК	РБК	ORG	ORG_2721
Роман Голдман	Роман Голдман	PER	PER_2729
Росздравнадзорі	росздравнадзорий	ORG	ORG_2725
Російська служба з нагляду за охороною здоров'я	російський служба з нагляд за охорона здоров’я	ORG	ORG_2237
Росію	Росія	LOC	LOC_95
Росії	Росія	LOC	LOC_95
Сколково	Сколково	LOC	LOC_880
України	Україна	LOC	LOC_318
Україну	Україна	LOC	LOC_318
Україні	Україна	LOC	LOC_318
ізраїльтянин	ізраїльтянин	PER	PER_834
