uk-10309
Angela Merkel	Angela Merkel	PER	PER_117
BioNTech	BioNTech	ORG	ORG_68
BioNTech/Pfizer	BioNTech / Pfizer	ORG	ORG_452
Cookie	Cookie	PRO	PRO_2681
DW	DW	PRO	PRO_334
Deutsche Welle	Deutsche Welle	PRO	PRO_491
Jens Spahn	Jens Spahn	PER	PER_682
Lufthansa	Lufthansa	ORG	ORG_2683
ЄС	ЄС	LOC	LOC_49
Європа	Європа	LOC	LOC_49
Євросоюзі	Євросоюз	LOC	LOC_49
Єнс Шпан	Єнс Шпан	PER	PER_682
Інститут імені Роберта Коха	інститут ім’я Роберт Кох	ORG	ORG_799
Анґела Меркель	Анґела Меркель	PER	PER_117
Великобританії	Великобританія	LOC	LOC_6
Німеччина	Німеччина	LOC	LOC_27
Німеччини	Німеччина	LOC	LOC_27
Німеччині	Німеччина	LOC	LOC_27
Сабіне Кінкарц	Сабіне Кінкарц	PER	PER_2682
Угура Шахіна	Угур Шахіна	PER	PER_300
ФРН	ФРН	LOC	LOC_2436
Фрайбурзі	Фрайбурз	LOC	LOC_2684
Франкфурті-на-Майні	Франкфурт - на - Майні	LOC	LOC_29
