uk-10027
BARDA	BARDA	ORG	ORG_2559
Covid-19	Covid - 19	ORG	ORG_204
Johnson & Johnson	Johnson & Johnson	ORG	ORG_675
Lonza	Lonza	ORG	ORG_2561
Moderna	Moderna	ORG	ORG_87
Sanofi	Sanofi	ORG	ORG_93
Базелі	Базелі	LOC	LOC_2562
Бансель	Бансель	ORG	ORG_2563
Модерні	модерній	LOC	LOC_2565
Міністерства охорони здоров’я і соціальних служб	міністерство охорона здоров’я і соціальний служба	ORG	ORG_116
РНК-1273	РНК - 1273	ORG	ORG_2567
Стефан	Стефан	PER	PER_2564
Стефан Бансел	Стефан Бансел	PER	PER_2560
Тал Закс	Тал Закс	PER	PER_2566
Трампа	Трамп	PER	PER_70
Тік-Ток	тік - ток	ORG	ORG_2568
Україні	Україна	LOC	LOC_318
Управління з санітарного нагляду за якістю харчових продуктів і медикаментів	управління з санітарний нагляд за якість харчовий продукт і медикамент	ORG	ORG_65
Управлінням по передовим дослідженням і розробкам в галузі біомедицини	управління по передовий дослідження і розробка в галузь біомедицина	ORG	ORG_594
Швейцарія	Швейцарія	LOC	LOC_12
