uk-10030
BioNTech	BioNTech	ORG	ORG_68
Pfizer	Pfizer	ORG	ORG_67
Telegram	Telegram	PRO	PRO_2596
TelegramабоViber	TelegramабоViber	PRO	PRO_2596
Бродський	Бродський	PER	PER_2715
Бродського	Бродський	PER	PER_2715
Верховної Ради	верховний рада	ORG	ORG_129
Володимир Зеленський	Володимир Зеленський	PER	PER_2332
Денис Шмигаль	Денис Шмигаль	PER	PER_2643
Зеленський	Зеленський	PER	PER_227
Зеленського	Зеленський	PER	PER_2713
МВС	МВС	ORG	ORG_47
МОЗ	МОЗ	ORG	ORG_86
Михайло Бродський	Михайло Бродський	PER	PER_2715
Михайло Радуцький	Михайло Радуцький	PER	PER_2676
Михайлом Бродським	Михайло Бродський	PER	PER_2715
Новий рік	новий рік	EVT	EVT_2273
СБУ	СБУ	ORG	ORG_2680
Сегодня	Сегодня	PRO	PRO_2677
Страна	Стран	ORG	ORG_2239
Страни	Страна	ORG	ORG_2714
Страною	Страна	PRO	PRO_2716
Україну	Україна	LOC	LOC_318
Україні	Україна	LOC	LOC_318
Шмигаль	шмигаль	PER	PER_2642
міністерству внутрішніх справ	міністерство внутрішній справа	ORG	ORG_161
міністерству охорони здоров'я	міністерство охорона здоров’я	ORG	ORG_35
українців	українець	PER	PER_1569
