uk-10318
COVID-19	COVID - 19	PRO	PRO_105
Catalent	Catalent	ORG	ORG_2777
Catalent[en],	Catalent[en ] ,	ORG	ORG_2777
ClinicalTrials.gov	ClinicalTrials.gov	ORG	ORG_2783
EUA	EUA	LOC	LOC_69
FDA	FDA	ORG	ORG_66
Financial Times	Financial Times	PRO	PRO_460
LNP	LNP	PRO	PRO_1751
Laboratorios Farmacéuticos Rovi	Laboratorios Farmacéuticos Rovi	ORG	ORG_2779
Moderna	Moderna	ORG	ORG_87
Moderna,[44]	Moderna , [ 44 ]	ORG	ORG_87
Nature	Nature	PRO	PRO_648
New England Journal of Medicine	New England Journal of Medicine	PRO	PRO_2785
Operation Warp Speed[en],	Operation Warp Speed[en ] ,	ORG	ORG_2780
Pfizer-BioNTech	Pfizer-BioNTech	ORG	ORG_67
Roche	Roche	ORG	ORG_122
Roche Diagnostics[en],	Roche Diagnostics[en ] ,	ORG	ORG_2781
SARS-CoV-2	SARS - CoV - 2	PRO	PRO_88
mRNA-1273	mRNA - 1273	PRO	PRO_2608
ЄС	ЄС	LOC	LOC_49
Європейським Союзом	європейський союз	ORG	ORG_5
Європейському Союзі	європейський союз	ORG	ORG_5
Індія	Індія	LOC	LOC_336
Бельгії[en]	бельгії[en ]	LOC	LOC_1
Великій Британії	великий Британія	LOC	LOC_6
Канадою	Канада	LOC	LOC_78
Канаді	Канада	LOC	LOC_78
Ліндсі Р. Баден	Ліндсі Р. . Баден	PER	PER_2784
Модерна	модерний	ORG	ORG_87
Національний інститут алергії та інфекційних захворювань[en]	національний інститут алергія та інфекційний захворювань ]	ORG	ORG_170
Національний інститут охорони здоров'я США	національний інститут охорона здоров’я США	ORG	ORG_596
Нью-Йорк таймс	Нью-Йорк таймс	ORG	ORG_2782
США	США	LOC	LOC_69
Стефан Бансель	Стефан Бансель	PER	PER_2560
Управління з продовольства і медикаментів США	управління з продовольство і медикамент США	ORG	ORG_65
Управлінням з продовольства і медикаментів США	управління з продовольство і медикамент США	ORG	ORG_65
