uk-10034
BioNTech	BioNTech	ORG	ORG_68
COVID-19	COVID - 19	ORG	ORG_204
Moderna	Moderna	ORG	ORG_87
Pfizer	Pfizer	ORG	ORG_67
Pfizer/BioNTech	Pfizer/BioNTech	ORG	ORG_67
Pfizer​.	Pfizer​ .	PRO	PRO_2287
Ізраїлі	Ізраїлі	LOC	LOC_833
Главред	Главред	PER	PER_2637
Державного інституту з контролю ліків	державний інститут з контроль ліки	ORG	ORG_807
Коронавірус	Коронавірус	PRO	PRO_4
МОЗ	МОЗ	ORG	ORG_86
Магдалена Юркемікова	Магдалена Юркемікова	PER	PER_347
Норвегії	Норвегія	LOC	LOC_2609
Німеччині	Німеччина	LOC	LOC_27
Португалії	Португалія	LOC	LOC_832
Північного Ізраїлю	північний Ізраїль	LOC	LOC_833
РІА Новини	РІА Новина	ORG	ORG_158
США	США	LOC	LOC_69
Словаччині	Словаччина	LOC	LOC_831
Юркемікової	Юркемікова	PER	PER_2636
