uk-10028
Associated Press	Associated Press	ORG	ORG_2606
COVID-19	COVID - 19	PRO	PRO_105
EMA	EMA	ORG	ORG_416
Moderna	Moderna	ORG	ORG_87
Moderna COVID-19	Moderna COVID - 19	PRO	PRO_105
Moderna mRNA-1273	Moderna mRNA - 1273	PRO	PRO_2608
SAGE	SAGE	ORG	ORG_2607
SARS-CoV-2	SARS - CoV - 2	PRO	PRO_88
ЄС	ЄС	LOC	LOC_49
Європейська комісія	європейський комісія	ORG	ORG_129
Європейським медичним агентством	європейський медичний агентство	ORG	ORG_82
Європейському Союзі	європейський союз	ORG	ORG_5
Британії	Британія	LOC	LOC_6
ВООЗ	ВООЗ	ORG	ORG_86
Всесвітньої організації охорони здоров’я з питань імунізації	всесвітній організація охорона здоров’я з питання імунізація	ORG	ORG_1080
Глобальний консультативний комітет з безпеки вакцин	глобальний консультативний комітет з безпека вакцина	ORG	ORG_512
Південній Африці	південний Африка	LOC	LOC_157
СOVID-19	сovid - 19	ORG	ORG_204
Тетяна Войтюк	Тетяна Войтюк	PER	PER_2605
