uk-10008
BioNTech	BioNTech	ORG	ORG_68
Bloomberg	Bloomberg	ORG	ORG_121
CNBG	CNBG	ORG	ORG_2556
COVID-19	COVID - 19	EVT	EVT_233
China National Biotec Group	China National Biotec Group	ORG	ORG_2555
Moderna	Moderna	ORG	ORG_87
Pfizer	Pfizer	ORG	ORG_67
Reuters	Reuters	ORG	ORG_153
Sinopharm	Sinopharm	ORG	ORG_870
Sinovac Biotech	Sinovac Biotech	ORG	ORG_671
Ізраїлю	Ізраїль	LOC	LOC_833
Індонезія	Індонезія	LOC	LOC_336
Бразилії	Бразилія	LOC	LOC_713
Китаю	Китай	LOC	LOC_56
Китаї	Китай	LOC	LOC_56
Міністерстві профілактики й охорони здоров'я ОАЕ	міністерство профілактика й охорона здоров’я ОАЕ	ORG	ORG_35
ОАЕ	ОАЕ	LOC	LOC_2557
Пакистан	Пакистан	LOC	LOC_2704
УНІАН	УНІАН	ORG	ORG_268
