uk-10327
BioNtech	BioNtech	ORG	ORG_68
CoronaVac	CoronaVac	EVT	EVT_2558
DPA	DPA	ORG	ORG_1286
DW	DW	PRO	PRO_334
Deutsche Welle	Deutsche Welle	ORG	ORG_2690
Pfizer	Pfizer	ORG	ORG_67
Sinovac	Sinovac	ORG	ORG_2299
Sinovac Biotech	Sinovac Biotech	ORG	ORG_671
The Lancet	The Lancet	ORG	ORG_1697
ЄС	ЄС	LOC	LOC_49
Іванченко	Іванченко	PER	PER_2697
Індонезії	Індонезія	LOC	LOC_336
Інна Іванченко	Інна Іванченко	PER	PER_2280
Арсена Жумаділова	Арсена жумаділовий	PER	PER_2615
Бразилії	Бразилія	LOC	LOC_713
Володимир Зеленський	Володимир Зеленський	PER	PER_2332
Заходу	Захід	LOC	LOC_203
Корреспондент.net	Корреспондент .net	PRO	PRO_2598
Лекхім	лекхім	ORG	ORG_2613
МОЗ	МОЗ	ORG	ORG_86
МОЗу	мозу	ORG	ORG_693
Максим Степанов	Максим Степанов	PER	PER_804
Максима Степанова	Максим Степанова	PER	PER_804
Медзакупівель	Медзакупівель	ORG	ORG_2693
Медзакупівлі	Медзакупівля	ORG	ORG_2693
Медичні закупівлі	медичний закупівля	ORG	ORG_2693
Пацієнти України	пацієнт Україна	ORG	ORG_2695
Раду громадського контролю при Національній службі здоров'я	рада громадський контроль при національний служба здоров’я	ORG	ORG_1626
Раїса Богатирьова	Раїса Богатирьов	PER	PER_2696
Степанов	Степанов	PER	PER_804
Туреччині	Туреччина	LOC	LOC_138
Україна	Україна	LOC	LOC_318
України	Україна	LOC	LOC_318
Українська служба DW	український служба DW	ORG	ORG_2691
Україні	Україна	LOC	LOC_318
Цельсія	цельсія	PRO	PRO_2692
міністерство охорони здоров'я	міністерство охорона здоров’я	ORG	ORG_35
міністерством охорони здоров'я	міністерство охорона здоров’я	ORG	ORG_35
справ	справа	ORG	ORG_2694
