uk-10310
BioNTech	BioNTech	ORG	ORG_68
Covid	Covid	ORG	ORG_722
Covid-19	Covid - 19	ORG	ORG_204
Deutsche Welle	Deutsche Welle	ORG	ORG_2690
Ford	Ford	ORG	ORG_2130
Ganymed Pharmaceuticals	Ganymed Pharmaceuticals	ORG	ORG_2127
Lancet	Lancet	PRO	PRO_846
MIG AG	MIG AG	ORG	ORG_2133
Nasdaq	Nasdaq	ORG	ORG_1594
New York Times	New York Times	PRO	PRO_51
Pfizer	Pfizer	ORG	ORG_67
Telegram	Telegram	PRO	PRO_2596
Viber	Viber	ORG	ORG_2635
Альберт Бурла	Альберт Бурл	PER	PER_1283
Бурла	Бурл	PER	PER_2794
Ганна Чорноус	Ганна Чорноус	PER	PER_2795
Гейтс	Гейтс	ORG	ORG_2793
Кельнського університету	кельнський університет	ORG	ORG_2640
Кельнському університеті	кельнський університет	ORG	ORG_2640
Кельні	Кельні	LOC	LOC_2789
Китаї	Китай	LOC	LOC_56
Крістофом Губером	Крістоф Губер	PER	PER_2787
Майнц	Майнц	LOC	LOC_2126
Майнцького університету	майнцький університет	ORG	ORG_842
Майнцькому університеті	майнцький університет	ORG	ORG_842
Маттіас Кромайер	Маттіас Кромайер	PER	PER_2132
Мелінди	Мелінда	PER	PER_2792
Німеччини	Німеччина	LOC	LOC_27
Німеччину	Німеччина	LOC	LOC_27
Озлем Тюреджі	озлем Тюреджі	PER	PER_299
Саарландського університету	саарандський університет	ORG	ORG_2790
Служба моніторингу BBC	служба моніторинг BBC	ORG	ORG_382
Стамбула	Стамбула	LOC	LOC_1502
Туреччині	Туреччина	LOC	LOC_138
Тюреджі	Тюреджі	PER	PER_2788
Угур Шахін	Угур Шахін	PER	PER_300
Угуру Шахіну	Угура Шахін	PER	PER_300
Фонд Білла	фонд Білла	ORG	ORG_2791
Шахін	Шахін	PER	PER_2124
