uk-10042
BioNTech	BioNTech	ORG	ORG_68
COVID-19	COVID - 19	PRO	PRO_105
OBOZREVATEL	OBOZREVATEL	ORG	ORG_2752
ORF	ORF	ORG	ORG_2748
Pfizer	Pfizer	ORG	ORG_67
Pfizer/Biontech	Pfizer/Biontech	ORG	ORG_67
SARS-CoV-2	SARS - CoV - 2	ORG	ORG_573
ЄС	ЄС	LOC	LOC_49
Європейського Союзу	європейський союз	ORG	ORG_5
Європол	європол	ORG	ORG_2750
Ікан	ікан	ORG	ORG_2745
Іспанії	Іспанія	LOC	LOC_10
Італії	Італія	LOC	LOC_50
Австралії	Австралія	LOC	LOC_19
Австрії	Австрія	LOC	LOC_19
Болгарії	Болгарія	LOC	LOC_1
Краммер	Краммер	PER	PER_2749
Маунт-Синай	Маунт - Синай	ORG	ORG_2746
Німеччині	Німеччина	LOC	LOC_27
Першого медичного центру Тель-Авіва	перший медичний центр Тель-авів	ORG	ORG_2751
Романа Гольдман	Роман Гольдман	PER	PER_2729
Університету Монаша	університет Монаша	ORG	ORG_842
Флоріан Краммер	Флоріан Краммер	PER	PER_2747
Франції	Франція	LOC	LOC_20
Чехії	Чехія	LOC	LOC_137
