uk-10319
AstraZeneca	AstraZeneca	ORG	ORG_89
COVAX	COVAX	ORG	ORG_2639
COVID-19	COVID - 19	ORG	ORG_204
CoronaVac	CoronaVac	PRO	PRO_2649
Moderna	Moderna	ORG	ORG_87
Nature	Nature	ORG	ORG_2648
Pfizer–BioNTech	Pfizer–BioNTech	ORG	ORG_67
REUTERS	REUTERS	ORG	ORG_2593
SinoVac	SinoVac	ORG	ORG_2299
ЄвропуВ	Європа в	LOC	LOC_49
Індонезії	Індонезія	LOC	LOC_336
Інституту Бутантан	інститут Бутантан	ORG	ORG_2651
Австралії	Австралія	LOC	LOC_19
Адріан Естермен	Адріан Естермен	PER	PER_2660
Акова	Акова	PER	PER_2657
Анкара	Анкара	LOC	LOC_2658
Бастіан	Бастіан	PER	PER_396
Бразилія	Бразилія	LOC	LOC_713
Бразилії	Бразилія	LOC	LOC_713
ВООЗ	ВООЗ	ORG	ORG_86
Китаю	Китай	LOC	LOC_56
Китаї	Китай	LOC	LOC_56
МОЗ	МОЗ	ORG	ORG_86
Медичної школи університету	медичний школа університет	ORG	ORG_2259
Оксфордським університетом	оксфордський університет	ORG	ORG_1050
Педіатричної клініки Філадельфії	педіатричний клініка Філадельфія	ORG	ORG_2655
Пола Оффіта	Пол Оффіта	PER	PER_2426
Сан-Паулу	Сан - Паул	LOC	LOC_602
Степанов	Степанов	PER	PER_804
Туреччини	Туреччина	LOC	LOC_138
Туреччині	Туреччина	LOC	LOC_138
УНІАН	УНІАН	ORG	ORG_268
Україна	Україна	LOC	LOC_318
України	Україна	LOC	LOC_318
Університету Південної Австралії	університет південний Австралія	ORG	ORG_990
Університеті Бонда	університет Бонд	ORG	ORG_2654
Хачеттепе Мурат Акова	хачети Мурат Аков	PER	PER_2656
Хільда Бастіан	Хільда Бастіан	PER	PER_2653
Цельсієм	цельсієм	PER	PER_2644
такожPfizer	такожPfizer	ORG	ORG_2659
такожЕрдоган	також Ердоган	PER	PER_2650
