uk-10032
&	&	ORG	ORG_1289
AstraZeneca	AstraZeneca	ORG	ORG_89
COVID-19	COVID - 19	ORG	ORG_204
CureVac	CureVac	ORG	ORG_470
EMA	EMA	ORG	ORG_416
Johnson	Johnson	ORG	ORG_675
Moderna	Moderna	ORG	ORG_87
Pfizer/BioNTech	Pfizer/BioNTech	ORG	ORG_67
Sanofi	Sanofi	ORG	ORG_93
Twitter	Twitter	PRO	PRO_71
ЄС	ЄС	LOC	LOC_49
Єврокомісія	Єврокомісія	ORG	ORG_1444
Єврокомісії	Єврокомісія	ORG	ORG_1444
Європейська комісія	європейський комісія	ORG	ORG_129
Європейське медичне агентство	європейський медичний агентство	ORG	ORG_82
Європейської ради	європейський рада	ORG	ORG_129
Баренди Лейтсо	Баренда Лейтсо	PER	PER_2798
ЕМА	ЕМА	ORG	ORG_39
Лейтсо	лейтсо	PER	PER_2799
