uk-10334
BRH	BRH	ORG	ORG_2646
BioNTech	BioNTech	ORG	ORG_68
COVID-19	COVID - 19	PRO	PRO_105
EMA	EMA	ORG	ORG_416
FDA	FDA	ORG	ORG_66
Moderna	Moderna	ORG	ORG_87
Pfizer	Pfizer	ORG	ORG_67
ЄС	ЄС	LOC	LOC_49
Єврокомісії	Єврокомісія	ORG	ORG_1444
Європейське агентство з лікарських засобів	європейський агентство з лікарський засіб	ORG	ORG_82
Європейського Союзу	європейський союз	ORG	ORG_5
Європі	Європа	LOC	LOC_49
Італію	Італія	LOC	LOC_50
Алясці	Алясці	LOC	LOC_518
Бартлетта	Бартлетт	ORG	ORG_2645
Бахрейні	Бахрейня	LOC	LOC_80
Белла	Белла	PER	PER_1098
Великій Британії	великий Британія	LOC	LOC_6
Джуно	Джуно	LOC	LOC_2647
Канада	Канада	LOC	LOC_78
Канаді	Канада	LOC	LOC_78
Мексиці	Мексик	LOC	LOC_79
Польща	Польща	LOC	LOC_107
США	США	LOC	LOC_69
Саудівській Аравії	саудівський Аравія	LOC	LOC_81
Угур Шахін	Угур Шахін	PER	PER_300
України	Україна	LOC	LOC_318
Управління з санітарного нагляду за якістю продовольства та медикаментів МОЗ	управління з санітарний нагляд за якість продовольство та медикамент МОЗ	ORG	ORG_65
Цельсієм	цельсієм	PER	PER_2644
