uk-10330
COVID-19	COVID - 19	EVT	EVT_233
Європи	Європа	LOC	LOC_49
Іспанія	Іспанія	LOC	LOC_10
Італія	Італія	LOC	LOC_50
ВООЗ	ВООЗ	ORG	ORG_86
Велика Британія	великий Британія	LOC	LOC_6
ГРВІ	грві	ORG	ORG_2591
Дарницькому районі	дарницький район	LOC	LOC_2589
Києва	Київ	LOC	LOC_317
Києві	Київ	LOC	LOC_317
Львова	Львів	LOC	LOC_430
МОЗ	МОЗ	ORG	ORG_86
Максим Степанов	Максим Степанов	PER	PER_804
Олена	Олена	PER	PER_2590
США	США	LOC	LOC_69
Світлана Гук	Світлан Гук	PER	PER_2575
ТСН.ua	ТСН .ua	PRO	PRO_2552
Тарас Жиравецький	Тарас жиравецький	PER	PER_2587
Україна	Україна	LOC	LOC_318
Україні	Україна	LOC	LOC_318
Феофанія	Феофанія	ORG	ORG_2586
мороз	мороз	EVT	EVT_2592
року	рік	EVT	EVT_2588
