uk-10236
CNBG	CNBG	ORG	ORG_2556
China National Biotec	China National Biotec	ORG	ORG_2555
CоronaVac	CоronaVac	EVT	EVT_2558
EPA/UPG	EPA / UPG	ORG	ORG_2554
Facebook	Facebook	ORG	ORG_96
Sinopharm	Sinopharm	ORG	ORG_870
Sinovac Biotech	Sinovac Biotech	ORG	ORG_671
Twitter	Twitter	ORG	ORG_2553
Аргентині	Аргентина	LOC	LOC_2035
Бахрейні	Бахрейня	LOC	LOC_80
Всесвітньої організації охорони здоров'я	всесвітній організація охорона здоров’я	ORG	ORG_133
Йорданії	Йорданія	LOC	LOC_388
КНР	КНР	LOC	LOC_56
Китай	Китай	LOC	LOC_56
Китаю	Китай	LOC	LOC_56
Китаї	Китай	LOC	LOC_56
ОАЕ	ОАЕ	LOC	LOC_2557
Перу	Перу	LOC	LOC_528
Хinhua	Хinhua	ORG	ORG_1882
