161
Biden	Biden	PER	PER_3577
Bidena	Biden	PER	PER_3577
Bidenowi	Biden	PER	PER_3577
CNN	CNN	PRO	PRO_243
Chrisa Wallace'a	Chris Wallace	PER	PER_3889
Donald Trump	Donald Trump	PER	PER_70
Donaldem Trumpem	Donald Trump	PER	PER_70
Floryda	Floryda	LOC	LOC_894
Georgia	Georgia	LOC	LOC_2174
Karolina Północna	Karolina Północny	LOC	LOC_168
Michigan	Michigan	LOC	LOC_99
NBC	NBC	ORG	ORG_382
NBC News	NBC news	PRO	PRO_3458
Pensylwania	Pensylwania	LOC	LOC_2427
Stanach Zjednoczonych	Stany Zjednoczone	LOC	LOC_69
Trump	Trump	PER	PER_977
Trumpa	Trump	PER	PER_977
Trumpem	Trump	PER	PER_977
USA	USA	LOC	LOC_69
Wall Street Journal	Wall Street Journal	PRO	PRO_97
Wisconsin	Wisconsin	LOC	LOC_527
Wybory prezydenckie w USA	wybory prezydencki w USA	EVT	EVT_3873
