206
Agnieszka Laskowska	Agnieszka Laskowska	PER	PER_753
Aleksander Kwaśniewski	Aleksander Kwaśniewski	PER	PER_1973
Ameryka Wybiera	Ameryka wybierać	PRO	PRO_3509
Amerykanie	Amerykanin	PER	PER_64
Arizona	Arizon	LOC	LOC_1748
Arizonie	Arizon	LOC	LOC_1748
Colorado	Colorado	LOC	LOC_521
Daniel Fried	Daniel Fried	PER	PER_4615
Demokratom	demokrata	ORG	ORG_3320
Demokratów	demokrata	ORG	ORG_3320
Donald Trump	Donald Trump	PER	PER_70
Floryda	Floryda	LOC	LOC_894
Florydzie	Floryda	LOC	LOC_894
Georgia	Georgia	LOC	LOC_2174
Georgii	Georgia	LOC	LOC_2174
Hart's Location	Hart's Location	LOC	LOC_4551
Idaho	Idaho	LOC	LOC_522
Iowa	Iowa	LOC	LOC_3370
Izby Reprezentantów	izba reprezentant	ORG	ORG_3333
Izbą Reprezentantów	izba reprezentant	ORG	ORG_3333
Kalifornia	Kalifornia	LOC	LOC_102
Karolina Południowa	Karolina Południow	LOC	LOC_168
Karolina Północna	Karolina Północny	LOC	LOC_168
Karolinie Północnej	Karolin północny	LOC	LOC_168
Kolegium Elektorskiego	kolegium Elektorski	ORG	ORG_3651
MSZ	MSZ	ORG	ORG_2419
Magda Sakowska	Magda Sakowska	PER	PER_2826
Maine	Maine	LOC	LOC_3318
Marta Budzyńska	Marta Budzyńska	PER	PER_876
Michigan	Michigan	LOC	LOC_99
Millsfield	Millsfield	LOC	LOC_4418
Montanie	Montan	LOC	LOC_4132
Nebrasce	Nebraska	LOC	LOC_104
Nebraska	Nebraska	LOC	LOC_104
New Hampshire	New Hampshire	LOC	LOC_3454
Nowy Jork	nowy Jork	LOC	LOC_2256
Ohio	Ohio	LOC	LOC_1736
Pensylwania	Pensylwania	LOC	LOC_2427
Pinellas	Pinellas	LOC	LOC_4552
Polsat News	Polsat news	PRO	PRO_2302
Polsce	Polska	LOC	LOC_107
Południowej	Południowy	LOC	LOC_533
RP	RP	LOC	LOC_2336
Republikanie	republikanin	ORG	ORG_2775
Republikanom	republikanin	ORG	ORG_2775
Senatem	senat	ORG	ORG_1012
Senatu	senat	ORG	ORG_1012
Stanach Zjednoczonych	Stany Zjednoczone	LOC	LOC_69
Teksas	Teksas	LOC	LOC_1022
USA	USA	LOC	LOC_69
Wisconsin	Wisconsin	LOC	LOC_527
Witold Waszczykowski	Witold Waszczykowski	PER	PER_2354
