165
ABC News	ABC news	PRO	PRO_3458
Biden	Biden	PER	PER_3577
Bidena	Biden	PER	PER_3577
Bill Clinton	Bill Clinton	PER	PER_2175
CNN	CNN	ORG	ORG_383
Floryda	Floryda	LOC	LOC_894
Georgia	Georgia	LOC	LOC_2174
Karolina Północna	Karolina Północny	LOC	LOC_168
Michigan	Michigan	LOC	LOC_99
Pensylwania	Pensylwania	LOC	LOC_2427
Stanach Zjednoczonych	Stany Zjednoczone	LOC	LOC_69
Trump	Trump	PER	PER_977
Trumpem	Trump	PER	PER_977
Trumpowi	Trump	PER	PER_977
USA	USA	LOC	LOC_69
USA Popularne	USA popularny	LOC	LOC_69
Washington Post	Washington Post	PRO	PRO_3763
Wisconsin	Wisconsin	LOC	LOC_527
​​Biden	​ ​ Biden	PER	PER_3577
