5
Arizonę	arizona	LOC	LOC_1748
Biden	Biden	PER	PER_3577
Delaware	Delaware	LOC	LOC_3342
Demokratów	demokrata	ORG	ORG_3320
Donalda Trumpa	Donald Trump	PER	PER_70
Dystrykcie Kolumbii	dystrykt Kolumbia	LOC	LOC_517
Georgii	Georgia	LOC	LOC_2174
Georgię	Georgia	LOC	LOC_2174
Joe Biden	Joe Biden	PER	PER_76
Karolinę Północną	Karolina północny	LOC	LOC_168
Nevadę	Nevada	LOC	LOC_1153
Pensylwanii	Pensylwania	LOC	LOC_2427
Pensylwanię	Pensylwania	LOC	LOC_2427
Trump	Trump	PER	PER_977
Trumpa	Trump	PER	PER_977
Twitterze	twitter	PRO	PRO_71
USA	USA	LOC	LOC_69
Wilmington	Wilmington	LOC	LOC_4129
Wisconsin	Wisconsin	LOC	LOC_527
