208
Amerykanie	Amerykanin	PER	PER_64
Arizona	Arizon	LOC	LOC_1748
Arizonie	Arizon	LOC	LOC_1748
Colorado	Colorado	LOC	LOC_521
Demokratom	demokrata	ORG	ORG_3320
Demokratów	demokrata	ORG	ORG_3320
Dixville Notch	Dixville Notch	LOC	LOC_3916
Donald Trump	Donald Trump	PER	PER_70
Donalda Trumpa	Donald Trump	PER	PER_70
Floryda	Floryda	LOC	LOC_894
Gary’ego Johnsona	Garyka Johnson	PER	PER_1154
Georgia	Georgia	LOC	LOC_2174
Georgii	Georgia	LOC	LOC_2174
Hart’s Location	Hart’s Location	LOC	LOC_4551
Hillary Clinton	Hillary Clinton	PER	PER_2175
Idaho	Idaho	LOC	LOC_522
Iowa	Iowa	LOC	LOC_3370
Izby Reprezentantów	izba reprezentant	ORG	ORG_3333
Izbą Reprezentantów	izba reprezentant	ORG	ORG_3333
Joe Biden	Joe Biden	PER	PER_76
Kalifornia	Kalifornia	LOC	LOC_102
Kanadą	Kanada	LOC	LOC_78
Karolina Południowa	Karolina Południow	LOC	LOC_168
Karolina Północna	Karolina Północny	LOC	LOC_168
Karolinie Północnej	Karolin północny	LOC	LOC_168
Kolegium Elektorskiego	kolegium Elektorski	ORG	ORG_3651
Maine	Maine	LOC	LOC_3318
Michigan	Michigan	LOC	LOC_99
Millsfield	Millsfield	LOC	LOC_4418
Montanie	Montan	LOC	LOC_4132
Nebrasce	Nebraska	LOC	LOC_104
Nebraska	Nebraska	LOC	LOC_104
New Hampshire	New Hampshire	LOC	LOC_3454
New Jersey	New Jersey	LOC	LOC_103
Nowy Jork	nowy Jork	LOC	LOC_2256
Ohio	Ohio	LOC	LOC_1736
Partii Libertariańskiej	partia libertariański	ORG	ORG_109
Pensylwania	Pensylwania	LOC	LOC_2427
Polsce	Polska	LOC	LOC_107
Południowej	Południowy	LOC	LOC_533
Republikanie	republikanin	ORG	ORG_2775
Republikanom	republikanin	ORG	ORG_2775
Senatem	senat	ORG	ORG_1012
Stanach Zjednoczonych	Stany Zjednoczone	LOC	LOC_69
Stanów Zjednoczonych	Stany Zjednoczone	LOC	LOC_69
Słupsku Demokrata	Słupsko demokrata	LOC	LOC_4553
Teksas	Teksas	LOC	LOC_1022
Tom Malinowski	Tom Malinowski	PER	PER_4554
USA	USA	LOC	LOC_69
Wisconsin	Wisconsin	LOC	LOC_527
