237
Alabama	Alabama	LOC	LOC_3330
Alasce	Alaska	LOC	LOC_518
Amerykanów	Amerykanin	PER	PER_64
Arizonie	Arizon	LOC	LOC_1748
Barack Obama	Barack Obama	PER	PER_3496
Biały Dom	biały dom	LOC	LOC_72
Demokrata	demokrata	ORG	ORG_3320
Demokraty	demokrata	ORG	ORG_3320
Demokratów	demokrata	ORG	ORG_3320
Donald Trump	Donald Trump	PER	PER_70
Donalda	Donald	PER	PER_3783
Dystrykcie Kolumbii	dystrykt Kolumbia	LOC	LOC_517
Florydzie	Floryda	LOC	LOC_894
Georgii	Georgia	LOC	LOC_2174
Głębokiego Południa	głęboki południe	LOC	LOC_525
Hillary Clinton	Hillary Clinton	PER	PER_2175
Illinois	Illinois	LOC	LOC_1249
Joe Biden	Joe Biden	PER	PER_76
Joego Bidena	Joego Biden	PER	PER_76
Kalifornia	Kalifornia	LOC	LOC_102
Karolina Południowa	Karolina Południow	LOC	LOC_168
Karolinie Północnej	Karolin północny	LOC	LOC_168
Luizjana	Luizjan	LOC	LOC_1663
Michigan	Michigan	LOC	LOC_99
Mississippi	Mississippi	LOC	LOC_4559
NYT	NYT	PRO	PRO_277
Nebrasce	Nebraska	LOC	LOC_104
Nevadzie	Nevad	LOC	LOC_1153
New York Times	New York Times	PRO	PRO_51
Nowym Jorku	Nowy Jork	LOC	LOC_2256
Obamy	Obama	PER	PER_1706
Ohio	Ohio	LOC	LOC_1736
Oregon	Oregon	LOC	LOC_2170
Pensylwania	Pensylwania	LOC	LOC_2427
Pensylwanii	Pensylwania	LOC	LOC_2427
Republikanów	republikanin	ORG	ORG_3320
Stanów Zjednoczonych	Stany Zjednoczone	LOC	LOC_69
Teksasie	Teksas	LOC	LOC_1022
Trump	Trump	PER	PER_977
Trumpa	Trump	PER	PER_977
USA	USA	LOC	LOC_69
Waszyngton	Waszyngton	LOC	LOC_183
Wisconsin	Wisconsin	LOC	LOC_527
