229
Akademii Finansów i Biznesu Vistula	akademia finanse i biznes Vistul	ORG	ORG_4588
Amerykanów	Amerykanin	PER	PER_64
Bartłomiej M. Nowak	Bartłom M . Nowak	PER	PER_4587
Białego Domu	biały dom	LOC	LOC_72
Białym Domu	biały dom	LOC	LOC_72
Biden	Biden	PER	PER_3577
Delaware	Delaware	LOC	LOC_3342
Demokrata	demokrata	ORG	ORG_3320
Demokratów	demokrata	ORG	ORG_3320
Donald Trump	Donald Trump	PER	PER_70
Donalda Trumpa	Donald Trump	PER	PER_70
Donaldem Trumpem	Donald Trump	PER	PER_70
Eric Trump	Eric Trump	PER	PER_4296
Fox News	Fox news	PRO	PRO_3308
Harris	Harris	PER	PER_363
Hillary Clinton	Hillary Clinton	PER	PER_2175
Joe Biden	Joe Biden	PER	PER_76
Kamala Harris	Kamal Harris	PER	PER_1984
Kolegium Elektorskim	kolegium elektorski	ORG	ORG_3651
Lady Gaga	Lada Gaga	PER	PER_4416
Lady Gagą	Lada Gaga	PER	PER_4416
Michigan	Michigan	LOC	LOC_99
Muriel Bowser	Muriel Bowser	PER	PER_4199
Pensylwanii	Pensylwania	LOC	LOC_2427
Republikanów	republikanin	PER	PER_1985
The New York Timesa	The New York Timesa	PRO	PRO_51
Trump	Trump	PER	PER_977
Trump International	Trump International	ORG	ORG_4590
Trump International Hotel	Trump International hotel	LOC	LOC_4589
Trumpa	Trump	PER	PER_977
USA	USA	LOC	LOC_69
Waszyngtonie	Waszyngton	LOC	LOC_183
Waszyngtonu	Waszyngton	LOC	LOC_183
Wilmington	Wilmington	LOC	LOC_4129
Wisconsin	Wisconsin	LOC	LOC_527
