219
Białym Domu	biały dom	LOC	LOC_72
Bidena	Biden	PER	PER_3577
CBS News	CBS news	PRO	PRO_3458
CNN	CNN	PRO	PRO_243
Demokrata	demokrata	ORG	ORG_3320
Demokraty	demokrata	ORG	ORG_3320
Donald Trump	Donald Trump	PER	PER_70
Florydzie	Floryda	LOC	LOC_894
Fox News	Fox news	PRO	PRO_3308
Joe Biden	Joe Biden	PER	PER_76
Joe Bidenem	Joe Biden	PER	PER_76
Karolinie Północnej	Karolin północny	LOC	LOC_168
Latynosów	latynos	PER	PER_3946
Michigan	Michigan	LOC	LOC_99
NYT	NYT	PRO	PRO_277
New York Times	New York Times	PRO	PRO_51
Ohio	Ohio	LOC	LOC_1736
Pensylwania	Pensylwania	LOC	LOC_2427
Republikanina	republikanina	ORG	ORG_2775
Stanach Zjednoczonych	Stany Zjednoczone	LOC	LOC_69
Stanów Zjednoczonych	Stany Zjednoczone	LOC	LOC_69
Teksasie	Teksas	LOC	LOC_1022
Trump	Trump	PER	PER_977
Trumpa	Trump	PER	PER_977
Trumpem	Trump	PER	PER_977
USA	USA	LOC	LOC_69
Wisconsin	Wisconsin	LOC	LOC_527
twitter	twitter	PRO	PRO_71
