216
Amerykanów	Amerykanin	PER	PER_64
Arizona	Arizon	LOC	LOC_1748
Biały Dom	biały dom	LOC	LOC_72
Białym Domu	biały dom	LOC	LOC_72
Biden	Biden	PER	PER_3577
Bogdan Szafrański	Bogdan Szafrański	PER	PER_802
CNN	CNN	PRO	PRO_243
Delaware	Delaware	LOC	LOC_3342
Donald Trump	Donald Trump	PER	PER_70
Donalda Trumpa	Donald Trump	PER	PER_70
Europa	Europa	LOC	LOC_49
Filadelfii	Filadelfia	LOC	LOC_3816
Floryda	Floryda	LOC	LOC_894
Gabinecie Owalnym	gabinet owalny	ORG	ORG_4607
Hillary Clinton	Hillary Clinton	PER	PER_2175
Indianie	Indianin	LOC	LOC_336
Indiany	Indiana	LOC	LOC_336
Indianę	Indiana	LOC	LOC_336
Joe Biden	Joe Biden	PER	PER_76
Joe Bidena	Joe Biden	PER	PER_76
Karolina Północna	Karolina Północny	LOC	LOC_168
Kentucky	Kentucky	LOC	LOC_4613
Maine	Maine	LOC	LOC_3318
Matthew Dunlap	Matthew Dunlap	PER	PER_4612
Michigan	Michigan	LOC	LOC_99
NATO	NATO	ORG	ORG_864
Nowej Anglii	nowy Anglia	LOC	LOC_2137
Partii Demokratycznej	partia demokratyczny	ORG	ORG_584
Pensylwania	Pensylwania	LOC	LOC_2427
Pensylwanii	Pensylwania	LOC	LOC_2427
Polska	Polska	LOC	LOC_107
Polski	Polska	LOC	LOC_107
Renata Nowaczewska	Renata Nowaczewska	PER	PER_4614
Scranton	Scranton	LOC	LOC_4147
TVN24	TVN24	PRO	PRO_484
Trump	Trump	PER	PER_977
Twitterze	twitter	PRO	PRO_71
UE	UE	ORG	ORG_5
USA	USA	LOC	LOC_69
Unii Europejskiej	unia europejski	ORG	ORG_5
Unią Europejską	unia europejski	ORG	ORG_5
Wilmington	Wilmington	LOC	LOC_4129
Wisconsin	Wisconsin	LOC	LOC_527
tvn24.pl	tvn24.pl	PRO	PRO_2346
