82
Arizonę	arizona	LOC	LOC_1748
Demokraci	demokrata	ORG	ORG_3320
Demokratom	demokrata	ORG	ORG_3320
Demokratów	demokrata	ORG	ORG_3320
Donalda Trumpa	Donald Trump	PER	PER_70
Florydy	Floryda	LOC	LOC_894
Florydę	Floryda	LOC	LOC_894
Indianie Republikanie	Indianin republikanin	LOC	LOC_4605
Iowa	Iowa	LOC	LOC_3370
Izba Reprezentantów	izba reprezentant	ORG	ORG_3333
Kolegium Elektorów	kolegium elektor	ORG	ORG_3309
Kolegium Elektorów Stanów Zjednoczonych	kolegium elektor Stany Zjednoczone	ORG	ORG_4597
Kolegium Elektorów USA	kolegium elektor USA	ORG	ORG_4597
Maine	Maine	LOC	LOC_3318
Michigan	Michigan	LOC	LOC_99
Nebraska	Nebraska	LOC	LOC_104
Nowym Jorku	Nowy Jork	LOC	LOC_2256
Pasa Rdzy	pas rdza	ORG	ORG_4600
Pensylwanię	Pensylwania	LOC	LOC_2427
Swing states	Swing states	PRO	PRO_4604
USA	USA	LOC	LOC_69
Wisconsin	Wisconsin	LOC	LOC_527
Zjednoczonych	Zjednoczone	LOC	LOC_69
dwuizbowym parlamencie USA	dwuizbowy parlament USA	ORG	ORG_4061
