49
Ameryki Południowej	Ameryka Południowy	LOC	LOC_219
Billowi Clintonowi	Bill Clinton	PER	PER_2175
Demokratów	demokrata	ORG	ORG_3320
Donald Trump	Donald Trump	PER	PER_70
Floryda	Floryda	LOC	LOC_894
Florydy	Floryda	LOC	LOC_894
Florydzie	Floryda	LOC	LOC_894
Fort Lauderdale	Fort Lauderdale	LOC	LOC_1668
Jacksonville	Jacksonville	LOC	LOC_4592
Joe Biden	Joe Biden	PER	PER_76
Kolegium Elektorów	kolegium elektor	ORG	ORG_3309
Kuby	Kuba	LOC	LOC_980
Miami	Miami	LOC	LOC_3368
Narodowa Konwencja Republikanów	narodowy konwencja republikanin	PRO	PRO_4593
Ohio	Ohio	LOC	LOC_1736
Orlando	Orlando	LOC	LOC_4575
Północnego Wschodu	północny wschód	LOC	LOC_533
Teksasie	Teksas	LOC	LOC_1022
Trump	Trump	PER	PER_977
USA	USA	LOC	LOC_69
Zatoki Tampa	zatoka Tamp	LOC	LOC_4591
Środkowego Zachodu	środkowy zachód	LOC	LOC_525
