117
Arizonie	Arizon	LOC	LOC_1748
Biden	Biden	PER	PER_3577
Demokraci	demokrata	PER	PER_2172
Demokraty	demokrata	ORG	ORG_3320
Demokratów	demokrata	ORG	ORG_3320
Donald Trump	Donald Trump	PER	PER_70
Florydy	Floryda	LOC	LOC_894
Florydzie	Floryda	LOC	LOC_894
Joe Biden	Joe Biden	PER	PER_76
Joego Bidena	Joego Biden	PER	PER_76
Michigan	Michigan	LOC	LOC_99
Minnesotę	minnesota	PRO	PRO_4558
Ohio	Ohio	LOC	LOC_1736
Onet	Onet	PER	PER_2539
Pensylwanii	Pensylwania	LOC	LOC_2427
Stanach Zjednoczonych	Stany Zjednoczone	LOC	LOC_69
The New York Times	The New York Times	PRO	PRO_51
Trump	Trump	PER	PER_977
USA	USA	LOC	LOC_69
Wisconsin	Wisconsin	LOC	LOC_527
