51
Amerykanie	Amerykanin	PER	PER_64
Arizonie	Arizon	LOC	LOC_1748
Arizonę	arizona	LOC	LOC_1748
Biden	Biden	PER	PER_3577
Demokratów	demokrata	ORG	ORG_3320
Donalda Trumpa	Donald Trump	PER	PER_70
Dystrykcie Kolumbii	dystrykt Kolumbia	LOC	LOC_517
Florydzie	Floryda	LOC	LOC_894
Georgię	Georgia	LOC	LOC_2174
Izby Reprezentantów	izba reprezentant	ORG	ORG_3333
Joe Biden	Joe Biden	PER	PER_76
Karolinę Północną	Karolina północny	LOC	LOC_168
Michigan	Michigan	LOC	LOC_99
Nevadę	Nevada	LOC	LOC_1153
Ohio	Ohio	LOC	LOC_1736
Pensylwanię	Pensylwania	LOC	LOC_2427
Phoenix	Phoenix	LOC	LOC_3627
Senatu	senat	ORG	ORG_1012
Trump	Trump	PER	PER_977
USA	USA	LOC	LOC_69
Wisconsin	Wisconsin	LOC	LOC_527
