173
Arizona	Arizon	LOC	LOC_1748
Beto O'Rourke'iem	Beto O'Rourke'	PER	PER_4201
Białego Domu	biały dom	LOC	LOC_72
Biden	Biden	PER	PER_3577
Demokrata	demokrata	ORG	ORG_3320
Demokraty	demokrata	ORG	ORG_3320
Demokratą	demokrata	ORG	ORG_3320
Floryda	Floryda	LOC	LOC_894
Georgia	Georgia	LOC	LOC_2174
Kalifornii	Kalifornia	LOC	LOC_102
Karolina Północna	Karolina Północny	LOC	LOC_168
Michigan	Michigan	LOC	LOC_99
Minnesota	Minnesota	LOC	LOC_100
Pensylwania	Pensylwania	LOC	LOC_2427
RealClearPolitics	RealClearPolitics	PRO	PRO_3524
Republikanin	republikanin	PER	PER_1985
Republikaninowi	republikanin	PER	PER_1985
Republikanów	republikanin	ORG	ORG_3320
Ted Cruz	Ted Cruz	PER	PER_3395
Teksas	Teksas	LOC	LOC_1022
Teksasie	Teksas	LOC	LOC_1022
Teksasu	Teksasu	LOC	LOC_1022
The Dallas Morning News	The Dallas Morning news	PRO	PRO_4627
The Hill	The Hill	PRO	PRO_4628
Trump	Trump	PER	PER_977
Trumpa	Trump	PER	PER_977
USA	USA	LOC	LOC_69
Uniwersytetu Teksańskiego w Austin	uniwersytet teksański w Austin	ORG	ORG_2524
Wisconsin	Wisconsin	LOC	LOC_527
