232
Al Gore	Al Gore	PER	PER_3449
Arizonie	Arizon	LOC	LOC_1748
Barack Obama	Barack Obama	PER	PER_3496
Biden	Biden	PER	PER_3577
Bidena	Biden	PER	PER_3577
Demokrata	demokrata	ORG	ORG_3320
Demokraty	demokrata	ORG	ORG_3320
Demokratów	demokrata	ORG	ORG_3320
Demokratów Środkowego-Zachodu	demokrata środkowy - zachód	LOC	LOC_4595
Donald Trump	Donald Trump	PER	PER_70
Georga W. Bush	Georga W . Bush	PER	PER_3450
Georga W. Busha	Georga W . Busha	PER	PER_3450
Hillary Clinton	Hillary Clinton	PER	PER_2175
Joe Biden	Joe Biden	PER	PER_76
John Kerry	John Kerry	PER	PER_626
Johna McCaina	John McCain	PER	PER_3780
Kamil Turecki	Kamil Turecki	PER	PER_4594
Maine	Maine	LOC	LOC_3318
Michigan	Michigan	LOC	LOC_99
Mitta Romneya	Mitta Romney	PER	PER_3399
Nevady	Nevady	LOC	LOC_1153
Nevadzie	Nevad	LOC	LOC_1153
Pensylwanii	Pensylwania	LOC	LOC_2427
Republikanin	republikanin	PER	PER_1985
Trump	Trump	PER	PER_977
USA	USA	LOC	LOC_69
Wisconsin	Wisconsin	LOC	LOC_527
republikanów	republikanin	PER	PER_1985
