85
Ameryki Północnej	Ameryka północny	LOC	LOC_219
Andrzeja Dudę	Andrzej Duda	PER	PER_2315
Bidena	Biden	PER	PER_3577
Chicago	Chicago	LOC	LOC_1595
Clinton	Clinton	PER	PER_3473
Donald Trump	Donald Trump	PER	PER_70
Donaldowi Trumpowi	Donald Trump	PER	PER_70
Houston	Houston	LOC	LOC_1021
Jan Dziedziczak	Jan Dziedziczak	PER	PER_2294
Joe Biden	Joe Biden	PER	PER_76
Los Angeles	los Angeles	LOC	LOC_248
Michigan	Michigan	LOC	LOC_99
Nowym Jorku	Nowy Jork	LOC	LOC_2256
Pensylwanii	Pensylwania	LOC	LOC_2427
PiS	PiS	ORG	ORG_2406
Polacy	Polak	PER	PER_913
Polaków	Polak	PER	PER_913
Polonii	Polonia	ORG	ORG_4572
Polsce	Polska	LOC	LOC_107
Polska	Polska	LOC	LOC_107
Polski	Polska	LOC	LOC_107
Polską	Polska	LOC	LOC_107
Stanach Zjednoczonych	Stany Zjednoczone	LOC	LOC_69
Trumpa	Trump	PER	PER_977
Trzaskowski	Trzaskowski	PER	PER_2375
USA	USA	LOC	LOC_69
Waszyngtonie	Waszyngton	LOC	LOC_183
Wisconsin	Wisconsin	LOC	LOC_527
republikanin	republikanin	PER	PER_1985
