231
Ameryka	Ameryka	LOC	LOC_69
Amerykanie	Amerykanin	PER	PER_64
Arizonie	Arizon	LOC	LOC_1748
Biden	Biden	PER	PER_3577
Demokratom	demokrata	ORG	ORG_3320
Demokratów	demokrata	ORG	ORG_3320
Donald Trump	Donald Trump	PER	PER_70
Dystrykcie Kolumbii	dystrykt Kolumbia	LOC	LOC_517
Florydzie	Floryda	LOC	LOC_894
Izby Reprezentantów	izba reprezentant	ORG	ORG_3333
Joe Biden	Joe Biden	PER	PER_76
Minnesotę	minnesota	LOC	LOC_1747
Ohio	Ohio	LOC	LOC_1736
Senatu	senat	ORG	ORG_1012
Stanów Zjednoczonych	Stany Zjednoczone	LOC	LOC_69
Teksasu	Teksasu	LOC	LOC_1022
Trump	Trump	PER	PER_977
USA	USA	LOC	LOC_69
Wisconsin	Wisconsin	LOC	LOC_527
