97
Amerykanie	Amerykanin	PER	PER_64
Amerykanów	Amerykanin	PER	PER_64
Arizona	Arizon	LOC	LOC_1748
Białego Domu	biały dom	LOC	LOC_72
COVID-19	covid - 19	PRO	PRO_105
Demokratów	demokrata	ORG	ORG_3320
Donald Trump	Donald Trump	PER	PER_70
Donalda Trumpa	Donald Trump	PER	PER_70
Donaldem Trumpem	Donald Trump	PER	PER_70
Floryda	Floryda	LOC	LOC_894
Hillary Clinton	Hillary Clinton	PER	PER_2175
Joe Biden	Joe Biden	PER	PER_76
Joe Bidena	Joe Biden	PER	PER_76
Joe Bidenem	Joe Biden	PER	PER_76
Karolina Północna	Karolina Północny	LOC	LOC_168
Michigan	Michigan	LOC	LOC_99
Nevada	Nevada	LOC	LOC_1153
PAP/EPA	Paplepa	ORG	ORG_2554
Pensylwania	Pensylwania	LOC	LOC_2427
Polskie Radio 24/gr	polski radio 24/gr	PRO	PRO_2257
Stanach Zjednoczonych	Stany Zjednoczone	LOC	LOC_69
Trump	Trump	PER	PER_977
USA	USA	LOC	LOC_69
Wisconsin	Wisconsin	LOC	LOC_527
