114
Ameryki Północnej	Ameryka północny	LOC	LOC_219
Andrzej Duda	Andrzej Duda	PER	PER_2315
Andrzeja Dudy	Andrzej Duda	PER	PER_2315
Baracka Obamy	Baracka Obama	PER	PER_3496
Białorusi	Białoruś	LOC	LOC_1
Białym Domu	biały dom	LOC	LOC_72
Bidena	Biden	PER	PER_3577
Budapeszcie	Budapeszt	LOC	LOC_2297
Clinton	Clinton	PER	PER_3473
Donald Trump	Donald Trump	PER	PER_70
Filadelfii	Filadelfia	LOC	LOC_3816
Florida	Florida	LOC	LOC_894
Joe Biden	Joe Biden	PER	PER_76
Krasińskich	Krasiński	LOC	LOC_4569
Michigan	Michigan	LOC	LOC_99
Mińsku	Mińsk	LOC	LOC_4570
NATO	NATO	ORG	ORG_864
Niemczech	Niemcy	LOC	LOC_27
Pensylwanii	Pensylwania	LOC	LOC_2427
Polacy	Polak	PER	PER_913
Polaków	Polak	PER	PER_913
Polonii	Polonia	ORG	ORG_4572
Polska	Polska	LOC	LOC_107
Polski	Polska	LOC	LOC_107
Polską	Polska	LOC	LOC_107
Polskę	Polska	LOC	LOC_107
Powstania Warszawskiego	powstanie warszawski	LOC	LOC_4568
Sojuszu Północnoatlantyckiego	sojusze północnoatlantycki	ORG	ORG_4571
Stanami Zjednoczonymi	Stany Zjednoczone	LOC	LOC_4164
Trumpa	Trump	PER	PER_977
USA	USA	LOC	LOC_69
Warszawie	Warszawa	LOC	LOC_2300
Wisconsin	Wisconsin	LOC	LOC_527
Węgry	Węgry	LOC	LOC_1432
Zachodu	zachód	LOC	LOC_203
republikanin	republikanin	PER	PER_1985
