291
Arizonie	Arizon	LOC	LOC_1748
Barra	Barra	PER	PER_3587
CBS	CBS	PRO	PRO_2283
Carlos Barria / Reuters	Carlos Barria / Reuters	PER	PER_4635
Departamentu Sprawiedliwości	departament sprawiedliwość	ORG	ORG_4555
Georgii	Georgia	LOC	LOC_2174
Joe Bidena	Joe Biden	PER	PER_76
Krajowy Komitet Partii Republikańskiej	krajowy komitet partia republikański	ORG	ORG_3718
Mitchem McConnellem	Mitche McConnell	PER	PER_3328
Nevadzie	Nevad	LOC	LOC_1153
PAP	PAP	ORG	ORG_451
Pensylwanii	Pensylwania	LOC	LOC_2427
Republikanów	republikanin	PER	PER_1985
Richard Pilger	Richard Pilger	PER	PER_4354
Senacie	senat	ORG	ORG_1012
Trump	Trump	PER	PER_977
Trumpa	Trump	PER	PER_977
USA	USA	LOC	LOC_69
Washington Post	Washington Post	PRO	PRO_3763
William Barr	William Barr	PER	PER_3354
Wisconsin	Wisconsin	LOC	LOC_527
Wydziału ds	wydział do spraw	ORG	ORG_4636
