200
Arizona	Arizon	LOC	LOC_1748
Biały Dom	biały dom	LOC	LOC_72
Biden	Biden	PER	PER_3577
Delaware	Delaware	LOC	LOC_3342
Demokracie	demokratać	ORG	ORG_3320
Demokratom	demokrata	ORG	ORG_3320
Demokratów	demokrata	ORG	ORG_3320
Donald Trump	Donald Trump	PER	PER_70
Floryda	Floryda	LOC	LOC_894
Georgia	Georgia	LOC	LOC_2174
Idaho	Idaho	LOC	LOC_522
Iowa	Iowa	LOC	LOC_3370
Joe Biden	Joe Biden	PER	PER_76
Kalifornia	Kalifornia	LOC	LOC_102
Karolina Południowa	Karolina Południow	LOC	LOC_168
Karolina Północna	Karolina Północny	LOC	LOC_168
Kolegium Elektorskiego	kolegium Elektorski	ORG	ORG_3651
Maine	Maine	LOC	LOC_3318
Mateusz Obremski	Mateusz Obremski	PER	PER_2268
Michigan	Michigan	LOC	LOC_99
Nebrasce	Nebraska	LOC	LOC_104
Nowy Jork	nowy Jork	LOC	LOC_2256
Ohio	Ohio	LOC	LOC_1736
PAP	PAP	ORG	ORG_451
Pensylwania	Pensylwania	LOC	LOC_2427
Republikanom	republikanin	ORG	ORG_2775
Teksas	Teksas	LOC	LOC_1022
Trump	Trump	PER	PER_977
USA	USA	LOC	LOC_69
Waszyngtonu	Waszyngton	LOC	LOC_183
Wilmington	Wilmington	LOC	LOC_4129
Wisconsin	Wisconsin	LOC	LOC_527
