227
270towin	270towin	PRO	PRO_4630
Arizona	Arizon	LOC	LOC_1748
Biden	Biden	PER	PER_3577
Bidena	Biden	PER	PER_3577
Bidenowi	Biden	PER	PER_3577
FiveThirtyEight	FiveThirty Eight	PRO	PRO_4629
Floryda	Floryda	LOC	LOC_894
Florydzie	Floryda	LOC	LOC_894
Florydą	floryda	LOC	LOC_894
Georgia	Georgia	LOC	LOC_2174
Georgią	Georgia	LOC	LOC_2174
Hillary Clinton	Hillary Clinton	PER	PER_2175
Iowa	Iowa	LOC	LOC_3370
Joe Bidena	Joe Biden	PER	PER_76
Joe Bidenowi	Joe Biden	PER	PER_76
Kalifornia	Kalifornia	LOC	LOC_102
Karolina Północna	Karolina Północny	LOC	LOC_168
Karolinie Północnej	Karolin północny	LOC	LOC_168
Karoliną Północną	Karolina północny	LOC	LOC_168
Nowy Jork	nowy Jork	LOC	LOC_2256
Ohio	Ohio	LOC	LOC_1736
Pensylwanii	Pensylwania	LOC	LOC_2427
Pensylwanią	pensylwać	LOC	LOC_2427
RealClearPolitics	RealClearPolitics	PRO	PRO_3524
Teksas	Teksas	LOC	LOC_1022
The Economist	The Economist	PRO	PRO_3686
Trump	Trump	PER	PER_977
Trumpa	Trump	PER	PER_977
Trumpem	Trump	PER	PER_977
Trumpowi	Trump	PER	PER_977
USA	USA	LOC	LOC_69
Wisconsin	Wisconsin	LOC	LOC_527
demokratów	demokrata	PER	PER_2172
