2
Arizonie	Arizon	LOC	LOC_1748
Białego Domu	biały dom	LOC	LOC_72
Biden	Biden	PER	PER_3577
Bidena	Biden	PER	PER_3577
Donald Trump	Donald Trump	PER	PER_70
Donalda Trumpa	Donald Trump	PER	PER_70
FBI	FBI	ORG	ORG_3418
Fox News	Fox news	PRO	PRO_3308
GOP	GOP	ORG	ORG_3571
Georgia	Georgia	LOC	LOC_2174
Georgii	Georgia	LOC	LOC_2174
Joe Biden	Joe Biden	PER	PER_76
Joe Bidena	Joe Biden	PER	PER_76
Kayleigh McEnany	Kayleigh Mcenana	PER	PER_3461
Michaela Flynna	Michael Flynna	PER	PER_3892
Michigan	Michigan	LOC	LOC_99
Partia Demokratyczna	partia demokratyczny	ORG	ORG_584
Partii Republikańskiej	partia republikański	ORG	ORG_584
Pensylwanii	Pensylwania	LOC	LOC_2427
Powell	Powell	PER	PER_2027
Rosji	Rosja	LOC	LOC_95
Sidney Powell	Sidney Powell	PER	PER_3657
Trump	Trump	PER	PER_977
Trumpa	Trump	PER	PER_977
Twitterze	twitter	PRO	PRO_71
USA	USA	LOC	LOC_69
Wisconsin	Wisconsin	LOC	LOC_527
