243
Bernie Sanders	Bernie Sanders	PER	PER_3472
Biały Dom	biały dom	LOC	LOC_72
Booker	Booker	PER	PER_4620
Bookera	Booker	PER	PER_4620
Demokratami	demokrata	ORG	ORG_3320
Demokratów	demokrata	ORG	ORG_3320
Donaldem Trumpem	Donald Trump	PER	PER_70
Elizabeth Warren	Elizabeth Warren	PER	PER_3475
Iowa	Iowa	LOC	LOC_3370
Joe Biden	Joe Biden	PER	PER_76
Mateusz Obremski	Mateusz Obremski	PER	PER_2268
Michael Bloomberg	Michael Bloomberg	PER	PER_1515
Newark	Newark	LOC	LOC_4622
PAP	PAP	ORG	ORG_451
Partia Demokratyczna	partia demokratyczny	ORG	ORG_584
Partii Demokratycznej	partia demokratyczny	ORG	ORG_584
Pete Buttigieg	Pete Buttigieg	PER	PER_4610
Republikanami	republikanin	ORG	ORG_2775
Senacie New Jersey	senat New Jersey	ORG	ORG_4621
South Bend	South Bend	LOC	LOC_3493
Waszyngtonu	Waszyngton	LOC	LOC_183
