147
Alabama	Alabama	LOC	LOC_3330
Ameryce	Ameryka	LOC	LOC_69
Amerykanie	Amerykanin	PER	PER_64
Bidena	Biden	PER	PER_3577
COVID-19	covid - 19	PRO	PRO_105
Chrisem Wallace’em	Chris Wallacet	PER	PER_3889
Donald Trump	Donald Trump	PER	PER_70
Donaldem Trumpem	Donald Trump	PER	PER_70
Floryda	Floryda	LOC	LOC_894
Fox News	Fox news	PRO	PRO_3308
Joe Biden	Joe Biden	PER	PER_76
Kalifornia	Kalifornia	LOC	LOC_102
Michigan	Michigan	LOC	LOC_99
Nowy Jork	nowy Jork	LOC	LOC_2256
Ohio	Ohio	LOC	LOC_1736
Oklahoma	Oklah	LOC	LOC_520
Stanach Zjednoczonych	Stany Zjednoczone	LOC	LOC_69
Teksas	Teksas	LOC	LOC_1022
Trumpa	Trump	PER	PER_977
Wisconsin	Wisconsin	LOC	LOC_527
Święcie Pracy	święto praca	EVT	EVT_4631
