211
Amerykanie	Amerykanin	PER	PER_64
Arizona	Arizon	LOC	LOC_1748
Arizonie	Arizon	LOC	LOC_1748
Colorado	Colorado	LOC	LOC_521
Dixville Notch	Dixville Notch	LOC	LOC_3916
Donald Trump	Donald Trump	PER	PER_70
Floryda	Floryda	LOC	LOC_894
Georgia	Georgia	LOC	LOC_2174
Georgii	Georgia	LOC	LOC_2174
Idaho	Idaho	LOC	LOC_522
Iowa	Iowa	LOC	LOC_3370
Izby Reprezentantów	izba reprezentant	ORG	ORG_3333
Izbą Reprezentantów	izba reprezentant	ORG	ORG_3333
Kalifornia	Kalifornia	LOC	LOC_102
Karolina Południowa	Karolina Południow	LOC	LOC_168
Karolina Północna	Karolina Północny	LOC	LOC_168
Karolinie Północnej	Karolin północny	LOC	LOC_168
Maine	Maine	LOC	LOC_3318
Michigan	Michigan	LOC	LOC_99
Millsfield	Millsfield	LOC	LOC_4418
Montanie	Montan	LOC	LOC_4132
Nebrasce	Nebraska	LOC	LOC_104
Nebraska	Nebraska	LOC	LOC_104
Nowy Jork	nowy Jork	LOC	LOC_2256
Ohio	Ohio	LOC	LOC_1736
Pensylwania	Pensylwania	LOC	LOC_2427
Południowej	Południowy	LOC	LOC_533
Senatem	senat	ORG	ORG_1012
Teksas	Teksas	LOC	LOC_1022
USA	USA	LOC	LOC_69
Wisconsin	Wisconsin	LOC	LOC_527
demokratów	demokrata	PER	PER_2172
republikanie	republikanin	PER	PER_1985
