162
ABC	ABC	PRO	PRO_3458
Białego Domu	biały dom	LOC	LOC_72
Biden	Biden	PER	PER_3577
Bidena	Biden	PER	PER_3577
COVID-19	covid - 19	ORG	ORG_204
Demokrata	demokrata	ORG	ORG_3320
Demokraty	demokrata	ORG	ORG_3320
Florydę	Floryda	LOC	LOC_894
Joe Biden	Joe Biden	PER	PER_76
Michigan	Michigan	LOC	LOC_99
NBC News	NBC news	PRO	PRO_3458
Pensylwanię	Pensylwania	LOC	LOC_2427
RealClearPolitics	RealClearPolitics	PRO	PRO_3524
Republikanów	republikanin	PER	PER_1985
Reuters	Reuters	ORG	ORG_153
SARS-CoV-2	Sars-CoV	PRO	PRO_88
Trump	Trump	PER	PER_977
Trumpa	Trump	PER	PER_977
USA	USA	LOC	LOC_69
WSJ	WSJ	PRO	PRO_2383
