24
Amerykanach	Amerykani	PER	PER_64
Amerykanie	Amerykanin	PER	PER_64
Arizonie	Arizon	LOC	LOC_1748
Biden	Biden	PER	PER_3577
Demokrata	demokrata	ORG	ORG_3320
Demokratów	demokrata	ORG	ORG_3320
Donald Trump	Donald Trump	PER	PER_70
Donalda Trumpa	Donald Trump	PER	PER_70
Dystrykcie Kolumbii	dystrykt Kolumbia	LOC	LOC_517
Florydzie	Floryda	LOC	LOC_894
Izby Reprezentantów	izba reprezentant	ORG	ORG_3333
Joe Biden	Joe Biden	PER	PER_76
Michigan	Michigan	LOC	LOC_99
Minnesotę	minnesota	EVT	EVT_4616
Nevadzie	Nevad	LOC	LOC_1153
Ohio	Ohio	LOC	LOC_1736
Senatu	senat	ORG	ORG_1012
Stanów Zjednoczonych	Stany Zjednoczone	LOC	LOC_69
Trump	Trump	PER	PER_977
USA	USA	LOC	LOC_69
Wisconsin	Wisconsin	LOC	LOC_527
