194
Bernie Sanders	Bernie Sanders	PER	PER_3472
Biden	Biden	PER	PER_3577
Bidena	Biden	PER	PER_3577
Bidenem	Biden	PER	PER_3577
Bidenowi	Biden	PER	PER_3577
Bobby Jucker	bób by Jucker	PER	PER_4565
Busken	Busken	PER	PER_4562
Busken Bakery	Busken Bakera	ORG	ORG_4560
Buskena	Busken	LOC	LOC_4563
Cincinnati	Cincinnati	LOC	LOC_4561
Clinton	Clinton	PER	PER_3473
Dan Busken	Dan Busken	PER	PER_4562
Guinessa	Guiness	PRO	PRO_4567
Houston	Houston	LOC	LOC_1021
Joe Biden	Joe Biden	PER	PER_76
Lochel's	Lochel's	ORG	ORG_4566
Partii Demokratycznej	partia demokratyczny	ORG	ORG_584
Pensylwanii	Pensylwania	LOC	LOC_2427
Ronalda Reagana	Ronald Reagan	PER	PER_4537
Three Brothers	Three Brothers	ORG	ORG_4564
Today	Today	PRO	PRO_2677
Trump	Trump	PER	PER_977
Trumpa	Trump	PER	PER_977
Trumpem	Trump	PER	PER_977
Trumpowi	Trump	PER	PER_977
USA	USA	LOC	LOC_69
