102
Ala Gore'a	Al Gore	PER	PER_3449
Ameryki Południowej	Ameryka Południowy	LOC	LOC_219
Arizona	Arizon	LOC	LOC_1748
Barack Obama	Barack Obama	PER	PER_3496
Biden	Biden	PER	PER_3577
Bidena	Biden	PER	PER_3577
Demokraci	demokrata	ORG	ORG_3320
Demokrata	demokrata	ORG	ORG_3320
Demokratów	demokrata	ORG	ORG_3320
Donald Trump	Donald Trump	PER	PER_70
Floryda	Floryda	LOC	LOC_894
Florydy	Floryda	LOC	LOC_894
Florydzie	Floryda	LOC	LOC_894
Fort Lauderdale	Fort Lauderdale	LOC	LOC_1668
George W. Bush	George W . Bush	PER	PER_3450
Hillary Clinton	Hillary Clinton	PER	PER_2175
Jacksonville	Jacksonville	LOC	LOC_4592
Johna Kerry'ego	John Kerry	PER	PER_626
Johna McCaina	John McCain	PER	PER_3780
Konrad Mzyk	Konrad Mzyk	PER	PER_4578
Kuby	Kuba	LOC	LOC_980
Miami	Miami	LOC	LOC_3368
Michigan	Michigan	LOC	LOC_99
Minnesota	Minnesota	LOC	LOC_100
Mitta Romneya	Mitta Romney	PER	PER_3399
Narodowa Konwencja Republikanów	narodowy konwencja republikanin	PRO	PRO_4593
Orlando	Orlando	LOC	LOC_4575
Północnego Wschodu	północny wschód	LOC	LOC_533
Republikanin	republikanin	PER	PER_1985
Republikanów	republikanin	PER	PER_1985
Senatu	senat	ORG	ORG_1012
Swing States	Swing States	PRO	PRO_4604
Trumpa	Trump	PER	PER_977
Trumpem	Trump	PER	PER_977
Zatoki Tampa	zatoka Tamp	LOC	LOC_4591
Środkowego Zachodu	środkowy zachód	LOC	LOC_525
