53
Arizonie	Arizon	LOC	LOC_1748
Arizonę	arizona	LOC	LOC_1748
Biden	Biden	PER	PER_3577
Demokratów	demokrata	ORG	ORG_3320
Donald Trump	Donald Trump	PER	PER_70
Donalda Trumpa	Donald Trump	PER	PER_70
Dystrykcie Kolumbii	dystrykt Kolumbia	LOC	LOC_517
Georgii	Georgia	LOC	LOC_2174
Georgię	Georgia	LOC	LOC_2174
Joe Biden	Joe Biden	PER	PER_76
Karolinę Północną	Karolina północny	LOC	LOC_168
Nevadzie	Nevad	LOC	LOC_1153
Nevadę	Nevada	LOC	LOC_1153
Pensylwania	Pensylwania	LOC	LOC_2427
Pensylwanii	Pensylwania	LOC	LOC_2427
Pensylwanię	Pensylwania	LOC	LOC_2427
Trump	Trump	PER	PER_977
USA	USA	LOC	LOC_69
Wisconsin	Wisconsin	LOC	LOC_527
