236
Barackiem Obamą	Barackie Obama	PER	PER_3496
Białym Domu	biały dom	LOC	LOC_72
Bidena	Biden	PER	PER_3577
CNN	CNN	PRO	PRO_243
Donalda Trumpa	Donald Trump	PER	PER_70
Duda	Duda	PER	PER_2314
Europy Środkowej	Europa Środkowy	LOC	LOC_26
Fox News	Fox news	PRO	PRO_3308
Joe Biden	Joe Biden	PER	PER_76
Joe Bidena	Joe Biden	PER	PER_76
Kolegium Elektorskie	kolegium elektorski	ORG	ORG_3651
MSZ	MSZ	ORG	ORG_2419
NATO	NATO	ORG	ORG_864
NBC	NBC	PRO	PRO_243
Nevady	Nevady	LOC	LOC_1153
Partii Demokratycznej	partia demokratyczny	ORG	ORG_584
Pensylwanii	Pensylwania	LOC	LOC_2427
Polsce	Polska	LOC	LOC_107
Polska	Polska	LOC	LOC_107
Polski	Polska	LOC	LOC_107
Przydacz	Przydacz	PER	PER_4626
Stanami Zjednoczonymi	Stany Zjednoczone	LOC	LOC_4164
Stanów Zjednoczony	Stany zjednoczyć	LOC	LOC_69
Trójmorza	Trójmorze	ORG	ORG_4624
USA	USA	LOC	LOC_69
Ukrainy	Ukraina	LOC	LOC_318
Waszyngtonu	Waszyngton	LOC	LOC_183
Wschodniej	wschodni	LOC	LOC_841
demokrata	demokrata	PER	PER_2172
demokratami	demokrata	PER	PER_2172
demokratów	demokrata	PER	PER_2172
republikanów	republikanin	PER	PER_1985
wspólnoty	wspólnota	ORG	ORG_554
