104
Agencja Reutera	agencja Reuter	ORG	ORG_2417
Amerykanie	Amerykanin	PER	PER_64
Amerykanów	Amerykanin	PER	PER_64
Amerykę	Ameryka	LOC	LOC_69
Arizonę	arizona	LOC	LOC_1748
Chicago	Chicago	LOC	LOC_1595
Demokratom	demokrata	ORG	ORG_3320
Demokraty	demokrata	ORG	ORG_3320
Demokratów	demokrata	ORG	ORG_3320
Donald Trump	Donald Trump	PER	PER_70
Donalda Trumpa	Donald Trump	PER	PER_70
Florydy	Floryda	LOC	LOC_894
Florydzie	Floryda	LOC	LOC_894
Florydę	Floryda	LOC	LOC_894
Iowa	Iowa	LOC	LOC_3370
Izba Reprezentantów	izba reprezentant	ORG	ORG_3333
Joe Biden	Joe Biden	PER	PER_76
Joe Bidena	Joe Biden	PER	PER_76
Kalifornia	Kalifornia	LOC	LOC_102
Kamala Harris	Kamal Harris	PER	PER_1984
Karolinie Południowej Reublikanie	Karolin Południowy Reublikanin	LOC	LOC_168
Kolegium Elektorów Stanów Zjednoczonych	kolegium elektor Stany Zjednoczone	ORG	ORG_4597
Kolegium Elektorów USA	kolegium elektor USA	ORG	ORG_4597
Kongresu	kongres	ORG	ORG_3350
MSNBC	MSNBC	PRO	PRO_3533
Michigan	Michigan	LOC	LOC_99
Mike'a Pence'a	Mike Pence	PER	PER_3847
Nowym Jorku	Nowy Jork	LOC	LOC_2256
Pasa Rdzy	pas rdza	ORG	ORG_4600
Pensylwanii	Pensylwania	LOC	LOC_2427
Pensylwanię	Pensylwania	LOC	LOC_2427
RealClearPolitics	RealClearPolitics	PRO	PRO_3524
Republikanów	republikanin	ORG	ORG_3320
Stanach Zjednoczonych	Stany Zjednoczone	LOC	LOC_69
Stanów Zjednoczonych	Stany Zjednoczone	LOC	LOC_69
Teksas	Teksas	LOC	LOC_1022
Trumpa	Trump	PER	PER_977
U.S. Elections Project	u . S . Elections Project	PRO	PRO_3509
USA	USA	LOC	LOC_69
USA 2020	USA 2020	LOC	LOC_4598
Walka o duszę narodu	walka o dusza naród	EVT	EVT_3750
Wisconsin	Wisconsin	LOC	LOC_527
dwuizbowym parlamencie USA	dwuizbowy parlament USA	ORG	ORG_4061
latynosów	latynos	PER	PER_4599
