35
Al Gore	Al Gore	PER	PER_3449
Arizonie	Arizon	LOC	LOC_1748
Barack Obama	Barack Obama	PER	PER_3496
Białego Domu	biały dom	LOC	LOC_72
Demokraci	demokrata	ORG	ORG_3320
Demokrata	demokrata	ORG	ORG_3320
Demokratki	demokratka	ORG	ORG_3320
Demokraty	demokrata	ORG	ORG_3320
Demokratów	demokrata	ORG	ORG_3320
Detroit	Detroit	LOC	LOC_1669
Donald Trump	Donald Trump	PER	PER_70
Donalda Trumpa	Donald Trump	PER	PER_70
Flint	Flint	LOC	LOC_4596
Georga W. Bush	Georga W . Bush	PER	PER_3450
Georga W. Busha	Georga W . Busha	PER	PER_3450
Grand Rapids	Grand Rapids	LOC	LOC_4375
Hillary Clinton	Hillary Clinton	PER	PER_2175
Joe Biden	Joe Biden	PER	PER_76
Joego Bidena	Joego Biden	PER	PER_76
John Kerry	John Kerry	PER	PER_626
Johna McCaina	John McCain	PER	PER_3780
Karolinę Północną	Karolina północny	LOC	LOC_168
Lansing	Lansing	LOC	LOC_1245
Michigan	Michigan	LOC	LOC_99
Mitta Romneya	Mitta Romney	PER	PER_3399
Nevadzie	Nevad	LOC	LOC_1153
Pensylwanii	Pensylwania	LOC	LOC_2427
Republikanin	republikanin	PER	PER_1985
Republikanów	republikanin	ORG	ORG_3320
Stanów Zjednoczonych	Stany Zjednoczone	LOC	LOC_69
The New York Times	The New York Times	PRO	PRO_51
Twitterze	twitter	PRO	PRO_71
USA	USA	LOC	LOC_69
Wisconsin	Wisconsin	LOC	LOC_527
