10
Alasce	Alaska	LOC	LOC_518
Ameryce	Ameryka	LOC	LOC_69
Arizonie	Arizon	LOC	LOC_1748
Białego Domu	biały dom	LOC	LOC_72
Biden	Biden	PER	PER_3577
Bidena	Biden	PER	PER_3577
Bidenowi	Biden	PER	PER_3577
Demokraci	demokrata	ORG	ORG_3320
Demokratów	demokrata	ORG	ORG_3320
Departamentu Sprawiedliwości	departament sprawiedliwość	ORG	ORG_4555
Donaldowi Trumpowi	Donald Trump	PER	PER_70
Emily Murphy	Emila Murphy	PER	PER_3314
General Services Administration	General Services Administration	ORG	ORG_3738
Georgii	Georgia	LOC	LOC_2174
Joe Biden	Joe Biden	PER	PER_76
Karolinie Północnej	Karolin północny	LOC	LOC_168
Murphy	Murphy	PER	PER_4295
Nevadzie	Nevad	LOC	LOC_1153
Pensylwanii	Pensylwania	LOC	LOC_2427
Republikanie	republikanin	PER	PER_1985
Sąd Najwyższy	sąd wysoki	ORG	ORG_3345
Trumpa	Trump	PER	PER_977
USA	USA	LOC	LOC_69
William Barr	William Barr	PER	PER_3354
