225
Anthony'ego Fauciego	Anthony Fauci	PER	PER_4618
Białego Domu	biały dom	LOC	LOC_72
Biały Dom	biały dom	LOC	LOC_72
Biden	Biden	PER	PER_3577
Bidena	Biden	PER	PER_3577
Bożego Narodzenia	boży narodzenie	EVT	EVT_418
Cleveland	Cleveland	LOC	LOC_3467
Covid-19	covid - 19	ORG	ORG_204
Czwartego Lipca	czwarty lipiec	EVT	EVT_4617
Delaware	Delaware	LOC	LOC_3342
Demokracie	demokratać	ORG	ORG_3320
Demokratów	demokrata	ORG	ORG_3320
Donald Trump	Donald Trump	PER	PER_70
Fauciego	Fauci	PER	PER_2423
Joe Biden	Joe Biden	PER	PER_76
Karolinie Północnej	Karolin północny	LOC	LOC_168
Kenoshę	Kenosha	LOC	LOC_3422
Michigan	Michigan	LOC	LOC_99
Ohio	Ohio	LOC	LOC_1736
Pensylwanii	Pensylwania	LOC	LOC_2427
Republikanin	republikanin	PER	PER_1985
Scranton	Scranton	LOC	LOC_4147
Stanach Zjednoczonych	Stany Zjednoczone	LOC	LOC_69
Trump	Trump	PER	PER_977
Trumpa	Trump	PER	PER_977
USA	USA	LOC	LOC_69
Wielkanocy	Wielkanoc	EVT	EVT_418
Wilmington	Wilmington	LOC	LOC_4129
Wisconsin	Wisconsin	LOC	LOC_527
Wschodnim Wybrzeżu	wschodni wybrzeże	LOC	LOC_4329
Środkowym Zachodzie	środkowy zachód	LOC	LOC_525
Święta Dziękczynienia	święto dziękczynić	EVT	EVT_198
