179
Amerykanów	Amerykanin	PER	PER_64
Ameryki	Ameryka	LOC	LOC_219
Arizona	Arizon	LOC	LOC_1748
Arizonie	Arizon	LOC	LOC_1748
Arizonę	arizona	LOC	LOC_1748
Biały Dom	biały dom	LOC	LOC_72
Biden	Biden	PER	PER_3577
Bidena	Biden	PER	PER_3577
Bidenem	Biden	PER	PER_3577
Clinton	Clinton	PER	PER_3473
Demokratom	demokrata	ORG	ORG_3320
Demokratów	demokrata	ORG	ORG_3320
Floryda	Floryda	LOC	LOC_894
Florydy	Floryda	LOC	LOC_894
Florydzie	Floryda	LOC	LOC_894
Georgia	Georgia	LOC	LOC_2174
Georgii	Georgia	LOC	LOC_2174
Hillary Clinton	Hillary Clinton	PER	PER_2175
Idaho	Idaho	LOC	LOC_522
Iowa	Iowa	LOC	LOC_3370
Izby Reprezentantów	izba reprezentant	ORG	ORG_3333
Kalifornia	Kalifornia	LOC	LOC_102
Karolina Południowa	Karolina Południow	LOC	LOC_168
Karolina Północna	Karolina Północny	LOC	LOC_168
Karolinie Północnej	Karolin północny	LOC	LOC_168
Karoliną Północną Georgią	Karolina północny Georgia	LOC	LOC_168
MSNBC	MSNBC	PRO	PRO_3533
Michigan	Michigan	LOC	LOC_99
Nowy Jork	nowy Jork	LOC	LOC_2256
Ohio	Ohio	LOC	LOC_1736
Partii Demokratycznej	partia demokratyczny	ORG	ORG_584
Pasa Rdzy	pas rdza	LOC	LOC_4602
Pasie Rdzy	pas rdza	LOC	LOC_4602
Pensylwania	Pensylwania	LOC	LOC_2427
Pensylwanii	Pensylwania	LOC	LOC_2427
RealClearPolitics	RealClearPolitics	ORG	ORG_3365
Republikanin	republikanin	PER	PER_1985
Republikanów	republikanin	PER	PER_1985
Steve Kornacki	Steve Kornacki	PER	PER_4603
Teksas	Teksas	LOC	LOC_1022
Teksasie	Teksas	LOC	LOC_1022
Trump	Trump	PER	PER_977
Trumpa	Trump	PER	PER_977
Trumpowi	Trump	PER	PER_977
USA	USA	LOC	LOC_69
Wielkich Jezior	wielki jezioro	LOC	LOC_3820
Wisconsin	Wisconsin	LOC	LOC_527
