251
Amy Klobuchar	Ama Klobuchar	PER	PER_4096
Biały Dom	biały dom	LOC	LOC_72
Biden	Biden	PER	PER_3577
Bidena	Biden	PER	PER_3577
Demokratami	demokrata	ORG	ORG_3320
Demokratów	demokrata	ORG	ORG_3320
Elizabeth Warren	Elizabeth Warren	PER	PER_3475
Indianie	Indianin	LOC	LOC_336
Iowa	Iowa	LOC	LOC_3370
Karolinie Południowej	Karolin Południowy	LOC	LOC_168
Mateusz Obremski	Mateusz Obremski	PER	PER_2268
Monmouth University	Monmouth University	ORG	ORG_842
Nevadzie	Nevad	LOC	LOC_1153
New Hampshire	New Hampshire	LOC	LOC_3454
PAP	PAP	ORG	ORG_451
Pete Buttigieg	Pete Buttigieg	PER	PER_4610
Republikanami	republikanin	ORG	ORG_2775
Sanders	Sanders	PER	PER_4446
Sandersa	Sanders	PER	PER_4446
Sandersem	Sanders	LOC	LOC_4611
South Bend	South Bend	LOC	LOC_3493
USA	USA	LOC	LOC_69
USA/	USA /	PER	PER_4609
Waszyngtonu	Waszyngton	LOC	LOC_183
