142
Amerykanie	Amerykanin	PER	PER_64
Baracka Obamy	Baracka Obama	PER	PER_3496
Białego Domu	biały dom	LOC	LOC_72
Biały Dom	biały dom	LOC	LOC_72
Biden	Biden	PER	PER_3577
Bidena	Biden	PER	PER_3577
CNN	CNN	ORG	ORG_383
COVID-19	covid - 19	ORG	ORG_204
Demokratów	demokrata	ORG	ORG_3320
Donald John Trump	Donald John Trump	PER	PER_70
Europie	Europa	LOC	LOC_49
Josepha Robinette’a Bidena	Joseph Robinettex Biden	PER	PER_3346
Melanie	Melan	PER	PER_4002
Parlamentu Europejskiego	parlament europejski	ORG	ORG_129
PiS	PiS	ORG	ORG_2406
Polsce	Polska	LOC	LOC_107
Rafała Trzaskowskiego	Rafał Trzaskowski	PER	PER_2438
Republikanów	republikanin	ORG	ORG_3320
Ryszard Czarnecki	Ryszard Czarnecki	PER	PER_4619
Stanach	Stany	LOC	LOC_69
Trump	Trump	PER	PER_977
Trumpa	Trump	PER	PER_977
USA	USA	LOC	LOC_69
