18
Biały Dom	biały dom	LOC	LOC_72
Biden	Biden	PER	PER_3577
Demokratów	demokrata	ORG	ORG_3320
Donald Trump	Donald Trump	PER	PER_70
Donalda Trumpa	Donald Trump	PER	PER_70
Georgii	Georgia	LOC	LOC_2174
Joe Biden	Joe Biden	PER	PER_76
Joe Bidena	Joe Biden	PER	PER_76
Kamala Harris	Kamal Harris	PER	PER_1984
Newadzie	Newada	LOC	LOC_2137
Obamę	obama	PER	PER_1706
Pensylwanii	Pensylwania	LOC	LOC_2427
Republikanina	republikanina	ORG	ORG_2775
Republikanów	republikanin	ORG	ORG_3320
Trump	Trump	PER	PER_977
Twitterze	twitter	PRO	PRO_71
USA	USA	LOC	LOC_69
Wielkiej Brytanii	Wielki Brytania	LOC	LOC_6
Wisconsin	Wisconsin	LOC	LOC_527
