103
Afroamerykanów	afroamerykan	PER	PER_3432
Al Gore	Al Gore	PER	PER_3449
Barack Obama	Barack Obama	PER	PER_3496
Białego Domu	biały dom	LOC	LOC_72
Bidenowi	Biden	PER	PER_3577
Bush	Bush	PER	PER_1707
Demokrata	demokrata	ORG	ORG_3320
Donald Trump	Donald Trump	PER	PER_70
Filadelfii	Filadelfia	LOC	LOC_3816
Florydą	floryda	LOC	LOC_894
Georga W. Bush	Georga W . Bush	PER	PER_3450
Georga W. Busha	Georga W . Busha	PER	PER_3450
George H.W	George H . W	PER	PER_3450
Georgia	Georgia	LOC	LOC_2174
Harrisburg	Harrisburg	LOC	LOC_4579
Hillary Clinton	Hillary Clinton	PER	PER_2175
Joe Biden	Joe Biden	PER	PER_76
John Kerry	John Kerry	PER	PER_626
Johna McCaina	John McCain	PER	PER_3780
Karolina Północna	Karolina Północny	LOC	LOC_168
Konrad Mzyk	Konrad Mzyk	PER	PER_4578
Lancaster	Lancaster	LOC	LOC_4580
Latynosów	latynos	PER	PER_3946
Michael Nutter	Michael Nutter	PER	PER_4582
Michaela Dukakisa	Michael Dukakis	PER	PER_816
Mitta Romneya	Mitta Romney	PER	PER_3399
Ohio	Ohio	LOC	LOC_1736
Pensylwania	Pensylwania	LOC	LOC_2427
Pensylwanii	Pensylwania	LOC	LOC_2427
Pittsburghu	Pittsburgh	LOC	LOC_2297
Reading	Reading	LOC	LOC_4581
Republikanin	republikanin	PER	PER_1985
Republikanów	republikanin	PER	PER_1985
Scranton	Scranton	LOC	LOC_4147
Swing States	Swing States	EVT	EVT_4577
Trump	Trump	PER	PER_977
Wisconsin	Wisconsin	LOC	LOC_527
