296
AP	ap	ORG	ORG_451
Afroamerykanów	afroamerykan	PER	PER_3432
Arizonie	Arizon	LOC	LOC_1748
Atlanty	Atlanty	LOC	LOC_3367
Biały Dom	biały dom	LOC	LOC_72
Biden	Biden	PER	PER_3577
Bidena	Biden	PER	PER_3577
CNN	CNN	PRO	PRO_243
Donaldem Trumpem	Donald Trump	PER	PER_70
Georgii	Georgia	LOC	LOC_2174
Joe Biden	Joe Biden	PER	PER_76
Michigan	Michigan	LOC	LOC_99
Pensylwanii	Pensylwania	LOC	LOC_2427
Polski	Polska	LOC	LOC_107
Raffensperger	Raffensperger	PER	PER_4126
Trump	Trump	PER	PER_977
USA	USA	LOC	LOC_69
Unii Europejskiej	unia europejski	ORG	ORG_5
Wisconsin	Wisconsin	LOC	LOC_527
republikanami	republikanin	PER	PER_1985
