152
Biden	Biden	PER	PER_3577
Bidena	Biden	PER	PER_3577
Bidenowi	Biden	PER	PER_3577
Demokratów	demokrata	ORG	ORG_3320
Despacito	Despacito	PRO	PRO_4549
Donald Trump	Donald Trump	PER	PER_70
Eva Longoria	Eva Longoria	PER	PER_4195
F***k the police	F***k the polica	PRO	PRO_4550
Florydzie	Floryda	LOC	LOC_894
Florydę	Floryda	LOC	LOC_894
Georga W. Busah	Georga W . Busah	PER	PER_3450
George'a Floyda	George Floyda	PER	PER_4056
Joe Biden	Joe Biden	PER	PER_76
Joe Bidena	Joe Biden	PER	PER_76
Joe Bidenem	Joe Biden	PER	PER_76
Joe Bien	Joe Bien	PER	PER_76
Kissimmee	Kissimmee	LOC	LOC_4547
Latynosi	Latynos	ORG	ORG_4545
Latynosów	latynos	PER	PER_3946
Luis Fonsi	Luis Fonsi	PER	PER_4548
Luisa Fonsiego	Luisa Fonsie	PER	PER_4548
Mitta Romneya	Mitta Romney	PER	PER_3399
N.W.O	N . W . o	ORG	ORG_273
Narodowy Miesiąc Dziedzictwa Latynoskiego	narodowy miesiąc dziedzictwo latynoski	EVT	EVT_4546
Partii Demokratycznej	partia demokratyczny	ORG	ORG_584
Ricky Martin	Ricky Martin	PER	PER_1103
Stanach Zjednoczonych	Stany Zjednoczone	LOC	LOC_69
Trump	Trump	PER	PER_977
Trumpowi	Trump	PER	PER_977
Twitterze	twitter	PRO	PRO_71
USA	USA	LOC	LOC_69
iPhone'a	iphone	PRO	PRO_898
