25
Arizonie	Arizon	LOC	LOC_1748
Biały Dom	biały dom	LOC	LOC_72
Demokraty	demokrata	ORG	ORG_3320
Donald Trump	Donald Trump	PER	PER_70
Donalda Trumpa	Donald Trump	PER	PER_70
Donaldem Trumpem	Donald Trump	PER	PER_70
Fox News	Fox news	PRO	PRO_3308
GOP	GOP	ORG	ORG_3571
Georgii	Georgia	PER	PER_2171
Joe Biden	Joe Biden	PER	PER_76
Joego Bidena	Joego Biden	PER	PER_76
Michigan	Michigan	LOC	LOC_99
Partii Republikańskiej	partia republikański	ORG	ORG_584
Pensylwanii	Pensylwania	LOC	LOC_2427
Powell	Powell	PER	PER_2027
Republikanie	republikanin	ORG	ORG_2775
Republikanina	republikanina	ORG	ORG_2775
Republikanów	republikanin	ORG	ORG_3320
Sidney Powell	Sidney Powell	PER	PER_3657
Stany Zjednoczone	Stany Zjednoczone	LOC	LOC_69
Trump	Trump	PER	PER_977
Twitterze	twitter	PRO	PRO_71
USA	USA	LOC	LOC_69
Wisconsin	Wisconsin	LOC	LOC_527
