41
AP	ap	ORG	ORG_451
Biden	Biden	PER	PER_3577
CNN	CNN	PRO	PRO_243
Donald Trump	Donald Trump	PER	PER_70
Donalda Trumpa	Donald Trump	PER	PER_70
Florydzie	Floryda	LOC	LOC_894
Florydę	Floryda	LOC	LOC_894
Gabinecie Owalnym	gabinet owalny	ORG	ORG_4607
Hillary Clinton	Hillary Clinton	PER	PER_2175
Joe Biden	Joe Biden	PER	PER_76
Karolinie Północnej	Karolin północny	LOC	LOC_168
Miami	Miami	LOC	LOC_3368
Michigan	Michigan	LOC	LOC_99
Ohio	Ohio	LOC	LOC_1736
Orlando	Orlando	LOC	LOC_4575
Pensylwania	Pensylwania	LOC	LOC_2427
Rdzy	rdza	PRO	PRO_4608
Stanów Zjednoczonych	Stany Zjednoczone	LOC	LOC_69
TVN24	TVN24	PRO	PRO_484
Trump	Trump	PER	PER_977
Trumpa	Trump	PER	PER_977
USA	USA	LOC	LOC_69
Vermoncie	Vermont	LOC	LOC_4576
Wirginia Zachodnia	Wirginia Zachodni	LOC	LOC_3373
Wirginii Zachodniej	Wirginia Zachodni	LOC	LOC_3373
Wirginię	Wirginia	LOC	LOC_4606
Wisconsin	Wisconsin	LOC	LOC_527
republikanów	republikanin	PER	PER_1985
tvn24.pl	tvn24.pl	PRO	PRO_2346
