297
AP	ap	ORG	ORG_451
Afroamerykanów	afroamerykan	PER	PER_3432
Arizonie	Arizon	LOC	LOC_1748
Atlanty	Atlanty	LOC	LOC_3367
Biały Dom	biały dom	LOC	LOC_72
Biden	Biden	PER	PER_3577
Bidena	Biden	PER	PER_3577
Brad Raffensperger	Brad Raffensperger	PER	PER_3349
CNN	CNN	PRO	PRO_243
Donaldem Trumpem	Donald Trump	PER	PER_70
Georgii	Georgia	LOC	LOC_2174
Joe Biden	Joe Biden	PER	PER_76
Michigan	Michigan	LOC	LOC_99
Pensylwanii	Pensylwania	LOC	LOC_2427
Raffensperger	Raffensperger	PER	PER_4126
Republikanami	republikanin	ORG	ORG_2775
Trump	Trump	PER	PER_977
USA	USA	LOC	LOC_69
Wisconsin	Wisconsin	LOC	LOC_527
